#-----------------------------------------------------------
# Vivado v2022.2 (64-bit)
# SW Build 3671981 on Fri Oct 14 05:00:03 MDT 2022
# IP Build 3669848 on Fri Oct 14 08:30:02 MDT 2022
# Start of session at: Sat Apr  4 02:25:36 2026
# Process ID: 22360
# Current directory: d:/PC/Shared Folder/Uni/courses/ERI/github/ERI_SVM_FPGA_PROJECT/Codes/Co-Design
# Command line: vivado.exe -mode gui -source d:\PC\Shared Folder\Uni\courses\ERI\github\ERI_SVM_FPGA_PROJECT\Codes\Co-Design\System Design\run.tcl
# Log file: d:/PC/Shared Folder/Uni/courses/ERI/github/ERI_SVM_FPGA_PROJECT/Codes/Co-Design/vivado.log
# Journal file: d:/PC/Shared Folder/Uni/courses/ERI/github/ERI_SVM_FPGA_PROJECT/Codes/Co-Design\vivado.jou
# Running On: DESKTOP-E5A1AIP, OS: Windows, CPU Frequency: 2611 MHz, CPU Physical cores: 10, Host memory: 8126 MB
#-----------------------------------------------------------
start_gui
source {d:\PC\Shared Folder\Uni\courses\ERI\github\ERI_SVM_FPGA_PROJECT\Codes\Co-Design\System Design\run.tcl}
# set script_dir [file dirname [file normalize [info script]]]
# set project_path [file normalize [file join $script_dir "system_design.xpr"]]
# set bd_path [file normalize [file join $script_dir "system_design.srcs" "sources_1" "bd" "system_design" "system_design.bd"]]
# set source_bd_tcl [file normalize [file join $script_dir "source_bd.tcl"]]
# set custom_ip_repo [file normalize [file join $script_dir ".." "IP"]]
# puts "Opening project: $project_path"
Opening project: D:/PC/Shared Folder/Uni/courses/ERI/github/ERI_SVM_FPGA_PROJECT/Codes/Co-Design/System Design/system_design.xpr
# open_project $project_path
WARNING: [Board 49-26] cannot add Board Part xilinx.com:vek280_es:part0:1.0 available at C:/Xilinx/Vivado/2022.2/data/xhub/boards/XilinxBoardStore/boards/Xilinx/vek280/es/1.0/board.xml as part xcve2802-vsvh1760-2lp-e-s-es1 specified in board_part file is either invalid or not available
WARNING: [Board 49-26] cannot add Board Part xilinx.com:vhk158_es:part0:1.0 available at C:/Xilinx/Vivado/2022.2/data/xhub/boards/XilinxBoardStore/boards/Xilinx/vhk158/es/1.0/board.xml as part xcvh1582-vsva3697-2mp-e-s-es1 specified in board_part file is either invalid or not available
WARNING: [Board 49-26] cannot add Board Part xilinx.com:vpk120_es:part0:1.2 available at C:/Xilinx/Vivado/2022.2/data/xhub/boards/XilinxBoardStore/boards/Xilinx/vpk120/es/1.2/board.xml as part xcvp1202-vsva2785-2mp-e-s-es1 specified in board_part file is either invalid or not available
WARNING: [Board 49-26] cannot add Board Part xilinx.com:vpk120_es_revb:part0:1.0 available at C:/Xilinx/Vivado/2022.2/data/xhub/boards/XilinxBoardStore/boards/Xilinx/vpk120_revb/es/1.0/board.xml as part xcvp1202-vsva2785-2mp-e-s-es1 specified in board_part file is either invalid or not available
WARNING: [Board 49-26] cannot add Board Part xilinx.com:vpk180_es:part0:1.0 available at C:/Xilinx/Vivado/2022.2/data/xhub/boards/XilinxBoardStore/boards/Xilinx/vpk180/es/1.0/board.xml as part xcvp1802-lsvc4072-2mp-e-s-es1 specified in board_part file is either invalid or not available
WARNING: [Board 49-26] cannot add Board Part xilinx.com:zcu208ld:part0:2.0 available at C:/Xilinx/Vivado/2022.2/data/xhub/boards/XilinxBoardStore/boards/Xilinx/zcu208ld/production/2.0/board.xml as part xczu58dr-fsvg1517-2-i specified in board_part file is either invalid or not available
WARNING: [Board 49-26] cannot add Board Part xilinx.com:zcu216ld:part0:2.0 available at C:/Xilinx/Vivado/2022.2/data/xhub/boards/XilinxBoardStore/boards/Xilinx/zcu216ld/production/2.0/board.xml as part xczu59dr-ffvf1760-2-i specified in board_part file is either invalid or not available
WARNING: [Board 49-26] cannot add Board Part xilinx.com:zcu670:part0:2.0 available at C:/Xilinx/Vivado/2022.2/data/xhub/boards/XilinxBoardStore/boards/Xilinx/zcu670/2.0/board.xml as part xczu67dr-fsve1156-2-i specified in board_part file is either invalid or not available
WARNING: [Board 49-26] cannot add Board Part xilinx.com:zcu670ld:part0:1.0 available at C:/Xilinx/Vivado/2022.2/data/xhub/boards/XilinxBoardStore/boards/Xilinx/zcu670ld/1.0/board.xml as part xczu57dr-fsve1156-2-i specified in board_part file is either invalid or not available
Scanning sources...
Finished scanning sources
INFO: [IP_Flow 19-234] Refreshing IP repositories
INFO: [IP_Flow 19-1700] Loaded user IP repository 'd:/PC/Shared Folder/Uni/courses/ERI/github/ERI_SVM_FPGA_PROJECT/Codes/Co-Design/IP'.
INFO: [IP_Flow 19-2313] Loaded Vivado IP repository 'C:/Xilinx/Vivado/2022.2/data/ip'.
open_project: Time (s): cpu = 00:01:01 ; elapsed = 00:00:31 . Memory (MB): peak = 1740.801 ; gain = 301.797
# if {[file exists [file join $custom_ip_repo "component.xml"]]} {
#     puts "Adding custom IP repository: $custom_ip_repo"
#     set_property ip_repo_paths [list $custom_ip_repo] [current_project]
#     update_ip_catalog
# } else {
#     puts "Custom IP repository not found at: $custom_ip_repo"
# }
Adding custom IP repository: D:/PC/Shared Folder/Uni/courses/ERI/github/ERI_SVM_FPGA_PROJECT/Codes/Co-Design/IP
INFO: [IP_Flow 19-1839] IP Catalog is up to date.
# puts "Current project:"
Current project:
# puts [current_project]
system_design
# puts "Block designs:"
Block designs:
# puts [get_bd_designs]

# if {[file exists $source_bd_tcl]} {
#     puts "Sourcing block design TCL: $source_bd_tcl"
#     source $source_bd_tcl
# } elseif {[file exists $bd_path]} {
#     puts "Opening block design: $bd_path"
#     open_bd_design $bd_path
# 
#     puts "BD cells:"
#     foreach cell [get_bd_cells] {
#         puts "  $cell"
#     }
# 
#     puts "BD interface nets:"
#     foreach net [get_bd_intf_nets] {
#         puts "  $net"
#     }
# 
#     puts "BD scalar nets:"
#     foreach net [get_bd_nets] {
#         puts "  $net"
#     }
# } else {
#     puts "Block design not found at: $bd_path"
# }
Sourcing block design TCL: D:/PC/Shared Folder/Uni/courses/ERI/github/ERI_SVM_FPGA_PROJECT/Codes/Co-Design/System Design/source_bd.tcl
## namespace eval _tcl {
## proc get_script_folder {} {
##    set script_path [file normalize [info script]]
##    set script_folder [file dirname $script_path]
##    return $script_folder
## }
## }
## variable script_folder
## set script_folder [_tcl::get_script_folder]
## set scripts_vivado_version 2022.2
## set current_vivado_version [version -short]
## if { [string first $scripts_vivado_version $current_vivado_version] == -1 } {
##    puts ""
##    catch {common::send_gid_msg -ssname BD::TCL -id 2041 -severity "ERROR" "This script was generated using Vivado <$scripts_vivado_version> and is being run in <$current_vivado_version> of Vivado. Please run the script in Vivado <$scripts_vivado_version> then open the design in Vivado <$current_vivado_version>. Upgrade the design by running \"Tools => Report => Report IP Status...\", then run write_bd_tcl to create an updated script."}
## 
##    return 1
## }
## set list_projs [get_projects -quiet]
## if { $list_projs eq "" } {
##    create_project project_1 myproj -part xc7z020clg484-1
##    set_property BOARD_PART xilinx.com:zc702:part0:1.4 [current_project]
## }
## variable design_name
## set design_name design_1
## set errMsg ""
## set nRet 0
## set cur_design [current_bd_design -quiet]
## set list_cells [get_bd_cells -quiet]
## if { ${design_name} eq "" } {
##    # USE CASES:
##    #    1) Design_name not set
## 
##    set errMsg "Please set the variable <design_name> to a non-empty value."
##    set nRet 1
## 
## } elseif { ${cur_design} ne "" && ${list_cells} eq "" } {
##    # USE CASES:
##    #    2): Current design opened AND is empty AND names same.
##    #    3): Current design opened AND is empty AND names diff; design_name NOT in project.
##    #    4): Current design opened AND is empty AND names diff; design_name exists in project.
## 
##    if { $cur_design ne $design_name } {
##       common::send_gid_msg -ssname BD::TCL -id 2001 -severity "INFO" "Changing value of <design_name> from <$design_name> to <$cur_design> since current design is empty."
##       set design_name [get_property NAME $cur_design]
##    }
##    common::send_gid_msg -ssname BD::TCL -id 2002 -severity "INFO" "Constructing design in IPI design <$cur_design>..."
## 
## } elseif { ${cur_design} ne "" && $list_cells ne "" && $cur_design eq $design_name } {
##    # USE CASES:
##    #    5) Current design opened AND has components AND same names.
## 
##    set errMsg "Design <$design_name> already exists in your project, please set the variable <design_name> to another value."
##    set nRet 1
## } elseif { [get_files -quiet ${design_name}.bd] ne "" } {
##    # USE CASES: 
##    #    6) Current opened design, has components, but diff names, design_name exists in project.
##    #    7) No opened design, design_name exists in project.
## 
##    set errMsg "Design <$design_name> already exists in your project, please set the variable <design_name> to another value."
##    set nRet 2
## 
## } else {
##    # USE CASES:
##    #    8) No opened design, design_name not in project.
##    #    9) Current opened design, has components, but diff names, design_name not in project.
## 
##    common::send_gid_msg -ssname BD::TCL -id 2003 -severity "INFO" "Currently there is no design <$design_name> in project, so creating one..."
## 
##    create_bd_design $design_name
## 
##    common::send_gid_msg -ssname BD::TCL -id 2004 -severity "INFO" "Making design <$design_name> as current_bd_design."
##    current_bd_design $design_name
## 
## }
## common::send_gid_msg -ssname BD::TCL -id 2005 -severity "INFO" "Currently the variable <design_name> is equal to \"$design_name\"."
INFO: [BD::TCL 103-2005] Currently the variable <design_name> is equal to "design_1".
## if { $nRet != 0 } {
##    catch {common::send_gid_msg -ssname BD::TCL -id 2006 -severity "ERROR" $errMsg}
##    return $nRet
## }
ERROR: [BD::TCL 103-2006] Design <design_1> already exists in your project, please set the variable <design_name> to another value.
# puts "Vivado GUI will remain open after this script finishes."
Vivado GUI will remain open after this script finishes.
update_compile_order -fileset sources_1
open_bd_design {D:/PC/Shared Folder/Uni/courses/ERI/github/ERI_SVM_FPGA_PROJECT/Codes/Co-Design/System Design/system_design.srcs/sources_1/bd/system_design/system_design.bd}
Reading block design file <D:/PC/Shared Folder/Uni/courses/ERI/github/ERI_SVM_FPGA_PROJECT/Codes/Co-Design/System Design/system_design.srcs/sources_1/bd/system_design/system_design.bd>...
Successfully read diagram <system_design> from block design file <D:/PC/Shared Folder/Uni/courses/ERI/github/ERI_SVM_FPGA_PROJECT/Codes/Co-Design/System Design/system_design.srcs/sources_1/bd/system_design/system_design.bd>
open_bd_design: Time (s): cpu = 00:00:07 ; elapsed = 00:00:06 . Memory (MB): peak = 1843.461 ; gain = 81.262
export_ip_user_files -of_objects  [get_files {{D:/PC/Shared Folder/Uni/courses/ERI/github/ERI_SVM_FPGA_PROJECT/Codes/Co-Design/System Design/system_design.srcs/sources_1/bd/system_design/system_design.bd}}] -no_script -reset -force -quiet
remove_files  {{D:/PC/Shared Folder/Uni/courses/ERI/github/ERI_SVM_FPGA_PROJECT/Codes/Co-Design/System Design/system_design.srcs/sources_1/bd/system_design/system_design.bd}}
file delete -force {D:/PC/Shared Folder/Uni/courses/ERI/github/ERI_SVM_FPGA_PROJECT/Codes/Co-Design/System Design/system_design.srcs/sources_1/bd/system_design}
file delete -force {d:/PC/Shared Folder/Uni/courses/ERI/github/ERI_SVM_FPGA_PROJECT/Codes/Co-Design/System Design/system_design.gen/sources_1/bd/system_design}
open_bd_design {D:/PC/Shared Folder/Uni/courses/ERI/github/ERI_SVM_FPGA_PROJECT/Codes/Co-Design/System Design/system_design.srcs/sources_1/bd/design_1/design_1.bd}
Reading block design file <D:/PC/Shared Folder/Uni/courses/ERI/github/ERI_SVM_FPGA_PROJECT/Codes/Co-Design/System Design/system_design.srcs/sources_1/bd/design_1/design_1.bd>...
Adding component instance block -- sci.eg:user:add:1.0 - add_0
Adding component instance block -- xilinx.com:ip:axi_dma:7.1 - axi_dma_0
Adding component instance block -- xilinx.com:ip:axi_interconnect:2.1 - axi_mem_intercon
Adding component instance block -- xilinx.com:ip:axi_crossbar:2.1 - xbar
Adding component instance block -- xilinx.com:ip:axi_dwidth_converter:2.1 - auto_us
Adding component instance block -- xilinx.com:ip:axi_dwidth_converter:2.1 - auto_us
Adding component instance block -- xilinx.com:ip:axi_protocol_converter:2.1 - auto_pc
Adding component instance block -- xilinx.com:ip:processing_system7:5.5 - processing_system7_0
Adding component instance block -- xilinx.com:ip:axi_interconnect:2.1 - ps7_0_axi_periph
Adding component instance block -- xilinx.com:ip:axi_protocol_converter:2.1 - auto_pc
Adding component instance block -- xilinx.com:ip:proc_sys_reset:5.0 - rst_ps7_0_100M
Excluding slave segment /processing_system7_0/S_AXI_ACP/ACP_IOP from address space /axi_dma_0/Data_MM2S.
Excluding slave segment /processing_system7_0/S_AXI_ACP/ACP_M_AXI_GP0 from address space /axi_dma_0/Data_MM2S.
Excluding slave segment /processing_system7_0/S_AXI_ACP/ACP_IOP from address space /axi_dma_0/Data_S2MM.
Excluding slave segment /processing_system7_0/S_AXI_ACP/ACP_M_AXI_GP0 from address space /axi_dma_0/Data_S2MM.
Successfully read diagram <design_1> from block design file <D:/PC/Shared Folder/Uni/courses/ERI/github/ERI_SVM_FPGA_PROJECT/Codes/Co-Design/System Design/system_design.srcs/sources_1/bd/design_1/design_1.bd>
add_files -norecurse {{D:/PC/Shared Folder/Uni/courses/ERI/github/ERI_SVM_FPGA_PROJECT/Codes/Co-Design/System Design/system_design.srcs/sources_1/new/apb_defines.svh}}
add_files -norecurse {{D:/PC/Shared Folder/Uni/courses/ERI/github/ERI_SVM_FPGA_PROJECT/Codes/Co-Design/System Design/system_design.srcs/sources_1/new/cyp_apb_wrapper.v} {D:/PC/Shared Folder/Uni/courses/ERI/github/ERI_SVM_FPGA_PROJECT/Codes/Co-Design/System Design/system_design.srcs/sources_1/new/cyp_apb_slave.v} {D:/PC/Shared Folder/Uni/courses/ERI/github/ERI_SVM_FPGA_PROJECT/Codes/Co-Design/System Design/system_design.srcs/sources_1/new/cyp_core.v} {D:/PC/Shared Folder/Uni/courses/ERI/github/ERI_SVM_FPGA_PROJECT/Codes/Co-Design/System Design/system_design.srcs/sources_1/new/design.v} {D:/PC/Shared Folder/Uni/courses/ERI/github/ERI_SVM_FPGA_PROJECT/Codes/Co-Design/System Design/system_design.srcs/sources_1/new/cyp_apb_master.v}}
update_compile_order -fileset sources_1
update_compile_order -fileset sources_1
export_ip_user_files -of_objects  [get_files {{D:/PC/Shared Folder/Uni/courses/ERI/github/ERI_SVM_FPGA_PROJECT/Codes/Co-Design/System Design/system_design.srcs/sources_1/new/top.v}}] -no_script -reset -force -quiet
remove_files  {{D:/PC/Shared Folder/Uni/courses/ERI/github/ERI_SVM_FPGA_PROJECT/Codes/Co-Design/System Design/system_design.srcs/sources_1/new/top.v}}
add_files -norecurse {{D:/PC/Shared Folder/Uni/courses/ERI/github/ERI_SVM_FPGA_PROJECT/Codes/Co-Design/System Design/system_design.srcs/sources_1/new/design.v}}
WARNING: [filemgmt 56-12] File 'D:/PC/Shared Folder/Uni/courses/ERI/github/ERI_SVM_FPGA_PROJECT/Codes/Co-Design/System Design/system_design.srcs/sources_1/new/design.v' cannot be added to the project because it already exists in the project, skipping this file
close [ open {D:/PC/Shared Folder/Uni/courses/ERI/github/ERI_SVM_FPGA_PROJECT/Codes/Co-Design/System Design/system_design.srcs/sources_1/new/top.v} w ]
add_files {{D:/PC/Shared Folder/Uni/courses/ERI/github/ERI_SVM_FPGA_PROJECT/Codes/Co-Design/System Design/system_design.srcs/sources_1/new/top.v}}
update_compile_order -fileset sources_1
set_property top top [current_fileset]
update_compile_order -fileset sources_1
update_compile_order -fileset sources_1
set_property source_mgmt_mode DisplayOnly [current_project]
export_ip_user_files -of_objects  [get_files {{D:/PC/Shared Folder/Uni/courses/ERI/github/ERI_SVM_FPGA_PROJECT/Codes/Co-Design/System Design/system_design.srcs/sources_1/new/top.v}}] -no_script -reset -force -quiet
remove_files  {{D:/PC/Shared Folder/Uni/courses/ERI/github/ERI_SVM_FPGA_PROJECT/Codes/Co-Design/System Design/system_design.srcs/sources_1/new/top.v}}
file delete -force {D:/PC/Shared Folder/Uni/courses/ERI/github/ERI_SVM_FPGA_PROJECT/Codes/Co-Design/System Design/system_design.srcs/sources_1/new/top.v}
export_ip_user_files -of_objects  [get_files {{D:/PC/Shared Folder/Uni/courses/ERI/github/ERI_SVM_FPGA_PROJECT/Codes/Co-Design/System Design/system_design.srcs/sources_1/new/cyp_apb_master.v}}] -no_script -reset -force -quiet
remove_files  {{D:/PC/Shared Folder/Uni/courses/ERI/github/ERI_SVM_FPGA_PROJECT/Codes/Co-Design/System Design/system_design.srcs/sources_1/new/cyp_apb_master.v}}
remove_files  {{D:/PC/Shared Folder/Uni/courses/ERI/github/ERI_SVM_FPGA_PROJECT/Codes/Co-Design/System Design/system_design.srcs/sources_1/new/cyp_apb_master.v}}
WARNING: [Vivado 12-818] No files matched 'D:/PC/Shared Folder/Uni/courses/ERI/github/ERI_SVM_FPGA_PROJECT/Codes/Co-Design/System Design/system_design.srcs/sources_1/new/cyp_apb_master.v'
export_ip_user_files -of_objects  [get_files {{D:/PC/Shared Folder/Uni/courses/ERI/github/ERI_SVM_FPGA_PROJECT/Codes/Co-Design/System Design/system_design.srcs/sources_1/new/cyp_apb_slave.v}}] -no_script -reset -force -quiet
remove_files  {{D:/PC/Shared Folder/Uni/courses/ERI/github/ERI_SVM_FPGA_PROJECT/Codes/Co-Design/System Design/system_design.srcs/sources_1/new/cyp_apb_slave.v}}
export_ip_user_files -of_objects  [get_files {{D:/PC/Shared Folder/Uni/courses/ERI/github/ERI_SVM_FPGA_PROJECT/Codes/Co-Design/System Design/system_design.srcs/sources_1/new/cyp_apb_wrapper.v}}] -no_script -reset -force -quiet
remove_files  {{D:/PC/Shared Folder/Uni/courses/ERI/github/ERI_SVM_FPGA_PROJECT/Codes/Co-Design/System Design/system_design.srcs/sources_1/new/cyp_apb_wrapper.v}}
export_ip_user_files -of_objects  [get_files {{D:/PC/Shared Folder/Uni/courses/ERI/github/ERI_SVM_FPGA_PROJECT/Codes/Co-Design/System Design/system_design.srcs/sources_1/new/cyp_core.v}}] -no_script -reset -force -quiet
remove_files  {{D:/PC/Shared Folder/Uni/courses/ERI/github/ERI_SVM_FPGA_PROJECT/Codes/Co-Design/System Design/system_design.srcs/sources_1/new/cyp_core.v}}
exit
INFO: [Common 17-206] Exiting Vivado at Sat Apr  4 02:41:02 2026...
