|--- num__Fertilizer_Used <= 233.89
|   |--- num__Rainfall <= 992.13
|   |   |--- num__K <= 126.50
|   |   |   |--- num__Wind_Speed <= 13.53
|   |   |   |   |--- num__Soil_Moisture <= 48.35
|   |   |   |   |   |--- num__Soil_pH <= 7.26
|   |   |   |   |   |   |--- num__K <= 101.50
|   |   |   |   |   |   |   |--- value: [73.07]
|   |   |   |   |   |   |--- num__K >  101.50
|   |   |   |   |   |   |   |--- value: [74.03]
|   |   |   |   |   |--- num__Soil_pH >  7.26
|   |   |   |   |   |   |--- value: [72.43]
|   |   |   |   |--- num__Soil_Moisture >  48.35
|   |   |   |   |   |--- num__Fertilizer_Used <= 153.67
|   |   |   |   |   |   |--- value: [73.42]
|   |   |   |   |   |--- num__Fertilizer_Used >  153.67
|   |   |   |   |   |   |--- value: [74.27]
|   |   |   |--- num__Wind_Speed >  13.53
|   |   |   |   |--- num__K <= 79.50
|   |   |   |   |   |--- value: [71.89]
|   |   |   |   |--- num__K >  79.50
|   |   |   |   |   |--- value: [72.94]
|   |   |--- num__K >  126.50
|   |   |   |--- num__N <= 117.50
|   |   |   |   |--- value: [73.63]
|   |   |   |--- num__N >  117.50
|   |   |   |   |--- value: [74.85]
|   |--- num__Rainfall >  992.13
|   |   |--- num__Rainfall <= 2230.33
|   |   |   |--- num__Soil_Moisture <= 51.39
|   |   |   |   |--- num__Fertilizer_Used <= 97.51
|   |   |   |   |   |--- num__N <= 136.50
|   |   |   |   |   |   |--- num__Rainfall <= 1742.20
|   |   |   |   |   |   |   |--- value: [72.85]
|   |   |   |   |   |   |--- num__Rainfall >  1742.20
|   |   |   |   |   |   |   |--- value: [73.42]
|   |   |   |   |   |--- num__N >  136.50
|   |   |   |   |   |   |--- value: [74.56]
|   |   |   |   |--- num__Fertilizer_Used >  97.51
|   |   |   |   |   |--- num__Soil_pH <= 7.22
|   |   |   |   |   |   |--- num__Soil_pH <= 6.06
|   |   |   |   |   |   |   |--- value: [74.03]
|   |   |   |   |   |   |--- num__Soil_pH >  6.06
|   |   |   |   |   |   |   |--- value: [74.61]
|   |   |   |   |   |--- num__Soil_pH >  7.22
|   |   |   |   |   |   |--- num__Fertilizer_Used <= 169.57
|   |   |   |   |   |   |   |--- value: [73.38]
|   |   |   |   |   |   |--- num__Fertilizer_Used >  169.57
|   |   |   |   |   |   |   |--- value: [74.09]
|   |   |   |--- num__Soil_Moisture >  51.39
|   |   |   |   |--- num__P <= 76.00
|   |   |   |   |   |--- num__N <= 111.00
|   |   |   |   |   |   |--- num__Altitude <= 1355.00
|   |   |   |   |   |   |   |--- value: [74.57]
|   |   |   |   |   |   |--- num__Altitude >  1355.00
|   |   |   |   |   |   |   |--- value: [73.65]
|   |   |   |   |   |--- num__N >  111.00
|   |   |   |   |   |   |--- value: [74.83]
|   |   |   |   |--- num__P >  76.00
|   |   |   |   |   |--- value: [75.64]
|   |   |--- num__Rainfall >  2230.33
|   |   |   |--- num__Soil_pH <= 7.88
|   |   |   |   |--- num__Fertilizer_Used <= 135.21
|   |   |   |   |   |--- num__K <= 55.00
|   |   |   |   |   |   |--- value: [74.09]
|   |   |   |   |   |--- num__K >  55.00
|   |   |   |   |   |   |--- num__Rainfall <= 2544.14
|   |   |   |   |   |   |   |--- value: [74.96]
|   |   |   |   |   |   |--- num__Rainfall >  2544.14
|   |   |   |   |   |   |   |--- value: [75.25]
|   |   |   |   |--- num__Fertilizer_Used >  135.21
|   |   |   |   |   |--- num__Soil_Moisture <= 23.21
|   |   |   |   |   |   |--- value: [74.74]
|   |   |   |   |   |--- num__Soil_Moisture >  23.21
|   |   |   |   |   |   |--- num__Fertilizer_Used <= 183.92
|   |   |   |   |   |   |   |--- value: [75.52]
|   |   |   |   |   |   |--- num__Fertilizer_Used >  183.92
|   |   |   |   |   |   |   |--- value: [76.15]
|   |   |   |--- num__Soil_pH >  7.88
|   |   |   |   |--- value: [74.01]
|--- num__Fertilizer_Used >  233.89
|   |--- num__Rainfall <= 1612.73
|   |   |--- num__Soil_Moisture <= 36.44
|   |   |   |--- num__Soil_pH <= 5.43
|   |   |   |   |--- value: [73.82]
|   |   |   |--- num__Soil_pH >  5.43
|   |   |   |   |--- cat__Soil_Type_Loamy <= 0.50
|   |   |   |   |   |--- num__Sunlight_Hours <= 5.25
|   |   |   |   |   |   |--- value: [75.05]
|   |   |   |   |   |--- num__Sunlight_Hours >  5.25
|   |   |   |   |   |   |--- num__Organic_Carbon <= 1.02
|   |   |   |   |   |   |   |--- value: [74.41]
|   |   |   |   |   |   |--- num__Organic_Carbon >  1.02
|   |   |   |   |   |   |   |--- value: [73.92]
|   |   |   |   |--- cat__Soil_Type_Loamy >  0.50
|   |   |   |   |   |--- value: [75.02]
|   |   |--- num__Soil_Moisture >  36.44
|   |   |   |--- num__Rainfall <= 667.99
|   |   |   |   |--- num__Soil_pH <= 5.82
|   |   |   |   |   |--- value: [74.25]
|   |   |   |   |--- num__Soil_pH >  5.82
|   |   |   |   |   |--- value: [75.31]
|   |   |   |--- num__Rainfall >  667.99
|   |   |   |   |--- num__Soil_Moisture <= 53.34
|   |   |   |   |   |--- num__Soil_pH <= 5.73
|   |   |   |   |   |   |--- value: [75.08]
|   |   |   |   |   |--- num__Soil_pH >  5.73
|   |   |   |   |   |   |--- num__Sunlight_Hours <= 8.24
|   |   |   |   |   |   |   |--- value: [75.53]
|   |   |   |   |   |   |--- num__Sunlight_Hours >  8.24
|   |   |   |   |   |   |   |--- value: [75.95]
|   |   |   |   |--- num__Soil_Moisture >  53.34
|   |   |   |   |   |--- num__K <= 52.50
|   |   |   |   |   |   |--- value: [75.44]
|   |   |   |   |   |--- num__K >  52.50
|   |   |   |   |   |   |--- num__Altitude <= 1089.00
|   |   |   |   |   |   |   |--- value: [76.24]
|   |   |   |   |   |   |--- num__Altitude >  1089.00
|   |   |   |   |   |   |   |--- value: [77.07]
|   |--- num__Rainfall >  1612.73
|   |   |--- num__Fertilizer_Used <= 317.92
|   |   |   |--- num__Soil_Moisture <= 49.97
|   |   |   |   |--- num__Wind_Speed <= 9.18
|   |   |   |   |   |--- num__N <= 103.00
|   |   |   |   |   |   |--- num__P <= 48.50
|   |   |   |   |   |   |   |--- value: [75.69]
|   |   |   |   |   |   |--- num__P >  48.50
|   |   |   |   |   |   |   |--- value: [76.29]
|   |   |   |   |   |--- num__N >  103.00
|   |   |   |   |   |   |--- value: [76.86]
|   |   |   |   |--- num__Wind_Speed >  9.18
|   |   |   |   |   |--- num__Sunlight_Hours <= 5.97
|   |   |   |   |   |   |--- value: [76.10]
|   |   |   |   |   |--- num__Sunlight_Hours >  5.97
|   |   |   |   |   |   |--- num__Rainfall <= 1941.80
|   |   |   |   |   |   |   |--- value: [75.82]
|   |   |   |   |   |   |--- num__Rainfall >  1941.80
|   |   |   |   |   |   |   |--- value: [75.31]
|   |   |   |--- num__Soil_Moisture >  49.97
|   |   |   |   |--- num__Humidity <= 51.47
|   |   |   |   |   |--- value: [77.25]
|   |   |   |   |--- num__Humidity >  51.47
|   |   |   |   |   |--- num__Altitude <= 922.00
|   |   |   |   |   |   |--- value: [75.72]
|   |   |   |   |   |--- num__Altitude >  922.00
|   |   |   |   |   |   |--- value: [76.70]
|   |   |--- num__Fertilizer_Used >  317.92
|   |   |   |--- num__Soil_Moisture <= 37.74
|   |   |   |   |--- num__Rainfall <= 2254.16
|   |   |   |   |   |--- value: [76.09]
|   |   |   |   |--- num__Rainfall >  2254.16
|   |   |   |   |   |--- value: [76.78]
|   |   |   |--- num__Soil_Moisture >  37.74
|   |   |   |   |--- num__Wind_Speed <= 12.48
|   |   |   |   |   |--- value: [77.61]
|   |   |   |   |--- num__Wind_Speed >  12.48
|   |   |   |   |   |--- value: [77.05]
