#-----------------------------------------------------------
# Vivado v2022.2 (64-bit)
# SW Build 3671981 on Fri Oct 14 05:00:03 MDT 2022
# IP Build 3669848 on Fri Oct 14 08:30:02 MDT 2022
# Start of session at: Sat Apr  4 01:35:32 2026
# Process ID: 11496
# Current directory: d:/PC/Shared Folder/Uni/courses/ERI/github/ERI_SVM_FPGA_PROJECT
# Command line: vivado.exe -mode gui -source d:\PC\Shared Folder\Uni\courses\ERI\github\ERI_SVM_FPGA_PROJECT\Codes\Co-Design\zc702_system_design\run.tcl
# Log file: d:/PC/Shared Folder/Uni/courses/ERI/github/ERI_SVM_FPGA_PROJECT/vivado.log
# Journal file: d:/PC/Shared Folder/Uni/courses/ERI/github/ERI_SVM_FPGA_PROJECT\vivado.jou
# Running On: DESKTOP-E5A1AIP, OS: Windows, CPU Frequency: 2611 MHz, CPU Physical cores: 10, Host memory: 8126 MB
#-----------------------------------------------------------
start_gui
source {d:\PC\Shared Folder\Uni\courses\ERI\github\ERI_SVM_FPGA_PROJECT\Codes\Co-Design\zc702_system_design\run.tcl}
# set script_dir [file dirname [file normalize [info script]]]
# set project_path [file join $script_dir "system_design.xpr"]
# puts "Opening project: $project_path"
Opening project: D:/PC/Shared Folder/Uni/courses/ERI/github/ERI_SVM_FPGA_PROJECT/Codes/Co-Design/zc702_system_design/system_design.xpr
# open_project $project_path
WARNING: [Board 49-26] cannot add Board Part xilinx.com:vek280_es:part0:1.0 available at C:/Xilinx/Vivado/2022.2/data/xhub/boards/XilinxBoardStore/boards/Xilinx/vek280/es/1.0/board.xml as part xcve2802-vsvh1760-2lp-e-s-es1 specified in board_part file is either invalid or not available
WARNING: [Board 49-26] cannot add Board Part xilinx.com:vhk158_es:part0:1.0 available at C:/Xilinx/Vivado/2022.2/data/xhub/boards/XilinxBoardStore/boards/Xilinx/vhk158/es/1.0/board.xml as part xcvh1582-vsva3697-2mp-e-s-es1 specified in board_part file is either invalid or not available
WARNING: [Board 49-26] cannot add Board Part xilinx.com:vpk120_es:part0:1.2 available at C:/Xilinx/Vivado/2022.2/data/xhub/boards/XilinxBoardStore/boards/Xilinx/vpk120/es/1.2/board.xml as part xcvp1202-vsva2785-2mp-e-s-es1 specified in board_part file is either invalid or not available
WARNING: [Board 49-26] cannot add Board Part xilinx.com:vpk120_es_revb:part0:1.0 available at C:/Xilinx/Vivado/2022.2/data/xhub/boards/XilinxBoardStore/boards/Xilinx/vpk120_revb/es/1.0/board.xml as part xcvp1202-vsva2785-2mp-e-s-es1 specified in board_part file is either invalid or not available
WARNING: [Board 49-26] cannot add Board Part xilinx.com:vpk180_es:part0:1.0 available at C:/Xilinx/Vivado/2022.2/data/xhub/boards/XilinxBoardStore/boards/Xilinx/vpk180/es/1.0/board.xml as part xcvp1802-lsvc4072-2mp-e-s-es1 specified in board_part file is either invalid or not available
WARNING: [Board 49-26] cannot add Board Part xilinx.com:zcu208ld:part0:2.0 available at C:/Xilinx/Vivado/2022.2/data/xhub/boards/XilinxBoardStore/boards/Xilinx/zcu208ld/production/2.0/board.xml as part xczu58dr-fsvg1517-2-i specified in board_part file is either invalid or not available
WARNING: [Board 49-26] cannot add Board Part xilinx.com:zcu216ld:part0:2.0 available at C:/Xilinx/Vivado/2022.2/data/xhub/boards/XilinxBoardStore/boards/Xilinx/zcu216ld/production/2.0/board.xml as part xczu59dr-ffvf1760-2-i specified in board_part file is either invalid or not available
WARNING: [Board 49-26] cannot add Board Part xilinx.com:zcu670:part0:2.0 available at C:/Xilinx/Vivado/2022.2/data/xhub/boards/XilinxBoardStore/boards/Xilinx/zcu670/2.0/board.xml as part xczu67dr-fsve1156-2-i specified in board_part file is either invalid or not available
WARNING: [Board 49-26] cannot add Board Part xilinx.com:zcu670ld:part0:1.0 available at C:/Xilinx/Vivado/2022.2/data/xhub/boards/XilinxBoardStore/boards/Xilinx/zcu670ld/1.0/board.xml as part xczu57dr-fsve1156-2-i specified in board_part file is either invalid or not available
INFO: [filemgmt 56-3] Default IP Output Path : Could not find the directory 'D:/PC/Shared Folder/Uni/courses/ERI/github/ERI_SVM_FPGA_PROJECT/Codes/Co-Design/zc702_system_design/system_design.gen/sources_1'.
Scanning sources...
Finished scanning sources
INFO: [IP_Flow 19-234] Refreshing IP repositories
INFO: [IP_Flow 19-1704] No user IP repositories specified
INFO: [IP_Flow 19-2313] Loaded Vivado IP repository 'C:/Xilinx/Vivado/2022.2/data/ip'.
open_project: Time (s): cpu = 00:00:30 ; elapsed = 00:00:12 . Memory (MB): peak = 1717.113 ; gain = 308.992
# puts "Current project:"
Current project:
# puts [current_project]
system_design
# set bd_files [get_files -quiet *.bd]
# if {[llength $bd_files] == 0} {
#     set bd_files [glob -nocomplain -directory $script_dir -types f -tails -path [file join $script_dir *] *.bd]
# }
# puts "Block design files:"
Block design files:
# foreach bd_file $bd_files {
#     puts "  $bd_file"
# }
  D:/PC/Shared Folder/Uni/courses/ERI/github/ERI_SVM_FPGA_PROJECT/Codes/Co-Design/zc702_system_design/system_design.srcs/sources_1/bd/system_design/system_design.bd
# if {[llength $bd_files] > 0} {
#     set bd_path [lindex $bd_files 0]
#     puts "Opening block design: $bd_path"
#     open_bd_design $bd_path
# 
#     puts "BD cells:"
#     foreach cell [get_bd_cells] {
#         puts "  $cell"
#     }
# 
#     puts "BD interface nets:"
#     foreach net [get_bd_intf_nets] {
#         puts "  $net"
#     }
# 
#     puts "BD scalar nets:"
#     foreach net [get_bd_nets] {
#         puts "  $net"
#     }
# } else {
#     puts "No block design file was found in this project."
# }
Opening block design: D:/PC/Shared Folder/Uni/courses/ERI/github/ERI_SVM_FPGA_PROJECT/Codes/Co-Design/zc702_system_design/system_design.srcs/sources_1/bd/system_design/system_design.bd
Reading block design file <D:/PC/Shared Folder/Uni/courses/ERI/github/ERI_SVM_FPGA_PROJECT/Codes/Co-Design/zc702_system_design/system_design.srcs/sources_1/bd/system_design/system_design.bd>...
Successfully read diagram <system_design> from block design file <D:/PC/Shared Folder/Uni/courses/ERI/github/ERI_SVM_FPGA_PROJECT/Codes/Co-Design/zc702_system_design/system_design.srcs/sources_1/bd/system_design/system_design.bd>
open_bd_design: Time (s): cpu = 00:00:10 ; elapsed = 00:00:06 . Memory (MB): peak = 1815.035 ; gain = 83.242
BD cells:
WARNING: [BD 5-230] No cells matched 'get_bd_cells'
BD interface nets:
WARNING: [BD 5-231] No interface nets matched 'get_bd_intf_nets'
BD scalar nets:
WARNING: [BD 5-234] No nets matched 'get_bd_nets'
# puts "Vivado GUI will remain open after this script finishes."
Vivado GUI will remain open after this script finishes.
update_compile_order -fileset sources_1
exit
INFO: [Common 17-206] Exiting Vivado at Sat Apr  4 01:36:45 2026...
