|--- num__Fertilizer_Used <= 217.96
|   |--- num__Rainfall <= 1607.77
|   |   |--- num__Fertilizer_Used <= 145.17
|   |   |   |--- num__N <= 103.00
|   |   |   |   |--- num__Soil_Moisture <= 20.28
|   |   |   |   |   |--- value: [5.95]
|   |   |   |   |--- num__Soil_Moisture >  20.28
|   |   |   |   |   |--- value: [6.85]
|   |   |   |--- num__N >  103.00
|   |   |   |   |--- num__Soil_Moisture <= 39.24
|   |   |   |   |   |--- value: [6.97]
|   |   |   |   |--- num__Soil_Moisture >  39.24
|   |   |   |   |   |--- value: [7.80]
|   |   |--- num__Fertilizer_Used >  145.17
|   |   |   |--- num__Rainfall <= 959.99
|   |   |   |   |--- num__Soil_Moisture <= 46.14
|   |   |   |   |   |--- value: [7.13]
|   |   |   |   |--- num__Soil_Moisture >  46.14
|   |   |   |   |   |--- value: [8.19]
|   |   |   |--- num__Rainfall >  959.99
|   |   |   |   |--- num__Wind_Speed <= 4.68
|   |   |   |   |   |--- value: [9.56]
|   |   |   |   |--- num__Wind_Speed >  4.68
|   |   |   |   |   |--- value: [8.10]
|   |--- num__Rainfall >  1607.77
|   |   |--- num__Soil_Moisture <= 32.03
|   |   |   |--- num__Fertilizer_Used <= 80.15
|   |   |   |   |--- value: [6.50]
|   |   |   |--- num__Fertilizer_Used >  80.15
|   |   |   |   |--- num__Rainfall <= 2497.68
|   |   |   |   |   |--- value: [7.95]
|   |   |   |   |--- num__Rainfall >  2497.68
|   |   |   |   |   |--- value: [8.76]
|   |   |--- num__Soil_Moisture >  32.03
|   |   |   |--- num__Fertilizer_Used <= 138.17
|   |   |   |   |--- num__Wind_Speed <= 3.51
|   |   |   |   |   |--- value: [9.51]
|   |   |   |   |--- num__Wind_Speed >  3.51
|   |   |   |   |   |--- value: [8.37]
|   |   |   |--- num__Fertilizer_Used >  138.17
|   |   |   |   |--- num__Soil_pH <= 5.26
|   |   |   |   |   |--- value: [8.00]
|   |   |   |   |--- num__Soil_pH >  5.26
|   |   |   |   |   |--- value: [9.42]
|--- num__Fertilizer_Used >  217.96
|   |--- num__Rainfall <= 1775.10
|   |   |--- num__Soil_Moisture <= 53.34
|   |   |   |--- num__Rainfall <= 1016.57
|   |   |   |   |--- num__Fertilizer_Used <= 286.60
|   |   |   |   |   |--- value: [7.95]
|   |   |   |   |--- num__Fertilizer_Used >  286.60
|   |   |   |   |   |--- value: [8.72]
|   |   |   |--- num__Rainfall >  1016.57
|   |   |   |   |--- num__Soil_Moisture <= 29.23
|   |   |   |   |   |--- value: [8.67]
|   |   |   |   |--- num__Soil_Moisture >  29.23
|   |   |   |   |   |--- value: [9.54]
|   |   |--- num__Soil_Moisture >  53.34
|   |   |   |--- num__Soil_pH <= 7.56
|   |   |   |   |--- num__N <= 94.50
|   |   |   |   |   |--- value: [9.38]
|   |   |   |   |--- num__N >  94.50
|   |   |   |   |   |--- value: [10.47]
|   |   |   |--- num__Soil_pH >  7.56
|   |   |   |   |--- value: [8.79]
|   |--- num__Rainfall >  1775.10
|   |   |--- num__Soil_Moisture <= 34.95
|   |   |   |--- num__K <= 123.00
|   |   |   |   |--- num__Fertilizer_Used <= 253.47
|   |   |   |   |   |--- value: [8.42]
|   |   |   |   |--- num__Fertilizer_Used >  253.47
|   |   |   |   |   |--- value: [9.59]
|   |   |   |--- num__K >  123.00
|   |   |   |   |--- value: [10.52]
|   |   |--- num__Soil_Moisture >  34.95
|   |   |   |--- num__Rainfall <= 2425.13
|   |   |   |   |--- num__N <= 104.50
|   |   |   |   |   |--- value: [9.95]
|   |   |   |   |--- num__N >  104.50
|   |   |   |   |   |--- value: [10.81]
|   |   |   |--- num__Rainfall >  2425.13
|   |   |   |   |--- num__Soil_pH <= 5.35
|   |   |   |   |   |--- value: [10.13]
|   |   |   |   |--- num__Soil_pH >  5.35
|   |   |   |   |   |--- value: [11.44]
