=== Greenhouse Plant Growth Metrics Analysis ===

Loaded CSV file: Greenhouse Plant Growth Metrics.csv

---- 5 Random Rows of Dataset ----
╒══════════╤═════════╤═════════╤═════════╤══════════╤═════════╤═════════╤══════════╤═════════╤═════════╤═════════╤══════════╤═════════╤═════════╕
│ Random   │    ACHP │     PHR │   AWWGV │     ALAP │    ANPL │     ARD │     ADWR │   PDMVG │     ARL │    AWWR │     ADWV │   PDMRG │ Class   │
╞══════════╪═════════╪═════════╪═════════╪══════════╪═════════╪═════════╪══════════╪═════════╪═════════╪═════════╪══════════╪═════════╪═════════╡
│ R3       │ 36.2802 │ 45.5915 │ 1.34803 │  981.475 │ 3.99759 │ 16.9918 │ 0.759253 │ 31.3931 │ 17.3426 │ 2.7468  │ 0.434768 │ 27.9087 │ SA      │
├──────────┼─────────┼─────────┼─────────┼──────────┼─────────┼─────────┼──────────┼─────────┼─────────┼─────────┼──────────┼─────────┼─────────┤
│ R1       │ 43.4981 │ 72.4788 │ 1.74229 │  943.637 │ 2.9991  │ 13.8316 │ 0.553237 │ 37.5631 │ 15.0176 │ 1.56584 │ 0.632877 │ 34.3869 │ TB      │
├──────────┼─────────┼─────────┼─────────┼──────────┼─────────┼─────────┼──────────┼─────────┼─────────┼─────────┼──────────┼─────────┼─────────┤
│ R1       │ 43.4799 │ 72.4904 │ 1.73752 │  943.635 │ 2.98671 │ 13.84   │ 0.521542 │ 37.5701 │ 15.0134 │ 1.57244 │ 0.649751 │ 34.4038 │ TB      │
├──────────┼─────────┼─────────┼─────────┼──────────┼─────────┼─────────┼──────────┼─────────┼─────────┼─────────┼──────────┼─────────┼─────────┤
│ R1       │ 38.6015 │ 37.8898 │ 1.07142 │  948.666 │ 3.99175 │ 15.7234 │ 1.22535  │ 11.9896 │ 19.1581 │ 3.12554 │ 0.121731 │ 39.1296 │ TC      │
├──────────┼─────────┼─────────┼─────────┼──────────┼─────────┼─────────┼──────────┼─────────┼─────────┼─────────┼──────────┼─────────┼─────────┤
│ R2       │ 33.1008 │ 67.0793 │ 1.1246  │ 1009.22  │ 4.99054 │ 15.9681 │ 1.17039  │ 19.4073 │ 20.8339 │ 2.86486 │ 0.228248 │ 41.2957 │ SA      │
╘══════════╧═════════╧═════════╧═════════╧══════════╧═════════╧═════════╧══════════╧═════════╧═════════╧═════════╧══════════╧═════════╧═════════╛

---- Column Description Table ----
╒══════════╤══════════════════════════════════════════════╤══════════════════════════════════════════════════════════════════════════════════╤═════════════════╕
│ Column   │ Meaning                                      │ Notes on High/Low                                                                │ Typical Range   │
╞══════════╪══════════════════════════════════════════════╪══════════════════════════════════════════════════════════════════════════════════╪═════════════════╡
│ Random   │ Replicate ID / trial number                  │ Not numerical; just indicates which repeat the data came from (R1, R2, R3, etc.) │ N/A             │
├──────────┼──────────────────────────────────────────────┼──────────────────────────────────────────────────────────────────────────────────┼─────────────────┤
│ ACHP     │ Average Canopy Height of Plant (cm)          │ High → taller plants, Low → shorter plants                                       │ ~33–36          │
├──────────┼──────────────────────────────────────────────┼──────────────────────────────────────────────────────────────────────────────────┼─────────────────┤
│ PHR      │ Plant Height Range (?) or Plant Height Ratio │ High → bigger variation in height or ratio, Low → smaller                        │ ~45–67          │
├──────────┼──────────────────────────────────────────────┼──────────────────────────────────────────────────────────────────────────────────┼─────────────────┤
│ AWWGV    │ Average Wet Weight Growth Value (?)          │ High → heavier wet plants, Low → lighter                                         │ ~1.1–1.36       │
├──────────┼──────────────────────────────────────────────┼──────────────────────────────────────────────────────────────────────────────────┼─────────────────┤
│ ALAP     │ Average Leaf Area per Plant (cm²)            │ High → more leaf area, Low → less                                                │ ~981–1284       │
├──────────┼──────────────────────────────────────────────┼──────────────────────────────────────────────────────────────────────────────────┼─────────────────┤
│ ANPL     │ Average Number of Leaves                     │ High → more leaves, Low → fewer                                                  │ ~4–5            │
├──────────┼──────────────────────────────────────────────┼──────────────────────────────────────────────────────────────────────────────────┼─────────────────┤
│ ARD      │ Average Root Diameter (?)                    │ High → thicker roots, Low → thinner                                              │ ~15–17          │
├──────────┼──────────────────────────────────────────────┼──────────────────────────────────────────────────────────────────────────────────┼─────────────────┤
│ ADWR     │ Average Dry Weight Root (?)                  │ High → heavier roots, Low → lighter                                              │ ~0.7–1.7        │
├──────────┼──────────────────────────────────────────────┼──────────────────────────────────────────────────────────────────────────────────┼─────────────────┤
│ PDMVG    │ Plant Dry Mass Variation Growth (?)          │ High → higher variation in dry mass, Low → lower                                 │ ~0.2–2.9        │
├──────────┼──────────────────────────────────────────────┼──────────────────────────────────────────────────────────────────────────────────┼─────────────────┤
│ ARL      │ Average Root Length (cm)                     │ High → longer roots, Low → shorter                                               │ ~18–31          │
├──────────┼──────────────────────────────────────────────┼──────────────────────────────────────────────────────────────────────────────────┼─────────────────┤
│ AWWR     │ Average Wet Weight Root (?)                  │ High → heavier roots, Low → lighter                                              │ ~19–20          │
├──────────┼──────────────────────────────────────────────┼──────────────────────────────────────────────────────────────────────────────────┼─────────────────┤
│ ADWV     │ Average Dry Weight Variation (?)             │ High → more variability, Low → less                                              │ ~0.2–0.4        │
├──────────┼──────────────────────────────────────────────┼──────────────────────────────────────────────────────────────────────────────────┼─────────────────┤
│ PDMRG    │ Plant Dry Mass Ratio Growth (?)              │ High → higher ratio, Low → lower                                                 │ ~27–57          │
├──────────┼──────────────────────────────────────────────┼──────────────────────────────────────────────────────────────────────────────────┼─────────────────┤
│ Class    │ Target label / group (SA, etc.)              │ Categorical variable                                                             │ N/A             │
╘══════════╧══════════════════════════════════════════════╧══════════════════════════════════════════════════════════════════════════════════╧═════════════════╛

---- Numeric Columns Summary ----
╒══════════╤═════════════╤══════════════════╤══════════════╕
│ Column   │   Min (Low) │   Mean (Average) │   Max (High) │
╞══════════╪═════════════╪══════════════════╪══════════════╡
│ ACHP     │      32.664 │           38.061 │       46.432 │
├──────────┼─────────────┼──────────────────┼──────────────┤
│ PHR      │      37.02  │           59.02  │       77.041 │
├──────────┼─────────────┼──────────────────┼──────────────┤
│ AWWGV    │       0.848 │            1.247 │        1.775 │
├──────────┼─────────────┼──────────────────┼──────────────┤
│ ALAP     │     658.488 │         1063.64  │     1751.03  │
├──────────┼─────────────┼──────────────────┼──────────────┤
│ ANPL     │       2.959 │            3.945 │        5.037 │
├──────────┼─────────────┼──────────────────┼──────────────┤
│ ARD      │      11.076 │           16.286 │       23.326 │
├──────────┼─────────────┼──────────────────┼──────────────┤
│ ADWR     │       0.242 │            1.001 │        2.197 │
├──────────┼─────────────┼──────────────────┼──────────────┤
│ PDMVG    │       8.022 │           22.675 │       43.66  │
├──────────┼─────────────┼──────────────────┼──────────────┤
│ ARL      │      12.36  │           18.071 │       23.253 │
├──────────┼─────────────┼──────────────────┼──────────────┤
│ AWWR     │       1.127 │            2.907 │        6.909 │
├──────────┼─────────────┼──────────────────┼──────────────┤
│ ADWV     │       0.038 │            0.292 │        0.687 │
├──────────┼─────────────┼──────────────────┼──────────────┤
│ PDMRG    │      23.633 │           34.922 │       57.672 │
╘══════════╧═════════════╧══════════════════╧══════════════╛
