2026-04-04 18:24:00,111 - INFO - ==================================================
2026-04-04 18:24:00,112 - INFO - Training crop: Maize
2026-04-04 18:24:00,112 - INFO - ==================================================
2026-04-04 18:24:00,123 - INFO - Applied parameters: {'random_state': 42, 'min_samples_split': 20, 'min_samples_leaf': 2, 'max_features': None, 'max_depth': 5, 'criterion': 'squared_error', 'ccp_alpha': 0.002}
2026-04-04 18:24:00,136 - INFO - Metrics | R2: 0.4122 | MAE: 1.0779 | RMSE: 1.3485 | MAPE: 10.94%
2026-04-04 18:24:00,143 - INFO - Feature importance:
2026-04-04 18:24:00,143 - INFO - Fertilizer_Used: 0.492640
2026-04-04 18:24:00,143 - INFO - Rainfall: 0.328246
2026-04-04 18:24:00,143 - INFO - Soil_Moisture: 0.110331
2026-04-04 18:24:00,143 - INFO - N: 0.019295
2026-04-04 18:24:00,143 - INFO - K: 0.016067
2026-04-04 18:24:00,143 - INFO - Temperature: 0.015208
2026-04-04 18:24:00,143 - INFO - Humidity: 0.011250
2026-04-04 18:24:00,144 - INFO - Soil_pH: 0.006963
2026-04-04 18:24:00,144 - INFO - P: 0.000000
2026-04-04 18:24:00,144 - INFO - Soil_Type: 0.000000
2026-04-04 18:24:00,144 - INFO - Organic_Carbon: 0.000000
2026-04-04 18:24:00,144 - INFO - Sunlight_Hours: 0.000000
2026-04-04 18:24:00,144 - INFO - Wind_Speed: 0.000000
2026-04-04 18:24:00,144 - INFO - Region: 0.000000
2026-04-04 18:24:00,144 - INFO - Altitude: 0.000000
2026-04-04 18:24:00,144 - INFO - Season: 0.000000
2026-04-04 18:24:00,144 - INFO - Irrigation_Type: 0.000000
2026-04-04 18:24:00,144 - INFO - Pesticide_Used: 0.000000
2026-04-04 18:24:01,574 - INFO - ==================================================
2026-04-04 18:24:01,575 - INFO - Training crop: Potato
2026-04-04 18:24:01,575 - INFO - ==================================================
2026-04-04 18:24:01,584 - INFO - Applied parameters: {'random_state': 42, 'min_samples_split': 20, 'min_samples_leaf': 2, 'max_features': None, 'max_depth': 5, 'criterion': 'squared_error', 'ccp_alpha': 0.002}
2026-04-04 18:24:01,593 - INFO - Metrics | R2: 0.4245 | MAE: 1.0621 | RMSE: 1.2882 | MAPE: 4.31%
2026-04-04 18:24:01,601 - INFO - Feature importance:
2026-04-04 18:24:01,601 - INFO - Fertilizer_Used: 0.402119
2026-04-04 18:24:01,601 - INFO - Rainfall: 0.352419
2026-04-04 18:24:01,601 - INFO - Soil_Moisture: 0.159902
2026-04-04 18:24:01,601 - INFO - Soil_pH: 0.024870
2026-04-04 18:24:01,601 - INFO - Wind_Speed: 0.024716
2026-04-04 18:24:01,601 - INFO - K: 0.015278
2026-04-04 18:24:01,601 - INFO - N: 0.011897
2026-04-04 18:24:01,601 - INFO - Temperature: 0.006664
2026-04-04 18:24:01,601 - INFO - Pesticide_Used: 0.002134
2026-04-04 18:24:01,601 - INFO - P: 0.000000
2026-04-04 18:24:01,602 - INFO - Soil_Type: 0.000000
2026-04-04 18:24:01,602 - INFO - Organic_Carbon: 0.000000
2026-04-04 18:24:01,602 - INFO - Humidity: 0.000000
2026-04-04 18:24:01,602 - INFO - Sunlight_Hours: 0.000000
2026-04-04 18:24:01,602 - INFO - Region: 0.000000
2026-04-04 18:24:01,602 - INFO - Altitude: 0.000000
2026-04-04 18:24:01,602 - INFO - Season: 0.000000
2026-04-04 18:24:01,602 - INFO - Irrigation_Type: 0.000000
2026-04-04 18:24:02,936 - INFO - ==================================================
2026-04-04 18:24:02,936 - INFO - Training crop: Rice
2026-04-04 18:24:02,936 - INFO - ==================================================
2026-04-04 18:24:02,944 - INFO - Applied parameters: {'random_state': 42, 'min_samples_split': 20, 'min_samples_leaf': 15, 'max_features': None, 'max_depth': 12, 'criterion': 'friedman_mse', 'ccp_alpha': 0.001}
2026-04-04 18:24:02,957 - INFO - Metrics | R2: 0.3891 | MAE: 1.0358 | RMSE: 1.3082 | MAPE: 11.45%
2026-04-04 18:24:02,967 - INFO - Feature importance:
2026-04-04 18:24:02,967 - INFO - Fertilizer_Used: 0.438794
2026-04-04 18:24:02,967 - INFO - Rainfall: 0.290555
2026-04-04 18:24:02,967 - INFO - Soil_Moisture: 0.086089
2026-04-04 18:24:02,968 - INFO - Soil_pH: 0.039369
2026-04-04 18:24:02,968 - INFO - Wind_Speed: 0.027620
2026-04-04 18:24:02,968 - INFO - K: 0.026220
2026-04-04 18:24:02,968 - INFO - N: 0.023746
2026-04-04 18:24:02,968 - INFO - Organic_Carbon: 0.018285
2026-04-04 18:24:02,968 - INFO - Sunlight_Hours: 0.011919
2026-04-04 18:24:02,968 - INFO - Humidity: 0.010427
2026-04-04 18:24:02,968 - INFO - P: 0.007878
2026-04-04 18:24:02,968 - INFO - Region: 0.005213
2026-04-04 18:24:02,968 - INFO - Pesticide_Used: 0.004916
2026-04-04 18:24:02,968 - INFO - Season: 0.004274
2026-04-04 18:24:02,968 - INFO - Temperature: 0.002972
2026-04-04 18:24:02,968 - INFO - Altitude: 0.001722
2026-04-04 18:24:02,968 - INFO - Soil_Type: 0.000000
2026-04-04 18:24:02,968 - INFO - Irrigation_Type: 0.000000
2026-04-04 18:24:04,223 - INFO - ==================================================
2026-04-04 18:24:04,223 - INFO - Training crop: Sugarcane
2026-04-04 18:24:04,223 - INFO - ==================================================
2026-04-04 18:24:04,234 - INFO - Applied parameters: {'random_state': 42, 'min_samples_split': 20, 'min_samples_leaf': 15, 'max_features': None, 'max_depth': 7, 'criterion': 'absolute_error', 'ccp_alpha': 0.001}
2026-04-04 18:24:04,286 - INFO - Metrics | R2: 0.3535 | MAE: 1.0495 | RMSE: 1.3550 | MAPE: 1.41%
2026-04-04 18:24:04,297 - INFO - Feature importance:
2026-04-04 18:24:04,297 - INFO - Fertilizer_Used: 0.344157
2026-04-04 18:24:04,297 - INFO - Rainfall: 0.279487
2026-04-04 18:24:04,297 - INFO - Soil_Moisture: 0.138023
2026-04-04 18:24:04,297 - INFO - Soil_pH: 0.068011
2026-04-04 18:24:04,297 - INFO - K: 0.051768
2026-04-04 18:24:04,298 - INFO - Wind_Speed: 0.031320
2026-04-04 18:24:04,298 - INFO - N: 0.028699
2026-04-04 18:24:04,298 - INFO - P: 0.018965
2026-04-04 18:24:04,298 - INFO - Altitude: 0.015753
2026-04-04 18:24:04,298 - INFO - Humidity: 0.015638
2026-04-04 18:24:04,298 - INFO - Sunlight_Hours: 0.008179
2026-04-04 18:24:04,298 - INFO - Soil_Type: 0.000000
2026-04-04 18:24:04,298 - INFO - Organic_Carbon: 0.000000
2026-04-04 18:24:04,298 - INFO - Temperature: 0.000000
2026-04-04 18:24:04,298 - INFO - Region: 0.000000
2026-04-04 18:24:04,298 - INFO - Season: 0.000000
2026-04-04 18:24:04,298 - INFO - Irrigation_Type: 0.000000
2026-04-04 18:24:04,298 - INFO - Pesticide_Used: 0.000000
2026-04-04 18:24:05,568 - INFO - ==================================================
2026-04-04 18:24:05,568 - INFO - Training crop: Wheat
2026-04-04 18:24:05,568 - INFO - ==================================================
2026-04-04 18:24:05,576 - INFO - Applied parameters: {'random_state': 42, 'min_samples_split': 20, 'min_samples_leaf': 2, 'max_features': None, 'max_depth': 5, 'criterion': 'squared_error', 'ccp_alpha': 0.002}
2026-04-04 18:24:05,587 - INFO - Metrics | R2: 0.4375 | MAE: 0.9954 | RMSE: 1.2420 | MAPE: 12.02%
2026-04-04 18:24:05,594 - INFO - Feature importance:
2026-04-04 18:24:05,594 - INFO - Fertilizer_Used: 0.456114
2026-04-04 18:24:05,594 - INFO - Rainfall: 0.297645
2026-04-04 18:24:05,594 - INFO - Soil_Moisture: 0.146833
2026-04-04 18:24:05,594 - INFO - N: 0.031788
2026-04-04 18:24:05,594 - INFO - Wind_Speed: 0.025940
2026-04-04 18:24:05,594 - INFO - Soil_pH: 0.023842
2026-04-04 18:24:05,594 - INFO - K: 0.011359
2026-04-04 18:24:05,594 - INFO - Irrigation_Type: 0.006479
2026-04-04 18:24:05,594 - INFO - P: 0.000000
2026-04-04 18:24:05,594 - INFO - Soil_Type: 0.000000
2026-04-04 18:24:05,595 - INFO - Organic_Carbon: 0.000000
2026-04-04 18:24:05,595 - INFO - Temperature: 0.000000
2026-04-04 18:24:05,595 - INFO - Humidity: 0.000000
2026-04-04 18:24:05,595 - INFO - Sunlight_Hours: 0.000000
2026-04-04 18:24:05,595 - INFO - Region: 0.000000
2026-04-04 18:24:05,595 - INFO - Altitude: 0.000000
2026-04-04 18:24:05,595 - INFO - Season: 0.000000
2026-04-04 18:24:05,595 - INFO - Pesticide_Used: 0.000000
2026-04-04 18:24:06,904 - INFO - ==================================================
2026-04-04 18:24:06,904 - INFO - Training crop: Cotton
2026-04-04 18:24:06,904 - INFO - ==================================================
2026-04-04 18:24:06,914 - INFO - Applied parameters: {'random_state': 42, 'min_samples_split': 20, 'min_samples_leaf': 15, 'max_features': None, 'max_depth': 7, 'criterion': 'absolute_error', 'ccp_alpha': 0.001}
2026-04-04 18:24:06,958 - INFO - Metrics | R2: 0.3667 | MAE: 1.0614 | RMSE: 1.3537 | MAPE: 15.79%
2026-04-04 18:24:06,968 - INFO - Feature importance:
2026-04-04 18:24:06,968 - INFO - Fertilizer_Used: 0.331151
2026-04-04 18:24:06,968 - INFO - Rainfall: 0.282980
2026-04-04 18:24:06,969 - INFO - Soil_Moisture: 0.117331
2026-04-04 18:24:06,969 - INFO - Wind_Speed: 0.074535
2026-04-04 18:24:06,969 - INFO - N: 0.041573
2026-04-04 18:24:06,969 - INFO - K: 0.040832
2026-04-04 18:24:06,969 - INFO - Humidity: 0.039843
2026-04-04 18:24:06,969 - INFO - Soil_pH: 0.027822
2026-04-04 18:24:06,969 - INFO - P: 0.018211
2026-04-04 18:24:06,969 - INFO - Organic_Carbon: 0.006943
2026-04-04 18:24:06,969 - INFO - Soil_Type: 0.005955
2026-04-04 18:24:06,969 - INFO - Temperature: 0.005152
2026-04-04 18:24:06,969 - INFO - Altitude: 0.004188
2026-04-04 18:24:06,969 - INFO - Region: 0.003484
2026-04-04 18:24:06,969 - INFO - Sunlight_Hours: 0.000000
2026-04-04 18:24:06,969 - INFO - Season: 0.000000
2026-04-04 18:24:06,969 - INFO - Irrigation_Type: 0.000000
2026-04-04 18:24:06,969 - INFO - Pesticide_Used: 0.000000
