|--- Fertilizer_Used <= 233.89
|   |--- Rainfall <= 992.13
|   |   |--- K <= 126.50
|   |   |   |--- Wind_Speed <= 13.53
|   |   |   |   |--- Soil_Moisture <= 48.35
|   |   |   |   |   |--- Soil_pH <= 7.26
|   |   |   |   |   |   |--- K <= 101.50
|   |   |   |   |   |   |   |--- value: [73.07]
|   |   |   |   |   |   |--- K >  101.50
|   |   |   |   |   |   |   |--- value: [74.03]
|   |   |   |   |   |--- Soil_pH >  7.26
|   |   |   |   |   |   |--- value: [72.43]
|   |   |   |   |--- Soil_Moisture >  48.35
|   |   |   |   |   |--- Fertilizer_Used <= 153.67
|   |   |   |   |   |   |--- value: [73.42]
|   |   |   |   |   |--- Fertilizer_Used >  153.67
|   |   |   |   |   |   |--- value: [74.27]
|   |   |   |--- Wind_Speed >  13.53
|   |   |   |   |--- K <= 79.50
|   |   |   |   |   |--- value: [71.89]
|   |   |   |   |--- K >  79.50
|   |   |   |   |   |--- value: [72.94]
|   |   |--- K >  126.50
|   |   |   |--- N <= 117.50
|   |   |   |   |--- value: [73.63]
|   |   |   |--- N >  117.50
|   |   |   |   |--- value: [74.85]
|   |--- Rainfall >  992.13
|   |   |--- Rainfall <= 2230.33
|   |   |   |--- Soil_Moisture <= 51.39
|   |   |   |   |--- Fertilizer_Used <= 97.51
|   |   |   |   |   |--- N <= 136.50
|   |   |   |   |   |   |--- Rainfall <= 1742.20
|   |   |   |   |   |   |   |--- value: [72.85]
|   |   |   |   |   |   |--- Rainfall >  1742.20
|   |   |   |   |   |   |   |--- value: [73.42]
|   |   |   |   |   |--- N >  136.50
|   |   |   |   |   |   |--- value: [74.56]
|   |   |   |   |--- Fertilizer_Used >  97.51
|   |   |   |   |   |--- Soil_pH <= 7.22
|   |   |   |   |   |   |--- Soil_pH <= 6.06
|   |   |   |   |   |   |   |--- value: [74.03]
|   |   |   |   |   |   |--- Soil_pH >  6.06
|   |   |   |   |   |   |   |--- value: [74.61]
|   |   |   |   |   |--- Soil_pH >  7.22
|   |   |   |   |   |   |--- Fertilizer_Used <= 169.57
|   |   |   |   |   |   |   |--- value: [73.38]
|   |   |   |   |   |   |--- Fertilizer_Used >  169.57
|   |   |   |   |   |   |   |--- value: [74.09]
|   |   |   |--- Soil_Moisture >  51.39
|   |   |   |   |--- P <= 76.00
|   |   |   |   |   |--- N <= 111.00
|   |   |   |   |   |   |--- Altitude <= 1355.00
|   |   |   |   |   |   |   |--- value: [74.57]
|   |   |   |   |   |   |--- Altitude >  1355.00
|   |   |   |   |   |   |   |--- value: [73.65]
|   |   |   |   |   |--- N >  111.00
|   |   |   |   |   |   |--- value: [74.83]
|   |   |   |   |--- P >  76.00
|   |   |   |   |   |--- value: [75.64]
|   |   |--- Rainfall >  2230.33
|   |   |   |--- Soil_pH <= 7.88
|   |   |   |   |--- Fertilizer_Used <= 135.21
|   |   |   |   |   |--- K <= 55.00
|   |   |   |   |   |   |--- value: [74.09]
|   |   |   |   |   |--- K >  55.00
|   |   |   |   |   |   |--- Rainfall <= 2544.14
|   |   |   |   |   |   |   |--- value: [74.96]
|   |   |   |   |   |   |--- Rainfall >  2544.14
|   |   |   |   |   |   |   |--- value: [75.25]
|   |   |   |   |--- Fertilizer_Used >  135.21
|   |   |   |   |   |--- Soil_Moisture <= 23.21
|   |   |   |   |   |   |--- value: [74.74]
|   |   |   |   |   |--- Soil_Moisture >  23.21
|   |   |   |   |   |   |--- Fertilizer_Used <= 183.92
|   |   |   |   |   |   |   |--- value: [75.52]
|   |   |   |   |   |   |--- Fertilizer_Used >  183.92
|   |   |   |   |   |   |   |--- value: [76.15]
|   |   |   |--- Soil_pH >  7.88
|   |   |   |   |--- value: [74.01]
|--- Fertilizer_Used >  233.89
|   |--- Rainfall <= 1612.73
|   |   |--- Soil_Moisture <= 36.44
|   |   |   |--- Soil_pH <= 5.43
|   |   |   |   |--- value: [73.82]
|   |   |   |--- Soil_pH >  5.43
|   |   |   |   |--- Humidity <= 79.55
|   |   |   |   |   |--- P <= 85.50
|   |   |   |   |   |   |--- Fertilizer_Used <= 286.81
|   |   |   |   |   |   |   |--- value: [74.18]
|   |   |   |   |   |   |--- Fertilizer_Used >  286.81
|   |   |   |   |   |   |   |--- value: [74.97]
|   |   |   |   |   |--- P >  85.50
|   |   |   |   |   |   |--- value: [75.51]
|   |   |   |   |--- Humidity >  79.55
|   |   |   |   |   |--- value: [73.91]
|   |   |--- Soil_Moisture >  36.44
|   |   |   |--- Rainfall <= 667.99
|   |   |   |   |--- Soil_pH <= 5.82
|   |   |   |   |   |--- value: [74.25]
|   |   |   |   |--- Soil_pH >  5.82
|   |   |   |   |   |--- value: [75.31]
|   |   |   |--- Rainfall >  667.99
|   |   |   |   |--- Soil_Moisture <= 53.34
|   |   |   |   |   |--- Soil_pH <= 5.73
|   |   |   |   |   |   |--- value: [75.08]
|   |   |   |   |   |--- Soil_pH >  5.73
|   |   |   |   |   |   |--- Sunlight_Hours <= 8.24
|   |   |   |   |   |   |   |--- value: [75.53]
|   |   |   |   |   |   |--- Sunlight_Hours >  8.24
|   |   |   |   |   |   |   |--- value: [75.95]
|   |   |   |   |--- Soil_Moisture >  53.34
|   |   |   |   |   |--- K <= 52.50
|   |   |   |   |   |   |--- value: [75.44]
|   |   |   |   |   |--- K >  52.50
|   |   |   |   |   |   |--- Altitude <= 1089.00
|   |   |   |   |   |   |   |--- value: [76.24]
|   |   |   |   |   |   |--- Altitude >  1089.00
|   |   |   |   |   |   |   |--- value: [77.07]
|   |--- Rainfall >  1612.73
|   |   |--- Fertilizer_Used <= 317.92
|   |   |   |--- Soil_Moisture <= 49.97
|   |   |   |   |--- Wind_Speed <= 9.18
|   |   |   |   |   |--- N <= 103.00
|   |   |   |   |   |   |--- P <= 48.50
|   |   |   |   |   |   |   |--- value: [75.69]
|   |   |   |   |   |   |--- P >  48.50
|   |   |   |   |   |   |   |--- value: [76.29]
|   |   |   |   |   |--- N >  103.00
|   |   |   |   |   |   |--- value: [76.86]
|   |   |   |   |--- Wind_Speed >  9.18
|   |   |   |   |   |--- Sunlight_Hours <= 5.97
|   |   |   |   |   |   |--- value: [76.10]
|   |   |   |   |   |--- Sunlight_Hours >  5.97
|   |   |   |   |   |   |--- Rainfall <= 1941.80
|   |   |   |   |   |   |   |--- value: [75.82]
|   |   |   |   |   |   |--- Rainfall >  1941.80
|   |   |   |   |   |   |   |--- value: [75.31]
|   |   |   |--- Soil_Moisture >  49.97
|   |   |   |   |--- Humidity <= 51.47
|   |   |   |   |   |--- value: [77.25]
|   |   |   |   |--- Humidity >  51.47
|   |   |   |   |   |--- Altitude <= 922.00
|   |   |   |   |   |   |--- value: [75.72]
|   |   |   |   |   |--- Altitude >  922.00
|   |   |   |   |   |   |--- value: [76.70]
|   |   |--- Fertilizer_Used >  317.92
|   |   |   |--- Soil_Moisture <= 37.74
|   |   |   |   |--- Rainfall <= 2254.16
|   |   |   |   |   |--- value: [76.09]
|   |   |   |   |--- Rainfall >  2254.16
|   |   |   |   |   |--- value: [76.78]
|   |   |   |--- Soil_Moisture >  37.74
|   |   |   |   |--- Wind_Speed <= 12.48
|   |   |   |   |   |--- value: [77.61]
|   |   |   |   |--- Wind_Speed >  12.48
|   |   |   |   |   |--- value: [77.05]
