|--- Fertilizer_Used <= 217.96
|   |--- Rainfall <= 1607.77
|   |   |--- Fertilizer_Used <= 145.17
|   |   |   |--- N <= 103.00
|   |   |   |   |--- Soil_Moisture <= 20.28
|   |   |   |   |   |--- value: [5.95]
|   |   |   |   |--- Soil_Moisture >  20.28
|   |   |   |   |   |--- value: [6.85]
|   |   |   |--- N >  103.00
|   |   |   |   |--- Soil_Moisture <= 39.24
|   |   |   |   |   |--- value: [6.97]
|   |   |   |   |--- Soil_Moisture >  39.24
|   |   |   |   |   |--- value: [7.80]
|   |   |--- Fertilizer_Used >  145.17
|   |   |   |--- Rainfall <= 959.99
|   |   |   |   |--- Soil_Moisture <= 46.14
|   |   |   |   |   |--- value: [7.13]
|   |   |   |   |--- Soil_Moisture >  46.14
|   |   |   |   |   |--- value: [8.19]
|   |   |   |--- Rainfall >  959.99
|   |   |   |   |--- Wind_Speed <= 4.68
|   |   |   |   |   |--- value: [9.56]
|   |   |   |   |--- Wind_Speed >  4.68
|   |   |   |   |   |--- value: [8.10]
|   |--- Rainfall >  1607.77
|   |   |--- Soil_Moisture <= 32.03
|   |   |   |--- Fertilizer_Used <= 80.15
|   |   |   |   |--- value: [6.50]
|   |   |   |--- Fertilizer_Used >  80.15
|   |   |   |   |--- Irrigation_Type <= 1.50
|   |   |   |   |   |--- value: [7.86]
|   |   |   |   |--- Irrigation_Type >  1.50
|   |   |   |   |   |--- value: [8.62]
|   |   |--- Soil_Moisture >  32.03
|   |   |   |--- Fertilizer_Used <= 138.17
|   |   |   |   |--- Wind_Speed <= 3.51
|   |   |   |   |   |--- value: [9.51]
|   |   |   |   |--- Wind_Speed >  3.51
|   |   |   |   |   |--- value: [8.37]
|   |   |   |--- Fertilizer_Used >  138.17
|   |   |   |   |--- Soil_pH <= 5.26
|   |   |   |   |   |--- value: [8.00]
|   |   |   |   |--- Soil_pH >  5.26
|   |   |   |   |   |--- value: [9.42]
|--- Fertilizer_Used >  217.96
|   |--- Rainfall <= 1775.10
|   |   |--- Soil_Moisture <= 53.34
|   |   |   |--- Rainfall <= 1016.57
|   |   |   |   |--- Fertilizer_Used <= 286.60
|   |   |   |   |   |--- value: [7.95]
|   |   |   |   |--- Fertilizer_Used >  286.60
|   |   |   |   |   |--- value: [8.72]
|   |   |   |--- Rainfall >  1016.57
|   |   |   |   |--- Soil_Moisture <= 29.23
|   |   |   |   |   |--- value: [8.67]
|   |   |   |   |--- Soil_Moisture >  29.23
|   |   |   |   |   |--- value: [9.54]
|   |   |--- Soil_Moisture >  53.34
|   |   |   |--- Soil_pH <= 7.56
|   |   |   |   |--- N <= 94.50
|   |   |   |   |   |--- value: [9.38]
|   |   |   |   |--- N >  94.50
|   |   |   |   |   |--- value: [10.47]
|   |   |   |--- Soil_pH >  7.56
|   |   |   |   |--- value: [8.79]
|   |--- Rainfall >  1775.10
|   |   |--- Soil_Moisture <= 34.95
|   |   |   |--- K <= 123.00
|   |   |   |   |--- Fertilizer_Used <= 253.47
|   |   |   |   |   |--- value: [8.42]
|   |   |   |   |--- Fertilizer_Used >  253.47
|   |   |   |   |   |--- value: [9.59]
|   |   |   |--- K >  123.00
|   |   |   |   |--- value: [10.52]
|   |   |--- Soil_Moisture >  34.95
|   |   |   |--- Rainfall <= 2425.13
|   |   |   |   |--- N <= 104.50
|   |   |   |   |   |--- value: [9.95]
|   |   |   |   |--- N >  104.50
|   |   |   |   |   |--- value: [10.81]
|   |   |   |--- Rainfall >  2425.13
|   |   |   |   |--- Soil_pH <= 5.35
|   |   |   |   |   |--- value: [10.13]
|   |   |   |   |--- Soil_pH >  5.35
|   |   |   |   |   |--- value: [11.44]
