Decision Tree Rules (scaled by 1000):
============================================================

|--- soil_moisture_% <= 487
|   |--- sunlight_hours <= -807
|   |   |--- soil_moisture_% <= -58
|   |   |   |--- temperature_C <= 295
|   |   |   |   |--- rainfall_mm <= 1288
|   |   |   |   |   |--- value: [3212608]
|   |   |   |   |--- rainfall_mm > 1288
|   |   |   |   |   |--- value: [4262576]
|   |   |   |--- temperature_C > 295
|   |   |   |   |--- value: [4201835]
|   |   |--- soil_moisture_% > -58
|   |   |   |--- value: [4707109]
|   |--- sunlight_hours > -807
|   |   |--- soil_pH <= -1682
|   |   |   |--- value: [3024318]
|   |   |--- soil_pH > -1682
|   |   |   |--- rainfall_mm <= -975
|   |   |   |   |--- temperature_C <= -1217
|   |   |   |   |   |--- value: [5578478]
|   |   |   |   |--- temperature_C > -1217
|   |   |   |   |   |--- value: [4502864]
|   |   |   |--- rainfall_mm > -975
|   |   |   |   |--- NDVI_index <= 895
|   |   |   |   |   |--- value: [4109899]
|   |   |   |   |--- NDVI_index > 895
|   |   |   |   |   |--- value: [4546335]
|--- soil_moisture_% > 487
|   |--- NDVI_index <= -1293
|   |   |--- value: [2938117]
|   |--- NDVI_index > -1293
|   |   |--- rainfall_mm <= 1291
|   |   |   |--- soil_moisture_% <= 586
|   |   |   |   |--- value: [3143863]
|   |   |   |--- soil_moisture_% > 586
|   |   |   |   |--- temperature_C <= 896
|   |   |   |   |   |--- value: [4236147]
|   |   |   |   |--- temperature_C > 896
|   |   |   |   |   |--- value: [3688047]
|   |   |--- rainfall_mm > 1291
|   |   |   |--- value: [3083002]
============================================================
