Decision Tree Rules:
============================================================

|--- soil_moisture_% <= 0.86
|   |--- humidity_% <= -1.16
|   |   |--- value: [4031.19]
|   |--- humidity_% >  -1.16
|   |   |--- rainfall_mm <= 1.22
|   |   |   |--- growing_days <= 0.80
|   |   |   |   |--- humidity_% <= 0.08
|   |   |   |   |   |--- rainfall_mm <= 0.46
|   |   |   |   |   |   |--- humidity_% <= -0.61
|   |   |   |   |   |   |   |--- value: [3938.08]
|   |   |   |   |   |   |--- humidity_% >  -0.61
|   |   |   |   |   |   |   |--- value: [4167.47]
|   |   |   |   |   |--- rainfall_mm >  0.46
|   |   |   |   |   |   |--- value: [4023.42]
|   |   |   |   |--- humidity_% >  0.08
|   |   |   |   |   |--- growing_days <= -0.21
|   |   |   |   |   |   |--- growing_days <= -1.03
|   |   |   |   |   |   |   |--- value: [3898.45]
|   |   |   |   |   |   |--- growing_days >  -1.03
|   |   |   |   |   |   |   |--- value: [4629.53]
|   |   |   |   |   |--- growing_days >  -0.21
|   |   |   |   |   |   |--- value: [4200.64]
|   |   |   |--- growing_days >  0.80
|   |   |   |   |--- rainfall_mm <= -0.69
|   |   |   |   |   |--- value: [4229.81]
|   |   |   |   |--- rainfall_mm >  -0.69
|   |   |   |   |   |--- value: [4313.71]
|   |   |--- rainfall_mm >  1.22
|   |   |   |--- value: [3940.94]
|--- soil_moisture_% >  0.86
|   |--- soil_pH <= -0.28
|   |   |--- value: [3715.58]
|   |--- soil_pH >  -0.28
|   |   |--- value: [3792.80]

============================================================
