|--- Fertilizer_Used <= 201.83
|   |--- Rainfall <= 1731.09
|   |   |--- Fertilizer_Used <= 140.20
|   |   |   |--- Rainfall <= 897.43
|   |   |   |   |--- Soil_Moisture <= 47.95
|   |   |   |   |   |--- K <= 94.50
|   |   |   |   |   |   |--- Pesticide_Used <= 9.11
|   |   |   |   |   |   |   |--- value: [7.07]
|   |   |   |   |   |   |--- Pesticide_Used >  9.11
|   |   |   |   |   |   |   |--- value: [6.22]
|   |   |   |   |   |--- K >  94.50
|   |   |   |   |   |   |--- value: [7.28]
|   |   |   |   |--- Soil_Moisture >  47.95
|   |   |   |   |   |--- value: [7.75]
|   |   |   |--- Rainfall >  897.43
|   |   |   |   |--- Wind_Speed <= 6.23
|   |   |   |   |   |--- K <= 98.50
|   |   |   |   |   |   |--- value: [7.98]
|   |   |   |   |   |--- K >  98.50
|   |   |   |   |   |   |--- value: [9.13]
|   |   |   |   |--- Wind_Speed >  6.23
|   |   |   |   |   |--- Soil_Moisture <= 38.48
|   |   |   |   |   |   |--- Fertilizer_Used <= 81.69
|   |   |   |   |   |   |   |--- value: [6.82]
|   |   |   |   |   |   |--- Fertilizer_Used >  81.69
|   |   |   |   |   |   |   |--- value: [7.51]
|   |   |   |   |   |--- Soil_Moisture >  38.48
|   |   |   |   |   |   |--- Season <= 0.50
|   |   |   |   |   |   |   |--- value: [7.50]
|   |   |   |   |   |   |--- Season >  0.50
|   |   |   |   |   |   |   |--- value: [8.52]
|   |   |--- Fertilizer_Used >  140.20
|   |   |   |--- Soil_Moisture <= 44.05
|   |   |   |   |--- Soil_pH <= 7.60
|   |   |   |   |   |--- N <= 85.00
|   |   |   |   |   |   |--- Pesticide_Used <= 12.63
|   |   |   |   |   |   |   |--- value: [8.37]
|   |   |   |   |   |   |--- Pesticide_Used >  12.63
|   |   |   |   |   |   |   |--- value: [7.55]
|   |   |   |   |   |--- N >  85.00
|   |   |   |   |   |   |--- Rainfall <= 1086.02
|   |   |   |   |   |   |   |--- Soil_pH <= 6.22
|   |   |   |   |   |   |   |   |--- value: [8.12]
|   |   |   |   |   |   |   |--- Soil_pH >  6.22
|   |   |   |   |   |   |   |   |--- value: [8.82]
|   |   |   |   |   |   |--- Rainfall >  1086.02
|   |   |   |   |   |   |   |--- value: [9.13]
|   |   |   |   |--- Soil_pH >  7.60
|   |   |   |   |   |--- value: [7.21]
|   |   |   |--- Soil_Moisture >  44.05
|   |   |   |   |--- Sunlight_Hours <= 10.01
|   |   |   |   |   |--- N <= 88.50
|   |   |   |   |   |   |--- value: [8.28]
|   |   |   |   |   |--- N >  88.50
|   |   |   |   |   |   |--- Organic_Carbon <= 0.86
|   |   |   |   |   |   |   |--- value: [8.67]
|   |   |   |   |   |   |--- Organic_Carbon >  0.86
|   |   |   |   |   |   |   |--- value: [9.90]
|   |   |   |   |--- Sunlight_Hours >  10.01
|   |   |   |   |   |--- value: [10.00]
|   |--- Rainfall >  1731.09
|   |   |--- Fertilizer_Used <= 134.17
|   |   |   |--- Soil_Moisture <= 40.82
|   |   |   |   |--- Soil_pH <= 7.21
|   |   |   |   |   |--- Wind_Speed <= 8.08
|   |   |   |   |   |   |--- value: [9.45]
|   |   |   |   |   |--- Wind_Speed >  8.08
|   |   |   |   |   |   |--- value: [8.58]
|   |   |   |   |--- Soil_pH >  7.21
|   |   |   |   |   |--- value: [7.80]
|   |   |   |--- Soil_Moisture >  40.82
|   |   |   |   |--- Rainfall <= 2272.81
|   |   |   |   |   |--- Region <= 1.50
|   |   |   |   |   |   |--- value: [8.85]
|   |   |   |   |   |--- Region >  1.50
|   |   |   |   |   |   |--- value: [9.56]
|   |   |   |   |--- Rainfall >  2272.81
|   |   |   |   |   |--- value: [10.06]
|   |   |--- Fertilizer_Used >  134.17
|   |   |   |--- Sunlight_Hours <= 8.47
|   |   |   |   |--- Humidity <= 48.17
|   |   |   |   |   |--- value: [10.45]
|   |   |   |   |--- Humidity >  48.17
|   |   |   |   |   |--- Altitude <= 734.00
|   |   |   |   |   |   |--- value: [9.37]
|   |   |   |   |   |--- Altitude >  734.00
|   |   |   |   |   |   |--- Rainfall <= 2152.39
|   |   |   |   |   |   |   |--- value: [9.74]
|   |   |   |   |   |   |--- Rainfall >  2152.39
|   |   |   |   |   |   |   |--- value: [10.18]
|   |   |   |--- Sunlight_Hours >  8.47
|   |   |   |   |--- Humidity <= 64.94
|   |   |   |   |   |--- value: [8.71]
|   |   |   |   |--- Humidity >  64.94
|   |   |   |   |   |--- value: [9.99]
|--- Fertilizer_Used >  201.83
|   |--- Rainfall <= 1553.90
|   |   |--- Soil_Moisture <= 42.40
|   |   |   |--- Fertilizer_Used <= 298.85
|   |   |   |   |--- Soil_Moisture <= 30.41
|   |   |   |   |   |--- Rainfall <= 704.25
|   |   |   |   |   |   |--- value: [7.74]
|   |   |   |   |   |--- Rainfall >  704.25
|   |   |   |   |   |   |--- Soil_pH <= 6.94
|   |   |   |   |   |   |   |--- Soil_pH <= 5.72
|   |   |   |   |   |   |   |   |--- value: [8.51]
|   |   |   |   |   |   |   |--- Soil_pH >  5.72
|   |   |   |   |   |   |   |   |--- value: [9.33]
|   |   |   |   |   |   |--- Soil_pH >  6.94
|   |   |   |   |   |   |   |--- value: [8.09]
|   |   |   |   |--- Soil_Moisture >  30.41
|   |   |   |   |   |--- Wind_Speed <= 12.11
|   |   |   |   |   |   |--- value: [9.82]
|   |   |   |   |   |--- Wind_Speed >  12.11
|   |   |   |   |   |   |--- value: [8.72]
|   |   |   |--- Fertilizer_Used >  298.85
|   |   |   |   |--- Soil_pH <= 7.12
|   |   |   |   |   |--- Temperature <= 24.76
|   |   |   |   |   |   |--- value: [10.29]
|   |   |   |   |   |--- Temperature >  24.76
|   |   |   |   |   |   |--- value: [9.54]
|   |   |   |   |--- Soil_pH >  7.12
|   |   |   |   |   |--- value: [9.23]
|   |   |--- Soil_Moisture >  42.40
|   |   |   |--- K <= 76.50
|   |   |   |   |--- Soil_pH <= 5.79
|   |   |   |   |   |--- value: [8.52]
|   |   |   |   |--- Soil_pH >  5.79
|   |   |   |   |   |--- Rainfall <= 947.22
|   |   |   |   |   |   |--- value: [9.21]
|   |   |   |   |   |--- Rainfall >  947.22
|   |   |   |   |   |   |--- value: [10.60]
|   |   |   |--- K >  76.50
|   |   |   |   |--- Fertilizer_Used <= 249.76
|   |   |   |   |   |--- Rainfall <= 925.53
|   |   |   |   |   |   |--- value: [9.23]
|   |   |   |   |   |--- Rainfall >  925.53
|   |   |   |   |   |   |--- value: [9.88]
|   |   |   |   |--- Fertilizer_Used >  249.76
|   |   |   |   |   |--- Organic_Carbon <= 1.02
|   |   |   |   |   |   |--- P <= 55.00
|   |   |   |   |   |   |   |--- value: [10.72]
|   |   |   |   |   |   |--- P >  55.00
|   |   |   |   |   |   |   |--- value: [9.85]
|   |   |   |   |   |--- Organic_Carbon >  1.02
|   |   |   |   |   |   |--- Soil_pH <= 6.70
|   |   |   |   |   |   |   |--- value: [11.49]
|   |   |   |   |   |   |--- Soil_pH >  6.70
|   |   |   |   |   |   |   |--- value: [10.86]
|   |--- Rainfall >  1553.90
|   |   |--- Fertilizer_Used <= 284.49
|   |   |   |--- Soil_Moisture <= 44.14
|   |   |   |   |--- Wind_Speed <= 5.62
|   |   |   |   |   |--- Wind_Speed <= 2.94
|   |   |   |   |   |   |--- value: [10.36]
|   |   |   |   |   |--- Wind_Speed >  2.94
|   |   |   |   |   |   |--- value: [10.99]
|   |   |   |   |--- Wind_Speed >  5.62
|   |   |   |   |   |--- Rainfall <= 1794.88
|   |   |   |   |   |   |--- value: [8.87]
|   |   |   |   |   |--- Rainfall >  1794.88
|   |   |   |   |   |   |--- N <= 102.00
|   |   |   |   |   |   |   |--- N <= 71.50
|   |   |   |   |   |   |   |   |--- value: [10.24]
|   |   |   |   |   |   |   |--- N >  71.50
|   |   |   |   |   |   |   |   |--- value: [9.35]
|   |   |   |   |   |   |--- N >  102.00
|   |   |   |   |   |   |   |--- value: [10.53]
|   |   |   |--- Soil_Moisture >  44.14
|   |   |   |   |--- Rainfall <= 2188.62
|   |   |   |   |   |--- Organic_Carbon <= 1.10
|   |   |   |   |   |   |--- value: [10.99]
|   |   |   |   |   |--- Organic_Carbon >  1.10
|   |   |   |   |   |   |--- value: [9.77]
|   |   |   |   |--- Rainfall >  2188.62
|   |   |   |   |   |--- K <= 79.50
|   |   |   |   |   |   |--- value: [10.94]
|   |   |   |   |   |--- K >  79.50
|   |   |   |   |   |   |--- value: [11.58]
|   |   |--- Fertilizer_Used >  284.49
|   |   |   |--- N <= 138.50
|   |   |   |   |--- Rainfall <= 2543.86
|   |   |   |   |   |--- P <= 32.50
|   |   |   |   |   |   |--- value: [10.05]
|   |   |   |   |   |--- P >  32.50
|   |   |   |   |   |   |--- Region <= 3.50
|   |   |   |   |   |   |   |--- Organic_Carbon <= 0.59
|   |   |   |   |   |   |   |   |--- value: [10.62]
|   |   |   |   |   |   |   |--- Organic_Carbon >  0.59
|   |   |   |   |   |   |   |   |--- Soil_Moisture <= 36.73
|   |   |   |   |   |   |   |   |   |--- value: [10.85]
|   |   |   |   |   |   |   |   |--- Soil_Moisture >  36.73
|   |   |   |   |   |   |   |   |   |--- value: [11.77]
|   |   |   |   |   |   |--- Region >  3.50
|   |   |   |   |   |   |   |--- value: [10.37]
|   |   |   |   |--- Rainfall >  2543.86
|   |   |   |   |   |--- value: [11.73]
|   |   |   |--- N >  138.50
|   |   |   |   |--- Soil_Moisture <= 44.26
|   |   |   |   |   |--- value: [11.38]
|   |   |   |   |--- Soil_Moisture >  44.26
|   |   |   |   |   |--- value: [12.31]
