|--- Fertilizer_Used <= 216.15
|   |--- Rainfall <= 1450.56
|   |   |--- Soil_Moisture <= 21.14
|   |   |   |--- Fertilizer_Used <= 141.15
|   |   |   |   |--- value: [4.38]
|   |   |   |--- Fertilizer_Used >  141.15
|   |   |   |   |--- value: [4.90]
|   |   |--- Soil_Moisture >  21.14
|   |   |   |--- Fertilizer_Used <= 108.87
|   |   |   |   |--- Wind_Speed <= 3.83
|   |   |   |   |   |--- value: [6.38]
|   |   |   |   |--- Wind_Speed >  3.83
|   |   |   |   |   |--- K <= 87.50
|   |   |   |   |   |   |--- Rainfall <= 1019.62
|   |   |   |   |   |   |   |--- value: [4.38]
|   |   |   |   |   |   |--- Rainfall >  1019.62
|   |   |   |   |   |   |   |--- value: [5.35]
|   |   |   |   |   |--- K >  87.50
|   |   |   |   |   |   |--- Rainfall <= 842.25
|   |   |   |   |   |   |   |--- value: [5.56]
|   |   |   |   |   |   |--- Rainfall >  842.25
|   |   |   |   |   |   |   |--- value: [6.17]
|   |   |   |--- Fertilizer_Used >  108.87
|   |   |   |   |--- Wind_Speed <= 9.96
|   |   |   |   |   |--- K <= 79.50
|   |   |   |   |   |   |--- value: [6.42]
|   |   |   |   |   |--- K >  79.50
|   |   |   |   |   |   |--- Soil_Type <= 2.50
|   |   |   |   |   |   |   |--- value: [6.65]
|   |   |   |   |   |   |--- Soil_Type >  2.50
|   |   |   |   |   |   |   |--- value: [7.45]
|   |   |   |   |--- Wind_Speed >  9.96
|   |   |   |   |   |--- Soil_pH <= 7.37
|   |   |   |   |   |   |--- K <= 72.00
|   |   |   |   |   |   |   |--- value: [5.70]
|   |   |   |   |   |   |--- K >  72.00
|   |   |   |   |   |   |   |--- value: [6.62]
|   |   |   |   |   |--- Soil_pH >  7.37
|   |   |   |   |   |   |--- value: [4.97]
|   |--- Rainfall >  1450.56
|   |   |--- Fertilizer_Used <= 154.24
|   |   |   |--- Soil_Moisture <= 51.03
|   |   |   |   |--- Rainfall <= 1902.35
|   |   |   |   |   |--- Wind_Speed <= 7.96
|   |   |   |   |   |   |--- value: [6.73]
|   |   |   |   |   |--- Wind_Speed >  7.96
|   |   |   |   |   |   |--- Soil_Moisture <= 33.41
|   |   |   |   |   |   |   |--- value: [5.12]
|   |   |   |   |   |   |--- Soil_Moisture >  33.41
|   |   |   |   |   |   |   |--- value: [6.20]
|   |   |   |   |--- Rainfall >  1902.35
|   |   |   |   |   |--- Humidity <= 71.03
|   |   |   |   |   |   |--- P <= 41.50
|   |   |   |   |   |   |   |--- value: [6.05]
|   |   |   |   |   |   |--- P >  41.50
|   |   |   |   |   |   |   |--- value: [6.94]
|   |   |   |   |   |--- Humidity >  71.03
|   |   |   |   |   |   |--- Wind_Speed <= 10.55
|   |   |   |   |   |   |   |--- value: [7.48]
|   |   |   |   |   |   |--- Wind_Speed >  10.55
|   |   |   |   |   |   |   |--- value: [6.94]
|   |   |   |--- Soil_Moisture >  51.03
|   |   |   |   |--- N <= 97.00
|   |   |   |   |   |--- value: [7.42]
|   |   |   |   |--- N >  97.00
|   |   |   |   |   |--- value: [8.47]
|   |   |--- Fertilizer_Used >  154.24
|   |   |   |--- Wind_Speed <= 9.33
|   |   |   |   |--- Soil_Moisture <= 41.03
|   |   |   |   |   |--- Humidity <= 56.00
|   |   |   |   |   |   |--- value: [7.34]
|   |   |   |   |   |--- Humidity >  56.00
|   |   |   |   |   |   |--- value: [8.96]
|   |   |   |   |--- Soil_Moisture >  41.03
|   |   |   |   |   |--- Humidity <= 52.58
|   |   |   |   |   |   |--- value: [9.92]
|   |   |   |   |   |--- Humidity >  52.58
|   |   |   |   |   |   |--- value: [8.63]
|   |   |   |--- Wind_Speed >  9.33
|   |   |   |   |--- Rainfall <= 1713.50
|   |   |   |   |   |--- value: [6.30]
|   |   |   |   |--- Rainfall >  1713.50
|   |   |   |   |   |--- Soil_Moisture <= 32.31
|   |   |   |   |   |   |--- value: [7.08]
|   |   |   |   |   |--- Soil_Moisture >  32.31
|   |   |   |   |   |   |--- P <= 42.50
|   |   |   |   |   |   |   |--- value: [7.44]
|   |   |   |   |   |   |--- P >  42.50
|   |   |   |   |   |   |   |--- value: [8.22]
|--- Fertilizer_Used >  216.15
|   |--- Rainfall <= 1745.01
|   |   |--- Soil_Moisture <= 28.95
|   |   |   |--- N <= 115.50
|   |   |   |   |--- Humidity <= 50.28
|   |   |   |   |   |--- value: [7.07]
|   |   |   |   |--- Humidity >  50.28
|   |   |   |   |   |--- Altitude <= 1111.00
|   |   |   |   |   |   |--- value: [5.99]
|   |   |   |   |   |--- Altitude >  1111.00
|   |   |   |   |   |   |--- value: [6.68]
|   |   |   |--- N >  115.50
|   |   |   |   |--- K <= 79.50
|   |   |   |   |   |--- value: [7.21]
|   |   |   |   |--- K >  79.50
|   |   |   |   |   |--- value: [8.12]
|   |   |--- Soil_Moisture >  28.95
|   |   |   |--- Wind_Speed <= 9.14
|   |   |   |   |--- Rainfall <= 1006.36
|   |   |   |   |   |--- Humidity <= 61.13
|   |   |   |   |   |   |--- Organic_Carbon <= 0.94
|   |   |   |   |   |   |   |--- value: [8.03]
|   |   |   |   |   |   |--- Organic_Carbon >  0.94
|   |   |   |   |   |   |   |--- value: [8.46]
|   |   |   |   |   |--- Humidity >  61.13
|   |   |   |   |   |   |--- value: [7.04]
|   |   |   |   |--- Rainfall >  1006.36
|   |   |   |   |   |--- Region <= 1.50
|   |   |   |   |   |   |--- value: [8.19]
|   |   |   |   |   |--- Region >  1.50
|   |   |   |   |   |   |--- Organic_Carbon <= 1.06
|   |   |   |   |   |   |   |--- value: [9.31]
|   |   |   |   |   |   |--- Organic_Carbon >  1.06
|   |   |   |   |   |   |   |--- value: [8.51]
|   |   |   |--- Wind_Speed >  9.14
|   |   |   |   |--- Fertilizer_Used <= 270.48
|   |   |   |   |   |--- Soil_pH <= 7.15
|   |   |   |   |   |   |--- Soil_Moisture <= 48.08
|   |   |   |   |   |   |   |--- value: [7.34]
|   |   |   |   |   |   |--- Soil_Moisture >  48.08
|   |   |   |   |   |   |   |--- value: [8.59]
|   |   |   |   |   |--- Soil_pH >  7.15
|   |   |   |   |   |   |--- value: [6.83]
|   |   |   |   |--- Fertilizer_Used >  270.48
|   |   |   |   |   |--- Soil_pH <= 5.63
|   |   |   |   |   |   |--- value: [7.52]
|   |   |   |   |   |--- Soil_pH >  5.63
|   |   |   |   |   |   |--- Rainfall <= 831.43
|   |   |   |   |   |   |   |--- value: [7.49]
|   |   |   |   |   |   |--- Rainfall >  831.43
|   |   |   |   |   |   |   |--- value: [8.27]
|   |--- Rainfall >  1745.01
|   |   |--- N <= 73.50
|   |   |   |--- Wind_Speed <= 8.26
|   |   |   |   |--- value: [9.03]
|   |   |   |--- Wind_Speed >  8.26
|   |   |   |   |--- Soil_Moisture <= 48.05
|   |   |   |   |   |--- value: [7.96]
|   |   |   |   |--- Soil_Moisture >  48.05
|   |   |   |   |   |--- value: [8.81]
|   |   |--- N >  73.50
|   |   |   |--- K <= 56.00
|   |   |   |   |--- Temperature <= 22.84
|   |   |   |   |   |--- value: [8.30]
|   |   |   |   |--- Temperature >  22.84
|   |   |   |   |   |--- value: [9.19]
|   |   |   |--- K >  56.00
|   |   |   |   |--- P <= 56.50
|   |   |   |   |   |--- Soil_pH <= 6.80
|   |   |   |   |   |   |--- value: [9.49]
|   |   |   |   |   |--- Soil_pH >  6.80
|   |   |   |   |   |   |--- value: [8.60]
|   |   |   |   |--- P >  56.50
|   |   |   |   |   |--- Soil_Moisture <= 45.22
|   |   |   |   |   |   |--- Rainfall <= 2106.54
|   |   |   |   |   |   |   |--- value: [9.16]
|   |   |   |   |   |   |--- Rainfall >  2106.54
|   |   |   |   |   |   |   |--- value: [9.76]
|   |   |   |   |   |--- Soil_Moisture >  45.22
|   |   |   |   |   |   |--- Soil_Type <= 1.50
|   |   |   |   |   |   |   |--- value: [10.62]
|   |   |   |   |   |   |--- Soil_Type >  1.50
|   |   |   |   |   |   |   |--- value: [10.21]
