|--- crop_type <= 3.50
|   |--- crop_type <= 1.50
|   |   |--- crop_type <= 0.50
|   |   |   |--- fertilizer_used <= 241.72
|   |   |   |   |--- rainfall <= 1684.32
|   |   |   |   |   |--- fertilizer_used <= 108.78
|   |   |   |   |   |   |--- wind_speed <= 3.80
|   |   |   |   |   |   |   |--- rainfall <= 438.85
|   |   |   |   |   |   |   |   |--- rainfall <= 383.54
|   |   |   |   |   |   |   |   |   |--- value: [3.60]
|   |   |   |   |   |   |   |   |--- rainfall >  383.54
|   |   |   |   |   |   |   |   |   |--- value: [4.03]
|   |   |   |   |   |   |   |--- rainfall >  438.85
|   |   |   |   |   |   |   |   |--- soil_moisture <= 57.88
|   |   |   |   |   |   |   |   |   |--- value: [6.15]
|   |   |   |   |   |   |   |   |--- soil_moisture >  57.88
|   |   |   |   |   |   |   |   |   |--- value: [8.08]
|   |   |   |   |   |   |--- wind_speed >  3.80
|   |   |   |   |   |   |   |--- rainfall <= 1345.68
|   |   |   |   |   |   |   |   |--- soil_moisture <= 30.57
|   |   |   |   |   |   |   |   |   |--- value: [3.98]
|   |   |   |   |   |   |   |   |--- soil_moisture >  30.57
|   |   |   |   |   |   |   |   |   |--- value: [5.06]
|   |   |   |   |   |   |   |--- rainfall >  1345.68
|   |   |   |   |   |   |   |   |--- wind_speed <= 14.98
|   |   |   |   |   |   |   |   |   |--- value: [6.14]
|   |   |   |   |   |   |   |   |--- wind_speed >  14.98
|   |   |   |   |   |   |   |   |   |--- value: [3.78]
|   |   |   |   |   |--- fertilizer_used >  108.78
|   |   |   |   |   |   |--- soil_moisture <= 50.19
|   |   |   |   |   |   |   |--- wind_speed <= 12.07
|   |   |   |   |   |   |   |   |--- rainfall <= 1442.92
|   |   |   |   |   |   |   |   |   |--- value: [6.38]
|   |   |   |   |   |   |   |   |--- rainfall >  1442.92
|   |   |   |   |   |   |   |   |   |--- value: [7.22]
|   |   |   |   |   |   |   |--- wind_speed >  12.07
|   |   |   |   |   |   |   |   |--- rainfall <= 650.77
|   |   |   |   |   |   |   |   |   |--- value: [4.79]
|   |   |   |   |   |   |   |   |--- rainfall >  650.77
|   |   |   |   |   |   |   |   |   |--- value: [5.94]
|   |   |   |   |   |   |--- soil_moisture >  50.19
|   |   |   |   |   |   |   |--- rainfall <= 1308.96
|   |   |   |   |   |   |   |   |--- wind_speed <= 7.28
|   |   |   |   |   |   |   |   |   |--- value: [7.63]
|   |   |   |   |   |   |   |   |--- wind_speed >  7.28
|   |   |   |   |   |   |   |   |   |--- value: [6.52]
|   |   |   |   |   |   |   |--- rainfall >  1308.96
|   |   |   |   |   |   |   |   |--- soil_ph <= 7.37
|   |   |   |   |   |   |   |   |   |--- value: [8.31]
|   |   |   |   |   |   |   |   |--- soil_ph >  7.37
|   |   |   |   |   |   |   |   |   |--- value: [7.13]
|   |   |   |   |--- rainfall >  1684.32
|   |   |   |   |   |--- fertilizer_used <= 135.18
|   |   |   |   |   |   |--- soil_moisture <= 43.87
|   |   |   |   |   |   |   |--- wind_speed <= 8.44
|   |   |   |   |   |   |   |   |--- humidity <= 71.13
|   |   |   |   |   |   |   |   |   |--- value: [6.62]
|   |   |   |   |   |   |   |   |--- humidity >  71.13
|   |   |   |   |   |   |   |   |   |--- value: [7.75]
|   |   |   |   |   |   |   |--- wind_speed >  8.44
|   |   |   |   |   |   |   |   |--- temperature <= 39.39
|   |   |   |   |   |   |   |   |   |--- value: [6.18]
|   |   |   |   |   |   |   |   |--- temperature >  39.39
|   |   |   |   |   |   |   |   |   |--- value: [4.15]
|   |   |   |   |   |   |--- soil_moisture >  43.87
|   |   |   |   |   |   |   |--- P <= 18.50
|   |   |   |   |   |   |   |   |--- value: [4.79]
|   |   |   |   |   |   |   |--- P >  18.50
|   |   |   |   |   |   |   |   |--- soil_moisture <= 61.55
|   |   |   |   |   |   |   |   |   |--- value: [7.41]
|   |   |   |   |   |   |   |   |--- soil_moisture >  61.55
|   |   |   |   |   |   |   |   |   |--- value: [8.42]
|   |   |   |   |   |--- fertilizer_used >  135.18
|   |   |   |   |   |   |--- soil_moisture <= 49.69
|   |   |   |   |   |   |   |--- rainfall <= 1944.85
|   |   |   |   |   |   |   |   |--- K <= 25.50
|   |   |   |   |   |   |   |   |   |--- value: [5.29]
|   |   |   |   |   |   |   |   |--- K >  25.50
|   |   |   |   |   |   |   |   |   |--- value: [7.38]
|   |   |   |   |   |   |   |--- rainfall >  1944.85
|   |   |   |   |   |   |   |   |--- soil_ph <= 5.28
|   |   |   |   |   |   |   |   |   |--- value: [7.29]
|   |   |   |   |   |   |   |   |--- soil_ph >  5.28
|   |   |   |   |   |   |   |   |   |--- value: [8.20]
|   |   |   |   |   |   |--- soil_moisture >  49.69
|   |   |   |   |   |   |   |--- soil_ph <= 7.50
|   |   |   |   |   |   |   |   |--- soil_ph <= 6.15
|   |   |   |   |   |   |   |   |   |--- value: [8.36]
|   |   |   |   |   |   |   |   |--- soil_ph >  6.15
|   |   |   |   |   |   |   |   |   |--- value: [9.68]
|   |   |   |   |   |   |   |--- soil_ph >  7.50
|   |   |   |   |   |   |   |   |--- altitude <= 1706.50
|   |   |   |   |   |   |   |   |   |--- value: [8.04]
|   |   |   |   |   |   |   |   |--- altitude >  1706.50
|   |   |   |   |   |   |   |   |   |--- value: [6.73]
|   |   |   |--- fertilizer_used >  241.72
|   |   |   |   |--- rainfall <= 1691.49
|   |   |   |   |   |--- soil_moisture <= 26.98
|   |   |   |   |   |   |--- N <= 115.50
|   |   |   |   |   |   |   |--- N <= 31.50
|   |   |   |   |   |   |   |   |--- value: [3.44]
|   |   |   |   |   |   |   |--- N >  31.50
|   |   |   |   |   |   |   |   |--- K <= 24.00
|   |   |   |   |   |   |   |   |   |--- value: [3.98]
|   |   |   |   |   |   |   |   |--- K >  24.00
|   |   |   |   |   |   |   |   |   |--- value: [6.95]
|   |   |   |   |   |   |--- N >  115.50
|   |   |   |   |   |   |   |--- rainfall <= 1579.19
|   |   |   |   |   |   |   |   |--- temperature <= 34.59
|   |   |   |   |   |   |   |   |   |--- value: [7.80]
|   |   |   |   |   |   |   |   |--- temperature >  34.59
|   |   |   |   |   |   |   |   |   |--- value: [6.80]
|   |   |   |   |   |   |   |--- rainfall >  1579.19
|   |   |   |   |   |   |   |   |--- N <= 161.50
|   |   |   |   |   |   |   |   |   |--- value: [8.88]
|   |   |   |   |   |   |   |   |--- N >  161.50
|   |   |   |   |   |   |   |   |   |--- value: [10.39]
|   |   |   |   |   |--- soil_moisture >  26.98
|   |   |   |   |   |   |--- soil_ph <= 5.24
|   |   |   |   |   |   |   |--- P <= 23.50
|   |   |   |   |   |   |   |   |--- soil_type <= 1.50
|   |   |   |   |   |   |   |   |   |--- value: [6.14]
|   |   |   |   |   |   |   |   |--- soil_type >  1.50
|   |   |   |   |   |   |   |   |   |--- value: [4.08]
|   |   |   |   |   |   |   |--- P >  23.50
|   |   |   |   |   |   |   |   |--- fertilizer_used <= 280.32
|   |   |   |   |   |   |   |   |   |--- value: [6.71]
|   |   |   |   |   |   |   |   |--- fertilizer_used >  280.32
|   |   |   |   |   |   |   |   |   |--- value: [7.75]
|   |   |   |   |   |   |--- soil_ph >  5.24
|   |   |   |   |   |   |   |--- rainfall <= 1169.51
|   |   |   |   |   |   |   |   |--- wind_speed <= 15.92
|   |   |   |   |   |   |   |   |   |--- value: [8.06]
|   |   |   |   |   |   |   |   |--- wind_speed >  15.92
|   |   |   |   |   |   |   |   |   |--- value: [7.05]
|   |   |   |   |   |   |   |--- rainfall >  1169.51
|   |   |   |   |   |   |   |   |--- soil_ph <= 7.01
|   |   |   |   |   |   |   |   |   |--- value: [8.96]
|   |   |   |   |   |   |   |   |--- soil_ph >  7.01
|   |   |   |   |   |   |   |   |   |--- value: [8.20]
|   |   |   |   |--- rainfall >  1691.49
|   |   |   |   |   |--- soil_moisture <= 44.36
|   |   |   |   |   |   |--- K <= 86.50
|   |   |   |   |   |   |   |--- fertilizer_used <= 255.97
|   |   |   |   |   |   |   |   |--- wind_speed <= 3.67
|   |   |   |   |   |   |   |   |   |--- value: [8.36]
|   |   |   |   |   |   |   |   |--- wind_speed >  3.67
|   |   |   |   |   |   |   |   |   |--- value: [6.58]
|   |   |   |   |   |   |   |--- fertilizer_used >  255.97
|   |   |   |   |   |   |   |   |--- N <= 67.50
|   |   |   |   |   |   |   |   |   |--- value: [7.63]
|   |   |   |   |   |   |   |   |--- N >  67.50
|   |   |   |   |   |   |   |   |   |--- value: [8.78]
|   |   |   |   |   |   |--- K >  86.50
|   |   |   |   |   |   |   |--- rainfall <= 1970.18
|   |   |   |   |   |   |   |   |--- sunlight_hours <= 8.66
|   |   |   |   |   |   |   |   |   |--- value: [9.01]
|   |   |   |   |   |   |   |   |--- sunlight_hours >  8.66
|   |   |   |   |   |   |   |   |   |--- value: [7.27]
|   |   |   |   |   |   |   |--- rainfall >  1970.18
|   |   |   |   |   |   |   |   |--- N <= 58.50
|   |   |   |   |   |   |   |   |   |--- value: [8.28]
|   |   |   |   |   |   |   |   |--- N >  58.50
|   |   |   |   |   |   |   |   |   |--- value: [10.00]
|   |   |   |   |   |--- soil_moisture >  44.36
|   |   |   |   |   |   |--- P <= 58.50
|   |   |   |   |   |   |   |--- wind_speed <= 2.93
|   |   |   |   |   |   |   |   |--- rainfall <= 2240.83
|   |   |   |   |   |   |   |   |   |--- value: [9.86]
|   |   |   |   |   |   |   |   |--- rainfall >  2240.83
|   |   |   |   |   |   |   |   |   |--- value: [10.69]
|   |   |   |   |   |   |   |--- wind_speed >  2.93
|   |   |   |   |   |   |   |   |--- sunlight_hours <= 4.12
|   |   |   |   |   |   |   |   |   |--- value: [6.01]
|   |   |   |   |   |   |   |   |--- sunlight_hours >  4.12
|   |   |   |   |   |   |   |   |   |--- value: [9.19]
|   |   |   |   |   |   |--- P >  58.50
|   |   |   |   |   |   |   |--- N <= 69.50
|   |   |   |   |   |   |   |   |--- temperature <= 20.97
|   |   |   |   |   |   |   |   |   |--- value: [7.69]
|   |   |   |   |   |   |   |   |--- temperature >  20.97
|   |   |   |   |   |   |   |   |   |--- value: [9.39]
|   |   |   |   |   |   |   |--- N >  69.50
|   |   |   |   |   |   |   |   |--- rainfall <= 1812.64
|   |   |   |   |   |   |   |   |   |--- value: [12.86]
|   |   |   |   |   |   |   |   |--- rainfall >  1812.64
|   |   |   |   |   |   |   |   |   |--- value: [10.40]
|   |   |--- crop_type >  0.50
|   |   |   |--- fertilizer_used <= 178.95
|   |   |   |   |--- rainfall <= 1416.71
|   |   |   |   |   |--- soil_moisture <= 31.31
|   |   |   |   |   |   |--- fertilizer_used <= 122.11
|   |   |   |   |   |   |   |--- pesticide_used <= 12.99
|   |   |   |   |   |   |   |   |--- sunlight_hours <= 5.97
|   |   |   |   |   |   |   |   |   |--- value: [7.87]
|   |   |   |   |   |   |   |   |--- sunlight_hours >  5.97
|   |   |   |   |   |   |   |   |   |--- value: [6.29]
|   |   |   |   |   |   |   |--- pesticide_used >  12.99
|   |   |   |   |   |   |   |   |--- organic_carbon <= 1.44
|   |   |   |   |   |   |   |   |   |--- value: [7.55]
|   |   |   |   |   |   |   |   |--- organic_carbon >  1.44
|   |   |   |   |   |   |   |   |   |--- value: [9.26]
|   |   |   |   |   |   |--- fertilizer_used >  122.11
|   |   |   |   |   |   |   |--- altitude <= 1436.00
|   |   |   |   |   |   |   |   |--- altitude <= 1397.00
|   |   |   |   |   |   |   |   |   |--- value: [8.40]
|   |   |   |   |   |   |   |   |--- altitude >  1397.00
|   |   |   |   |   |   |   |   |   |--- value: [10.68]
|   |   |   |   |   |   |   |--- altitude >  1436.00
|   |   |   |   |   |   |   |   |--- soil_moisture <= 28.55
|   |   |   |   |   |   |   |   |   |--- value: [7.01]
|   |   |   |   |   |   |   |   |--- soil_moisture >  28.55
|   |   |   |   |   |   |   |   |   |--- value: [9.18]
|   |   |   |   |   |--- soil_moisture >  31.31
|   |   |   |   |   |   |--- wind_speed <= 12.96
|   |   |   |   |   |   |   |--- K <= 81.50
|   |   |   |   |   |   |   |   |--- fertilizer_used <= 77.03
|   |   |   |   |   |   |   |   |   |--- value: [7.02]
|   |   |   |   |   |   |   |   |--- fertilizer_used >  77.03
|   |   |   |   |   |   |   |   |   |--- value: [8.68]
|   |   |   |   |   |   |   |--- K >  81.50
|   |   |   |   |   |   |   |   |--- rainfall <= 585.60
|   |   |   |   |   |   |   |   |   |--- value: [8.64]
|   |   |   |   |   |   |   |   |--- rainfall >  585.60
|   |   |   |   |   |   |   |   |   |--- value: [9.55]
|   |   |   |   |   |   |--- wind_speed >  12.96
|   |   |   |   |   |   |   |--- fertilizer_used <= 157.65
|   |   |   |   |   |   |   |   |--- humidity <= 56.66
|   |   |   |   |   |   |   |   |   |--- value: [8.01]
|   |   |   |   |   |   |   |   |--- humidity >  56.66
|   |   |   |   |   |   |   |   |   |--- value: [7.05]
|   |   |   |   |   |   |   |--- fertilizer_used >  157.65
|   |   |   |   |   |   |   |   |--- pesticide_used <= 4.32
|   |   |   |   |   |   |   |   |   |--- value: [8.50]
|   |   |   |   |   |   |   |   |--- pesticide_used >  4.32
|   |   |   |   |   |   |   |   |   |--- value: [10.15]
|   |   |   |   |--- rainfall >  1416.71
|   |   |   |   |   |--- soil_moisture <= 39.58
|   |   |   |   |   |   |--- fertilizer_used <= 135.32
|   |   |   |   |   |   |   |--- rainfall <= 2204.83
|   |   |   |   |   |   |   |   |--- K <= 104.50
|   |   |   |   |   |   |   |   |   |--- value: [8.33]
|   |   |   |   |   |   |   |   |--- K >  104.50
|   |   |   |   |   |   |   |   |   |--- value: [9.29]
|   |   |   |   |   |   |   |--- rainfall >  2204.83
|   |   |   |   |   |   |   |   |--- P <= 97.00
|   |   |   |   |   |   |   |   |   |--- value: [9.36]
|   |   |   |   |   |   |   |   |--- P >  97.00
|   |   |   |   |   |   |   |   |   |--- value: [11.83]
|   |   |   |   |   |   |--- fertilizer_used >  135.32
|   |   |   |   |   |   |   |--- soil_ph <= 7.49
|   |   |   |   |   |   |   |   |--- P <= 36.00
|   |   |   |   |   |   |   |   |   |--- value: [9.33]
|   |   |   |   |   |   |   |   |--- P >  36.00
|   |   |   |   |   |   |   |   |   |--- value: [10.40]
|   |   |   |   |   |   |   |--- soil_ph >  7.49
|   |   |   |   |   |   |   |   |--- altitude <= 1207.50
|   |   |   |   |   |   |   |   |   |--- value: [8.22]
|   |   |   |   |   |   |   |   |--- altitude >  1207.50
|   |   |   |   |   |   |   |   |   |--- value: [9.54]
|   |   |   |   |   |--- soil_moisture >  39.58
|   |   |   |   |   |   |--- fertilizer_used <= 143.05
|   |   |   |   |   |   |   |--- N <= 82.50
|   |   |   |   |   |   |   |   |--- temperature <= 37.36
|   |   |   |   |   |   |   |   |   |--- value: [9.69]
|   |   |   |   |   |   |   |   |--- temperature >  37.36
|   |   |   |   |   |   |   |   |   |--- value: [8.20]
|   |   |   |   |   |   |   |--- N >  82.50
|   |   |   |   |   |   |   |   |--- wind_speed <= 2.94
|   |   |   |   |   |   |   |   |   |--- value: [11.16]
|   |   |   |   |   |   |   |   |--- wind_speed >  2.94
|   |   |   |   |   |   |   |   |   |--- value: [10.07]
|   |   |   |   |   |   |--- fertilizer_used >  143.05
|   |   |   |   |   |   |   |--- wind_speed <= 6.19
|   |   |   |   |   |   |   |   |--- rainfall <= 2147.03
|   |   |   |   |   |   |   |   |   |--- value: [10.70]
|   |   |   |   |   |   |   |   |--- rainfall >  2147.03
|   |   |   |   |   |   |   |   |   |--- value: [12.26]
|   |   |   |   |   |   |   |--- wind_speed >  6.19
|   |   |   |   |   |   |   |   |--- P <= 48.00
|   |   |   |   |   |   |   |   |   |--- value: [9.70]
|   |   |   |   |   |   |   |   |--- P >  48.00
|   |   |   |   |   |   |   |   |   |--- value: [10.87]
|   |   |   |--- fertilizer_used >  178.95
|   |   |   |   |--- rainfall <= 1387.23
|   |   |   |   |   |--- soil_moisture <= 51.25
|   |   |   |   |   |   |--- fertilizer_used <= 270.41
|   |   |   |   |   |   |   |--- region <= 0.50
|   |   |   |   |   |   |   |   |--- K <= 132.50
|   |   |   |   |   |   |   |   |   |--- value: [9.50]
|   |   |   |   |   |   |   |   |--- K >  132.50
|   |   |   |   |   |   |   |   |   |--- value: [11.38]
|   |   |   |   |   |   |   |--- region >  0.50
|   |   |   |   |   |   |   |   |--- soil_moisture <= 24.60
|   |   |   |   |   |   |   |   |   |--- value: [8.37]
|   |   |   |   |   |   |   |   |--- soil_moisture >  24.60
|   |   |   |   |   |   |   |   |   |--- value: [9.14]
|   |   |   |   |   |   |--- fertilizer_used >  270.41
|   |   |   |   |   |   |   |--- rainfall <= 1191.39
|   |   |   |   |   |   |   |   |--- P <= 70.50
|   |   |   |   |   |   |   |   |   |--- value: [9.58]
|   |   |   |   |   |   |   |   |--- P >  70.50
|   |   |   |   |   |   |   |   |   |--- value: [10.39]
|   |   |   |   |   |   |   |--- rainfall >  1191.39
|   |   |   |   |   |   |   |   |--- fertilizer_used <= 313.87
|   |   |   |   |   |   |   |   |   |--- value: [10.69]
|   |   |   |   |   |   |   |   |--- fertilizer_used >  313.87
|   |   |   |   |   |   |   |   |   |--- value: [11.85]
|   |   |   |   |   |--- soil_moisture >  51.25
|   |   |   |   |   |   |--- fertilizer_used <= 303.89
|   |   |   |   |   |   |   |--- sunlight_hours <= 10.67
|   |   |   |   |   |   |   |   |--- rainfall <= 1260.64
|   |   |   |   |   |   |   |   |   |--- value: [10.38]
|   |   |   |   |   |   |   |   |--- rainfall >  1260.64
|   |   |   |   |   |   |   |   |   |--- value: [11.72]
|   |   |   |   |   |   |   |--- sunlight_hours >  10.67
|   |   |   |   |   |   |   |   |--- soil_moisture <= 57.51
|   |   |   |   |   |   |   |   |   |--- value: [9.12]
|   |   |   |   |   |   |   |   |--- soil_moisture >  57.51
|   |   |   |   |   |   |   |   |   |--- value: [6.87]
|   |   |   |   |   |   |--- fertilizer_used >  303.89
|   |   |   |   |   |   |   |--- humidity <= 61.29
|   |   |   |   |   |   |   |   |--- humidity <= 42.40
|   |   |   |   |   |   |   |   |   |--- value: [12.41]
|   |   |   |   |   |   |   |   |--- humidity >  42.40
|   |   |   |   |   |   |   |   |   |--- value: [10.74]
|   |   |   |   |   |   |   |--- humidity >  61.29
|   |   |   |   |   |   |   |   |--- wind_speed <= 4.32
|   |   |   |   |   |   |   |   |   |--- value: [13.22]
|   |   |   |   |   |   |   |   |--- wind_speed >  4.32
|   |   |   |   |   |   |   |   |   |--- value: [12.52]
|   |   |   |   |--- rainfall >  1387.23
|   |   |   |   |   |--- soil_moisture <= 55.69
|   |   |   |   |   |   |--- rainfall <= 2092.70
|   |   |   |   |   |   |   |--- soil_ph <= 7.12
|   |   |   |   |   |   |   |   |--- wind_speed <= 16.69
|   |   |   |   |   |   |   |   |   |--- value: [10.97]
|   |   |   |   |   |   |   |   |--- wind_speed >  16.69
|   |   |   |   |   |   |   |   |   |--- value: [9.32]
|   |   |   |   |   |   |   |--- soil_ph >  7.12
|   |   |   |   |   |   |   |   |--- fertilizer_used <= 291.14
|   |   |   |   |   |   |   |   |   |--- value: [9.70]
|   |   |   |   |   |   |   |   |--- fertilizer_used >  291.14
|   |   |   |   |   |   |   |   |   |--- value: [10.74]
|   |   |   |   |   |   |--- rainfall >  2092.70
|   |   |   |   |   |   |   |--- fertilizer_used <= 267.35
|   |   |   |   |   |   |   |   |--- P <= 63.50
|   |   |   |   |   |   |   |   |   |--- value: [10.47]
|   |   |   |   |   |   |   |   |--- P >  63.50
|   |   |   |   |   |   |   |   |   |--- value: [11.53]
|   |   |   |   |   |   |   |--- fertilizer_used >  267.35
|   |   |   |   |   |   |   |   |--- soil_moisture <= 33.70
|   |   |   |   |   |   |   |   |   |--- value: [11.47]
|   |   |   |   |   |   |   |   |--- soil_moisture >  33.70
|   |   |   |   |   |   |   |   |   |--- value: [12.22]
|   |   |   |   |   |--- soil_moisture >  55.69
|   |   |   |   |   |   |--- fertilizer_used <= 236.15
|   |   |   |   |   |   |   |--- rainfall <= 2326.34
|   |   |   |   |   |   |   |   |--- altitude <= 1004.00
|   |   |   |   |   |   |   |   |   |--- value: [10.50]
|   |   |   |   |   |   |   |   |--- altitude >  1004.00
|   |   |   |   |   |   |   |   |   |--- value: [11.41]
|   |   |   |   |   |   |   |--- rainfall >  2326.34
|   |   |   |   |   |   |   |   |--- N <= 106.00
|   |   |   |   |   |   |   |   |   |--- value: [11.61]
|   |   |   |   |   |   |   |   |--- N >  106.00
|   |   |   |   |   |   |   |   |   |--- value: [12.43]
|   |   |   |   |   |   |--- fertilizer_used >  236.15
|   |   |   |   |   |   |   |--- N <= 111.50
|   |   |   |   |   |   |   |   |--- K <= 141.00
|   |   |   |   |   |   |   |   |   |--- value: [11.82]
|   |   |   |   |   |   |   |   |--- K >  141.00
|   |   |   |   |   |   |   |   |   |--- value: [14.07]
|   |   |   |   |   |   |   |--- N >  111.50
|   |   |   |   |   |   |   |   |--- rainfall <= 2275.19
|   |   |   |   |   |   |   |   |   |--- value: [12.53]
|   |   |   |   |   |   |   |   |--- rainfall >  2275.19
|   |   |   |   |   |   |   |   |   |--- value: [14.05]
|   |--- crop_type >  1.50
|   |   |--- crop_type <= 2.50
|   |   |   |--- rainfall <= 1361.07
|   |   |   |   |--- fertilizer_used <= 148.47
|   |   |   |   |   |--- soil_moisture <= 42.88
|   |   |   |   |   |   |--- K <= 117.00
|   |   |   |   |   |   |   |--- wind_speed <= 16.62
|   |   |   |   |   |   |   |   |--- rainfall <= 427.53
|   |   |   |   |   |   |   |   |   |--- value: [21.63]
|   |   |   |   |   |   |   |   |--- rainfall >  427.53
|   |   |   |   |   |   |   |   |   |--- value: [22.63]
|   |   |   |   |   |   |   |--- wind_speed >  16.62
|   |   |   |   |   |   |   |   |--- K <= 79.00
|   |   |   |   |   |   |   |   |   |--- value: [21.45]
|   |   |   |   |   |   |   |   |--- K >  79.00
|   |   |   |   |   |   |   |   |   |--- value: [20.57]
|   |   |   |   |   |   |--- K >  117.00
|   |   |   |   |   |   |   |--- soil_ph <= 7.15
|   |   |   |   |   |   |   |   |--- humidity <= 32.70
|   |   |   |   |   |   |   |   |   |--- value: [21.53]
|   |   |   |   |   |   |   |   |--- humidity >  32.70
|   |   |   |   |   |   |   |   |   |--- value: [23.67]
|   |   |   |   |   |   |   |--- soil_ph >  7.15
|   |   |   |   |   |   |   |   |--- soil_ph <= 7.52
|   |   |   |   |   |   |   |   |   |--- value: [22.74]
|   |   |   |   |   |   |   |   |--- soil_ph >  7.52
|   |   |   |   |   |   |   |   |   |--- value: [21.95]
|   |   |   |   |   |--- soil_moisture >  42.88
|   |   |   |   |   |   |--- K <= 56.00
|   |   |   |   |   |   |   |--- rainfall <= 808.86
|   |   |   |   |   |   |   |   |--- humidity <= 48.06
|   |   |   |   |   |   |   |   |   |--- value: [21.30]
|   |   |   |   |   |   |   |   |--- humidity >  48.06
|   |   |   |   |   |   |   |   |   |--- value: [22.64]
|   |   |   |   |   |   |   |--- rainfall >  808.86
|   |   |   |   |   |   |   |   |--- sunlight_hours <= 5.00
|   |   |   |   |   |   |   |   |   |--- value: [24.44]
|   |   |   |   |   |   |   |   |--- sunlight_hours >  5.00
|   |   |   |   |   |   |   |   |   |--- value: [23.13]
|   |   |   |   |   |   |--- K >  56.00
|   |   |   |   |   |   |   |--- N <= 133.50
|   |   |   |   |   |   |   |   |--- humidity <= 38.34
|   |   |   |   |   |   |   |   |   |--- value: [24.66]
|   |   |   |   |   |   |   |   |--- humidity >  38.34
|   |   |   |   |   |   |   |   |   |--- value: [23.42]
|   |   |   |   |   |   |   |--- N >  133.50
|   |   |   |   |   |   |   |   |--- altitude <= 601.50
|   |   |   |   |   |   |   |   |   |--- value: [23.15]
|   |   |   |   |   |   |   |   |--- altitude >  601.50
|   |   |   |   |   |   |   |   |   |--- value: [24.94]
|   |   |   |   |--- fertilizer_used >  148.47
|   |   |   |   |   |--- soil_moisture <= 33.78
|   |   |   |   |   |   |--- fertilizer_used <= 229.33
|   |   |   |   |   |   |   |--- N <= 126.50
|   |   |   |   |   |   |   |   |--- rainfall <= 687.63
|   |   |   |   |   |   |   |   |   |--- value: [22.41]
|   |   |   |   |   |   |   |   |--- rainfall >  687.63
|   |   |   |   |   |   |   |   |   |--- value: [23.53]
|   |   |   |   |   |   |   |--- N >  126.50
|   |   |   |   |   |   |   |   |--- temperature <= 24.31
|   |   |   |   |   |   |   |   |   |--- value: [24.73]
|   |   |   |   |   |   |   |   |--- temperature >  24.31
|   |   |   |   |   |   |   |   |   |--- value: [23.45]
|   |   |   |   |   |   |--- fertilizer_used >  229.33
|   |   |   |   |   |   |   |--- wind_speed <= 16.14
|   |   |   |   |   |   |   |   |--- soil_moisture <= 28.24
|   |   |   |   |   |   |   |   |   |--- value: [24.45]
|   |   |   |   |   |   |   |   |--- soil_moisture >  28.24
|   |   |   |   |   |   |   |   |   |--- value: [25.30]
|   |   |   |   |   |   |   |--- wind_speed >  16.14
|   |   |   |   |   |   |   |   |--- fertilizer_used <= 264.51
|   |   |   |   |   |   |   |   |   |--- value: [22.68]
|   |   |   |   |   |   |   |   |--- fertilizer_used >  264.51
|   |   |   |   |   |   |   |   |   |--- value: [23.95]
|   |   |   |   |   |--- soil_moisture >  33.78
|   |   |   |   |   |   |--- fertilizer_used <= 238.94
|   |   |   |   |   |   |   |--- pesticide_used <= 2.83
|   |   |   |   |   |   |   |   |--- temperature <= 36.50
|   |   |   |   |   |   |   |   |   |--- value: [25.52]
|   |   |   |   |   |   |   |   |--- temperature >  36.50
|   |   |   |   |   |   |   |   |   |--- value: [23.14]
|   |   |   |   |   |   |   |--- pesticide_used >  2.83
|   |   |   |   |   |   |   |   |--- K <= 37.50
|   |   |   |   |   |   |   |   |   |--- value: [23.65]
|   |   |   |   |   |   |   |   |--- K >  37.50
|   |   |   |   |   |   |   |   |   |--- value: [24.57]
|   |   |   |   |   |   |--- fertilizer_used >  238.94
|   |   |   |   |   |   |   |--- N <= 172.50
|   |   |   |   |   |   |   |   |--- P <= 72.50
|   |   |   |   |   |   |   |   |   |--- value: [24.93]
|   |   |   |   |   |   |   |   |--- P >  72.50
|   |   |   |   |   |   |   |   |   |--- value: [25.90]
|   |   |   |   |   |   |   |--- N >  172.50
|   |   |   |   |   |   |   |   |--- pesticide_used <= 10.93
|   |   |   |   |   |   |   |   |   |--- value: [26.45]
|   |   |   |   |   |   |   |   |--- pesticide_used >  10.93
|   |   |   |   |   |   |   |   |   |--- value: [28.71]
|   |   |   |--- rainfall >  1361.07
|   |   |   |   |--- fertilizer_used <= 225.27
|   |   |   |   |   |--- soil_moisture <= 43.89
|   |   |   |   |   |   |--- fertilizer_used <= 128.18
|   |   |   |   |   |   |   |--- organic_carbon <= 0.47
|   |   |   |   |   |   |   |   |--- K <= 85.00
|   |   |   |   |   |   |   |   |   |--- value: [23.78]
|   |   |   |   |   |   |   |   |--- K >  85.00
|   |   |   |   |   |   |   |   |   |--- value: [22.59]
|   |   |   |   |   |   |   |--- organic_carbon >  0.47
|   |   |   |   |   |   |   |   |--- organic_carbon <= 1.00
|   |   |   |   |   |   |   |   |   |--- value: [24.56]
|   |   |   |   |   |   |   |   |--- organic_carbon >  1.00
|   |   |   |   |   |   |   |   |   |--- value: [23.86]
|   |   |   |   |   |   |--- fertilizer_used >  128.18
|   |   |   |   |   |   |   |--- wind_speed <= 8.78
|   |   |   |   |   |   |   |   |--- soil_ph <= 5.21
|   |   |   |   |   |   |   |   |   |--- value: [23.64]
|   |   |   |   |   |   |   |   |--- soil_ph >  5.21
|   |   |   |   |   |   |   |   |   |--- value: [25.44]
|   |   |   |   |   |   |   |--- wind_speed >  8.78
|   |   |   |   |   |   |   |   |--- rainfall <= 2214.08
|   |   |   |   |   |   |   |   |   |--- value: [24.16]
|   |   |   |   |   |   |   |   |--- rainfall >  2214.08
|   |   |   |   |   |   |   |   |   |--- value: [25.12]
|   |   |   |   |   |--- soil_moisture >  43.89
|   |   |   |   |   |   |--- rainfall <= 2187.14
|   |   |   |   |   |   |   |--- fertilizer_used <= 85.26
|   |   |   |   |   |   |   |   |--- organic_carbon <= 1.36
|   |   |   |   |   |   |   |   |   |--- value: [23.86]
|   |   |   |   |   |   |   |   |--- organic_carbon >  1.36
|   |   |   |   |   |   |   |   |   |--- value: [22.39]
|   |   |   |   |   |   |   |--- fertilizer_used >  85.26
|   |   |   |   |   |   |   |   |--- soil_ph <= 5.57
|   |   |   |   |   |   |   |   |   |--- value: [24.42]
|   |   |   |   |   |   |   |   |--- soil_ph >  5.57
|   |   |   |   |   |   |   |   |   |--- value: [25.48]
|   |   |   |   |   |   |--- rainfall >  2187.14
|   |   |   |   |   |   |   |--- K <= 110.00
|   |   |   |   |   |   |   |   |--- P <= 78.00
|   |   |   |   |   |   |   |   |   |--- value: [25.49]
|   |   |   |   |   |   |   |   |--- P >  78.00
|   |   |   |   |   |   |   |   |   |--- value: [26.56]
|   |   |   |   |   |   |   |--- K >  110.00
|   |   |   |   |   |   |   |   |--- N <= 75.50
|   |   |   |   |   |   |   |   |   |--- value: [25.84]
|   |   |   |   |   |   |   |   |--- N >  75.50
|   |   |   |   |   |   |   |   |   |--- value: [27.47]
|   |   |   |   |--- fertilizer_used >  225.27
|   |   |   |   |   |--- fertilizer_used <= 320.93
|   |   |   |   |   |   |--- rainfall <= 1917.63
|   |   |   |   |   |   |   |--- wind_speed <= 4.21
|   |   |   |   |   |   |   |   |--- region <= 3.50
|   |   |   |   |   |   |   |   |   |--- value: [26.96]
|   |   |   |   |   |   |   |   |--- region >  3.50
|   |   |   |   |   |   |   |   |   |--- value: [25.25]
|   |   |   |   |   |   |   |--- wind_speed >  4.21
|   |   |   |   |   |   |   |   |--- soil_moisture <= 34.30
|   |   |   |   |   |   |   |   |   |--- value: [24.78]
|   |   |   |   |   |   |   |   |--- soil_moisture >  34.30
|   |   |   |   |   |   |   |   |   |--- value: [25.56]
|   |   |   |   |   |   |--- rainfall >  1917.63
|   |   |   |   |   |   |   |--- soil_moisture <= 39.78
|   |   |   |   |   |   |   |   |--- wind_speed <= 12.48
|   |   |   |   |   |   |   |   |   |--- value: [26.22]
|   |   |   |   |   |   |   |   |--- wind_speed >  12.48
|   |   |   |   |   |   |   |   |   |--- value: [25.39]
|   |   |   |   |   |   |   |--- soil_moisture >  39.78
|   |   |   |   |   |   |   |   |--- soil_ph <= 5.65
|   |   |   |   |   |   |   |   |   |--- value: [26.08]
|   |   |   |   |   |   |   |   |--- soil_ph >  5.65
|   |   |   |   |   |   |   |   |   |--- value: [27.13]
|   |   |   |   |   |--- fertilizer_used >  320.93
|   |   |   |   |   |   |--- soil_moisture <= 30.29
|   |   |   |   |   |   |   |--- organic_carbon <= 0.38
|   |   |   |   |   |   |   |   |--- value: [29.09]
|   |   |   |   |   |   |   |--- organic_carbon >  0.38
|   |   |   |   |   |   |   |   |--- soil_ph <= 5.72
|   |   |   |   |   |   |   |   |   |--- value: [25.70]
|   |   |   |   |   |   |   |   |--- soil_ph >  5.72
|   |   |   |   |   |   |   |   |   |--- value: [26.67]
|   |   |   |   |   |   |--- soil_moisture >  30.29
|   |   |   |   |   |   |   |--- fertilizer_used <= 321.26
|   |   |   |   |   |   |   |   |--- value: [30.27]
|   |   |   |   |   |   |   |--- fertilizer_used >  321.26
|   |   |   |   |   |   |   |   |--- soil_ph <= 5.10
|   |   |   |   |   |   |   |   |   |--- value: [26.32]
|   |   |   |   |   |   |   |   |--- soil_ph >  5.10
|   |   |   |   |   |   |   |   |   |--- value: [27.54]
|   |   |--- crop_type >  2.50
|   |   |   |--- fertilizer_used <= 191.88
|   |   |   |   |--- rainfall <= 1219.75
|   |   |   |   |   |--- fertilizer_used <= 140.69
|   |   |   |   |   |   |--- soil_moisture <= 52.07
|   |   |   |   |   |   |   |--- rainfall <= 897.43
|   |   |   |   |   |   |   |   |--- sunlight_hours <= 8.68
|   |   |   |   |   |   |   |   |   |--- value: [7.06]
|   |   |   |   |   |   |   |   |--- sunlight_hours >  8.68
|   |   |   |   |   |   |   |   |   |--- value: [6.24]
|   |   |   |   |   |   |   |--- rainfall >  897.43
|   |   |   |   |   |   |   |   |--- season <= 0.50
|   |   |   |   |   |   |   |   |   |--- value: [6.63]
|   |   |   |   |   |   |   |   |--- season >  0.50
|   |   |   |   |   |   |   |   |   |--- value: [7.95]
|   |   |   |   |   |   |--- soil_moisture >  52.07
|   |   |   |   |   |   |   |--- soil_ph <= 5.23
|   |   |   |   |   |   |   |   |--- organic_carbon <= 0.89
|   |   |   |   |   |   |   |   |   |--- value: [7.37]
|   |   |   |   |   |   |   |   |--- organic_carbon >  0.89
|   |   |   |   |   |   |   |   |   |--- value: [6.13]
|   |   |   |   |   |   |   |--- soil_ph >  5.23
|   |   |   |   |   |   |   |   |--- altitude <= 400.00
|   |   |   |   |   |   |   |   |   |--- value: [7.31]
|   |   |   |   |   |   |   |   |--- altitude >  400.00
|   |   |   |   |   |   |   |   |   |--- value: [8.34]
|   |   |   |   |   |--- fertilizer_used >  140.69
|   |   |   |   |   |   |--- pesticide_used <= 11.35
|   |   |   |   |   |   |   |--- wind_speed <= 6.03
|   |   |   |   |   |   |   |   |--- altitude <= 727.00
|   |   |   |   |   |   |   |   |   |--- value: [8.56]
|   |   |   |   |   |   |   |   |--- altitude >  727.00
|   |   |   |   |   |   |   |   |   |--- value: [10.13]
|   |   |   |   |   |   |   |--- wind_speed >  6.03
|   |   |   |   |   |   |   |   |--- pesticide_used <= 1.30
|   |   |   |   |   |   |   |   |   |--- value: [7.24]
|   |   |   |   |   |   |   |   |--- pesticide_used >  1.30
|   |   |   |   |   |   |   |   |   |--- value: [8.80]
|   |   |   |   |   |   |--- pesticide_used >  11.35
|   |   |   |   |   |   |   |--- soil_moisture <= 35.44
|   |   |   |   |   |   |   |   |--- N <= 129.50
|   |   |   |   |   |   |   |   |   |--- value: [6.91]
|   |   |   |   |   |   |   |   |--- N >  129.50
|   |   |   |   |   |   |   |   |   |--- value: [8.33]
|   |   |   |   |   |   |   |--- soil_moisture >  35.44
|   |   |   |   |   |   |   |   |--- rainfall <= 540.14
|   |   |   |   |   |   |   |   |   |--- value: [7.32]
|   |   |   |   |   |   |   |   |--- rainfall >  540.14
|   |   |   |   |   |   |   |   |   |--- value: [8.71]
|   |   |   |   |--- rainfall >  1219.75
|   |   |   |   |   |--- rainfall <= 2162.95
|   |   |   |   |   |   |--- soil_ph <= 7.40
|   |   |   |   |   |   |   |--- soil_moisture <= 33.51
|   |   |   |   |   |   |   |   |--- wind_speed <= 11.73
|   |   |   |   |   |   |   |   |   |--- value: [8.90]
|   |   |   |   |   |   |   |   |--- wind_speed >  11.73
|   |   |   |   |   |   |   |   |   |--- value: [7.69]
|   |   |   |   |   |   |   |--- soil_moisture >  33.51
|   |   |   |   |   |   |   |   |--- fertilizer_used <= 141.02
|   |   |   |   |   |   |   |   |   |--- value: [8.93]
|   |   |   |   |   |   |   |   |--- fertilizer_used >  141.02
|   |   |   |   |   |   |   |   |   |--- value: [9.77]
|   |   |   |   |   |   |--- soil_ph >  7.40
|   |   |   |   |   |   |   |--- soil_moisture <= 43.97
|   |   |   |   |   |   |   |   |--- rainfall <= 1344.66
|   |   |   |   |   |   |   |   |   |--- value: [9.13]
|   |   |   |   |   |   |   |   |--- rainfall >  1344.66
|   |   |   |   |   |   |   |   |   |--- value: [7.37]
|   |   |   |   |   |   |   |--- soil_moisture >  43.97
|   |   |   |   |   |   |   |   |--- K <= 73.00
|   |   |   |   |   |   |   |   |   |--- value: [7.92]
|   |   |   |   |   |   |   |   |--- K >  73.00
|   |   |   |   |   |   |   |   |   |--- value: [9.38]
|   |   |   |   |   |--- rainfall >  2162.95
|   |   |   |   |   |   |--- soil_moisture <= 40.21
|   |   |   |   |   |   |   |--- soil_ph <= 7.99
|   |   |   |   |   |   |   |   |--- P <= 27.50
|   |   |   |   |   |   |   |   |   |--- value: [8.85]
|   |   |   |   |   |   |   |   |--- P >  27.50
|   |   |   |   |   |   |   |   |   |--- value: [9.70]
|   |   |   |   |   |   |   |--- soil_ph >  7.99
|   |   |   |   |   |   |   |   |--- pesticide_used <= 6.13
|   |   |   |   |   |   |   |   |   |--- value: [9.30]
|   |   |   |   |   |   |   |   |--- pesticide_used >  6.13
|   |   |   |   |   |   |   |   |   |--- value: [7.68]
|   |   |   |   |   |   |--- soil_moisture >  40.21
|   |   |   |   |   |   |   |--- pesticide_used <= 10.89
|   |   |   |   |   |   |   |   |--- K <= 112.00
|   |   |   |   |   |   |   |   |   |--- value: [9.00]
|   |   |   |   |   |   |   |   |--- K >  112.00
|   |   |   |   |   |   |   |   |   |--- value: [10.43]
|   |   |   |   |   |   |   |--- pesticide_used >  10.89
|   |   |   |   |   |   |   |   |--- rainfall <= 2497.35
|   |   |   |   |   |   |   |   |   |--- value: [9.90]
|   |   |   |   |   |   |   |   |--- rainfall >  2497.35
|   |   |   |   |   |   |   |   |   |--- value: [10.75]
|   |   |   |--- fertilizer_used >  191.88
|   |   |   |   |--- rainfall <= 1396.02
|   |   |   |   |   |--- soil_moisture <= 42.40
|   |   |   |   |   |   |--- fertilizer_used <= 234.81
|   |   |   |   |   |   |   |--- N <= 126.50
|   |   |   |   |   |   |   |   |--- temperature <= 35.05
|   |   |   |   |   |   |   |   |   |--- value: [7.46]
|   |   |   |   |   |   |   |   |--- temperature >  35.05
|   |   |   |   |   |   |   |   |   |--- value: [8.58]
|   |   |   |   |   |   |   |--- N >  126.50
|   |   |   |   |   |   |   |   |--- irrigation_type <= 1.50
|   |   |   |   |   |   |   |   |   |--- value: [8.40]
|   |   |   |   |   |   |   |   |--- irrigation_type >  1.50
|   |   |   |   |   |   |   |   |   |--- value: [9.78]
|   |   |   |   |   |   |--- fertilizer_used >  234.81
|   |   |   |   |   |   |   |--- soil_ph <= 7.15
|   |   |   |   |   |   |   |   |--- wind_speed <= 8.30
|   |   |   |   |   |   |   |   |   |--- value: [9.85]
|   |   |   |   |   |   |   |   |--- wind_speed >  8.30
|   |   |   |   |   |   |   |   |   |--- value: [9.04]
|   |   |   |   |   |   |   |--- soil_ph >  7.15
|   |   |   |   |   |   |   |   |--- fertilizer_used <= 326.17
|   |   |   |   |   |   |   |   |   |--- value: [8.35]
|   |   |   |   |   |   |   |   |--- fertilizer_used >  326.17
|   |   |   |   |   |   |   |   |   |--- value: [9.47]
|   |   |   |   |   |--- soil_moisture >  42.40
|   |   |   |   |   |   |--- K <= 78.50
|   |   |   |   |   |   |   |--- rainfall <= 947.22
|   |   |   |   |   |   |   |   |--- organic_carbon <= 1.54
|   |   |   |   |   |   |   |   |   |--- value: [8.65]
|   |   |   |   |   |   |   |   |--- organic_carbon >  1.54
|   |   |   |   |   |   |   |   |   |--- value: [10.92]
|   |   |   |   |   |   |   |--- rainfall >  947.22
|   |   |   |   |   |   |   |   |--- organic_carbon <= 0.88
|   |   |   |   |   |   |   |   |   |--- value: [8.98]
|   |   |   |   |   |   |   |   |--- organic_carbon >  0.88
|   |   |   |   |   |   |   |   |   |--- value: [10.52]
|   |   |   |   |   |   |--- K >  78.50
|   |   |   |   |   |   |   |--- soil_ph <= 5.21
|   |   |   |   |   |   |   |   |--- fertilizer_used <= 340.20
|   |   |   |   |   |   |   |   |   |--- value: [8.66]
|   |   |   |   |   |   |   |   |--- fertilizer_used >  340.20
|   |   |   |   |   |   |   |   |   |--- value: [11.22]
|   |   |   |   |   |   |   |--- soil_ph >  5.21
|   |   |   |   |   |   |   |   |--- K <= 96.50
|   |   |   |   |   |   |   |   |   |--- value: [11.06]
|   |   |   |   |   |   |   |   |--- K >  96.50
|   |   |   |   |   |   |   |   |   |--- value: [10.22]
|   |   |   |   |--- rainfall >  1396.02
|   |   |   |   |   |--- fertilizer_used <= 252.47
|   |   |   |   |   |   |--- soil_moisture <= 42.82
|   |   |   |   |   |   |   |--- sunlight_hours <= 4.15
|   |   |   |   |   |   |   |   |--- humidity <= 69.68
|   |   |   |   |   |   |   |   |   |--- value: [5.61]
|   |   |   |   |   |   |   |   |--- humidity >  69.68
|   |   |   |   |   |   |   |   |   |--- value: [7.48]
|   |   |   |   |   |   |   |--- sunlight_hours >  4.15
|   |   |   |   |   |   |   |   |--- wind_speed <= 5.53
|   |   |   |   |   |   |   |   |   |--- value: [10.61]
|   |   |   |   |   |   |   |   |--- wind_speed >  5.53
|   |   |   |   |   |   |   |   |   |--- value: [9.65]
|   |   |   |   |   |   |--- soil_moisture >  42.82
|   |   |   |   |   |   |   |--- N <= 107.50
|   |   |   |   |   |   |   |   |--- fertilizer_used <= 247.32
|   |   |   |   |   |   |   |   |   |--- value: [10.21]
|   |   |   |   |   |   |   |   |--- fertilizer_used >  247.32
|   |   |   |   |   |   |   |   |   |--- value: [12.23]
|   |   |   |   |   |   |   |--- N >  107.50
|   |   |   |   |   |   |   |   |--- sunlight_hours <= 4.44
|   |   |   |   |   |   |   |   |   |--- value: [8.33]
|   |   |   |   |   |   |   |   |--- sunlight_hours >  4.44
|   |   |   |   |   |   |   |   |   |--- value: [11.18]
|   |   |   |   |   |--- fertilizer_used >  252.47
|   |   |   |   |   |   |--- rainfall <= 2091.39
|   |   |   |   |   |   |   |--- fertilizer_used <= 319.51
|   |   |   |   |   |   |   |   |--- soil_ph <= 5.58
|   |   |   |   |   |   |   |   |   |--- value: [9.56]
|   |   |   |   |   |   |   |   |--- soil_ph >  5.58
|   |   |   |   |   |   |   |   |   |--- value: [10.43]
|   |   |   |   |   |   |   |--- fertilizer_used >  319.51
|   |   |   |   |   |   |   |   |--- soil_ph <= 6.82
|   |   |   |   |   |   |   |   |   |--- value: [11.39]
|   |   |   |   |   |   |   |   |--- soil_ph >  6.82
|   |   |   |   |   |   |   |   |   |--- value: [10.29]
|   |   |   |   |   |   |--- rainfall >  2091.39
|   |   |   |   |   |   |   |--- soil_moisture <= 45.52
|   |   |   |   |   |   |   |   |--- soil_ph <= 5.61
|   |   |   |   |   |   |   |   |   |--- value: [10.43]
|   |   |   |   |   |   |   |   |--- soil_ph >  5.61
|   |   |   |   |   |   |   |   |   |--- value: [11.30]
|   |   |   |   |   |   |   |--- soil_moisture >  45.52
|   |   |   |   |   |   |   |   |--- pesticide_used <= 24.06
|   |   |   |   |   |   |   |   |   |--- value: [11.89]
|   |   |   |   |   |   |   |   |--- pesticide_used >  24.06
|   |   |   |   |   |   |   |   |   |--- value: [9.23]
|--- crop_type >  3.50
|   |--- crop_type <= 4.50
|   |   |--- fertilizer_used <= 235.16
|   |   |   |--- rainfall <= 1314.02
|   |   |   |   |--- soil_moisture <= 25.68
|   |   |   |   |   |--- N <= 40.50
|   |   |   |   |   |   |--- organic_carbon <= 0.78
|   |   |   |   |   |   |   |--- P <= 54.50
|   |   |   |   |   |   |   |   |--- value: [72.95]
|   |   |   |   |   |   |   |--- P >  54.50
|   |   |   |   |   |   |   |   |--- value: [71.61]
|   |   |   |   |   |   |--- organic_carbon >  0.78
|   |   |   |   |   |   |   |--- sunlight_hours <= 8.74
|   |   |   |   |   |   |   |   |--- P <= 53.50
|   |   |   |   |   |   |   |   |   |--- value: [70.43]
|   |   |   |   |   |   |   |   |--- P >  53.50
|   |   |   |   |   |   |   |   |   |--- value: [70.14]
|   |   |   |   |   |   |   |--- sunlight_hours >  8.74
|   |   |   |   |   |   |   |   |--- value: [70.78]
|   |   |   |   |   |--- N >  40.50
|   |   |   |   |   |   |--- rainfall <= 587.99
|   |   |   |   |   |   |   |--- wind_speed <= 9.66
|   |   |   |   |   |   |   |   |--- temperature <= 21.72
|   |   |   |   |   |   |   |   |   |--- value: [71.98]
|   |   |   |   |   |   |   |   |--- temperature >  21.72
|   |   |   |   |   |   |   |   |   |--- value: [72.96]
|   |   |   |   |   |   |   |--- wind_speed >  9.66
|   |   |   |   |   |   |   |   |--- N <= 112.00
|   |   |   |   |   |   |   |   |   |--- value: [71.31]
|   |   |   |   |   |   |   |   |--- N >  112.00
|   |   |   |   |   |   |   |   |   |--- value: [72.22]
|   |   |   |   |   |   |--- rainfall >  587.99
|   |   |   |   |   |   |   |--- P <= 35.00
|   |   |   |   |   |   |   |   |--- soil_moisture <= 18.89
|   |   |   |   |   |   |   |   |   |--- value: [71.73]
|   |   |   |   |   |   |   |   |--- soil_moisture >  18.89
|   |   |   |   |   |   |   |   |   |--- value: [73.38]
|   |   |   |   |   |   |   |--- P >  35.00
|   |   |   |   |   |   |   |   |--- P <= 91.50
|   |   |   |   |   |   |   |   |   |--- value: [73.41]
|   |   |   |   |   |   |   |   |--- P >  91.50
|   |   |   |   |   |   |   |   |   |--- value: [75.11]
|   |   |   |   |--- soil_moisture >  25.68
|   |   |   |   |   |--- fertilizer_used <= 156.57
|   |   |   |   |   |   |--- soil_ph <= 7.13
|   |   |   |   |   |   |   |--- K <= 52.50
|   |   |   |   |   |   |   |   |--- rainfall <= 804.60
|   |   |   |   |   |   |   |   |   |--- value: [71.57]
|   |   |   |   |   |   |   |   |--- rainfall >  804.60
|   |   |   |   |   |   |   |   |   |--- value: [73.13]
|   |   |   |   |   |   |   |--- K >  52.50
|   |   |   |   |   |   |   |   |--- N <= 139.00
|   |   |   |   |   |   |   |   |   |--- value: [73.69]
|   |   |   |   |   |   |   |   |--- N >  139.00
|   |   |   |   |   |   |   |   |   |--- value: [74.59]
|   |   |   |   |   |   |--- soil_ph >  7.13
|   |   |   |   |   |   |   |--- soil_ph <= 8.03
|   |   |   |   |   |   |   |   |--- P <= 80.50
|   |   |   |   |   |   |   |   |   |--- value: [72.39]
|   |   |   |   |   |   |   |   |--- P >  80.50
|   |   |   |   |   |   |   |   |   |--- value: [73.46]
|   |   |   |   |   |   |   |--- soil_ph >  8.03
|   |   |   |   |   |   |   |   |--- rainfall <= 795.87
|   |   |   |   |   |   |   |   |   |--- value: [70.78]
|   |   |   |   |   |   |   |   |--- rainfall >  795.87
|   |   |   |   |   |   |   |   |   |--- value: [71.98]
|   |   |   |   |   |--- fertilizer_used >  156.57
|   |   |   |   |   |   |--- rainfall <= 456.93
|   |   |   |   |   |   |   |--- K <= 66.00
|   |   |   |   |   |   |   |   |--- organic_carbon <= 1.09
|   |   |   |   |   |   |   |   |   |--- value: [72.76]
|   |   |   |   |   |   |   |   |--- organic_carbon >  1.09
|   |   |   |   |   |   |   |   |   |--- value: [71.96]
|   |   |   |   |   |   |   |--- K >  66.00
|   |   |   |   |   |   |   |   |--- fertilizer_used <= 213.11
|   |   |   |   |   |   |   |   |   |--- value: [73.40]
|   |   |   |   |   |   |   |   |--- fertilizer_used >  213.11
|   |   |   |   |   |   |   |   |   |--- value: [74.29]
|   |   |   |   |   |   |--- rainfall >  456.93
|   |   |   |   |   |   |   |--- N <= 71.00
|   |   |   |   |   |   |   |   |--- pesticide_used <= 21.07
|   |   |   |   |   |   |   |   |   |--- value: [73.54]
|   |   |   |   |   |   |   |   |--- pesticide_used >  21.07
|   |   |   |   |   |   |   |   |   |--- value: [74.72]
|   |   |   |   |   |   |   |--- N >  71.00
|   |   |   |   |   |   |   |   |--- soil_ph <= 7.87
|   |   |   |   |   |   |   |   |   |--- value: [74.74]
|   |   |   |   |   |   |   |   |--- soil_ph >  7.87
|   |   |   |   |   |   |   |   |   |--- value: [73.69]
|   |   |   |--- rainfall >  1314.02
|   |   |   |   |--- fertilizer_used <= 128.33
|   |   |   |   |   |--- rainfall <= 2167.66
|   |   |   |   |   |   |--- organic_carbon <= 0.50
|   |   |   |   |   |   |   |--- altitude <= 217.50
|   |   |   |   |   |   |   |   |--- pesticide_used <= 7.23
|   |   |   |   |   |   |   |   |   |--- value: [73.95]
|   |   |   |   |   |   |   |   |--- pesticide_used >  7.23
|   |   |   |   |   |   |   |   |   |--- value: [73.48]
|   |   |   |   |   |   |   |--- altitude >  217.50
|   |   |   |   |   |   |   |   |--- humidity <= 76.90
|   |   |   |   |   |   |   |   |   |--- value: [75.32]
|   |   |   |   |   |   |   |   |--- humidity >  76.90
|   |   |   |   |   |   |   |   |   |--- value: [74.20]
|   |   |   |   |   |   |--- organic_carbon >  0.50
|   |   |   |   |   |   |   |--- soil_ph <= 5.49
|   |   |   |   |   |   |   |   |--- altitude <= 221.00
|   |   |   |   |   |   |   |   |   |--- value: [71.80]
|   |   |   |   |   |   |   |   |--- altitude >  221.00
|   |   |   |   |   |   |   |   |   |--- value: [73.21]
|   |   |   |   |   |   |   |--- soil_ph >  5.49
|   |   |   |   |   |   |   |   |--- soil_ph <= 7.39
|   |   |   |   |   |   |   |   |   |--- value: [74.09]
|   |   |   |   |   |   |   |   |--- soil_ph >  7.39
|   |   |   |   |   |   |   |   |   |--- value: [73.18]
|   |   |   |   |   |--- rainfall >  2167.66
|   |   |   |   |   |   |--- K <= 54.50
|   |   |   |   |   |   |   |--- humidity <= 49.59
|   |   |   |   |   |   |   |   |--- temperature <= 27.07
|   |   |   |   |   |   |   |   |   |--- value: [76.11]
|   |   |   |   |   |   |   |   |--- temperature >  27.07
|   |   |   |   |   |   |   |   |   |--- value: [74.42]
|   |   |   |   |   |   |   |--- humidity >  49.59
|   |   |   |   |   |   |   |   |--- irrigation_type <= 2.50
|   |   |   |   |   |   |   |   |   |--- value: [73.70]
|   |   |   |   |   |   |   |   |--- irrigation_type >  2.50
|   |   |   |   |   |   |   |   |   |--- value: [72.16]
|   |   |   |   |   |   |--- K >  54.50
|   |   |   |   |   |   |   |--- N <= 109.00
|   |   |   |   |   |   |   |   |--- temperature <= 33.07
|   |   |   |   |   |   |   |   |   |--- value: [74.38]
|   |   |   |   |   |   |   |   |--- temperature >  33.07
|   |   |   |   |   |   |   |   |   |--- value: [75.24]
|   |   |   |   |   |   |   |--- N >  109.00
|   |   |   |   |   |   |   |   |--- fertilizer_used <= 110.87
|   |   |   |   |   |   |   |   |   |--- value: [74.97]
|   |   |   |   |   |   |   |   |--- fertilizer_used >  110.87
|   |   |   |   |   |   |   |   |   |--- value: [76.08]
|   |   |   |   |--- fertilizer_used >  128.33
|   |   |   |   |   |--- wind_speed <= 12.39
|   |   |   |   |   |   |--- K <= 125.00
|   |   |   |   |   |   |   |--- sunlight_hours <= 9.77
|   |   |   |   |   |   |   |   |--- N <= 141.00
|   |   |   |   |   |   |   |   |   |--- value: [75.08]
|   |   |   |   |   |   |   |   |--- N >  141.00
|   |   |   |   |   |   |   |   |   |--- value: [76.13]
|   |   |   |   |   |   |   |--- sunlight_hours >  9.77
|   |   |   |   |   |   |   |   |--- soil_ph <= 7.13
|   |   |   |   |   |   |   |   |   |--- value: [74.79]
|   |   |   |   |   |   |   |   |--- soil_ph >  7.13
|   |   |   |   |   |   |   |   |   |--- value: [73.78]
|   |   |   |   |   |   |--- K >  125.00
|   |   |   |   |   |   |   |--- N <= 107.00
|   |   |   |   |   |   |   |   |--- temperature <= 29.77
|   |   |   |   |   |   |   |   |   |--- value: [76.02]
|   |   |   |   |   |   |   |   |--- temperature >  29.77
|   |   |   |   |   |   |   |   |   |--- value: [75.07]
|   |   |   |   |   |   |   |--- N >  107.00
|   |   |   |   |   |   |   |   |--- soil_moisture <= 46.64
|   |   |   |   |   |   |   |   |   |--- value: [75.96]
|   |   |   |   |   |   |   |   |--- soil_moisture >  46.64
|   |   |   |   |   |   |   |   |   |--- value: [77.12]
|   |   |   |   |   |--- wind_speed >  12.39
|   |   |   |   |   |   |--- soil_ph <= 6.91
|   |   |   |   |   |   |   |--- pesticide_used <= 3.34
|   |   |   |   |   |   |   |   |--- rainfall <= 2373.23
|   |   |   |   |   |   |   |   |   |--- value: [73.16]
|   |   |   |   |   |   |   |   |--- rainfall >  2373.23
|   |   |   |   |   |   |   |   |   |--- value: [74.95]
|   |   |   |   |   |   |   |--- pesticide_used >  3.34
|   |   |   |   |   |   |   |   |--- soil_ph <= 5.26
|   |   |   |   |   |   |   |   |   |--- value: [74.35]
|   |   |   |   |   |   |   |   |--- soil_ph >  5.26
|   |   |   |   |   |   |   |   |   |--- value: [75.52]
|   |   |   |   |   |   |--- soil_ph >  6.91
|   |   |   |   |   |   |   |--- soil_moisture <= 64.12
|   |   |   |   |   |   |   |   |--- altitude <= 1430.50
|   |   |   |   |   |   |   |   |   |--- value: [73.75]
|   |   |   |   |   |   |   |   |--- altitude >  1430.50
|   |   |   |   |   |   |   |   |   |--- value: [74.58]
|   |   |   |   |   |   |   |--- soil_moisture >  64.12
|   |   |   |   |   |   |   |   |--- value: [76.91]
|   |   |--- fertilizer_used >  235.16
|   |   |   |--- rainfall <= 1614.26
|   |   |   |   |--- soil_moisture <= 37.91
|   |   |   |   |   |--- soil_ph <= 5.43
|   |   |   |   |   |   |--- K <= 59.50
|   |   |   |   |   |   |   |--- K <= 47.00
|   |   |   |   |   |   |   |   |--- irrigation_type <= 0.50
|   |   |   |   |   |   |   |   |   |--- value: [73.81]
|   |   |   |   |   |   |   |   |--- irrigation_type >  0.50
|   |   |   |   |   |   |   |   |   |--- value: [73.09]
|   |   |   |   |   |   |   |--- K >  47.00
|   |   |   |   |   |   |   |   |--- sunlight_hours <= 9.62
|   |   |   |   |   |   |   |   |   |--- value: [72.20]
|   |   |   |   |   |   |   |   |--- sunlight_hours >  9.62
|   |   |   |   |   |   |   |   |   |--- value: [72.33]
|   |   |   |   |   |   |--- K >  59.50
|   |   |   |   |   |   |   |--- temperature <= 34.89
|   |   |   |   |   |   |   |   |--- rainfall <= 1494.21
|   |   |   |   |   |   |   |   |   |--- value: [74.32]
|   |   |   |   |   |   |   |   |--- rainfall >  1494.21
|   |   |   |   |   |   |   |   |   |--- value: [75.39]
|   |   |   |   |   |   |   |--- temperature >  34.89
|   |   |   |   |   |   |   |   |--- humidity <= 44.07
|   |   |   |   |   |   |   |   |   |--- value: [73.85]
|   |   |   |   |   |   |   |   |--- humidity >  44.07
|   |   |   |   |   |   |   |   |   |--- value: [72.74]
|   |   |   |   |   |--- soil_ph >  5.43
|   |   |   |   |   |   |--- rainfall <= 989.71
|   |   |   |   |   |   |   |--- humidity <= 37.91
|   |   |   |   |   |   |   |   |--- K <= 84.00
|   |   |   |   |   |   |   |   |   |--- value: [76.19]
|   |   |   |   |   |   |   |   |--- K >  84.00
|   |   |   |   |   |   |   |   |   |--- value: [74.64]
|   |   |   |   |   |   |   |--- humidity >  37.91
|   |   |   |   |   |   |   |   |--- temperature <= 23.88
|   |   |   |   |   |   |   |   |   |--- value: [74.84]
|   |   |   |   |   |   |   |   |--- temperature >  23.88
|   |   |   |   |   |   |   |   |   |--- value: [74.04]
|   |   |   |   |   |   |--- rainfall >  989.71
|   |   |   |   |   |   |   |--- N <= 79.00
|   |   |   |   |   |   |   |   |--- fertilizer_used <= 273.93
|   |   |   |   |   |   |   |   |   |--- value: [74.07]
|   |   |   |   |   |   |   |   |--- fertilizer_used >  273.93
|   |   |   |   |   |   |   |   |   |--- value: [74.99]
|   |   |   |   |   |   |   |--- N >  79.00
|   |   |   |   |   |   |   |   |--- soil_ph <= 6.92
|   |   |   |   |   |   |   |   |   |--- value: [76.06]
|   |   |   |   |   |   |   |   |--- soil_ph >  6.92
|   |   |   |   |   |   |   |   |   |--- value: [75.05]
|   |   |   |   |--- soil_moisture >  37.91
|   |   |   |   |   |--- P <= 40.50
|   |   |   |   |   |   |--- P <= 33.50
|   |   |   |   |   |   |   |--- soil_ph <= 5.12
|   |   |   |   |   |   |   |   |--- N <= 47.50
|   |   |   |   |   |   |   |   |   |--- value: [76.46]
|   |   |   |   |   |   |   |   |--- N >  47.50
|   |   |   |   |   |   |   |   |   |--- value: [73.35]
|   |   |   |   |   |   |   |--- soil_ph >  5.12
|   |   |   |   |   |   |   |   |--- pesticide_used <= 9.70
|   |   |   |   |   |   |   |   |   |--- value: [74.87]
|   |   |   |   |   |   |   |   |--- pesticide_used >  9.70
|   |   |   |   |   |   |   |   |   |--- value: [76.02]
|   |   |   |   |   |   |--- P >  33.50
|   |   |   |   |   |   |   |--- wind_speed <= 12.09
|   |   |   |   |   |   |   |   |--- N <= 34.50
|   |   |   |   |   |   |   |   |   |--- value: [73.27]
|   |   |   |   |   |   |   |   |--- N >  34.50
|   |   |   |   |   |   |   |   |   |--- value: [75.08]
|   |   |   |   |   |   |   |--- wind_speed >  12.09
|   |   |   |   |   |   |   |   |--- irrigation_type <= 2.50
|   |   |   |   |   |   |   |   |   |--- value: [73.50]
|   |   |   |   |   |   |   |   |--- irrigation_type >  2.50
|   |   |   |   |   |   |   |   |   |--- value: [72.43]
|   |   |   |   |   |--- P >  40.50
|   |   |   |   |   |   |--- rainfall <= 828.10
|   |   |   |   |   |   |   |--- N <= 40.50
|   |   |   |   |   |   |   |   |--- value: [71.85]
|   |   |   |   |   |   |   |--- N >  40.50
|   |   |   |   |   |   |   |   |--- fertilizer_used <= 243.48
|   |   |   |   |   |   |   |   |   |--- value: [73.62]
|   |   |   |   |   |   |   |   |--- fertilizer_used >  243.48
|   |   |   |   |   |   |   |   |   |--- value: [75.44]
|   |   |   |   |   |   |--- rainfall >  828.10
|   |   |   |   |   |   |   |--- N <= 169.00
|   |   |   |   |   |   |   |   |--- altitude <= 1645.00
|   |   |   |   |   |   |   |   |   |--- value: [75.76]
|   |   |   |   |   |   |   |   |--- altitude >  1645.00
|   |   |   |   |   |   |   |   |   |--- value: [76.56]
|   |   |   |   |   |   |   |--- N >  169.00
|   |   |   |   |   |   |   |   |--- region <= 2.50
|   |   |   |   |   |   |   |   |   |--- value: [78.64]
|   |   |   |   |   |   |   |   |--- region >  2.50
|   |   |   |   |   |   |   |   |   |--- value: [78.53]
|   |   |   |--- rainfall >  1614.26
|   |   |   |   |--- fertilizer_used <= 319.08
|   |   |   |   |   |--- N <= 110.00
|   |   |   |   |   |   |--- soil_moisture <= 45.05
|   |   |   |   |   |   |   |--- soil_ph <= 5.16
|   |   |   |   |   |   |   |   |--- fertilizer_used <= 257.61
|   |   |   |   |   |   |   |   |   |--- value: [74.96]
|   |   |   |   |   |   |   |   |--- fertilizer_used >  257.61
|   |   |   |   |   |   |   |   |   |--- value: [73.39]
|   |   |   |   |   |   |   |--- soil_ph >  5.16
|   |   |   |   |   |   |   |   |--- soil_ph <= 6.99
|   |   |   |   |   |   |   |   |   |--- value: [75.99]
|   |   |   |   |   |   |   |   |--- soil_ph >  6.99
|   |   |   |   |   |   |   |   |   |--- value: [74.92]
|   |   |   |   |   |   |--- soil_moisture >  45.05
|   |   |   |   |   |   |   |--- humidity <= 32.41
|   |   |   |   |   |   |   |   |--- season <= 0.50
|   |   |   |   |   |   |   |   |   |--- value: [74.40]
|   |   |   |   |   |   |   |   |--- season >  0.50
|   |   |   |   |   |   |   |   |   |--- value: [73.88]
|   |   |   |   |   |   |   |--- humidity >  32.41
|   |   |   |   |   |   |   |   |--- K <= 100.50
|   |   |   |   |   |   |   |   |   |--- value: [76.66]
|   |   |   |   |   |   |   |   |--- K >  100.50
|   |   |   |   |   |   |   |   |   |--- value: [75.89]
|   |   |   |   |   |--- N >  110.00
|   |   |   |   |   |   |--- P <= 68.50
|   |   |   |   |   |   |   |--- humidity <= 87.35
|   |   |   |   |   |   |   |   |--- P <= 16.50
|   |   |   |   |   |   |   |   |   |--- value: [74.18]
|   |   |   |   |   |   |   |   |--- P >  16.50
|   |   |   |   |   |   |   |   |   |--- value: [76.15]
|   |   |   |   |   |   |   |--- humidity >  87.35
|   |   |   |   |   |   |   |   |--- fertilizer_used <= 296.48
|   |   |   |   |   |   |   |   |   |--- value: [77.21]
|   |   |   |   |   |   |   |   |--- fertilizer_used >  296.48
|   |   |   |   |   |   |   |   |   |--- value: [79.99]
|   |   |   |   |   |   |--- P >  68.50
|   |   |   |   |   |   |   |--- soil_moisture <= 33.57
|   |   |   |   |   |   |   |   |--- K <= 68.50
|   |   |   |   |   |   |   |   |   |--- value: [75.47]
|   |   |   |   |   |   |   |   |--- K >  68.50
|   |   |   |   |   |   |   |   |   |--- value: [76.79]
|   |   |   |   |   |   |   |--- soil_moisture >  33.57
|   |   |   |   |   |   |   |   |--- soil_moisture <= 61.61
|   |   |   |   |   |   |   |   |   |--- value: [77.73]
|   |   |   |   |   |   |   |   |--- soil_moisture >  61.61
|   |   |   |   |   |   |   |   |   |--- value: [80.99]
|   |   |   |   |--- fertilizer_used >  319.08
|   |   |   |   |   |--- rainfall <= 1849.05
|   |   |   |   |   |   |--- rainfall <= 1629.67
|   |   |   |   |   |   |   |--- rainfall <= 1625.16
|   |   |   |   |   |   |   |   |--- value: [77.45]
|   |   |   |   |   |   |   |--- rainfall >  1625.16
|   |   |   |   |   |   |   |   |--- sunlight_hours <= 9.36
|   |   |   |   |   |   |   |   |   |--- value: [77.90]
|   |   |   |   |   |   |   |   |--- sunlight_hours >  9.36
|   |   |   |   |   |   |   |   |   |--- value: [78.30]
|   |   |   |   |   |   |--- rainfall >  1629.67
|   |   |   |   |   |   |   |--- K <= 47.00
|   |   |   |   |   |   |   |   |--- temperature <= 26.74
|   |   |   |   |   |   |   |   |   |--- value: [74.97]
|   |   |   |   |   |   |   |   |--- temperature >  26.74
|   |   |   |   |   |   |   |   |   |--- value: [74.45]
|   |   |   |   |   |   |   |--- K >  47.00
|   |   |   |   |   |   |   |   |--- soil_ph <= 6.37
|   |   |   |   |   |   |   |   |   |--- value: [75.53]
|   |   |   |   |   |   |   |   |--- soil_ph >  6.37
|   |   |   |   |   |   |   |   |   |--- value: [76.94]
|   |   |   |   |   |--- rainfall >  1849.05
|   |   |   |   |   |   |--- soil_moisture <= 36.10
|   |   |   |   |   |   |   |--- pesticide_used <= 7.28
|   |   |   |   |   |   |   |   |--- sunlight_hours <= 7.81
|   |   |   |   |   |   |   |   |   |--- value: [75.83]
|   |   |   |   |   |   |   |   |--- sunlight_hours >  7.81
|   |   |   |   |   |   |   |   |   |--- value: [76.69]
|   |   |   |   |   |   |   |--- pesticide_used >  7.28
|   |   |   |   |   |   |   |   |--- humidity <= 67.92
|   |   |   |   |   |   |   |   |   |--- value: [77.36]
|   |   |   |   |   |   |   |   |--- humidity >  67.92
|   |   |   |   |   |   |   |   |   |--- value: [76.30]
|   |   |   |   |   |   |--- soil_moisture >  36.10
|   |   |   |   |   |   |   |--- N <= 43.50
|   |   |   |   |   |   |   |   |--- organic_carbon <= 0.96
|   |   |   |   |   |   |   |   |   |--- value: [78.98]
|   |   |   |   |   |   |   |   |--- organic_carbon >  0.96
|   |   |   |   |   |   |   |   |   |--- value: [79.51]
|   |   |   |   |   |   |   |--- N >  43.50
|   |   |   |   |   |   |   |   |--- rainfall <= 2384.20
|   |   |   |   |   |   |   |   |   |--- value: [77.23]
|   |   |   |   |   |   |   |   |--- rainfall >  2384.20
|   |   |   |   |   |   |   |   |   |--- value: [78.03]
|   |--- crop_type >  4.50
|   |   |--- fertilizer_used <= 218.96
|   |   |   |--- rainfall <= 965.16
|   |   |   |   |--- soil_moisture <= 32.09
|   |   |   |   |   |--- fertilizer_used <= 161.31
|   |   |   |   |   |   |--- N <= 142.50
|   |   |   |   |   |   |   |--- N <= 36.00
|   |   |   |   |   |   |   |   |--- value: [9.10]
|   |   |   |   |   |   |   |--- N >  36.00
|   |   |   |   |   |   |   |   |--- N <= 43.50
|   |   |   |   |   |   |   |   |   |--- value: [4.07]
|   |   |   |   |   |   |   |   |--- N >  43.50
|   |   |   |   |   |   |   |   |   |--- value: [5.89]
|   |   |   |   |   |   |--- N >  142.50
|   |   |   |   |   |   |   |--- region <= 2.50
|   |   |   |   |   |   |   |   |--- humidity <= 70.49
|   |   |   |   |   |   |   |   |   |--- value: [6.45]
|   |   |   |   |   |   |   |   |--- humidity >  70.49
|   |   |   |   |   |   |   |   |   |--- value: [5.20]
|   |   |   |   |   |   |   |--- region >  2.50
|   |   |   |   |   |   |   |   |--- rainfall <= 475.65
|   |   |   |   |   |   |   |   |   |--- value: [8.84]
|   |   |   |   |   |   |   |   |--- rainfall >  475.65
|   |   |   |   |   |   |   |   |   |--- value: [7.21]
|   |   |   |   |   |--- fertilizer_used >  161.31
|   |   |   |   |   |   |--- fertilizer_used <= 205.08
|   |   |   |   |   |   |   |--- N <= 162.50
|   |   |   |   |   |   |   |   |--- K <= 138.50
|   |   |   |   |   |   |   |   |   |--- value: [7.78]
|   |   |   |   |   |   |   |   |--- K >  138.50
|   |   |   |   |   |   |   |   |   |--- value: [6.18]
|   |   |   |   |   |   |   |--- N >  162.50
|   |   |   |   |   |   |   |   |--- value: [5.03]
|   |   |   |   |   |   |--- fertilizer_used >  205.08
|   |   |   |   |   |   |   |--- season <= 1.50
|   |   |   |   |   |   |   |   |--- pesticide_used <= 20.34
|   |   |   |   |   |   |   |   |   |--- value: [5.71]
|   |   |   |   |   |   |   |   |--- pesticide_used >  20.34
|   |   |   |   |   |   |   |   |   |--- value: [6.11]
|   |   |   |   |   |   |   |--- season >  1.50
|   |   |   |   |   |   |   |   |--- sunlight_hours <= 6.95
|   |   |   |   |   |   |   |   |   |--- value: [6.53]
|   |   |   |   |   |   |   |   |--- sunlight_hours >  6.95
|   |   |   |   |   |   |   |   |   |--- value: [6.23]
|   |   |   |   |--- soil_moisture >  32.09
|   |   |   |   |   |--- fertilizer_used <= 139.88
|   |   |   |   |   |   |--- K <= 139.00
|   |   |   |   |   |   |   |--- N <= 35.50
|   |   |   |   |   |   |   |   |--- altitude <= 1395.00
|   |   |   |   |   |   |   |   |   |--- value: [5.14]
|   |   |   |   |   |   |   |   |--- altitude >  1395.00
|   |   |   |   |   |   |   |   |   |--- value: [4.82]
|   |   |   |   |   |   |   |--- N >  35.50
|   |   |   |   |   |   |   |   |--- rainfall <= 845.12
|   |   |   |   |   |   |   |   |   |--- value: [7.17]
|   |   |   |   |   |   |   |   |--- rainfall >  845.12
|   |   |   |   |   |   |   |   |   |--- value: [6.24]
|   |   |   |   |   |   |--- K >  139.00
|   |   |   |   |   |   |   |--- season <= 0.50
|   |   |   |   |   |   |   |   |--- humidity <= 63.86
|   |   |   |   |   |   |   |   |   |--- value: [8.38]
|   |   |   |   |   |   |   |   |--- humidity >  63.86
|   |   |   |   |   |   |   |   |   |--- value: [8.99]
|   |   |   |   |   |   |   |--- season >  0.50
|   |   |   |   |   |   |   |   |--- wind_speed <= 4.19
|   |   |   |   |   |   |   |   |   |--- value: [8.13]
|   |   |   |   |   |   |   |   |--- wind_speed >  4.19
|   |   |   |   |   |   |   |   |   |--- value: [7.28]
|   |   |   |   |   |--- fertilizer_used >  139.88
|   |   |   |   |   |   |--- soil_moisture <= 58.02
|   |   |   |   |   |   |   |--- soil_ph <= 7.53
|   |   |   |   |   |   |   |   |--- rainfall <= 361.99
|   |   |   |   |   |   |   |   |   |--- value: [6.50]
|   |   |   |   |   |   |   |   |--- rainfall >  361.99
|   |   |   |   |   |   |   |   |   |--- value: [7.94]
|   |   |   |   |   |   |   |--- soil_ph >  7.53
|   |   |   |   |   |   |   |   |--- altitude <= 1295.00
|   |   |   |   |   |   |   |   |   |--- value: [7.39]
|   |   |   |   |   |   |   |   |--- altitude >  1295.00
|   |   |   |   |   |   |   |   |   |--- value: [6.24]
|   |   |   |   |   |   |--- soil_moisture >  58.02
|   |   |   |   |   |   |   |--- K <= 135.00
|   |   |   |   |   |   |   |   |--- pesticide_used <= 11.49
|   |   |   |   |   |   |   |   |   |--- value: [8.96]
|   |   |   |   |   |   |   |   |--- pesticide_used >  11.49
|   |   |   |   |   |   |   |   |   |--- value: [10.03]
|   |   |   |   |   |   |   |--- K >  135.00
|   |   |   |   |   |   |   |   |--- value: [6.64]
|   |   |   |--- rainfall >  965.16
|   |   |   |   |--- soil_moisture <= 28.36
|   |   |   |   |   |--- fertilizer_used <= 71.97
|   |   |   |   |   |   |--- wind_speed <= 11.20
|   |   |   |   |   |   |   |--- organic_carbon <= 0.88
|   |   |   |   |   |   |   |   |--- value: [6.43]
|   |   |   |   |   |   |   |--- organic_carbon >  0.88
|   |   |   |   |   |   |   |   |--- humidity <= 50.03
|   |   |   |   |   |   |   |   |   |--- value: [7.21]
|   |   |   |   |   |   |   |   |--- humidity >  50.03
|   |   |   |   |   |   |   |   |   |--- value: [7.89]
|   |   |   |   |   |   |--- wind_speed >  11.20
|   |   |   |   |   |   |   |--- K <= 52.50
|   |   |   |   |   |   |   |   |--- P <= 47.50
|   |   |   |   |   |   |   |   |   |--- value: [4.75]
|   |   |   |   |   |   |   |   |--- P >  47.50
|   |   |   |   |   |   |   |   |   |--- value: [5.21]
|   |   |   |   |   |   |   |--- K >  52.50
|   |   |   |   |   |   |   |   |--- region <= 3.00
|   |   |   |   |   |   |   |   |   |--- value: [6.30]
|   |   |   |   |   |   |   |   |--- region >  3.00
|   |   |   |   |   |   |   |   |   |--- value: [5.76]
|   |   |   |   |   |--- fertilizer_used >  71.97
|   |   |   |   |   |   |--- temperature <= 37.14
|   |   |   |   |   |   |   |--- rainfall <= 1916.43
|   |   |   |   |   |   |   |   |--- wind_speed <= 4.47
|   |   |   |   |   |   |   |   |   |--- value: [8.27]
|   |   |   |   |   |   |   |   |--- wind_speed >  4.47
|   |   |   |   |   |   |   |   |   |--- value: [7.06]
|   |   |   |   |   |   |   |--- rainfall >  1916.43
|   |   |   |   |   |   |   |   |--- temperature <= 33.11
|   |   |   |   |   |   |   |   |   |--- value: [8.39]
|   |   |   |   |   |   |   |   |--- temperature >  33.11
|   |   |   |   |   |   |   |   |   |--- value: [7.15]
|   |   |   |   |   |   |--- temperature >  37.14
|   |   |   |   |   |   |   |--- pesticide_used <= 23.38
|   |   |   |   |   |   |   |   |--- rainfall <= 1348.71
|   |   |   |   |   |   |   |   |   |--- value: [11.00]
|   |   |   |   |   |   |   |   |--- rainfall >  1348.71
|   |   |   |   |   |   |   |   |   |--- value: [9.24]
|   |   |   |   |   |   |   |--- pesticide_used >  23.38
|   |   |   |   |   |   |   |   |--- wind_speed <= 7.94
|   |   |   |   |   |   |   |   |   |--- value: [8.43]
|   |   |   |   |   |   |   |   |--- wind_speed >  7.94
|   |   |   |   |   |   |   |   |   |--- value: [7.05]
|   |   |   |   |--- soil_moisture >  28.36
|   |   |   |   |   |--- rainfall <= 1877.10
|   |   |   |   |   |   |--- fertilizer_used <= 126.85
|   |   |   |   |   |   |   |--- wind_speed <= 15.61
|   |   |   |   |   |   |   |   |--- temperature <= 11.76
|   |   |   |   |   |   |   |   |   |--- value: [9.51]
|   |   |   |   |   |   |   |   |--- temperature >  11.76
|   |   |   |   |   |   |   |   |   |--- value: [7.73]
|   |   |   |   |   |   |   |--- wind_speed >  15.61
|   |   |   |   |   |   |   |   |--- altitude <= 1025.00
|   |   |   |   |   |   |   |   |   |--- value: [7.27]
|   |   |   |   |   |   |   |   |--- altitude >  1025.00
|   |   |   |   |   |   |   |   |   |--- value: [5.54]
|   |   |   |   |   |   |--- fertilizer_used >  126.85
|   |   |   |   |   |   |   |--- wind_speed <= 8.06
|   |   |   |   |   |   |   |   |--- organic_carbon <= 0.36
|   |   |   |   |   |   |   |   |   |--- value: [11.65]
|   |   |   |   |   |   |   |   |--- organic_carbon >  0.36
|   |   |   |   |   |   |   |   |   |--- value: [9.01]
|   |   |   |   |   |   |   |--- wind_speed >  8.06
|   |   |   |   |   |   |   |   |--- soil_ph <= 7.89
|   |   |   |   |   |   |   |   |   |--- value: [8.42]
|   |   |   |   |   |   |   |   |--- soil_ph >  7.89
|   |   |   |   |   |   |   |   |   |--- value: [6.17]
|   |   |   |   |   |--- rainfall >  1877.10
|   |   |   |   |   |   |--- soil_ph <= 5.30
|   |   |   |   |   |   |   |--- organic_carbon <= 0.33
|   |   |   |   |   |   |   |   |--- value: [4.68]
|   |   |   |   |   |   |   |--- organic_carbon >  0.33
|   |   |   |   |   |   |   |   |--- P <= 71.50
|   |   |   |   |   |   |   |   |   |--- value: [8.26]
|   |   |   |   |   |   |   |   |--- P >  71.50
|   |   |   |   |   |   |   |   |   |--- value: [7.00]
|   |   |   |   |   |   |--- soil_ph >  5.30
|   |   |   |   |   |   |   |--- soil_ph <= 7.70
|   |   |   |   |   |   |   |   |--- soil_moisture <= 50.11
|   |   |   |   |   |   |   |   |   |--- value: [9.03]
|   |   |   |   |   |   |   |   |--- soil_moisture >  50.11
|   |   |   |   |   |   |   |   |   |--- value: [9.82]
|   |   |   |   |   |   |   |--- soil_ph >  7.70
|   |   |   |   |   |   |   |   |--- wind_speed <= 3.59
|   |   |   |   |   |   |   |   |   |--- value: [9.54]
|   |   |   |   |   |   |   |   |--- wind_speed >  3.59
|   |   |   |   |   |   |   |   |   |--- value: [7.61]
|   |   |--- fertilizer_used >  218.96
|   |   |   |--- rainfall <= 1326.26
|   |   |   |   |--- soil_moisture <= 53.43
|   |   |   |   |   |--- fertilizer_used <= 276.57
|   |   |   |   |   |   |--- wind_speed <= 11.88
|   |   |   |   |   |   |   |--- organic_carbon <= 1.23
|   |   |   |   |   |   |   |   |--- organic_carbon <= 0.49
|   |   |   |   |   |   |   |   |   |--- value: [7.26]
|   |   |   |   |   |   |   |   |--- organic_carbon >  0.49
|   |   |   |   |   |   |   |   |   |--- value: [8.36]
|   |   |   |   |   |   |   |--- organic_carbon >  1.23
|   |   |   |   |   |   |   |   |--- P <= 53.50
|   |   |   |   |   |   |   |   |   |--- value: [7.92]
|   |   |   |   |   |   |   |   |--- P >  53.50
|   |   |   |   |   |   |   |   |   |--- value: [9.81]
|   |   |   |   |   |   |--- wind_speed >  11.88
|   |   |   |   |   |   |   |--- season <= 1.50
|   |   |   |   |   |   |   |   |--- pesticide_used <= 6.35
|   |   |   |   |   |   |   |   |   |--- value: [6.99]
|   |   |   |   |   |   |   |   |--- pesticide_used >  6.35
|   |   |   |   |   |   |   |   |   |--- value: [8.15]
|   |   |   |   |   |   |   |--- season >  1.50
|   |   |   |   |   |   |   |   |--- sunlight_hours <= 4.34
|   |   |   |   |   |   |   |   |   |--- value: [9.17]
|   |   |   |   |   |   |   |   |--- sunlight_hours >  4.34
|   |   |   |   |   |   |   |   |   |--- value: [6.83]
|   |   |   |   |   |--- fertilizer_used >  276.57
|   |   |   |   |   |   |--- temperature <= 22.86
|   |   |   |   |   |   |   |--- rainfall <= 867.40
|   |   |   |   |   |   |   |   |--- K <= 49.50
|   |   |   |   |   |   |   |   |   |--- value: [6.97]
|   |   |   |   |   |   |   |   |--- K >  49.50
|   |   |   |   |   |   |   |   |   |--- value: [8.27]
|   |   |   |   |   |   |   |--- rainfall >  867.40
|   |   |   |   |   |   |   |   |--- organic_carbon <= 1.23
|   |   |   |   |   |   |   |   |   |--- value: [9.65]
|   |   |   |   |   |   |   |   |--- organic_carbon >  1.23
|   |   |   |   |   |   |   |   |   |--- value: [7.79]
|   |   |   |   |   |   |--- temperature >  22.86
|   |   |   |   |   |   |   |--- P <= 47.00
|   |   |   |   |   |   |   |   |--- soil_ph <= 7.29
|   |   |   |   |   |   |   |   |   |--- value: [9.24]
|   |   |   |   |   |   |   |   |--- soil_ph >  7.29
|   |   |   |   |   |   |   |   |   |--- value: [8.17]
|   |   |   |   |   |   |   |--- P >  47.00
|   |   |   |   |   |   |   |   |--- wind_speed <= 4.43
|   |   |   |   |   |   |   |   |   |--- value: [10.41]
|   |   |   |   |   |   |   |   |--- wind_speed >  4.43
|   |   |   |   |   |   |   |   |   |--- value: [9.44]
|   |   |   |   |--- soil_moisture >  53.43
|   |   |   |   |   |--- N <= 96.00
|   |   |   |   |   |   |--- sunlight_hours <= 6.42
|   |   |   |   |   |   |   |--- rainfall <= 1041.58
|   |   |   |   |   |   |   |   |--- soil_moisture <= 57.95
|   |   |   |   |   |   |   |   |   |--- value: [7.67]
|   |   |   |   |   |   |   |   |--- soil_moisture >  57.95
|   |   |   |   |   |   |   |   |   |--- value: [8.41]
|   |   |   |   |   |   |   |--- rainfall >  1041.58
|   |   |   |   |   |   |   |   |--- P <= 53.00
|   |   |   |   |   |   |   |   |   |--- value: [8.75]
|   |   |   |   |   |   |   |   |--- P >  53.00
|   |   |   |   |   |   |   |   |   |--- value: [9.69]
|   |   |   |   |   |   |--- sunlight_hours >  6.42
|   |   |   |   |   |   |   |--- wind_speed <= 7.23
|   |   |   |   |   |   |   |   |--- season <= 0.50
|   |   |   |   |   |   |   |   |   |--- value: [10.97]
|   |   |   |   |   |   |   |   |--- season >  0.50
|   |   |   |   |   |   |   |   |   |--- value: [9.97]
|   |   |   |   |   |   |   |--- wind_speed >  7.23
|   |   |   |   |   |   |   |   |--- temperature <= 15.55
|   |   |   |   |   |   |   |   |   |--- value: [9.95]
|   |   |   |   |   |   |   |   |--- temperature >  15.55
|   |   |   |   |   |   |   |   |   |--- value: [8.79]
|   |   |   |   |   |--- N >  96.00
|   |   |   |   |   |   |--- soil_ph <= 8.18
|   |   |   |   |   |   |   |--- pesticide_used <= 12.41
|   |   |   |   |   |   |   |   |--- temperature <= 13.37
|   |   |   |   |   |   |   |   |   |--- value: [8.80]
|   |   |   |   |   |   |   |   |--- temperature >  13.37
|   |   |   |   |   |   |   |   |   |--- value: [10.72]
|   |   |   |   |   |   |   |--- pesticide_used >  12.41
|   |   |   |   |   |   |   |   |--- altitude <= 1425.00
|   |   |   |   |   |   |   |   |   |--- value: [10.09]
|   |   |   |   |   |   |   |   |--- altitude >  1425.00
|   |   |   |   |   |   |   |   |   |--- value: [8.89]
|   |   |   |   |   |   |--- soil_ph >  8.18
|   |   |   |   |   |   |   |--- value: [6.92]
|   |   |   |--- rainfall >  1326.26
|   |   |   |   |--- soil_moisture <= 34.85
|   |   |   |   |   |--- soil_ph <= 6.05
|   |   |   |   |   |   |--- fertilizer_used <= 319.85
|   |   |   |   |   |   |   |--- organic_carbon <= 0.41
|   |   |   |   |   |   |   |   |--- rainfall <= 2510.16
|   |   |   |   |   |   |   |   |   |--- value: [11.51]
|   |   |   |   |   |   |   |   |--- rainfall >  2510.16
|   |   |   |   |   |   |   |   |   |--- value: [10.16]
|   |   |   |   |   |   |   |--- organic_carbon >  0.41
|   |   |   |   |   |   |   |   |--- soil_moisture <= 17.72
|   |   |   |   |   |   |   |   |   |--- value: [7.18]
|   |   |   |   |   |   |   |   |--- soil_moisture >  17.72
|   |   |   |   |   |   |   |   |   |--- value: [8.64]
|   |   |   |   |   |   |--- fertilizer_used >  319.85
|   |   |   |   |   |   |   |--- organic_carbon <= 0.87
|   |   |   |   |   |   |   |   |--- altitude <= 1299.50
|   |   |   |   |   |   |   |   |   |--- value: [10.98]
|   |   |   |   |   |   |   |   |--- altitude >  1299.50
|   |   |   |   |   |   |   |   |   |--- value: [12.63]
|   |   |   |   |   |   |   |--- organic_carbon >  0.87
|   |   |   |   |   |   |   |   |--- soil_type <= 2.00
|   |   |   |   |   |   |   |   |   |--- value: [8.68]
|   |   |   |   |   |   |   |   |--- soil_type >  2.00
|   |   |   |   |   |   |   |   |   |--- value: [9.81]
|   |   |   |   |   |--- soil_ph >  6.05
|   |   |   |   |   |   |--- soil_ph <= 7.13
|   |   |   |   |   |   |   |--- rainfall <= 2121.24
|   |   |   |   |   |   |   |   |--- N <= 59.50
|   |   |   |   |   |   |   |   |   |--- value: [9.30]
|   |   |   |   |   |   |   |   |--- N >  59.50
|   |   |   |   |   |   |   |   |   |--- value: [10.45]
|   |   |   |   |   |   |   |--- rainfall >  2121.24
|   |   |   |   |   |   |   |   |--- organic_carbon <= 1.58
|   |   |   |   |   |   |   |   |   |--- value: [11.11]
|   |   |   |   |   |   |   |   |--- organic_carbon >  1.58
|   |   |   |   |   |   |   |   |   |--- value: [9.84]
|   |   |   |   |   |   |--- soil_ph >  7.13
|   |   |   |   |   |   |   |--- sunlight_hours <= 10.96
|   |   |   |   |   |   |   |   |--- sunlight_hours <= 4.16
|   |   |   |   |   |   |   |   |   |--- value: [11.02]
|   |   |   |   |   |   |   |   |--- sunlight_hours >  4.16
|   |   |   |   |   |   |   |   |   |--- value: [9.00]
|   |   |   |   |   |   |   |--- sunlight_hours >  10.96
|   |   |   |   |   |   |   |   |--- value: [12.73]
|   |   |   |   |--- soil_moisture >  34.85
|   |   |   |   |   |--- rainfall <= 2516.11
|   |   |   |   |   |   |--- fertilizer_used <= 260.31
|   |   |   |   |   |   |   |--- P <= 59.50
|   |   |   |   |   |   |   |   |--- soil_moisture <= 52.35
|   |   |   |   |   |   |   |   |   |--- value: [8.76]
|   |   |   |   |   |   |   |   |--- soil_moisture >  52.35
|   |   |   |   |   |   |   |   |   |--- value: [9.88]
|   |   |   |   |   |   |   |--- P >  59.50
|   |   |   |   |   |   |   |   |--- wind_speed <= 5.85
|   |   |   |   |   |   |   |   |   |--- value: [10.96]
|   |   |   |   |   |   |   |   |--- wind_speed >  5.85
|   |   |   |   |   |   |   |   |   |--- value: [9.91]
|   |   |   |   |   |   |--- fertilizer_used >  260.31
|   |   |   |   |   |   |   |--- rainfall <= 1869.36
|   |   |   |   |   |   |   |   |--- humidity <= 57.38
|   |   |   |   |   |   |   |   |   |--- value: [9.62]
|   |   |   |   |   |   |   |   |--- humidity >  57.38
|   |   |   |   |   |   |   |   |   |--- value: [10.53]
|   |   |   |   |   |   |   |--- rainfall >  1869.36
|   |   |   |   |   |   |   |   |--- rainfall <= 2232.98
|   |   |   |   |   |   |   |   |   |--- value: [11.36]
|   |   |   |   |   |   |   |   |--- rainfall >  2232.98
|   |   |   |   |   |   |   |   |   |--- value: [10.57]
|   |   |   |   |   |--- rainfall >  2516.11
|   |   |   |   |   |   |--- soil_moisture <= 53.21
|   |   |   |   |   |   |   |--- altitude <= 972.50
|   |   |   |   |   |   |   |   |--- humidity <= 54.83
|   |   |   |   |   |   |   |   |   |--- value: [10.98]
|   |   |   |   |   |   |   |   |--- humidity >  54.83
|   |   |   |   |   |   |   |   |   |--- value: [12.20]
|   |   |   |   |   |   |   |--- altitude >  972.50
|   |   |   |   |   |   |   |   |--- pesticide_used <= 15.96
|   |   |   |   |   |   |   |   |   |--- value: [10.61]
|   |   |   |   |   |   |   |   |--- pesticide_used >  15.96
|   |   |   |   |   |   |   |   |   |--- value: [9.34]
|   |   |   |   |   |   |--- soil_moisture >  53.21
|   |   |   |   |   |   |   |--- P <= 60.50
|   |   |   |   |   |   |   |   |--- organic_carbon <= 1.47
|   |   |   |   |   |   |   |   |   |--- value: [11.19]
|   |   |   |   |   |   |   |   |--- organic_carbon >  1.47
|   |   |   |   |   |   |   |   |   |--- value: [12.06]
|   |   |   |   |   |   |   |--- P >  60.50
|   |   |   |   |   |   |   |   |--- soil_ph <= 5.41
|   |   |   |   |   |   |   |   |   |--- value: [11.12]
|   |   |   |   |   |   |   |   |--- soil_ph >  5.41
|   |   |   |   |   |   |   |   |   |--- value: [12.88]
