|--- num__Fertilizer_Used <= 216.15
|   |--- num__Rainfall <= 1450.56
|   |   |--- num__Soil_Moisture <= 21.14
|   |   |   |--- num__Fertilizer_Used <= 141.15
|   |   |   |   |--- value: [4.38]
|   |   |   |--- num__Fertilizer_Used >  141.15
|   |   |   |   |--- value: [4.90]
|   |   |--- num__Soil_Moisture >  21.14
|   |   |   |--- num__Fertilizer_Used <= 108.87
|   |   |   |   |--- num__Wind_Speed <= 3.83
|   |   |   |   |   |--- value: [6.38]
|   |   |   |   |--- num__Wind_Speed >  3.83
|   |   |   |   |   |--- num__K <= 87.50
|   |   |   |   |   |   |--- num__Rainfall <= 1019.62
|   |   |   |   |   |   |   |--- value: [4.38]
|   |   |   |   |   |   |--- num__Rainfall >  1019.62
|   |   |   |   |   |   |   |--- value: [5.35]
|   |   |   |   |   |--- num__K >  87.50
|   |   |   |   |   |   |--- num__Rainfall <= 842.25
|   |   |   |   |   |   |   |--- value: [5.56]
|   |   |   |   |   |   |--- num__Rainfall >  842.25
|   |   |   |   |   |   |   |--- value: [6.17]
|   |   |   |--- num__Fertilizer_Used >  108.87
|   |   |   |   |--- num__Wind_Speed <= 9.96
|   |   |   |   |   |--- num__K <= 79.50
|   |   |   |   |   |   |--- value: [6.42]
|   |   |   |   |   |--- num__K >  79.50
|   |   |   |   |   |   |--- cat__Soil_Type_Silt <= 0.50
|   |   |   |   |   |   |   |--- value: [6.65]
|   |   |   |   |   |   |--- cat__Soil_Type_Silt >  0.50
|   |   |   |   |   |   |   |--- value: [7.45]
|   |   |   |   |--- num__Wind_Speed >  9.96
|   |   |   |   |   |--- num__Soil_pH <= 7.37
|   |   |   |   |   |   |--- num__K <= 72.00
|   |   |   |   |   |   |   |--- value: [5.70]
|   |   |   |   |   |   |--- num__K >  72.00
|   |   |   |   |   |   |   |--- value: [6.62]
|   |   |   |   |   |--- num__Soil_pH >  7.37
|   |   |   |   |   |   |--- value: [4.97]
|   |--- num__Rainfall >  1450.56
|   |   |--- num__Fertilizer_Used <= 154.24
|   |   |   |--- num__Soil_Moisture <= 51.03
|   |   |   |   |--- num__Rainfall <= 1902.35
|   |   |   |   |   |--- num__Wind_Speed <= 7.96
|   |   |   |   |   |   |--- value: [6.73]
|   |   |   |   |   |--- num__Wind_Speed >  7.96
|   |   |   |   |   |   |--- num__Soil_Moisture <= 33.41
|   |   |   |   |   |   |   |--- value: [5.12]
|   |   |   |   |   |   |--- num__Soil_Moisture >  33.41
|   |   |   |   |   |   |   |--- value: [6.20]
|   |   |   |   |--- num__Rainfall >  1902.35
|   |   |   |   |   |--- num__Humidity <= 71.03
|   |   |   |   |   |   |--- num__P <= 41.50
|   |   |   |   |   |   |   |--- value: [6.05]
|   |   |   |   |   |   |--- num__P >  41.50
|   |   |   |   |   |   |   |--- value: [6.94]
|   |   |   |   |   |--- num__Humidity >  71.03
|   |   |   |   |   |   |--- num__Wind_Speed <= 10.55
|   |   |   |   |   |   |   |--- value: [7.48]
|   |   |   |   |   |   |--- num__Wind_Speed >  10.55
|   |   |   |   |   |   |   |--- value: [6.94]
|   |   |   |--- num__Soil_Moisture >  51.03
|   |   |   |   |--- num__N <= 97.00
|   |   |   |   |   |--- value: [7.42]
|   |   |   |   |--- num__N >  97.00
|   |   |   |   |   |--- value: [8.47]
|   |   |--- num__Fertilizer_Used >  154.24
|   |   |   |--- num__Wind_Speed <= 9.33
|   |   |   |   |--- num__Soil_Moisture <= 41.03
|   |   |   |   |   |--- num__Humidity <= 56.00
|   |   |   |   |   |   |--- value: [7.34]
|   |   |   |   |   |--- num__Humidity >  56.00
|   |   |   |   |   |   |--- value: [8.96]
|   |   |   |   |--- num__Soil_Moisture >  41.03
|   |   |   |   |   |--- num__Humidity <= 52.58
|   |   |   |   |   |   |--- value: [9.92]
|   |   |   |   |   |--- num__Humidity >  52.58
|   |   |   |   |   |   |--- value: [8.63]
|   |   |   |--- num__Wind_Speed >  9.33
|   |   |   |   |--- num__Rainfall <= 1713.50
|   |   |   |   |   |--- value: [6.30]
|   |   |   |   |--- num__Rainfall >  1713.50
|   |   |   |   |   |--- num__Soil_Moisture <= 32.31
|   |   |   |   |   |   |--- value: [7.08]
|   |   |   |   |   |--- num__Soil_Moisture >  32.31
|   |   |   |   |   |   |--- num__P <= 42.50
|   |   |   |   |   |   |   |--- value: [7.44]
|   |   |   |   |   |   |--- num__P >  42.50
|   |   |   |   |   |   |   |--- value: [8.22]
|--- num__Fertilizer_Used >  216.15
|   |--- num__Rainfall <= 1745.01
|   |   |--- num__Soil_Moisture <= 28.95
|   |   |   |--- num__N <= 115.50
|   |   |   |   |--- num__Humidity <= 50.28
|   |   |   |   |   |--- value: [7.07]
|   |   |   |   |--- num__Humidity >  50.28
|   |   |   |   |   |--- num__Altitude <= 1111.00
|   |   |   |   |   |   |--- value: [5.99]
|   |   |   |   |   |--- num__Altitude >  1111.00
|   |   |   |   |   |   |--- value: [6.68]
|   |   |   |--- num__N >  115.50
|   |   |   |   |--- num__K <= 79.50
|   |   |   |   |   |--- value: [7.21]
|   |   |   |   |--- num__K >  79.50
|   |   |   |   |   |--- value: [8.12]
|   |   |--- num__Soil_Moisture >  28.95
|   |   |   |--- num__Wind_Speed <= 9.14
|   |   |   |   |--- num__Rainfall <= 1006.36
|   |   |   |   |   |--- num__Humidity <= 61.13
|   |   |   |   |   |   |--- num__Organic_Carbon <= 0.94
|   |   |   |   |   |   |   |--- value: [8.03]
|   |   |   |   |   |   |--- num__Organic_Carbon >  0.94
|   |   |   |   |   |   |   |--- value: [8.46]
|   |   |   |   |   |--- num__Humidity >  61.13
|   |   |   |   |   |   |--- value: [7.04]
|   |   |   |   |--- num__Rainfall >  1006.36
|   |   |   |   |   |--- num__N <= 133.50
|   |   |   |   |   |   |--- value: [8.52]
|   |   |   |   |   |--- num__N >  133.50
|   |   |   |   |   |   |--- value: [9.20]
|   |   |   |--- num__Wind_Speed >  9.14
|   |   |   |   |--- num__Fertilizer_Used <= 270.48
|   |   |   |   |   |--- num__Soil_pH <= 7.15
|   |   |   |   |   |   |--- num__Soil_Moisture <= 48.08
|   |   |   |   |   |   |   |--- value: [7.34]
|   |   |   |   |   |   |--- num__Soil_Moisture >  48.08
|   |   |   |   |   |   |   |--- value: [8.59]
|   |   |   |   |   |--- num__Soil_pH >  7.15
|   |   |   |   |   |   |--- value: [6.83]
|   |   |   |   |--- num__Fertilizer_Used >  270.48
|   |   |   |   |   |--- num__Soil_pH <= 5.63
|   |   |   |   |   |   |--- value: [7.52]
|   |   |   |   |   |--- num__Soil_pH >  5.63
|   |   |   |   |   |   |--- num__Rainfall <= 831.43
|   |   |   |   |   |   |   |--- value: [7.49]
|   |   |   |   |   |   |--- num__Rainfall >  831.43
|   |   |   |   |   |   |   |--- value: [8.27]
|   |--- num__Rainfall >  1745.01
|   |   |--- num__N <= 73.50
|   |   |   |--- num__Wind_Speed <= 8.26
|   |   |   |   |--- value: [9.03]
|   |   |   |--- num__Wind_Speed >  8.26
|   |   |   |   |--- num__Soil_Moisture <= 48.05
|   |   |   |   |   |--- value: [7.96]
|   |   |   |   |--- num__Soil_Moisture >  48.05
|   |   |   |   |   |--- value: [8.81]
|   |   |--- num__N >  73.50
|   |   |   |--- num__K <= 56.00
|   |   |   |   |--- num__Temperature <= 22.84
|   |   |   |   |   |--- value: [8.30]
|   |   |   |   |--- num__Temperature >  22.84
|   |   |   |   |   |--- value: [9.19]
|   |   |   |--- num__K >  56.00
|   |   |   |   |--- num__P <= 56.50
|   |   |   |   |   |--- num__Soil_pH <= 6.80
|   |   |   |   |   |   |--- value: [9.49]
|   |   |   |   |   |--- num__Soil_pH >  6.80
|   |   |   |   |   |   |--- value: [8.60]
|   |   |   |   |--- num__P >  56.50
|   |   |   |   |   |--- num__Soil_Moisture <= 45.22
|   |   |   |   |   |   |--- num__Rainfall <= 2106.54
|   |   |   |   |   |   |   |--- value: [9.16]
|   |   |   |   |   |   |--- num__Rainfall >  2106.54
|   |   |   |   |   |   |   |--- value: [9.76]
|   |   |   |   |   |--- num__Soil_Moisture >  45.22
|   |   |   |   |   |   |--- value: [10.37]
