|--- Fertilizer_Used <= 217.96
|   |--- Rainfall <= 1607.77
|   |   |--- Fertilizer_Used <= 145.17
|   |   |   |--- N <= 103.00
|   |   |   |   |--- Soil_Moisture <= 20.28
|   |   |   |   |   |--- Rainfall <= 758.16
|   |   |   |   |   |   |--- Season <= 1.50
|   |   |   |   |   |   |   |--- Altitude <= 1164.00
|   |   |   |   |   |   |   |   |--- Irrigation_Type <= 1.00
|   |   |   |   |   |   |   |   |   |--- value: [5.00]
|   |   |   |   |   |   |   |   |--- Irrigation_Type >  1.00
|   |   |   |   |   |   |   |   |   |--- value: [4.97]
|   |   |   |   |   |   |   |--- Altitude >  1164.00
|   |   |   |   |   |   |   |   |--- K <= 89.00
|   |   |   |   |   |   |   |   |   |--- value: [4.49]
|   |   |   |   |   |   |   |   |--- K >  89.00
|   |   |   |   |   |   |   |   |   |--- value: [4.14]
|   |   |   |   |   |   |--- Season >  1.50
|   |   |   |   |   |   |   |--- Fertilizer_Used <= 99.69
|   |   |   |   |   |   |   |   |--- value: [6.05]
|   |   |   |   |   |   |   |--- Fertilizer_Used >  99.69
|   |   |   |   |   |   |   |   |--- value: [5.98]
|   |   |   |   |   |--- Rainfall >  758.16
|   |   |   |   |   |   |--- Soil_pH <= 6.56
|   |   |   |   |   |   |   |--- Organic_Carbon <= 0.81
|   |   |   |   |   |   |   |   |--- value: [6.20]
|   |   |   |   |   |   |   |--- Organic_Carbon >  0.81
|   |   |   |   |   |   |   |   |--- Irrigation_Type <= 2.50
|   |   |   |   |   |   |   |   |   |--- value: [5.76]
|   |   |   |   |   |   |   |   |--- Irrigation_Type >  2.50
|   |   |   |   |   |   |   |   |   |--- value: [5.93]
|   |   |   |   |   |   |--- Soil_pH >  6.56
|   |   |   |   |   |   |   |--- Soil_Moisture <= 18.89
|   |   |   |   |   |   |   |   |--- Pesticide_Used <= 23.94
|   |   |   |   |   |   |   |   |   |--- value: [7.06]
|   |   |   |   |   |   |   |   |--- Pesticide_Used >  23.94
|   |   |   |   |   |   |   |   |   |--- value: [7.08]
|   |   |   |   |   |   |   |--- Soil_Moisture >  18.89
|   |   |   |   |   |   |   |   |--- Fertilizer_Used <= 95.60
|   |   |   |   |   |   |   |   |   |--- value: [6.90]
|   |   |   |   |   |   |   |   |--- Fertilizer_Used >  95.60
|   |   |   |   |   |   |   |   |   |--- value: [6.71]
|   |   |   |   |--- Soil_Moisture >  20.28
|   |   |   |   |   |--- Soil_pH <= 7.95
|   |   |   |   |   |   |--- Fertilizer_Used <= 104.87
|   |   |   |   |   |   |   |--- Temperature <= 23.20
|   |   |   |   |   |   |   |   |--- Organic_Carbon <= 0.72
|   |   |   |   |   |   |   |   |   |--- value: [6.33]
|   |   |   |   |   |   |   |   |--- Organic_Carbon >  0.72
|   |   |   |   |   |   |   |   |   |--- value: [7.31]
|   |   |   |   |   |   |   |--- Temperature >  23.20
|   |   |   |   |   |   |   |   |--- P <= 58.50
|   |   |   |   |   |   |   |   |   |--- value: [5.79]
|   |   |   |   |   |   |   |   |--- P >  58.50
|   |   |   |   |   |   |   |   |   |--- value: [6.71]
|   |   |   |   |   |   |--- Fertilizer_Used >  104.87
|   |   |   |   |   |   |   |--- Humidity <= 82.28
|   |   |   |   |   |   |   |   |--- N <= 87.50
|   |   |   |   |   |   |   |   |   |--- value: [7.73]
|   |   |   |   |   |   |   |   |--- N >  87.50
|   |   |   |   |   |   |   |   |   |--- value: [6.59]
|   |   |   |   |   |   |   |--- Humidity >  82.28
|   |   |   |   |   |   |   |   |--- P <= 77.50
|   |   |   |   |   |   |   |   |   |--- value: [6.35]
|   |   |   |   |   |   |   |   |--- P >  77.50
|   |   |   |   |   |   |   |   |   |--- value: [4.93]
|   |   |   |   |   |--- Soil_pH >  7.95
|   |   |   |   |   |   |--- Wind_Speed <= 12.44
|   |   |   |   |   |   |   |--- Soil_Type <= 2.00
|   |   |   |   |   |   |   |   |--- Humidity <= 64.42
|   |   |   |   |   |   |   |   |   |--- value: [6.04]
|   |   |   |   |   |   |   |   |--- Humidity >  64.42
|   |   |   |   |   |   |   |   |   |--- value: [5.84]
|   |   |   |   |   |   |   |--- Soil_Type >  2.00
|   |   |   |   |   |   |   |   |--- value: [6.58]
|   |   |   |   |   |   |--- Wind_Speed >  12.44
|   |   |   |   |   |   |   |--- Soil_Moisture <= 44.89
|   |   |   |   |   |   |   |   |--- Soil_Type <= 2.00
|   |   |   |   |   |   |   |   |   |--- value: [4.68]
|   |   |   |   |   |   |   |   |--- Soil_Type >  2.00
|   |   |   |   |   |   |   |   |   |--- value: [4.82]
|   |   |   |   |   |   |   |--- Soil_Moisture >  44.89
|   |   |   |   |   |   |   |   |--- value: [5.27]
|   |   |   |--- N >  103.00
|   |   |   |   |--- Soil_Moisture <= 39.24
|   |   |   |   |   |--- Humidity <= 89.35
|   |   |   |   |   |   |--- Wind_Speed <= 17.11
|   |   |   |   |   |   |   |--- Soil_pH <= 5.80
|   |   |   |   |   |   |   |   |--- Organic_Carbon <= 1.31
|   |   |   |   |   |   |   |   |   |--- value: [5.89]
|   |   |   |   |   |   |   |   |--- Organic_Carbon >  1.31
|   |   |   |   |   |   |   |   |   |--- value: [6.88]
|   |   |   |   |   |   |   |--- Soil_pH >  5.80
|   |   |   |   |   |   |   |   |--- N <= 129.00
|   |   |   |   |   |   |   |   |   |--- value: [6.65]
|   |   |   |   |   |   |   |   |--- N >  129.00
|   |   |   |   |   |   |   |   |   |--- value: [7.45]
|   |   |   |   |   |   |--- Wind_Speed >  17.11
|   |   |   |   |   |   |   |--- Temperature <= 30.69
|   |   |   |   |   |   |   |   |--- value: [4.17]
|   |   |   |   |   |   |   |--- Temperature >  30.69
|   |   |   |   |   |   |   |   |--- value: [6.24]
|   |   |   |   |   |--- Humidity >  89.35
|   |   |   |   |   |   |--- value: [9.54]
|   |   |   |   |--- Soil_Moisture >  39.24
|   |   |   |   |   |--- Soil_pH <= 5.63
|   |   |   |   |   |   |--- Sunlight_Hours <= 10.06
|   |   |   |   |   |   |   |--- Fertilizer_Used <= 123.33
|   |   |   |   |   |   |   |   |--- Soil_Moisture <= 63.33
|   |   |   |   |   |   |   |   |   |--- value: [6.55]
|   |   |   |   |   |   |   |   |--- Soil_Moisture >  63.33
|   |   |   |   |   |   |   |   |   |--- value: [5.09]
|   |   |   |   |   |   |   |--- Fertilizer_Used >  123.33
|   |   |   |   |   |   |   |   |--- Soil_Moisture <= 58.95
|   |   |   |   |   |   |   |   |   |--- value: [7.10]
|   |   |   |   |   |   |   |   |--- Soil_Moisture >  58.95
|   |   |   |   |   |   |   |   |   |--- value: [8.25]
|   |   |   |   |   |   |--- Sunlight_Hours >  10.06
|   |   |   |   |   |   |   |--- Temperature <= 35.78
|   |   |   |   |   |   |   |   |--- value: [8.68]
|   |   |   |   |   |   |   |--- Temperature >  35.78
|   |   |   |   |   |   |   |   |--- value: [8.50]
|   |   |   |   |   |--- Soil_pH >  5.63
|   |   |   |   |   |   |--- Soil_pH <= 6.42
|   |   |   |   |   |   |   |--- Rainfall <= 864.86
|   |   |   |   |   |   |   |   |--- Soil_Moisture <= 52.07
|   |   |   |   |   |   |   |   |   |--- value: [8.31]
|   |   |   |   |   |   |   |   |--- Soil_Moisture >  52.07
|   |   |   |   |   |   |   |   |   |--- value: [7.82]
|   |   |   |   |   |   |   |--- Rainfall >  864.86
|   |   |   |   |   |   |   |   |--- Altitude <= 798.00
|   |   |   |   |   |   |   |   |   |--- value: [8.97]
|   |   |   |   |   |   |   |   |--- Altitude >  798.00
|   |   |   |   |   |   |   |   |   |--- value: [9.95]
|   |   |   |   |   |   |--- Soil_pH >  6.42
|   |   |   |   |   |   |   |--- Humidity <= 68.70
|   |   |   |   |   |   |   |   |--- N <= 157.50
|   |   |   |   |   |   |   |   |   |--- value: [7.94]
|   |   |   |   |   |   |   |   |--- N >  157.50
|   |   |   |   |   |   |   |   |   |--- value: [9.00]
|   |   |   |   |   |   |   |--- Humidity >  68.70
|   |   |   |   |   |   |   |   |--- Wind_Speed <= 14.56
|   |   |   |   |   |   |   |   |   |--- value: [7.45]
|   |   |   |   |   |   |   |   |--- Wind_Speed >  14.56
|   |   |   |   |   |   |   |   |   |--- value: [6.37]
|   |   |--- Fertilizer_Used >  145.17
|   |   |   |--- Rainfall <= 959.99
|   |   |   |   |--- Soil_Moisture <= 46.14
|   |   |   |   |   |--- Soil_pH <= 7.53
|   |   |   |   |   |   |--- K <= 142.50
|   |   |   |   |   |   |   |--- Fertilizer_Used <= 205.24
|   |   |   |   |   |   |   |   |--- Humidity <= 77.30
|   |   |   |   |   |   |   |   |   |--- value: [7.45]
|   |   |   |   |   |   |   |   |--- Humidity >  77.30
|   |   |   |   |   |   |   |   |   |--- value: [8.17]
|   |   |   |   |   |   |   |--- Fertilizer_Used >  205.24
|   |   |   |   |   |   |   |   |--- Fertilizer_Used <= 211.56
|   |   |   |   |   |   |   |   |   |--- value: [6.28]
|   |   |   |   |   |   |   |   |--- Fertilizer_Used >  211.56
|   |   |   |   |   |   |   |   |   |--- value: [6.62]
|   |   |   |   |   |   |--- K >  142.50
|   |   |   |   |   |   |   |--- value: [4.36]
|   |   |   |   |   |--- Soil_pH >  7.53
|   |   |   |   |   |   |--- Soil_Moisture <= 25.15
|   |   |   |   |   |   |   |--- Pesticide_Used <= 14.51
|   |   |   |   |   |   |   |   |--- Irrigation_Type <= 1.00
|   |   |   |   |   |   |   |   |   |--- value: [4.93]
|   |   |   |   |   |   |   |   |--- Irrigation_Type >  1.00
|   |   |   |   |   |   |   |   |   |--- value: [5.41]
|   |   |   |   |   |   |   |--- Pesticide_Used >  14.51
|   |   |   |   |   |   |   |   |--- Wind_Speed <= 9.82
|   |   |   |   |   |   |   |   |   |--- value: [6.09]
|   |   |   |   |   |   |   |   |--- Wind_Speed >  9.82
|   |   |   |   |   |   |   |   |   |--- value: [5.67]
|   |   |   |   |   |   |--- Soil_Moisture >  25.15
|   |   |   |   |   |   |   |--- Wind_Speed <= 16.79
|   |   |   |   |   |   |   |   |--- Pesticide_Used <= 19.26
|   |   |   |   |   |   |   |   |   |--- value: [6.72]
|   |   |   |   |   |   |   |   |--- Pesticide_Used >  19.26
|   |   |   |   |   |   |   |   |   |--- value: [7.63]
|   |   |   |   |   |   |   |--- Wind_Speed >  16.79
|   |   |   |   |   |   |   |   |--- value: [5.42]
|   |   |   |   |--- Soil_Moisture >  46.14
|   |   |   |   |   |--- K <= 22.00
|   |   |   |   |   |   |--- value: [5.44]
|   |   |   |   |   |--- K >  22.00
|   |   |   |   |   |   |--- Wind_Speed <= 8.64
|   |   |   |   |   |   |   |--- Humidity <= 49.51
|   |   |   |   |   |   |   |   |--- P <= 33.00
|   |   |   |   |   |   |   |   |   |--- value: [8.85]
|   |   |   |   |   |   |   |   |--- P >  33.00
|   |   |   |   |   |   |   |   |   |--- value: [9.80]
|   |   |   |   |   |   |   |--- Humidity >  49.51
|   |   |   |   |   |   |   |   |--- Wind_Speed <= 5.89
|   |   |   |   |   |   |   |   |   |--- value: [7.90]
|   |   |   |   |   |   |   |   |--- Wind_Speed >  5.89
|   |   |   |   |   |   |   |   |   |--- value: [8.42]
|   |   |   |   |   |   |--- Wind_Speed >  8.64
|   |   |   |   |   |   |   |--- P <= 70.50
|   |   |   |   |   |   |   |   |--- Temperature <= 32.55
|   |   |   |   |   |   |   |   |   |--- value: [7.71]
|   |   |   |   |   |   |   |   |--- Temperature >  32.55
|   |   |   |   |   |   |   |   |   |--- value: [6.75]
|   |   |   |   |   |   |   |--- P >  70.50
|   |   |   |   |   |   |   |   |--- P <= 78.00
|   |   |   |   |   |   |   |   |   |--- value: [9.90]
|   |   |   |   |   |   |   |   |--- P >  78.00
|   |   |   |   |   |   |   |   |   |--- value: [8.12]
|   |   |   |--- Rainfall >  959.99
|   |   |   |   |--- Wind_Speed <= 4.68
|   |   |   |   |   |--- Organic_Carbon <= 0.59
|   |   |   |   |   |   |--- Humidity <= 64.36
|   |   |   |   |   |   |   |--- Temperature <= 27.56
|   |   |   |   |   |   |   |   |--- Organic_Carbon <= 0.33
|   |   |   |   |   |   |   |   |   |--- value: [10.67]
|   |   |   |   |   |   |   |   |--- Organic_Carbon >  0.33
|   |   |   |   |   |   |   |   |   |--- value: [10.83]
|   |   |   |   |   |   |   |--- Temperature >  27.56
|   |   |   |   |   |   |   |   |--- value: [10.23]
|   |   |   |   |   |   |--- Humidity >  64.36
|   |   |   |   |   |   |   |--- value: [12.47]
|   |   |   |   |   |--- Organic_Carbon >  0.59
|   |   |   |   |   |   |--- N <= 107.50
|   |   |   |   |   |   |   |--- Pesticide_Used <= 10.24
|   |   |   |   |   |   |   |   |--- Organic_Carbon <= 0.91
|   |   |   |   |   |   |   |   |   |--- value: [9.52]
|   |   |   |   |   |   |   |   |--- Organic_Carbon >  0.91
|   |   |   |   |   |   |   |   |   |--- value: [8.84]
|   |   |   |   |   |   |   |--- Pesticide_Used >  10.24
|   |   |   |   |   |   |   |   |--- Soil_Moisture <= 43.52
|   |   |   |   |   |   |   |   |   |--- value: [10.52]
|   |   |   |   |   |   |   |   |--- Soil_Moisture >  43.52
|   |   |   |   |   |   |   |   |   |--- value: [10.02]
|   |   |   |   |   |   |--- N >  107.50
|   |   |   |   |   |   |   |--- Fertilizer_Used <= 178.72
|   |   |   |   |   |   |   |   |--- Soil_Moisture <= 40.70
|   |   |   |   |   |   |   |   |   |--- value: [9.12]
|   |   |   |   |   |   |   |   |--- Soil_Moisture >  40.70
|   |   |   |   |   |   |   |   |   |--- value: [8.55]
|   |   |   |   |   |   |   |--- Fertilizer_Used >  178.72
|   |   |   |   |   |   |   |   |--- Temperature <= 19.47
|   |   |   |   |   |   |   |   |   |--- value: [7.70]
|   |   |   |   |   |   |   |   |--- Temperature >  19.47
|   |   |   |   |   |   |   |   |   |--- value: [7.92]
|   |   |   |   |--- Wind_Speed >  4.68
|   |   |   |   |   |--- N <= 134.50
|   |   |   |   |   |   |--- Soil_Moisture <= 54.58
|   |   |   |   |   |   |   |--- Rainfall <= 1527.88
|   |   |   |   |   |   |   |   |--- Soil_pH <= 5.70
|   |   |   |   |   |   |   |   |   |--- value: [6.93]
|   |   |   |   |   |   |   |   |--- Soil_pH >  5.70
|   |   |   |   |   |   |   |   |   |--- value: [8.08]
|   |   |   |   |   |   |   |--- Rainfall >  1527.88
|   |   |   |   |   |   |   |   |--- Soil_Type <= 1.00
|   |   |   |   |   |   |   |   |   |--- value: [7.13]
|   |   |   |   |   |   |   |   |--- Soil_Type >  1.00
|   |   |   |   |   |   |   |   |   |--- value: [5.79]
|   |   |   |   |   |   |--- Soil_Moisture >  54.58
|   |   |   |   |   |   |   |--- P <= 57.00
|   |   |   |   |   |   |   |   |--- Irrigation_Type <= 2.00
|   |   |   |   |   |   |   |   |   |--- value: [8.37]
|   |   |   |   |   |   |   |   |--- Irrigation_Type >  2.00
|   |   |   |   |   |   |   |   |   |--- value: [7.78]
|   |   |   |   |   |   |   |--- P >  57.00
|   |   |   |   |   |   |   |   |--- Season <= 1.50
|   |   |   |   |   |   |   |   |   |--- value: [9.54]
|   |   |   |   |   |   |   |   |--- Season >  1.50
|   |   |   |   |   |   |   |   |   |--- value: [9.00]
|   |   |   |   |   |--- N >  134.50
|   |   |   |   |   |   |--- Temperature <= 17.21
|   |   |   |   |   |   |   |--- Organic_Carbon <= 0.68
|   |   |   |   |   |   |   |   |--- value: [9.76]
|   |   |   |   |   |   |   |--- Organic_Carbon >  0.68
|   |   |   |   |   |   |   |   |--- Humidity <= 46.61
|   |   |   |   |   |   |   |   |   |--- value: [6.80]
|   |   |   |   |   |   |   |   |--- Humidity >  46.61
|   |   |   |   |   |   |   |   |   |--- value: [8.18]
|   |   |   |   |   |   |--- Temperature >  17.21
|   |   |   |   |   |   |   |--- Humidity <= 73.38
|   |   |   |   |   |   |   |   |--- Temperature <= 30.36
|   |   |   |   |   |   |   |   |   |--- value: [9.63]
|   |   |   |   |   |   |   |   |--- Temperature >  30.36
|   |   |   |   |   |   |   |   |   |--- value: [11.09]
|   |   |   |   |   |   |   |--- Humidity >  73.38
|   |   |   |   |   |   |   |   |--- Humidity <= 85.59
|   |   |   |   |   |   |   |   |   |--- value: [8.94]
|   |   |   |   |   |   |   |   |--- Humidity >  85.59
|   |   |   |   |   |   |   |   |   |--- value: [7.85]
|   |--- Rainfall >  1607.77
|   |   |--- Soil_Moisture <= 32.03
|   |   |   |--- Fertilizer_Used <= 80.15
|   |   |   |   |--- Soil_pH <= 5.37
|   |   |   |   |   |--- Altitude <= 1030.50
|   |   |   |   |   |   |--- value: [4.68]
|   |   |   |   |   |--- Altitude >  1030.50
|   |   |   |   |   |   |--- Altitude <= 1857.00
|   |   |   |   |   |   |   |--- value: [4.76]
|   |   |   |   |   |   |--- Altitude >  1857.00
|   |   |   |   |   |   |   |--- value: [4.74]
|   |   |   |   |--- Soil_pH >  5.37
|   |   |   |   |   |--- K <= 27.50
|   |   |   |   |   |   |--- Organic_Carbon <= 0.81
|   |   |   |   |   |   |   |--- value: [5.64]
|   |   |   |   |   |   |--- Organic_Carbon >  0.81
|   |   |   |   |   |   |   |--- value: [5.21]
|   |   |   |   |   |--- K >  27.50
|   |   |   |   |   |   |--- Humidity <= 66.49
|   |   |   |   |   |   |   |--- Humidity <= 43.80
|   |   |   |   |   |   |   |   |--- Humidity <= 40.68
|   |   |   |   |   |   |   |   |   |--- value: [7.27]
|   |   |   |   |   |   |   |   |--- Humidity >  40.68
|   |   |   |   |   |   |   |   |   |--- value: [7.07]
|   |   |   |   |   |   |   |--- Humidity >  43.80
|   |   |   |   |   |   |   |   |--- Organic_Carbon <= 1.53
|   |   |   |   |   |   |   |   |   |--- value: [6.57]
|   |   |   |   |   |   |   |   |--- Organic_Carbon >  1.53
|   |   |   |   |   |   |   |   |   |--- value: [7.43]
|   |   |   |   |   |   |--- Humidity >  66.49
|   |   |   |   |   |   |   |--- Irrigation_Type <= 1.00
|   |   |   |   |   |   |   |   |--- value: [7.81]
|   |   |   |   |   |   |   |--- Irrigation_Type >  1.00
|   |   |   |   |   |   |   |   |--- Sunlight_Hours <= 9.07
|   |   |   |   |   |   |   |   |   |--- value: [7.46]
|   |   |   |   |   |   |   |   |--- Sunlight_Hours >  9.07
|   |   |   |   |   |   |   |   |   |--- value: [7.44]
|   |   |   |--- Fertilizer_Used >  80.15
|   |   |   |   |--- Irrigation_Type <= 1.50
|   |   |   |   |   |--- K <= 78.00
|   |   |   |   |   |   |--- Soil_pH <= 7.58
|   |   |   |   |   |   |   |--- Soil_Moisture <= 29.44
|   |   |   |   |   |   |   |   |--- K <= 31.50
|   |   |   |   |   |   |   |   |   |--- value: [6.97]
|   |   |   |   |   |   |   |   |--- K >  31.50
|   |   |   |   |   |   |   |   |   |--- value: [8.19]
|   |   |   |   |   |   |   |--- Soil_Moisture >  29.44
|   |   |   |   |   |   |   |   |--- P <= 46.00
|   |   |   |   |   |   |   |   |   |--- value: [6.75]
|   |   |   |   |   |   |   |   |--- P >  46.00
|   |   |   |   |   |   |   |   |   |--- value: [6.17]
|   |   |   |   |   |   |--- Soil_pH >  7.58
|   |   |   |   |   |   |   |--- P <= 26.00
|   |   |   |   |   |   |   |   |--- value: [5.50]
|   |   |   |   |   |   |   |--- P >  26.00
|   |   |   |   |   |   |   |   |--- Humidity <= 83.23
|   |   |   |   |   |   |   |   |   |--- value: [6.09]
|   |   |   |   |   |   |   |   |--- Humidity >  83.23
|   |   |   |   |   |   |   |   |   |--- value: [6.55]
|   |   |   |   |   |--- K >  78.00
|   |   |   |   |   |   |--- Rainfall <= 2497.68
|   |   |   |   |   |   |   |--- Soil_pH <= 7.24
|   |   |   |   |   |   |   |   |--- Soil_Moisture <= 22.94
|   |   |   |   |   |   |   |   |   |--- value: [8.98]
|   |   |   |   |   |   |   |   |--- Soil_Moisture >  22.94
|   |   |   |   |   |   |   |   |   |--- value: [8.07]
|   |   |   |   |   |   |   |--- Soil_pH >  7.24
|   |   |   |   |   |   |   |   |--- Organic_Carbon <= 1.21
|   |   |   |   |   |   |   |   |   |--- value: [6.86]
|   |   |   |   |   |   |   |   |--- Organic_Carbon >  1.21
|   |   |   |   |   |   |   |   |   |--- value: [8.47]
|   |   |   |   |   |   |--- Rainfall >  2497.68
|   |   |   |   |   |   |   |--- P <= 83.50
|   |   |   |   |   |   |   |   |--- Soil_Moisture <= 24.73
|   |   |   |   |   |   |   |   |   |--- value: [9.18]
|   |   |   |   |   |   |   |   |--- Soil_Moisture >  24.73
|   |   |   |   |   |   |   |   |   |--- value: [10.53]
|   |   |   |   |   |   |   |--- P >  83.50
|   |   |   |   |   |   |   |   |--- value: [7.12]
|   |   |   |   |--- Irrigation_Type >  1.50
|   |   |   |   |   |--- Soil_pH <= 5.32
|   |   |   |   |   |   |--- Organic_Carbon <= 1.06
|   |   |   |   |   |   |   |--- Soil_Moisture <= 25.89
|   |   |   |   |   |   |   |   |--- Fertilizer_Used <= 171.29
|   |   |   |   |   |   |   |   |   |--- value: [8.31]
|   |   |   |   |   |   |   |   |--- Fertilizer_Used >  171.29
|   |   |   |   |   |   |   |   |   |--- value: [8.53]
|   |   |   |   |   |   |   |--- Soil_Moisture >  25.89
|   |   |   |   |   |   |   |   |--- value: [7.87]
|   |   |   |   |   |   |--- Organic_Carbon >  1.06
|   |   |   |   |   |   |   |--- Humidity <= 72.78
|   |   |   |   |   |   |   |   |--- value: [7.06]
|   |   |   |   |   |   |   |--- Humidity >  72.78
|   |   |   |   |   |   |   |   |--- Region <= 2.00
|   |   |   |   |   |   |   |   |   |--- value: [5.68]
|   |   |   |   |   |   |   |   |--- Region >  2.00
|   |   |   |   |   |   |   |   |   |--- value: [6.25]
|   |   |   |   |   |--- Soil_pH >  5.32
|   |   |   |   |   |   |--- Fertilizer_Used <= 109.02
|   |   |   |   |   |   |   |--- Temperature <= 26.23
|   |   |   |   |   |   |   |   |--- Temperature <= 16.38
|   |   |   |   |   |   |   |   |   |--- value: [6.47]
|   |   |   |   |   |   |   |   |--- Temperature >  16.38
|   |   |   |   |   |   |   |   |   |--- value: [7.71]
|   |   |   |   |   |   |   |--- Temperature >  26.23
|   |   |   |   |   |   |   |   |--- Humidity <= 58.03
|   |   |   |   |   |   |   |   |   |--- value: [9.88]
|   |   |   |   |   |   |   |   |--- Humidity >  58.03
|   |   |   |   |   |   |   |   |   |--- value: [8.59]
|   |   |   |   |   |   |--- Fertilizer_Used >  109.02
|   |   |   |   |   |   |   |--- Pesticide_Used <= 23.35
|   |   |   |   |   |   |   |   |--- K <= 61.50
|   |   |   |   |   |   |   |   |   |--- value: [9.52]
|   |   |   |   |   |   |   |   |--- K >  61.50
|   |   |   |   |   |   |   |   |   |--- value: [8.70]
|   |   |   |   |   |   |   |--- Pesticide_Used >  23.35
|   |   |   |   |   |   |   |   |--- Soil_Type <= 2.50
|   |   |   |   |   |   |   |   |   |--- value: [10.21]
|   |   |   |   |   |   |   |   |--- Soil_Type >  2.50
|   |   |   |   |   |   |   |   |   |--- value: [10.46]
|   |   |--- Soil_Moisture >  32.03
|   |   |   |--- Fertilizer_Used <= 138.17
|   |   |   |   |--- Wind_Speed <= 3.51
|   |   |   |   |   |--- Humidity <= 80.21
|   |   |   |   |   |   |--- Soil_pH <= 5.58
|   |   |   |   |   |   |   |--- Soil_Moisture <= 43.72
|   |   |   |   |   |   |   |   |--- value: [9.43]
|   |   |   |   |   |   |   |--- Soil_Moisture >  43.72
|   |   |   |   |   |   |   |   |--- Sunlight_Hours <= 6.38
|   |   |   |   |   |   |   |   |   |--- value: [8.71]
|   |   |   |   |   |   |   |   |--- Sunlight_Hours >  6.38
|   |   |   |   |   |   |   |   |   |--- value: [8.30]
|   |   |   |   |   |   |--- Soil_pH >  5.58
|   |   |   |   |   |   |   |--- Rainfall <= 2763.23
|   |   |   |   |   |   |   |   |--- Sunlight_Hours <= 9.01
|   |   |   |   |   |   |   |   |   |--- value: [9.84]
|   |   |   |   |   |   |   |   |--- Sunlight_Hours >  9.01
|   |   |   |   |   |   |   |   |   |--- value: [10.38]
|   |   |   |   |   |   |   |--- Rainfall >  2763.23
|   |   |   |   |   |   |   |   |--- value: [11.00]
|   |   |   |   |   |--- Humidity >  80.21
|   |   |   |   |   |   |--- Pesticide_Used <= 13.54
|   |   |   |   |   |   |   |--- value: [8.03]
|   |   |   |   |   |   |--- Pesticide_Used >  13.54
|   |   |   |   |   |   |   |--- value: [7.12]
|   |   |   |   |--- Wind_Speed >  3.51
|   |   |   |   |   |--- Temperature <= 11.76
|   |   |   |   |   |   |--- Rainfall <= 1992.03
|   |   |   |   |   |   |   |--- N <= 91.00
|   |   |   |   |   |   |   |   |--- value: [10.33]
|   |   |   |   |   |   |   |--- N >  91.00
|   |   |   |   |   |   |   |   |--- Humidity <= 64.72
|   |   |   |   |   |   |   |   |   |--- value: [10.13]
|   |   |   |   |   |   |   |   |--- Humidity >  64.72
|   |   |   |   |   |   |   |   |   |--- value: [10.14]
|   |   |   |   |   |   |--- Rainfall >  1992.03
|   |   |   |   |   |   |   |--- Soil_Type <= 1.50
|   |   |   |   |   |   |   |   |--- value: [9.00]
|   |   |   |   |   |   |   |--- Soil_Type >  1.50
|   |   |   |   |   |   |   |   |--- value: [9.57]
|   |   |   |   |   |--- Temperature >  11.76
|   |   |   |   |   |   |--- Soil_Moisture <= 50.15
|   |   |   |   |   |   |   |--- Fertilizer_Used <= 107.78
|   |   |   |   |   |   |   |   |--- P <= 96.50
|   |   |   |   |   |   |   |   |   |--- value: [7.63]
|   |   |   |   |   |   |   |   |--- P >  96.50
|   |   |   |   |   |   |   |   |   |--- value: [5.03]
|   |   |   |   |   |   |   |--- Fertilizer_Used >  107.78
|   |   |   |   |   |   |   |   |--- K <= 50.50
|   |   |   |   |   |   |   |   |   |--- value: [7.35]
|   |   |   |   |   |   |   |   |--- K >  50.50
|   |   |   |   |   |   |   |   |   |--- value: [8.77]
|   |   |   |   |   |   |--- Soil_Moisture >  50.15
|   |   |   |   |   |   |   |--- Altitude <= 504.00
|   |   |   |   |   |   |   |   |--- Season <= 0.50
|   |   |   |   |   |   |   |   |   |--- value: [10.20]
|   |   |   |   |   |   |   |   |--- Season >  0.50
|   |   |   |   |   |   |   |   |   |--- value: [8.96]
|   |   |   |   |   |   |   |--- Altitude >  504.00
|   |   |   |   |   |   |   |   |--- Humidity <= 46.20
|   |   |   |   |   |   |   |   |   |--- value: [9.20]
|   |   |   |   |   |   |   |   |--- Humidity >  46.20
|   |   |   |   |   |   |   |   |   |--- value: [8.00]
|   |   |   |--- Fertilizer_Used >  138.17
|   |   |   |   |--- Soil_pH <= 5.26
|   |   |   |   |   |--- Altitude <= 1383.00
|   |   |   |   |   |   |--- Temperature <= 15.31
|   |   |   |   |   |   |   |--- Altitude <= 391.00
|   |   |   |   |   |   |   |   |--- value: [7.10]
|   |   |   |   |   |   |   |--- Altitude >  391.00
|   |   |   |   |   |   |   |   |--- value: [6.33]
|   |   |   |   |   |   |--- Temperature >  15.31
|   |   |   |   |   |   |   |--- P <= 66.50
|   |   |   |   |   |   |   |   |--- Humidity <= 62.44
|   |   |   |   |   |   |   |   |   |--- value: [7.33]
|   |   |   |   |   |   |   |   |--- Humidity >  62.44
|   |   |   |   |   |   |   |   |   |--- value: [7.90]
|   |   |   |   |   |   |   |--- P >  66.50
|   |   |   |   |   |   |   |   |--- value: [8.60]
|   |   |   |   |   |--- Altitude >  1383.00
|   |   |   |   |   |   |--- Fertilizer_Used <= 176.56
|   |   |   |   |   |   |   |--- value: [8.49]
|   |   |   |   |   |   |--- Fertilizer_Used >  176.56
|   |   |   |   |   |   |   |--- Pesticide_Used <= 19.97
|   |   |   |   |   |   |   |   |--- value: [9.19]
|   |   |   |   |   |   |   |--- Pesticide_Used >  19.97
|   |   |   |   |   |   |   |   |--- value: [9.12]
|   |   |   |   |--- Soil_pH >  5.26
|   |   |   |   |   |--- Soil_pH <= 7.16
|   |   |   |   |   |   |--- Soil_pH <= 5.76
|   |   |   |   |   |   |   |--- Fertilizer_Used <= 152.04
|   |   |   |   |   |   |   |   |--- Irrigation_Type <= 1.00
|   |   |   |   |   |   |   |   |   |--- value: [9.77]
|   |   |   |   |   |   |   |   |--- Irrigation_Type >  1.00
|   |   |   |   |   |   |   |   |   |--- value: [10.79]
|   |   |   |   |   |   |   |--- Fertilizer_Used >  152.04
|   |   |   |   |   |   |   |   |--- Fertilizer_Used <= 179.38
|   |   |   |   |   |   |   |   |   |--- value: [8.52]
|   |   |   |   |   |   |   |   |--- Fertilizer_Used >  179.38
|   |   |   |   |   |   |   |   |   |--- value: [9.55]
|   |   |   |   |   |   |--- Soil_pH >  5.76
|   |   |   |   |   |   |   |--- Fertilizer_Used <= 200.55
|   |   |   |   |   |   |   |   |--- K <= 69.50
|   |   |   |   |   |   |   |   |   |--- value: [9.38]
|   |   |   |   |   |   |   |   |--- K >  69.50
|   |   |   |   |   |   |   |   |   |--- value: [10.14]
|   |   |   |   |   |   |   |--- Fertilizer_Used >  200.55
|   |   |   |   |   |   |   |   |--- N <= 94.50
|   |   |   |   |   |   |   |   |   |--- value: [12.05]
|   |   |   |   |   |   |   |   |--- N >  94.50
|   |   |   |   |   |   |   |   |   |--- value: [10.71]
|   |   |   |   |   |--- Soil_pH >  7.16
|   |   |   |   |   |   |--- Wind_Speed <= 1.56
|   |   |   |   |   |   |   |--- Fertilizer_Used <= 179.84
|   |   |   |   |   |   |   |   |--- value: [9.07]
|   |   |   |   |   |   |   |--- Fertilizer_Used >  179.84
|   |   |   |   |   |   |   |   |--- Sunlight_Hours <= 8.35
|   |   |   |   |   |   |   |   |   |--- value: [10.65]
|   |   |   |   |   |   |   |   |--- Sunlight_Hours >  8.35
|   |   |   |   |   |   |   |   |   |--- value: [11.29]
|   |   |   |   |   |   |--- Wind_Speed >  1.56
|   |   |   |   |   |   |   |--- Altitude <= 662.50
|   |   |   |   |   |   |   |   |--- Soil_pH <= 7.49
|   |   |   |   |   |   |   |   |   |--- value: [10.53]
|   |   |   |   |   |   |   |   |--- Soil_pH >  7.49
|   |   |   |   |   |   |   |   |   |--- value: [8.74]
|   |   |   |   |   |   |   |--- Altitude >  662.50
|   |   |   |   |   |   |   |   |--- Organic_Carbon <= 1.29
|   |   |   |   |   |   |   |   |   |--- value: [8.13]
|   |   |   |   |   |   |   |   |--- Organic_Carbon >  1.29
|   |   |   |   |   |   |   |   |   |--- value: [8.92]
|--- Fertilizer_Used >  217.96
|   |--- Rainfall <= 1775.10
|   |   |--- Soil_Moisture <= 53.34
|   |   |   |--- Rainfall <= 1016.57
|   |   |   |   |--- Fertilizer_Used <= 286.60
|   |   |   |   |   |--- Wind_Speed <= 12.47
|   |   |   |   |   |   |--- Sunlight_Hours <= 9.82
|   |   |   |   |   |   |   |--- Organic_Carbon <= 0.43
|   |   |   |   |   |   |   |   |--- P <= 63.50
|   |   |   |   |   |   |   |   |   |--- value: [7.50]
|   |   |   |   |   |   |   |   |--- P >  63.50
|   |   |   |   |   |   |   |   |   |--- value: [6.70]
|   |   |   |   |   |   |   |--- Organic_Carbon >  0.43
|   |   |   |   |   |   |   |   |--- Region <= 0.50
|   |   |   |   |   |   |   |   |   |--- value: [9.24]
|   |   |   |   |   |   |   |   |--- Region >  0.50
|   |   |   |   |   |   |   |   |   |--- value: [8.39]
|   |   |   |   |   |   |--- Sunlight_Hours >  9.82
|   |   |   |   |   |   |   |--- Rainfall <= 443.96
|   |   |   |   |   |   |   |   |--- Soil_Moisture <= 27.17
|   |   |   |   |   |   |   |   |   |--- value: [6.92]
|   |   |   |   |   |   |   |   |--- Soil_Moisture >  27.17
|   |   |   |   |   |   |   |   |   |--- value: [6.10]
|   |   |   |   |   |   |   |--- Rainfall >  443.96
|   |   |   |   |   |   |   |   |--- Soil_Moisture <= 28.89
|   |   |   |   |   |   |   |   |   |--- value: [8.11]
|   |   |   |   |   |   |   |   |--- Soil_Moisture >  28.89
|   |   |   |   |   |   |   |   |   |--- value: [7.55]
|   |   |   |   |   |--- Wind_Speed >  12.47
|   |   |   |   |   |   |--- Soil_Moisture <= 18.84
|   |   |   |   |   |   |   |--- value: [4.80]
|   |   |   |   |   |   |--- Soil_Moisture >  18.84
|   |   |   |   |   |   |   |--- Soil_pH <= 6.11
|   |   |   |   |   |   |   |   |--- Wind_Speed <= 14.41
|   |   |   |   |   |   |   |   |   |--- value: [7.26]
|   |   |   |   |   |   |   |   |--- Wind_Speed >  14.41
|   |   |   |   |   |   |   |   |   |--- value: [6.55]
|   |   |   |   |   |   |   |--- Soil_pH >  6.11
|   |   |   |   |   |   |   |   |--- N <= 100.50
|   |   |   |   |   |   |   |   |   |--- value: [7.20]
|   |   |   |   |   |   |   |   |--- N >  100.50
|   |   |   |   |   |   |   |   |   |--- value: [8.25]
|   |   |   |   |--- Fertilizer_Used >  286.60
|   |   |   |   |   |--- Rainfall <= 865.01
|   |   |   |   |   |   |--- Soil_Moisture <= 44.62
|   |   |   |   |   |   |   |--- Temperature <= 22.78
|   |   |   |   |   |   |   |   |--- Altitude <= 2039.00
|   |   |   |   |   |   |   |   |   |--- value: [8.28]
|   |   |   |   |   |   |   |   |--- Altitude >  2039.00
|   |   |   |   |   |   |   |   |   |--- value: [6.16]
|   |   |   |   |   |   |   |--- Temperature >  22.78
|   |   |   |   |   |   |   |   |--- Wind_Speed <= 10.00
|   |   |   |   |   |   |   |   |   |--- value: [9.45]
|   |   |   |   |   |   |   |   |--- Wind_Speed >  10.00
|   |   |   |   |   |   |   |   |   |--- value: [8.50]
|   |   |   |   |   |   |--- Soil_Moisture >  44.62
|   |   |   |   |   |   |   |--- Organic_Carbon <= 1.44
|   |   |   |   |   |   |   |   |--- Altitude <= 1832.50
|   |   |   |   |   |   |   |   |   |--- value: [8.50]
|   |   |   |   |   |   |   |   |--- Altitude >  1832.50
|   |   |   |   |   |   |   |   |   |--- value: [7.03]
|   |   |   |   |   |   |   |--- Organic_Carbon >  1.44
|   |   |   |   |   |   |   |   |--- Region <= 1.00
|   |   |   |   |   |   |   |   |   |--- value: [5.65]
|   |   |   |   |   |   |   |   |--- Region >  1.00
|   |   |   |   |   |   |   |   |   |--- value: [6.37]
|   |   |   |   |   |--- Rainfall >  865.01
|   |   |   |   |   |   |--- P <= 19.50
|   |   |   |   |   |   |   |--- Soil_pH <= 7.19
|   |   |   |   |   |   |   |   |--- value: [7.63]
|   |   |   |   |   |   |   |--- Soil_pH >  7.19
|   |   |   |   |   |   |   |   |--- value: [8.52]
|   |   |   |   |   |   |--- P >  19.50
|   |   |   |   |   |   |   |--- Soil_Moisture <= 29.69
|   |   |   |   |   |   |   |   |--- P <= 41.00
|   |   |   |   |   |   |   |   |   |--- value: [10.22]
|   |   |   |   |   |   |   |   |--- P >  41.00
|   |   |   |   |   |   |   |   |   |--- value: [11.12]
|   |   |   |   |   |   |   |--- Soil_Moisture >  29.69
|   |   |   |   |   |   |   |   |--- Wind_Speed <= 15.18
|   |   |   |   |   |   |   |   |   |--- value: [9.28]
|   |   |   |   |   |   |   |   |--- Wind_Speed >  15.18
|   |   |   |   |   |   |   |   |   |--- value: [10.38]
|   |   |   |--- Rainfall >  1016.57
|   |   |   |   |--- Soil_Moisture <= 29.23
|   |   |   |   |   |--- Wind_Speed <= 11.84
|   |   |   |   |   |   |--- Fertilizer_Used <= 272.08
|   |   |   |   |   |   |   |--- N <= 129.50
|   |   |   |   |   |   |   |   |--- N <= 124.00
|   |   |   |   |   |   |   |   |   |--- value: [8.30]
|   |   |   |   |   |   |   |   |--- N >  124.00
|   |   |   |   |   |   |   |   |   |--- value: [6.68]
|   |   |   |   |   |   |   |--- N >  129.50
|   |   |   |   |   |   |   |   |--- Sunlight_Hours <= 5.37
|   |   |   |   |   |   |   |   |   |--- value: [8.82]
|   |   |   |   |   |   |   |   |--- Sunlight_Hours >  5.37
|   |   |   |   |   |   |   |   |   |--- value: [9.90]
|   |   |   |   |   |   |--- Fertilizer_Used >  272.08
|   |   |   |   |   |   |   |--- K <= 88.00
|   |   |   |   |   |   |   |   |--- Wind_Speed <= 2.65
|   |   |   |   |   |   |   |   |   |--- value: [7.89]
|   |   |   |   |   |   |   |   |--- Wind_Speed >  2.65
|   |   |   |   |   |   |   |   |   |--- value: [9.65]
|   |   |   |   |   |   |   |--- K >  88.00
|   |   |   |   |   |   |   |   |--- Irrigation_Type <= 0.50
|   |   |   |   |   |   |   |   |   |--- value: [9.53]
|   |   |   |   |   |   |   |   |--- Irrigation_Type >  0.50
|   |   |   |   |   |   |   |   |   |--- value: [10.56]
|   |   |   |   |   |--- Wind_Speed >  11.84
|   |   |   |   |   |   |--- Organic_Carbon <= 1.15
|   |   |   |   |   |   |   |--- Wind_Speed <= 16.22
|   |   |   |   |   |   |   |   |--- Pesticide_Used <= 22.23
|   |   |   |   |   |   |   |   |   |--- value: [8.16]
|   |   |   |   |   |   |   |   |--- Pesticide_Used >  22.23
|   |   |   |   |   |   |   |   |   |--- value: [6.79]
|   |   |   |   |   |   |   |--- Wind_Speed >  16.22
|   |   |   |   |   |   |   |   |--- Pesticide_Used <= 14.25
|   |   |   |   |   |   |   |   |   |--- value: [9.46]
|   |   |   |   |   |   |   |   |--- Pesticide_Used >  14.25
|   |   |   |   |   |   |   |   |   |--- value: [8.61]
|   |   |   |   |   |   |--- Organic_Carbon >  1.15
|   |   |   |   |   |   |   |--- N <= 113.50
|   |   |   |   |   |   |   |   |--- Soil_Moisture <= 25.44
|   |   |   |   |   |   |   |   |   |--- value: [6.32]
|   |   |   |   |   |   |   |   |--- Soil_Moisture >  25.44
|   |   |   |   |   |   |   |   |   |--- value: [7.43]
|   |   |   |   |   |   |   |--- N >  113.50
|   |   |   |   |   |   |   |   |--- Altitude <= 1261.00
|   |   |   |   |   |   |   |   |   |--- value: [8.22]
|   |   |   |   |   |   |   |   |--- Altitude >  1261.00
|   |   |   |   |   |   |   |   |   |--- value: [7.30]
|   |   |   |   |--- Soil_Moisture >  29.23
|   |   |   |   |   |--- Fertilizer_Used <= 260.12
|   |   |   |   |   |   |--- Pesticide_Used <= 8.39
|   |   |   |   |   |   |   |--- Soil_Type <= 0.50
|   |   |   |   |   |   |   |   |--- value: [6.79]
|   |   |   |   |   |   |   |--- Soil_Type >  0.50
|   |   |   |   |   |   |   |   |--- Soil_Moisture <= 37.95
|   |   |   |   |   |   |   |   |   |--- value: [8.66]
|   |   |   |   |   |   |   |   |--- Soil_Moisture >  37.95
|   |   |   |   |   |   |   |   |   |--- value: [8.03]
|   |   |   |   |   |   |--- Pesticide_Used >  8.39
|   |   |   |   |   |   |   |--- Fertilizer_Used <= 230.24
|   |   |   |   |   |   |   |   |--- P <= 79.50
|   |   |   |   |   |   |   |   |   |--- value: [9.62]
|   |   |   |   |   |   |   |   |--- P >  79.50
|   |   |   |   |   |   |   |   |   |--- value: [10.84]
|   |   |   |   |   |   |   |--- Fertilizer_Used >  230.24
|   |   |   |   |   |   |   |   |--- N <= 49.50
|   |   |   |   |   |   |   |   |   |--- value: [9.83]
|   |   |   |   |   |   |   |   |--- N >  49.50
|   |   |   |   |   |   |   |   |   |--- value: [8.89]
|   |   |   |   |   |--- Fertilizer_Used >  260.12
|   |   |   |   |   |   |--- Wind_Speed <= 9.03
|   |   |   |   |   |   |   |--- Soil_pH <= 7.36
|   |   |   |   |   |   |   |   |--- P <= 46.50
|   |   |   |   |   |   |   |   |   |--- value: [10.14]
|   |   |   |   |   |   |   |   |--- P >  46.50
|   |   |   |   |   |   |   |   |   |--- value: [10.64]
|   |   |   |   |   |   |   |--- Soil_pH >  7.36
|   |   |   |   |   |   |   |   |--- Wind_Speed <= 4.97
|   |   |   |   |   |   |   |   |   |--- value: [9.83]
|   |   |   |   |   |   |   |   |--- Wind_Speed >  4.97
|   |   |   |   |   |   |   |   |   |--- value: [8.21]
|   |   |   |   |   |   |--- Wind_Speed >  9.03
|   |   |   |   |   |   |   |--- Soil_Type <= 0.50
|   |   |   |   |   |   |   |   |--- N <= 72.00
|   |   |   |   |   |   |   |   |   |--- value: [9.42]
|   |   |   |   |   |   |   |   |--- N >  72.00
|   |   |   |   |   |   |   |   |   |--- value: [7.23]
|   |   |   |   |   |   |   |--- Soil_Type >  0.50
|   |   |   |   |   |   |   |   |--- Fertilizer_Used <= 344.42
|   |   |   |   |   |   |   |   |   |--- value: [9.78]
|   |   |   |   |   |   |   |   |--- Fertilizer_Used >  344.42
|   |   |   |   |   |   |   |   |   |--- value: [7.28]
|   |   |--- Soil_Moisture >  53.34
|   |   |   |--- Soil_pH <= 7.56
|   |   |   |   |--- N <= 94.50
|   |   |   |   |   |--- Sunlight_Hours <= 8.94
|   |   |   |   |   |   |--- Temperature <= 12.02
|   |   |   |   |   |   |   |--- Wind_Speed <= 13.85
|   |   |   |   |   |   |   |   |--- Fertilizer_Used <= 320.65
|   |   |   |   |   |   |   |   |   |--- value: [11.08]
|   |   |   |   |   |   |   |   |--- Fertilizer_Used >  320.65
|   |   |   |   |   |   |   |   |   |--- value: [10.75]
|   |   |   |   |   |   |   |--- Wind_Speed >  13.85
|   |   |   |   |   |   |   |   |--- Altitude <= 1487.50
|   |   |   |   |   |   |   |   |   |--- value: [9.74]
|   |   |   |   |   |   |   |   |--- Altitude >  1487.50
|   |   |   |   |   |   |   |   |   |--- value: [9.30]
|   |   |   |   |   |   |--- Temperature >  12.02
|   |   |   |   |   |   |   |--- Organic_Carbon <= 0.82
|   |   |   |   |   |   |   |   |--- Rainfall <= 567.38
|   |   |   |   |   |   |   |   |   |--- value: [7.47]
|   |   |   |   |   |   |   |   |--- Rainfall >  567.38
|   |   |   |   |   |   |   |   |   |--- value: [8.41]
|   |   |   |   |   |   |   |--- Organic_Carbon >  0.82
|   |   |   |   |   |   |   |   |--- Sunlight_Hours <= 8.07
|   |   |   |   |   |   |   |   |   |--- value: [8.70]
|   |   |   |   |   |   |   |   |--- Sunlight_Hours >  8.07
|   |   |   |   |   |   |   |   |   |--- value: [9.72]
|   |   |   |   |   |--- Sunlight_Hours >  8.94
|   |   |   |   |   |   |--- Soil_Moisture <= 58.75
|   |   |   |   |   |   |   |--- Temperature <= 33.99
|   |   |   |   |   |   |   |   |--- Rainfall <= 1291.94
|   |   |   |   |   |   |   |   |   |--- value: [10.15]
|   |   |   |   |   |   |   |   |--- Rainfall >  1291.94
|   |   |   |   |   |   |   |   |   |--- value: [9.90]
|   |   |   |   |   |   |   |--- Temperature >  33.99
|   |   |   |   |   |   |   |   |--- value: [9.04]
|   |   |   |   |   |   |--- Soil_Moisture >  58.75
|   |   |   |   |   |   |   |--- N <= 61.00
|   |   |   |   |   |   |   |   |--- value: [10.58]
|   |   |   |   |   |   |   |--- N >  61.00
|   |   |   |   |   |   |   |   |--- P <= 81.00
|   |   |   |   |   |   |   |   |   |--- value: [10.89]
|   |   |   |   |   |   |   |   |--- P >  81.00
|   |   |   |   |   |   |   |   |   |--- value: [11.16]
|   |   |   |   |--- N >  94.50
|   |   |   |   |   |--- Organic_Carbon <= 0.39
|   |   |   |   |   |   |--- Wind_Speed <= 8.70
|   |   |   |   |   |   |   |--- Pesticide_Used <= 3.56
|   |   |   |   |   |   |   |   |--- value: [12.11]
|   |   |   |   |   |   |   |--- Pesticide_Used >  3.56
|   |   |   |   |   |   |   |   |--- Season <= 1.50
|   |   |   |   |   |   |   |   |   |--- value: [11.58]
|   |   |   |   |   |   |   |   |--- Season >  1.50
|   |   |   |   |   |   |   |   |   |--- value: [11.80]
|   |   |   |   |   |   |--- Wind_Speed >  8.70
|   |   |   |   |   |   |   |--- value: [10.65]
|   |   |   |   |   |--- Organic_Carbon >  0.39
|   |   |   |   |   |   |--- Soil_Moisture <= 55.78
|   |   |   |   |   |   |   |--- Humidity <= 81.58
|   |   |   |   |   |   |   |   |--- Wind_Speed <= 15.51
|   |   |   |   |   |   |   |   |   |--- value: [10.95]
|   |   |   |   |   |   |   |   |--- Wind_Speed >  15.51
|   |   |   |   |   |   |   |   |   |--- value: [11.51]
|   |   |   |   |   |   |   |--- Humidity >  81.58
|   |   |   |   |   |   |   |   |--- value: [9.70]
|   |   |   |   |   |   |--- Soil_Moisture >  55.78
|   |   |   |   |   |   |   |--- Wind_Speed <= 14.91
|   |   |   |   |   |   |   |   |--- Organic_Carbon <= 0.95
|   |   |   |   |   |   |   |   |   |--- value: [9.80]
|   |   |   |   |   |   |   |   |--- Organic_Carbon >  0.95
|   |   |   |   |   |   |   |   |   |--- value: [10.63]
|   |   |   |   |   |   |   |--- Wind_Speed >  14.91
|   |   |   |   |   |   |   |   |--- Wind_Speed <= 16.85
|   |   |   |   |   |   |   |   |   |--- value: [8.34]
|   |   |   |   |   |   |   |   |--- Wind_Speed >  16.85
|   |   |   |   |   |   |   |   |   |--- value: [9.79]
|   |   |   |--- Soil_pH >  7.56
|   |   |   |   |--- Fertilizer_Used <= 255.42
|   |   |   |   |   |--- N <= 103.50
|   |   |   |   |   |   |--- Rainfall <= 407.43
|   |   |   |   |   |   |   |--- value: [8.53]
|   |   |   |   |   |   |--- Rainfall >  407.43
|   |   |   |   |   |   |   |--- value: [7.73]
|   |   |   |   |   |--- N >  103.50
|   |   |   |   |   |   |--- Region <= 3.00
|   |   |   |   |   |   |   |--- value: [6.92]
|   |   |   |   |   |   |--- Region >  3.00
|   |   |   |   |   |   |   |--- value: [6.44]
|   |   |   |   |--- Fertilizer_Used >  255.42
|   |   |   |   |   |--- Humidity <= 53.92
|   |   |   |   |   |   |--- N <= 171.00
|   |   |   |   |   |   |   |--- P <= 87.00
|   |   |   |   |   |   |   |   |--- N <= 141.50
|   |   |   |   |   |   |   |   |   |--- value: [9.46]
|   |   |   |   |   |   |   |   |--- N >  141.50
|   |   |   |   |   |   |   |   |   |--- value: [9.80]
|   |   |   |   |   |   |   |--- P >  87.00
|   |   |   |   |   |   |   |   |--- Rainfall <= 480.78
|   |   |   |   |   |   |   |   |   |--- value: [9.20]
|   |   |   |   |   |   |   |   |--- Rainfall >  480.78
|   |   |   |   |   |   |   |   |   |--- value: [8.98]
|   |   |   |   |   |   |--- N >  171.00
|   |   |   |   |   |   |   |--- value: [10.51]
|   |   |   |   |   |--- Humidity >  53.92
|   |   |   |   |   |   |--- K <= 111.00
|   |   |   |   |   |   |   |--- value: [8.74]
|   |   |   |   |   |   |--- K >  111.00
|   |   |   |   |   |   |   |--- value: [7.80]
|   |--- Rainfall >  1775.10
|   |   |--- Soil_Moisture <= 34.95
|   |   |   |--- K <= 123.00
|   |   |   |   |--- Fertilizer_Used <= 253.47
|   |   |   |   |   |--- Soil_Moisture <= 25.92
|   |   |   |   |   |   |--- Fertilizer_Used <= 248.03
|   |   |   |   |   |   |   |--- Sunlight_Hours <= 10.43
|   |   |   |   |   |   |   |   |--- Organic_Carbon <= 0.45
|   |   |   |   |   |   |   |   |   |--- value: [8.93]
|   |   |   |   |   |   |   |   |--- Organic_Carbon >  0.45
|   |   |   |   |   |   |   |   |   |--- value: [8.02]
|   |   |   |   |   |   |   |--- Sunlight_Hours >  10.43
|   |   |   |   |   |   |   |   |--- value: [6.72]
|   |   |   |   |   |   |--- Fertilizer_Used >  248.03
|   |   |   |   |   |   |   |--- Rainfall <= 1927.65
|   |   |   |   |   |   |   |   |--- value: [6.49]
|   |   |   |   |   |   |   |--- Rainfall >  1927.65
|   |   |   |   |   |   |   |   |--- value: [6.88]
|   |   |   |   |   |--- Soil_Moisture >  25.92
|   |   |   |   |   |   |--- Pesticide_Used <= 8.33
|   |   |   |   |   |   |   |--- Sunlight_Hours <= 5.56
|   |   |   |   |   |   |   |   |--- value: [8.54]
|   |   |   |   |   |   |   |--- Sunlight_Hours >  5.56
|   |   |   |   |   |   |   |   |--- value: [7.53]
|   |   |   |   |   |   |--- Pesticide_Used >  8.33
|   |   |   |   |   |   |   |--- Rainfall <= 2135.18
|   |   |   |   |   |   |   |   |--- Pesticide_Used <= 15.37
|   |   |   |   |   |   |   |   |   |--- value: [8.94]
|   |   |   |   |   |   |   |   |--- Pesticide_Used >  15.37
|   |   |   |   |   |   |   |   |   |--- value: [8.68]
|   |   |   |   |   |   |   |--- Rainfall >  2135.18
|   |   |   |   |   |   |   |   |--- Rainfall <= 2390.72
|   |   |   |   |   |   |   |   |   |--- value: [10.54]
|   |   |   |   |   |   |   |   |--- Rainfall >  2390.72
|   |   |   |   |   |   |   |   |   |--- value: [9.50]
|   |   |   |   |--- Fertilizer_Used >  253.47
|   |   |   |   |   |--- N <= 123.00
|   |   |   |   |   |   |--- Soil_pH <= 5.69
|   |   |   |   |   |   |   |--- Soil_Moisture <= 32.11
|   |   |   |   |   |   |   |   |--- Fertilizer_Used <= 316.99
|   |   |   |   |   |   |   |   |   |--- value: [8.51]
|   |   |   |   |   |   |   |   |--- Fertilizer_Used >  316.99
|   |   |   |   |   |   |   |   |   |--- value: [10.29]
|   |   |   |   |   |   |   |--- Soil_Moisture >  32.11
|   |   |   |   |   |   |   |   |--- Temperature <= 21.77
|   |   |   |   |   |   |   |   |   |--- value: [7.19]
|   |   |   |   |   |   |   |   |--- Temperature >  21.77
|   |   |   |   |   |   |   |   |   |--- value: [6.56]
|   |   |   |   |   |   |--- Soil_pH >  5.69
|   |   |   |   |   |   |   |--- Soil_pH <= 7.80
|   |   |   |   |   |   |   |   |--- Sunlight_Hours <= 6.88
|   |   |   |   |   |   |   |   |   |--- value: [10.82]
|   |   |   |   |   |   |   |   |--- Sunlight_Hours >  6.88
|   |   |   |   |   |   |   |   |   |--- value: [9.49]
|   |   |   |   |   |   |   |--- Soil_pH >  7.80
|   |   |   |   |   |   |   |   |--- Wind_Speed <= 15.89
|   |   |   |   |   |   |   |   |   |--- value: [8.98]
|   |   |   |   |   |   |   |   |--- Wind_Speed >  15.89
|   |   |   |   |   |   |   |   |   |--- value: [6.66]
|   |   |   |   |   |--- N >  123.00
|   |   |   |   |   |   |--- Sunlight_Hours <= 5.50
|   |   |   |   |   |   |   |--- Sunlight_Hours <= 5.19
|   |   |   |   |   |   |   |   |--- value: [12.63]
|   |   |   |   |   |   |   |--- Sunlight_Hours >  5.19
|   |   |   |   |   |   |   |   |--- value: [11.73]
|   |   |   |   |   |   |--- Sunlight_Hours >  5.50
|   |   |   |   |   |   |   |--- N <= 147.50
|   |   |   |   |   |   |   |   |--- Fertilizer_Used <= 307.78
|   |   |   |   |   |   |   |   |   |--- value: [10.18]
|   |   |   |   |   |   |   |   |--- Fertilizer_Used >  307.78
|   |   |   |   |   |   |   |   |   |--- value: [11.19]
|   |   |   |   |   |   |   |--- N >  147.50
|   |   |   |   |   |   |   |   |--- Irrigation_Type <= 0.50
|   |   |   |   |   |   |   |   |   |--- value: [9.72]
|   |   |   |   |   |   |   |   |--- Irrigation_Type >  0.50
|   |   |   |   |   |   |   |   |   |--- value: [9.44]
|   |   |   |--- K >  123.00
|   |   |   |   |--- Pesticide_Used <= 8.77
|   |   |   |   |   |--- P <= 51.50
|   |   |   |   |   |   |--- Soil_pH <= 6.12
|   |   |   |   |   |   |   |--- Pesticide_Used <= 4.00
|   |   |   |   |   |   |   |   |--- value: [10.32]
|   |   |   |   |   |   |   |--- Pesticide_Used >  4.00
|   |   |   |   |   |   |   |   |--- value: [10.37]
|   |   |   |   |   |   |--- Soil_pH >  6.12
|   |   |   |   |   |   |   |--- N <= 98.00
|   |   |   |   |   |   |   |   |--- value: [11.39]
|   |   |   |   |   |   |   |--- N >  98.00
|   |   |   |   |   |   |   |   |--- value: [11.08]
|   |   |   |   |   |--- P >  51.50
|   |   |   |   |   |   |--- N <= 57.00
|   |   |   |   |   |   |   |--- value: [11.14]
|   |   |   |   |   |   |--- N >  57.00
|   |   |   |   |   |   |   |--- Fertilizer_Used <= 240.60
|   |   |   |   |   |   |   |   |--- value: [11.84]
|   |   |   |   |   |   |   |--- Fertilizer_Used >  240.60
|   |   |   |   |   |   |   |   |--- P <= 59.00
|   |   |   |   |   |   |   |   |   |--- value: [11.51]
|   |   |   |   |   |   |   |   |--- P >  59.00
|   |   |   |   |   |   |   |   |   |--- value: [11.60]
|   |   |   |   |--- Pesticide_Used >  8.77
|   |   |   |   |   |--- Sunlight_Hours <= 8.28
|   |   |   |   |   |   |--- Soil_pH <= 6.93
|   |   |   |   |   |   |   |--- Soil_Moisture <= 21.39
|   |   |   |   |   |   |   |   |--- Rainfall <= 2735.73
|   |   |   |   |   |   |   |   |   |--- value: [9.95]
|   |   |   |   |   |   |   |   |--- Rainfall >  2735.73
|   |   |   |   |   |   |   |   |   |--- value: [9.89]
|   |   |   |   |   |   |   |--- Soil_Moisture >  21.39
|   |   |   |   |   |   |   |   |--- Wind_Speed <= 10.84
|   |   |   |   |   |   |   |   |   |--- value: [10.53]
|   |   |   |   |   |   |   |   |--- Wind_Speed >  10.84
|   |   |   |   |   |   |   |   |   |--- value: [10.30]
|   |   |   |   |   |   |--- Soil_pH >  6.93
|   |   |   |   |   |   |   |--- Rainfall <= 2224.26
|   |   |   |   |   |   |   |   |--- value: [11.04]
|   |   |   |   |   |   |   |--- Rainfall >  2224.26
|   |   |   |   |   |   |   |   |--- value: [11.29]
|   |   |   |   |   |--- Sunlight_Hours >  8.28
|   |   |   |   |   |   |--- Altitude <= 448.00
|   |   |   |   |   |   |   |--- value: [8.23]
|   |   |   |   |   |   |--- Altitude >  448.00
|   |   |   |   |   |   |   |--- P <= 69.00
|   |   |   |   |   |   |   |   |--- value: [9.02]
|   |   |   |   |   |   |   |--- P >  69.00
|   |   |   |   |   |   |   |   |--- value: [8.75]
|   |   |--- Soil_Moisture >  34.95
|   |   |   |--- Rainfall <= 2425.13
|   |   |   |   |--- N <= 104.50
|   |   |   |   |   |--- Fertilizer_Used <= 296.93
|   |   |   |   |   |   |--- Soil_pH <= 6.91
|   |   |   |   |   |   |   |--- Sunlight_Hours <= 9.38
|   |   |   |   |   |   |   |   |--- Region <= 2.50
|   |   |   |   |   |   |   |   |   |--- value: [8.91]
|   |   |   |   |   |   |   |   |--- Region >  2.50
|   |   |   |   |   |   |   |   |   |--- value: [9.71]
|   |   |   |   |   |   |   |--- Sunlight_Hours >  9.38
|   |   |   |   |   |   |   |   |--- Soil_pH <= 5.82
|   |   |   |   |   |   |   |   |   |--- value: [7.81]
|   |   |   |   |   |   |   |   |--- Soil_pH >  5.82
|   |   |   |   |   |   |   |   |   |--- value: [7.85]
|   |   |   |   |   |   |--- Soil_pH >  6.91
|   |   |   |   |   |   |   |--- Organic_Carbon <= 1.08
|   |   |   |   |   |   |   |   |--- Organic_Carbon <= 0.61
|   |   |   |   |   |   |   |   |   |--- value: [9.85]
|   |   |   |   |   |   |   |   |--- Organic_Carbon >  0.61
|   |   |   |   |   |   |   |   |   |--- value: [10.73]
|   |   |   |   |   |   |   |--- Organic_Carbon >  1.08
|   |   |   |   |   |   |   |   |--- Temperature <= 15.18
|   |   |   |   |   |   |   |   |   |--- value: [10.35]
|   |   |   |   |   |   |   |   |--- Temperature >  15.18
|   |   |   |   |   |   |   |   |   |--- value: [8.97]
|   |   |   |   |   |--- Fertilizer_Used >  296.93
|   |   |   |   |   |   |--- Pesticide_Used <= 14.12
|   |   |   |   |   |   |   |--- Soil_Moisture <= 47.82
|   |   |   |   |   |   |   |   |--- Humidity <= 45.77
|   |   |   |   |   |   |   |   |   |--- value: [9.85]
|   |   |   |   |   |   |   |   |--- Humidity >  45.77
|   |   |   |   |   |   |   |   |   |--- value: [9.49]
|   |   |   |   |   |   |   |--- Soil_Moisture >  47.82
|   |   |   |   |   |   |   |   |--- Soil_Moisture <= 55.70
|   |   |   |   |   |   |   |   |   |--- value: [10.68]
|   |   |   |   |   |   |   |   |--- Soil_Moisture >  55.70
|   |   |   |   |   |   |   |   |   |--- value: [10.21]
|   |   |   |   |   |   |--- Pesticide_Used >  14.12
|   |   |   |   |   |   |   |--- Sunlight_Hours <= 7.65
|   |   |   |   |   |   |   |   |--- Sunlight_Hours <= 5.97
|   |   |   |   |   |   |   |   |   |--- value: [10.95]
|   |   |   |   |   |   |   |   |--- Sunlight_Hours >  5.97
|   |   |   |   |   |   |   |   |   |--- value: [9.92]
|   |   |   |   |   |   |   |--- Sunlight_Hours >  7.65
|   |   |   |   |   |   |   |   |--- N <= 77.00
|   |   |   |   |   |   |   |   |   |--- value: [11.20]
|   |   |   |   |   |   |   |   |--- N >  77.00
|   |   |   |   |   |   |   |   |   |--- value: [12.43]
|   |   |   |   |--- N >  104.50
|   |   |   |   |   |--- Soil_Moisture <= 54.83
|   |   |   |   |   |   |--- Temperature <= 38.83
|   |   |   |   |   |   |   |--- Sunlight_Hours <= 6.83
|   |   |   |   |   |   |   |   |--- Wind_Speed <= 6.89
|   |   |   |   |   |   |   |   |   |--- value: [10.55]
|   |   |   |   |   |   |   |   |--- Wind_Speed >  6.89
|   |   |   |   |   |   |   |   |   |--- value: [9.03]
|   |   |   |   |   |   |   |--- Sunlight_Hours >  6.83
|   |   |   |   |   |   |   |   |--- N <= 118.50
|   |   |   |   |   |   |   |   |   |--- value: [11.29]
|   |   |   |   |   |   |   |   |--- N >  118.50
|   |   |   |   |   |   |   |   |   |--- value: [10.27]
|   |   |   |   |   |   |--- Temperature >  38.83
|   |   |   |   |   |   |   |--- value: [13.20]
|   |   |   |   |   |--- Soil_Moisture >  54.83
|   |   |   |   |   |   |--- Pesticide_Used <= 18.41
|   |   |   |   |   |   |   |--- Pesticide_Used <= 16.36
|   |   |   |   |   |   |   |   |--- Fertilizer_Used <= 323.14
|   |   |   |   |   |   |   |   |   |--- value: [10.93]
|   |   |   |   |   |   |   |   |--- Fertilizer_Used >  323.14
|   |   |   |   |   |   |   |   |   |--- value: [11.85]
|   |   |   |   |   |   |   |--- Pesticide_Used >  16.36
|   |   |   |   |   |   |   |   |--- K <= 93.50
|   |   |   |   |   |   |   |   |   |--- value: [9.13]
|   |   |   |   |   |   |   |   |--- K >  93.50
|   |   |   |   |   |   |   |   |   |--- value: [9.10]
|   |   |   |   |   |   |--- Pesticide_Used >  18.41
|   |   |   |   |   |   |   |--- N <= 156.50
|   |   |   |   |   |   |   |   |--- Region <= 2.50
|   |   |   |   |   |   |   |   |   |--- value: [12.05]
|   |   |   |   |   |   |   |   |--- Region >  2.50
|   |   |   |   |   |   |   |   |   |--- value: [11.61]
|   |   |   |   |   |   |   |--- N >  156.50
|   |   |   |   |   |   |   |   |--- Fertilizer_Used <= 292.46
|   |   |   |   |   |   |   |   |   |--- value: [12.88]
|   |   |   |   |   |   |   |   |--- Fertilizer_Used >  292.46
|   |   |   |   |   |   |   |   |   |--- value: [12.92]
|   |   |   |--- Rainfall >  2425.13
|   |   |   |   |--- Soil_pH <= 5.35
|   |   |   |   |   |--- Sunlight_Hours <= 8.05
|   |   |   |   |   |   |--- Irrigation_Type <= 2.50
|   |   |   |   |   |   |   |--- Soil_Type <= 2.50
|   |   |   |   |   |   |   |   |--- value: [9.95]
|   |   |   |   |   |   |   |--- Soil_Type >  2.50
|   |   |   |   |   |   |   |   |--- value: [9.70]
|   |   |   |   |   |   |--- Irrigation_Type >  2.50
|   |   |   |   |   |   |   |--- value: [8.69]
|   |   |   |   |   |--- Sunlight_Hours >  8.05
|   |   |   |   |   |   |--- Soil_Moisture <= 57.91
|   |   |   |   |   |   |   |--- Soil_Type <= 1.50
|   |   |   |   |   |   |   |   |--- value: [10.22]
|   |   |   |   |   |   |   |--- Soil_Type >  1.50
|   |   |   |   |   |   |   |   |--- value: [10.45]
|   |   |   |   |   |   |--- Soil_Moisture >  57.91
|   |   |   |   |   |   |   |--- Sunlight_Hours <= 9.56
|   |   |   |   |   |   |   |   |--- value: [10.74]
|   |   |   |   |   |   |   |--- Sunlight_Hours >  9.56
|   |   |   |   |   |   |   |   |--- value: [11.18]
|   |   |   |   |--- Soil_pH >  5.35
|   |   |   |   |   |--- Wind_Speed <= 1.68
|   |   |   |   |   |   |--- Sunlight_Hours <= 5.72
|   |   |   |   |   |   |   |--- value: [9.25]
|   |   |   |   |   |   |--- Sunlight_Hours >  5.72
|   |   |   |   |   |   |   |--- value: [8.92]
|   |   |   |   |   |--- Wind_Speed >  1.68
|   |   |   |   |   |   |--- Sunlight_Hours <= 8.94
|   |   |   |   |   |   |   |--- Sunlight_Hours <= 6.29
|   |   |   |   |   |   |   |   |--- Pesticide_Used <= 0.48
|   |   |   |   |   |   |   |   |   |--- value: [13.73]
|   |   |   |   |   |   |   |   |--- Pesticide_Used >  0.48
|   |   |   |   |   |   |   |   |   |--- value: [11.28]
|   |   |   |   |   |   |   |--- Sunlight_Hours >  6.29
|   |   |   |   |   |   |   |   |--- N <= 127.00
|   |   |   |   |   |   |   |   |   |--- value: [11.75]
|   |   |   |   |   |   |   |   |--- N >  127.00
|   |   |   |   |   |   |   |   |   |--- value: [12.79]
|   |   |   |   |   |   |--- Sunlight_Hours >  8.94
|   |   |   |   |   |   |   |--- Soil_pH <= 6.53
|   |   |   |   |   |   |   |   |--- N <= 109.00
|   |   |   |   |   |   |   |   |   |--- value: [11.76]
|   |   |   |   |   |   |   |   |--- N >  109.00
|   |   |   |   |   |   |   |   |   |--- value: [10.93]
|   |   |   |   |   |   |   |--- Soil_pH >  6.53
|   |   |   |   |   |   |   |   |--- Fertilizer_Used <= 296.09
|   |   |   |   |   |   |   |   |   |--- value: [9.53]
|   |   |   |   |   |   |   |   |--- Fertilizer_Used >  296.09
|   |   |   |   |   |   |   |   |   |--- value: [10.88]
