|--- Fertilizer_Used <= 238.98
|   |--- Rainfall <= 1363.57
|   |   |--- Fertilizer_Used <= 126.20
|   |   |   |--- Soil_Moisture <= 37.14
|   |   |   |   |--- Temperature <= 34.90
|   |   |   |   |   |--- K <= 99.50
|   |   |   |   |   |   |--- N <= 118.50
|   |   |   |   |   |   |   |--- Rainfall <= 718.61
|   |   |   |   |   |   |   |   |--- Altitude <= 559.50
|   |   |   |   |   |   |   |   |   |--- value: [21.40]
|   |   |   |   |   |   |   |   |--- Altitude >  559.50
|   |   |   |   |   |   |   |   |   |--- value: [20.58]
|   |   |   |   |   |   |   |--- Rainfall >  718.61
|   |   |   |   |   |   |   |   |--- Altitude <= 369.00
|   |   |   |   |   |   |   |   |   |--- value: [23.11]
|   |   |   |   |   |   |   |   |--- Altitude >  369.00
|   |   |   |   |   |   |   |   |   |--- value: [21.76]
|   |   |   |   |   |   |--- N >  118.50
|   |   |   |   |   |   |   |--- Soil_pH <= 6.97
|   |   |   |   |   |   |   |   |--- Season <= 0.50
|   |   |   |   |   |   |   |   |   |--- value: [23.03]
|   |   |   |   |   |   |   |   |--- Season >  0.50
|   |   |   |   |   |   |   |   |   |--- value: [22.56]
|   |   |   |   |   |   |   |--- Soil_pH >  6.97
|   |   |   |   |   |   |   |   |--- Soil_pH <= 7.78
|   |   |   |   |   |   |   |   |   |--- value: [22.12]
|   |   |   |   |   |   |   |   |--- Soil_pH >  7.78
|   |   |   |   |   |   |   |   |   |--- value: [21.42]
|   |   |   |   |   |--- K >  99.50
|   |   |   |   |   |   |--- Soil_Type <= 1.50
|   |   |   |   |   |   |   |--- Sunlight_Hours <= 7.30
|   |   |   |   |   |   |   |   |--- Pesticide_Used <= 10.72
|   |   |   |   |   |   |   |   |   |--- value: [22.90]
|   |   |   |   |   |   |   |   |--- Pesticide_Used >  10.72
|   |   |   |   |   |   |   |   |   |--- value: [23.37]
|   |   |   |   |   |   |   |--- Sunlight_Hours >  7.30
|   |   |   |   |   |   |   |   |--- Sunlight_Hours <= 8.30
|   |   |   |   |   |   |   |   |   |--- value: [24.07]
|   |   |   |   |   |   |   |   |--- Sunlight_Hours >  8.30
|   |   |   |   |   |   |   |   |   |--- value: [23.77]
|   |   |   |   |   |   |--- Soil_Type >  1.50
|   |   |   |   |   |   |   |--- Temperature <= 22.43
|   |   |   |   |   |   |   |   |--- Soil_pH <= 7.50
|   |   |   |   |   |   |   |   |   |--- value: [23.13]
|   |   |   |   |   |   |   |   |--- Soil_pH >  7.50
|   |   |   |   |   |   |   |   |   |--- value: [22.45]
|   |   |   |   |   |   |   |--- Temperature >  22.43
|   |   |   |   |   |   |   |   |--- Fertilizer_Used <= 75.65
|   |   |   |   |   |   |   |   |   |--- value: [23.02]
|   |   |   |   |   |   |   |   |--- Fertilizer_Used >  75.65
|   |   |   |   |   |   |   |   |   |--- value: [21.37]
|   |   |   |   |--- Temperature >  34.90
|   |   |   |   |   |--- Wind_Speed <= 14.72
|   |   |   |   |   |   |--- Fertilizer_Used <= 91.60
|   |   |   |   |   |   |   |--- Humidity <= 45.31
|   |   |   |   |   |   |   |   |--- Altitude <= 2110.00
|   |   |   |   |   |   |   |   |   |--- value: [23.31]
|   |   |   |   |   |   |   |   |--- Altitude >  2110.00
|   |   |   |   |   |   |   |   |   |--- value: [23.37]
|   |   |   |   |   |   |   |--- Humidity >  45.31
|   |   |   |   |   |   |   |   |--- Sunlight_Hours <= 8.61
|   |   |   |   |   |   |   |   |   |--- value: [22.71]
|   |   |   |   |   |   |   |   |--- Sunlight_Hours >  8.61
|   |   |   |   |   |   |   |   |   |--- value: [22.17]
|   |   |   |   |   |   |--- Fertilizer_Used >  91.60
|   |   |   |   |   |   |   |--- P <= 54.50
|   |   |   |   |   |   |   |   |--- Irrigation_Type <= 1.50
|   |   |   |   |   |   |   |   |   |--- value: [23.71]
|   |   |   |   |   |   |   |   |--- Irrigation_Type >  1.50
|   |   |   |   |   |   |   |   |   |--- value: [23.30]
|   |   |   |   |   |   |   |--- P >  54.50
|   |   |   |   |   |   |   |   |--- P <= 70.50
|   |   |   |   |   |   |   |   |   |--- value: [24.63]
|   |   |   |   |   |   |   |   |--- P >  70.50
|   |   |   |   |   |   |   |   |   |--- value: [23.46]
|   |   |   |   |   |--- Wind_Speed >  14.72
|   |   |   |   |   |   |--- Season <= 1.00
|   |   |   |   |   |   |   |--- value: [21.72]
|   |   |   |   |   |   |--- Season >  1.00
|   |   |   |   |   |   |   |--- Soil_Type <= 1.00
|   |   |   |   |   |   |   |   |--- value: [21.19]
|   |   |   |   |   |   |   |--- Soil_Type >  1.00
|   |   |   |   |   |   |   |   |--- value: [20.83]
|   |   |   |--- Soil_Moisture >  37.14
|   |   |   |   |--- K <= 36.50
|   |   |   |   |   |--- Humidity <= 48.06
|   |   |   |   |   |   |--- Sunlight_Hours <= 10.28
|   |   |   |   |   |   |   |--- Humidity <= 43.17
|   |   |   |   |   |   |   |   |--- value: [21.38]
|   |   |   |   |   |   |   |--- Humidity >  43.17
|   |   |   |   |   |   |   |   |--- value: [21.42]
|   |   |   |   |   |   |--- Sunlight_Hours >  10.28
|   |   |   |   |   |   |   |--- value: [20.34]
|   |   |   |   |   |--- Humidity >  48.06
|   |   |   |   |   |   |--- Pesticide_Used <= 9.76
|   |   |   |   |   |   |   |--- N <= 87.00
|   |   |   |   |   |   |   |   |--- value: [23.06]
|   |   |   |   |   |   |   |--- N >  87.00
|   |   |   |   |   |   |   |   |--- Pesticide_Used <= 5.57
|   |   |   |   |   |   |   |   |   |--- value: [23.74]
|   |   |   |   |   |   |   |   |--- Pesticide_Used >  5.57
|   |   |   |   |   |   |   |   |   |--- value: [23.95]
|   |   |   |   |   |   |--- Pesticide_Used >  9.76
|   |   |   |   |   |   |   |--- Wind_Speed <= 3.84
|   |   |   |   |   |   |   |   |--- value: [21.60]
|   |   |   |   |   |   |   |--- Wind_Speed >  3.84
|   |   |   |   |   |   |   |   |--- Altitude <= 1698.50
|   |   |   |   |   |   |   |   |   |--- value: [22.59]
|   |   |   |   |   |   |   |   |--- Altitude >  1698.50
|   |   |   |   |   |   |   |   |   |--- value: [22.23]
|   |   |   |   |--- K >  36.50
|   |   |   |   |   |--- N <= 133.50
|   |   |   |   |   |   |--- P <= 28.50
|   |   |   |   |   |   |   |--- K <= 111.00
|   |   |   |   |   |   |   |   |--- Pesticide_Used <= 0.88
|   |   |   |   |   |   |   |   |   |--- value: [25.04]
|   |   |   |   |   |   |   |   |--- Pesticide_Used >  0.88
|   |   |   |   |   |   |   |   |   |--- value: [24.48]
|   |   |   |   |   |   |   |--- K >  111.00
|   |   |   |   |   |   |   |   |--- Irrigation_Type <= 1.50
|   |   |   |   |   |   |   |   |   |--- value: [23.55]
|   |   |   |   |   |   |   |   |--- Irrigation_Type >  1.50
|   |   |   |   |   |   |   |   |   |--- value: [23.97]
|   |   |   |   |   |   |--- P >  28.50
|   |   |   |   |   |   |   |--- Rainfall <= 370.85
|   |   |   |   |   |   |   |   |--- Soil_Moisture <= 45.17
|   |   |   |   |   |   |   |   |   |--- value: [23.07]
|   |   |   |   |   |   |   |   |--- Soil_Moisture >  45.17
|   |   |   |   |   |   |   |   |   |--- value: [21.66]
|   |   |   |   |   |   |   |--- Rainfall >  370.85
|   |   |   |   |   |   |   |   |--- Soil_pH <= 5.84
|   |   |   |   |   |   |   |   |   |--- value: [22.73]
|   |   |   |   |   |   |   |   |--- Soil_pH >  5.84
|   |   |   |   |   |   |   |   |   |--- value: [23.59]
|   |   |   |   |   |--- N >  133.50
|   |   |   |   |   |   |--- Soil_Type <= 0.50
|   |   |   |   |   |   |   |--- Sunlight_Hours <= 6.88
|   |   |   |   |   |   |   |   |--- value: [25.08]
|   |   |   |   |   |   |   |--- Sunlight_Hours >  6.88
|   |   |   |   |   |   |   |   |--- value: [25.57]
|   |   |   |   |   |   |--- Soil_Type >  0.50
|   |   |   |   |   |   |   |--- Irrigation_Type <= 2.50
|   |   |   |   |   |   |   |   |--- N <= 136.50
|   |   |   |   |   |   |   |   |   |--- value: [25.32]
|   |   |   |   |   |   |   |   |--- N >  136.50
|   |   |   |   |   |   |   |   |   |--- value: [24.23]
|   |   |   |   |   |   |   |--- Irrigation_Type >  2.50
|   |   |   |   |   |   |   |   |--- Soil_pH <= 7.77
|   |   |   |   |   |   |   |   |   |--- value: [23.34]
|   |   |   |   |   |   |   |   |--- Soil_pH >  7.77
|   |   |   |   |   |   |   |   |   |--- value: [23.74]
|   |   |--- Fertilizer_Used >  126.20
|   |   |   |--- Soil_Moisture <= 28.99
|   |   |   |   |--- Soil_pH <= 6.98
|   |   |   |   |   |--- Soil_pH <= 6.08
|   |   |   |   |   |   |--- Temperature <= 20.81
|   |   |   |   |   |   |   |--- P <= 77.00
|   |   |   |   |   |   |   |   |--- Sunlight_Hours <= 6.29
|   |   |   |   |   |   |   |   |   |--- value: [23.00]
|   |   |   |   |   |   |   |   |--- Sunlight_Hours >  6.29
|   |   |   |   |   |   |   |   |   |--- value: [23.83]
|   |   |   |   |   |   |   |--- P >  77.00
|   |   |   |   |   |   |   |   |--- Soil_Type <= 0.50
|   |   |   |   |   |   |   |   |   |--- value: [25.40]
|   |   |   |   |   |   |   |   |--- Soil_Type >  0.50
|   |   |   |   |   |   |   |   |   |--- value: [25.67]
|   |   |   |   |   |   |--- Temperature >  20.81
|   |   |   |   |   |   |   |--- Temperature <= 30.84
|   |   |   |   |   |   |   |   |--- P <= 22.00
|   |   |   |   |   |   |   |   |   |--- value: [22.80]
|   |   |   |   |   |   |   |   |--- P >  22.00
|   |   |   |   |   |   |   |   |   |--- value: [21.34]
|   |   |   |   |   |   |   |--- Temperature >  30.84
|   |   |   |   |   |   |   |   |--- Sunlight_Hours <= 7.72
|   |   |   |   |   |   |   |   |   |--- value: [23.26]
|   |   |   |   |   |   |   |   |--- Sunlight_Hours >  7.72
|   |   |   |   |   |   |   |   |   |--- value: [22.34]
|   |   |   |   |   |--- Soil_pH >  6.08
|   |   |   |   |   |   |--- N <= 83.50
|   |   |   |   |   |   |   |--- Organic_Carbon <= 1.38
|   |   |   |   |   |   |   |   |--- Sunlight_Hours <= 7.65
|   |   |   |   |   |   |   |   |   |--- value: [23.50]
|   |   |   |   |   |   |   |   |--- Sunlight_Hours >  7.65
|   |   |   |   |   |   |   |   |   |--- value: [23.89]
|   |   |   |   |   |   |   |--- Organic_Carbon >  1.38
|   |   |   |   |   |   |   |   |--- Fertilizer_Used <= 218.42
|   |   |   |   |   |   |   |   |   |--- value: [22.88]
|   |   |   |   |   |   |   |   |--- Fertilizer_Used >  218.42
|   |   |   |   |   |   |   |   |   |--- value: [23.19]
|   |   |   |   |   |   |--- N >  83.50
|   |   |   |   |   |   |   |--- Temperature <= 27.94
|   |   |   |   |   |   |   |   |--- Rainfall <= 717.78
|   |   |   |   |   |   |   |   |   |--- value: [23.52]
|   |   |   |   |   |   |   |   |--- Rainfall >  717.78
|   |   |   |   |   |   |   |   |   |--- value: [24.88]
|   |   |   |   |   |   |   |--- Temperature >  27.94
|   |   |   |   |   |   |   |   |--- Wind_Speed <= 6.69
|   |   |   |   |   |   |   |   |   |--- value: [26.51]
|   |   |   |   |   |   |   |   |--- Wind_Speed >  6.69
|   |   |   |   |   |   |   |   |   |--- value: [25.98]
|   |   |   |   |--- Soil_pH >  6.98
|   |   |   |   |   |--- Soil_Moisture <= 22.28
|   |   |   |   |   |   |--- Rainfall <= 770.92
|   |   |   |   |   |   |   |--- K <= 79.50
|   |   |   |   |   |   |   |   |--- Soil_pH <= 7.30
|   |   |   |   |   |   |   |   |   |--- value: [22.04]
|   |   |   |   |   |   |   |   |--- Soil_pH >  7.30
|   |   |   |   |   |   |   |   |   |--- value: [21.06]
|   |   |   |   |   |   |   |--- K >  79.50
|   |   |   |   |   |   |   |   |--- Rainfall <= 382.63
|   |   |   |   |   |   |   |   |   |--- value: [22.05]
|   |   |   |   |   |   |   |   |--- Rainfall >  382.63
|   |   |   |   |   |   |   |   |   |--- value: [22.64]
|   |   |   |   |   |   |--- Rainfall >  770.92
|   |   |   |   |   |   |   |--- Rainfall <= 1271.11
|   |   |   |   |   |   |   |   |--- Soil_pH <= 7.75
|   |   |   |   |   |   |   |   |   |--- value: [22.95]
|   |   |   |   |   |   |   |   |--- Soil_pH >  7.75
|   |   |   |   |   |   |   |   |   |--- value: [22.25]
|   |   |   |   |   |   |   |--- Rainfall >  1271.11
|   |   |   |   |   |   |   |   |--- value: [24.15]
|   |   |   |   |   |--- Soil_Moisture >  22.28
|   |   |   |   |   |   |--- Sunlight_Hours <= 4.45
|   |   |   |   |   |   |   |--- value: [20.76]
|   |   |   |   |   |   |--- Sunlight_Hours >  4.45
|   |   |   |   |   |   |   |--- Altitude <= 553.50
|   |   |   |   |   |   |   |   |--- Wind_Speed <= 8.37
|   |   |   |   |   |   |   |   |   |--- value: [22.13]
|   |   |   |   |   |   |   |   |--- Wind_Speed >  8.37
|   |   |   |   |   |   |   |   |   |--- value: [22.82]
|   |   |   |   |   |   |   |--- Altitude >  553.50
|   |   |   |   |   |   |   |   |--- N <= 151.50
|   |   |   |   |   |   |   |   |   |--- value: [23.59]
|   |   |   |   |   |   |   |   |--- N >  151.50
|   |   |   |   |   |   |   |   |   |--- value: [24.52]
|   |   |   |--- Soil_Moisture >  28.99
|   |   |   |   |--- Soil_Moisture <= 57.09
|   |   |   |   |   |--- Altitude <= 276.00
|   |   |   |   |   |   |--- Soil_Type <= 0.50
|   |   |   |   |   |   |   |--- Altitude <= 55.00
|   |   |   |   |   |   |   |   |--- Region <= 0.50
|   |   |   |   |   |   |   |   |   |--- value: [26.35]
|   |   |   |   |   |   |   |   |--- Region >  0.50
|   |   |   |   |   |   |   |   |   |--- value: [26.30]
|   |   |   |   |   |   |   |--- Altitude >  55.00
|   |   |   |   |   |   |   |   |--- Soil_pH <= 6.00
|   |   |   |   |   |   |   |   |   |--- value: [25.10]
|   |   |   |   |   |   |   |   |--- Soil_pH >  6.00
|   |   |   |   |   |   |   |   |   |--- value: [25.66]
|   |   |   |   |   |   |--- Soil_Type >  0.50
|   |   |   |   |   |   |   |--- Humidity <= 61.32
|   |   |   |   |   |   |   |   |--- Sunlight_Hours <= 7.86
|   |   |   |   |   |   |   |   |   |--- value: [24.67]
|   |   |   |   |   |   |   |   |--- Sunlight_Hours >  7.86
|   |   |   |   |   |   |   |   |   |--- value: [23.55]
|   |   |   |   |   |   |   |--- Humidity >  61.32
|   |   |   |   |   |   |   |   |--- Region <= 2.50
|   |   |   |   |   |   |   |   |   |--- value: [25.44]
|   |   |   |   |   |   |   |   |--- Region >  2.50
|   |   |   |   |   |   |   |   |   |--- value: [24.94]
|   |   |   |   |   |--- Altitude >  276.00
|   |   |   |   |   |   |--- Fertilizer_Used <= 198.06
|   |   |   |   |   |   |   |--- Humidity <= 31.07
|   |   |   |   |   |   |   |   |--- Soil_pH <= 7.04
|   |   |   |   |   |   |   |   |   |--- value: [25.42]
|   |   |   |   |   |   |   |   |--- Soil_pH >  7.04
|   |   |   |   |   |   |   |   |   |--- value: [26.71]
|   |   |   |   |   |   |   |--- Humidity >  31.07
|   |   |   |   |   |   |   |   |--- Wind_Speed <= 16.42
|   |   |   |   |   |   |   |   |   |--- value: [23.54]
|   |   |   |   |   |   |   |   |--- Wind_Speed >  16.42
|   |   |   |   |   |   |   |   |   |--- value: [24.95]
|   |   |   |   |   |   |--- Fertilizer_Used >  198.06
|   |   |   |   |   |   |   |--- P <= 59.50
|   |   |   |   |   |   |   |   |--- Humidity <= 36.27
|   |   |   |   |   |   |   |   |   |--- value: [22.73]
|   |   |   |   |   |   |   |   |--- Humidity >  36.27
|   |   |   |   |   |   |   |   |   |--- value: [24.20]
|   |   |   |   |   |   |   |--- P >  59.50
|   |   |   |   |   |   |   |   |--- Season <= 0.50
|   |   |   |   |   |   |   |   |   |--- value: [25.38]
|   |   |   |   |   |   |   |   |--- Season >  0.50
|   |   |   |   |   |   |   |   |   |--- value: [24.52]
|   |   |   |   |--- Soil_Moisture >  57.09
|   |   |   |   |   |--- Soil_Moisture <= 59.08
|   |   |   |   |   |   |--- Sunlight_Hours <= 6.79
|   |   |   |   |   |   |   |--- Soil_Moisture <= 58.51
|   |   |   |   |   |   |   |   |--- N <= 53.00
|   |   |   |   |   |   |   |   |   |--- value: [26.63]
|   |   |   |   |   |   |   |   |--- N >  53.00
|   |   |   |   |   |   |   |   |   |--- value: [26.37]
|   |   |   |   |   |   |   |--- Soil_Moisture >  58.51
|   |   |   |   |   |   |   |   |--- Fertilizer_Used <= 190.64
|   |   |   |   |   |   |   |   |   |--- value: [25.98]
|   |   |   |   |   |   |   |   |--- Fertilizer_Used >  190.64
|   |   |   |   |   |   |   |   |   |--- value: [25.97]
|   |   |   |   |   |   |--- Sunlight_Hours >  6.79
|   |   |   |   |   |   |   |--- Fertilizer_Used <= 209.52
|   |   |   |   |   |   |   |   |--- Irrigation_Type <= 1.50
|   |   |   |   |   |   |   |   |   |--- value: [25.67]
|   |   |   |   |   |   |   |   |--- Irrigation_Type >  1.50
|   |   |   |   |   |   |   |   |   |--- value: [25.43]
|   |   |   |   |   |   |   |--- Fertilizer_Used >  209.52
|   |   |   |   |   |   |   |   |--- Organic_Carbon <= 0.73
|   |   |   |   |   |   |   |   |   |--- value: [24.32]
|   |   |   |   |   |   |   |   |--- Organic_Carbon >  0.73
|   |   |   |   |   |   |   |   |   |--- value: [24.58]
|   |   |   |   |   |--- Soil_Moisture >  59.08
|   |   |   |   |   |   |--- Altitude <= 1996.50
|   |   |   |   |   |   |   |--- Pesticide_Used <= 22.90
|   |   |   |   |   |   |   |   |--- Fertilizer_Used <= 146.60
|   |   |   |   |   |   |   |   |   |--- value: [24.34]
|   |   |   |   |   |   |   |   |--- Fertilizer_Used >  146.60
|   |   |   |   |   |   |   |   |   |--- value: [25.41]
|   |   |   |   |   |   |   |--- Pesticide_Used >  22.90
|   |   |   |   |   |   |   |   |--- Organic_Carbon <= 0.91
|   |   |   |   |   |   |   |   |   |--- value: [23.91]
|   |   |   |   |   |   |   |   |--- Organic_Carbon >  0.91
|   |   |   |   |   |   |   |   |   |--- value: [23.35]
|   |   |   |   |   |   |--- Altitude >  1996.50
|   |   |   |   |   |   |   |--- P <= 79.50
|   |   |   |   |   |   |   |   |--- value: [24.13]
|   |   |   |   |   |   |   |--- P >  79.50
|   |   |   |   |   |   |   |   |--- Sunlight_Hours <= 8.08
|   |   |   |   |   |   |   |   |   |--- value: [22.94]
|   |   |   |   |   |   |   |   |--- Sunlight_Hours >  8.08
|   |   |   |   |   |   |   |   |   |--- value: [22.69]
|   |--- Rainfall >  1363.57
|   |   |--- Soil_Moisture <= 45.66
|   |   |   |--- Rainfall <= 2071.17
|   |   |   |   |--- Wind_Speed <= 13.28
|   |   |   |   |   |--- Fertilizer_Used <= 131.14
|   |   |   |   |   |   |--- P <= 98.00
|   |   |   |   |   |   |   |--- Organic_Carbon <= 1.41
|   |   |   |   |   |   |   |   |--- Rainfall <= 1633.16
|   |   |   |   |   |   |   |   |   |--- value: [22.81]
|   |   |   |   |   |   |   |   |--- Rainfall >  1633.16
|   |   |   |   |   |   |   |   |   |--- value: [23.98]
|   |   |   |   |   |   |   |--- Organic_Carbon >  1.41
|   |   |   |   |   |   |   |   |--- Altitude <= 1569.00
|   |   |   |   |   |   |   |   |   |--- value: [24.66]
|   |   |   |   |   |   |   |   |--- Altitude >  1569.00
|   |   |   |   |   |   |   |   |   |--- value: [25.80]
|   |   |   |   |   |   |--- P >  98.00
|   |   |   |   |   |   |   |--- value: [26.83]
|   |   |   |   |   |--- Fertilizer_Used >  131.14
|   |   |   |   |   |   |--- Pesticide_Used <= 3.72
|   |   |   |   |   |   |   |--- K <= 118.00
|   |   |   |   |   |   |   |   |--- Irrigation_Type <= 0.50
|   |   |   |   |   |   |   |   |   |--- value: [23.83]
|   |   |   |   |   |   |   |   |--- Irrigation_Type >  0.50
|   |   |   |   |   |   |   |   |   |--- value: [22.97]
|   |   |   |   |   |   |   |--- K >  118.00
|   |   |   |   |   |   |   |   |--- value: [26.17]
|   |   |   |   |   |   |--- Pesticide_Used >  3.72
|   |   |   |   |   |   |   |--- Sunlight_Hours <= 10.39
|   |   |   |   |   |   |   |   |--- Rainfall <= 1901.22
|   |   |   |   |   |   |   |   |   |--- value: [25.43]
|   |   |   |   |   |   |   |   |--- Rainfall >  1901.22
|   |   |   |   |   |   |   |   |   |--- value: [24.31]
|   |   |   |   |   |   |   |--- Sunlight_Hours >  10.39
|   |   |   |   |   |   |   |   |--- Fertilizer_Used <= 178.18
|   |   |   |   |   |   |   |   |   |--- value: [24.68]
|   |   |   |   |   |   |   |   |--- Fertilizer_Used >  178.18
|   |   |   |   |   |   |   |   |   |--- value: [23.25]
|   |   |   |   |--- Wind_Speed >  13.28
|   |   |   |   |   |--- N <= 156.50
|   |   |   |   |   |   |--- Humidity <= 60.36
|   |   |   |   |   |   |   |--- P <= 96.50
|   |   |   |   |   |   |   |   |--- Soil_pH <= 8.10
|   |   |   |   |   |   |   |   |   |--- value: [23.78]
|   |   |   |   |   |   |   |   |--- Soil_pH >  8.10
|   |   |   |   |   |   |   |   |   |--- value: [22.01]
|   |   |   |   |   |   |   |--- P >  96.50
|   |   |   |   |   |   |   |   |--- P <= 97.50
|   |   |   |   |   |   |   |   |   |--- value: [24.87]
|   |   |   |   |   |   |   |   |--- P >  97.50
|   |   |   |   |   |   |   |   |   |--- value: [25.48]
|   |   |   |   |   |   |--- Humidity >  60.36
|   |   |   |   |   |   |   |--- Humidity <= 73.03
|   |   |   |   |   |   |   |   |--- N <= 105.00
|   |   |   |   |   |   |   |   |   |--- value: [21.98]
|   |   |   |   |   |   |   |   |--- N >  105.00
|   |   |   |   |   |   |   |   |   |--- value: [23.17]
|   |   |   |   |   |   |   |--- Humidity >  73.03
|   |   |   |   |   |   |   |   |--- Soil_Moisture <= 37.85
|   |   |   |   |   |   |   |   |   |--- value: [23.86]
|   |   |   |   |   |   |   |   |--- Soil_Moisture >  37.85
|   |   |   |   |   |   |   |   |   |--- value: [21.90]
|   |   |   |   |   |--- N >  156.50
|   |   |   |   |   |   |--- Sunlight_Hours <= 7.14
|   |   |   |   |   |   |   |--- Altitude <= 1747.00
|   |   |   |   |   |   |   |   |--- Soil_pH <= 6.25
|   |   |   |   |   |   |   |   |   |--- value: [23.02]
|   |   |   |   |   |   |   |   |--- Soil_pH >  6.25
|   |   |   |   |   |   |   |   |   |--- value: [23.76]
|   |   |   |   |   |   |   |--- Altitude >  1747.00
|   |   |   |   |   |   |   |   |--- value: [25.48]
|   |   |   |   |   |   |--- Sunlight_Hours >  7.14
|   |   |   |   |   |   |   |--- K <= 83.50
|   |   |   |   |   |   |   |   |--- N <= 167.00
|   |   |   |   |   |   |   |   |   |--- value: [25.39]
|   |   |   |   |   |   |   |   |--- N >  167.00
|   |   |   |   |   |   |   |   |   |--- value: [25.83]
|   |   |   |   |   |   |   |--- K >  83.50
|   |   |   |   |   |   |   |   |--- Organic_Carbon <= 1.06
|   |   |   |   |   |   |   |   |   |--- value: [26.54]
|   |   |   |   |   |   |   |   |--- Organic_Carbon >  1.06
|   |   |   |   |   |   |   |   |   |--- value: [27.55]
|   |   |   |--- Rainfall >  2071.17
|   |   |   |   |--- Fertilizer_Used <= 128.44
|   |   |   |   |   |--- Soil_Moisture <= 21.31
|   |   |   |   |   |   |--- Pesticide_Used <= 9.73
|   |   |   |   |   |   |   |--- K <= 93.50
|   |   |   |   |   |   |   |   |--- Organic_Carbon <= 0.36
|   |   |   |   |   |   |   |   |   |--- value: [22.46]
|   |   |   |   |   |   |   |   |--- Organic_Carbon >  0.36
|   |   |   |   |   |   |   |   |   |--- value: [22.24]
|   |   |   |   |   |   |   |--- K >  93.50
|   |   |   |   |   |   |   |   |--- value: [23.03]
|   |   |   |   |   |   |--- Pesticide_Used >  9.73
|   |   |   |   |   |   |   |--- Altitude <= 1825.50
|   |   |   |   |   |   |   |   |--- Temperature <= 30.08
|   |   |   |   |   |   |   |   |   |--- value: [23.76]
|   |   |   |   |   |   |   |   |--- Temperature >  30.08
|   |   |   |   |   |   |   |   |   |--- value: [24.30]
|   |   |   |   |   |   |   |--- Altitude >  1825.50
|   |   |   |   |   |   |   |   |--- value: [24.96]
|   |   |   |   |   |--- Soil_Moisture >  21.31
|   |   |   |   |   |   |--- Soil_pH <= 7.29
|   |   |   |   |   |   |   |--- P <= 55.50
|   |   |   |   |   |   |   |   |--- Fertilizer_Used <= 96.30
|   |   |   |   |   |   |   |   |   |--- value: [25.33]
|   |   |   |   |   |   |   |   |--- Fertilizer_Used >  96.30
|   |   |   |   |   |   |   |   |   |--- value: [24.26]
|   |   |   |   |   |   |   |--- P >  55.50
|   |   |   |   |   |   |   |   |--- Fertilizer_Used <= 101.38
|   |   |   |   |   |   |   |   |   |--- value: [25.12]
|   |   |   |   |   |   |   |   |--- Fertilizer_Used >  101.38
|   |   |   |   |   |   |   |   |   |--- value: [25.92]
|   |   |   |   |   |   |--- Soil_pH >  7.29
|   |   |   |   |   |   |   |--- Altitude <= 1591.50
|   |   |   |   |   |   |   |   |--- Irrigation_Type <= 0.50
|   |   |   |   |   |   |   |   |   |--- value: [24.46]
|   |   |   |   |   |   |   |   |--- Irrigation_Type >  0.50
|   |   |   |   |   |   |   |   |   |--- value: [23.26]
|   |   |   |   |   |   |   |--- Altitude >  1591.50
|   |   |   |   |   |   |   |   |--- Altitude <= 1940.50
|   |   |   |   |   |   |   |   |   |--- value: [24.47]
|   |   |   |   |   |   |   |   |--- Altitude >  1940.50
|   |   |   |   |   |   |   |   |   |--- value: [25.24]
|   |   |   |   |--- Fertilizer_Used >  128.44
|   |   |   |   |   |--- P <= 80.00
|   |   |   |   |   |   |--- Organic_Carbon <= 0.31
|   |   |   |   |   |   |   |--- value: [22.53]
|   |   |   |   |   |   |--- Organic_Carbon >  0.31
|   |   |   |   |   |   |   |--- Soil_Moisture <= 15.87
|   |   |   |   |   |   |   |   |--- value: [22.58]
|   |   |   |   |   |   |   |--- Soil_Moisture >  15.87
|   |   |   |   |   |   |   |   |--- Wind_Speed <= 3.18
|   |   |   |   |   |   |   |   |   |--- value: [26.17]
|   |   |   |   |   |   |   |   |--- Wind_Speed >  3.18
|   |   |   |   |   |   |   |   |   |--- value: [25.18]
|   |   |   |   |   |--- P >  80.00
|   |   |   |   |   |   |--- Rainfall <= 2708.15
|   |   |   |   |   |   |   |--- Organic_Carbon <= 0.79
|   |   |   |   |   |   |   |   |--- N <= 71.50
|   |   |   |   |   |   |   |   |   |--- value: [24.32]
|   |   |   |   |   |   |   |   |--- N >  71.50
|   |   |   |   |   |   |   |   |   |--- value: [25.83]
|   |   |   |   |   |   |   |--- Organic_Carbon >  0.79
|   |   |   |   |   |   |   |   |--- Altitude <= 1985.00
|   |   |   |   |   |   |   |   |   |--- value: [26.96]
|   |   |   |   |   |   |   |   |--- Altitude >  1985.00
|   |   |   |   |   |   |   |   |   |--- value: [25.17]
|   |   |   |   |   |   |--- Rainfall >  2708.15
|   |   |   |   |   |   |   |--- Fertilizer_Used <= 176.83
|   |   |   |   |   |   |   |   |--- value: [24.19]
|   |   |   |   |   |   |   |--- Fertilizer_Used >  176.83
|   |   |   |   |   |   |   |   |--- value: [24.35]
|   |   |--- Soil_Moisture >  45.66
|   |   |   |--- Fertilizer_Used <= 110.58
|   |   |   |   |--- Rainfall <= 2233.91
|   |   |   |   |   |--- Soil_Moisture <= 49.06
|   |   |   |   |   |   |--- Rainfall <= 1596.41
|   |   |   |   |   |   |   |--- Altitude <= 1665.50
|   |   |   |   |   |   |   |   |--- value: [26.09]
|   |   |   |   |   |   |   |--- Altitude >  1665.50
|   |   |   |   |   |   |   |   |--- value: [25.45]
|   |   |   |   |   |   |--- Rainfall >  1596.41
|   |   |   |   |   |   |   |--- Fertilizer_Used <= 76.57
|   |   |   |   |   |   |   |   |--- value: [24.27]
|   |   |   |   |   |   |   |--- Fertilizer_Used >  76.57
|   |   |   |   |   |   |   |   |--- Wind_Speed <= 9.95
|   |   |   |   |   |   |   |   |   |--- value: [25.27]
|   |   |   |   |   |   |   |   |--- Wind_Speed >  9.95
|   |   |   |   |   |   |   |   |   |--- value: [24.88]
|   |   |   |   |   |--- Soil_Moisture >  49.06
|   |   |   |   |   |   |--- Organic_Carbon <= 1.51
|   |   |   |   |   |   |   |--- Rainfall <= 1672.96
|   |   |   |   |   |   |   |   |--- P <= 58.50
|   |   |   |   |   |   |   |   |   |--- value: [23.96]
|   |   |   |   |   |   |   |   |--- P >  58.50
|   |   |   |   |   |   |   |   |   |--- value: [23.08]
|   |   |   |   |   |   |   |--- Rainfall >  1672.96
|   |   |   |   |   |   |   |   |--- Sunlight_Hours <= 4.56
|   |   |   |   |   |   |   |   |   |--- value: [25.67]
|   |   |   |   |   |   |   |   |--- Sunlight_Hours >  4.56
|   |   |   |   |   |   |   |   |   |--- value: [24.27]
|   |   |   |   |   |   |--- Organic_Carbon >  1.51
|   |   |   |   |   |   |   |--- Pesticide_Used <= 16.55
|   |   |   |   |   |   |   |   |--- value: [22.71]
|   |   |   |   |   |   |   |--- Pesticide_Used >  16.55
|   |   |   |   |   |   |   |   |--- value: [21.58]
|   |   |   |   |--- Rainfall >  2233.91
|   |   |   |   |   |--- Temperature <= 31.01
|   |   |   |   |   |   |--- Altitude <= 1628.50
|   |   |   |   |   |   |   |--- Soil_Type <= 0.50
|   |   |   |   |   |   |   |   |--- Fertilizer_Used <= 92.42
|   |   |   |   |   |   |   |   |   |--- value: [25.42]
|   |   |   |   |   |   |   |   |--- Fertilizer_Used >  92.42
|   |   |   |   |   |   |   |   |   |--- value: [24.75]
|   |   |   |   |   |   |   |--- Soil_Type >  0.50
|   |   |   |   |   |   |   |   |--- Wind_Speed <= 6.19
|   |   |   |   |   |   |   |   |   |--- value: [27.18]
|   |   |   |   |   |   |   |   |--- Wind_Speed >  6.19
|   |   |   |   |   |   |   |   |   |--- value: [26.46]
|   |   |   |   |   |   |--- Altitude >  1628.50
|   |   |   |   |   |   |   |--- N <= 81.00
|   |   |   |   |   |   |   |   |--- value: [25.52]
|   |   |   |   |   |   |   |--- N >  81.00
|   |   |   |   |   |   |   |   |--- Organic_Carbon <= 0.98
|   |   |   |   |   |   |   |   |   |--- value: [24.65]
|   |   |   |   |   |   |   |   |--- Organic_Carbon >  0.98
|   |   |   |   |   |   |   |   |   |--- value: [24.91]
|   |   |   |   |   |--- Temperature >  31.01
|   |   |   |   |   |   |--- Irrigation_Type <= 2.50
|   |   |   |   |   |   |   |--- Soil_Type <= 1.00
|   |   |   |   |   |   |   |   |--- value: [24.08]
|   |   |   |   |   |   |   |--- Soil_Type >  1.00
|   |   |   |   |   |   |   |   |--- value: [24.12]
|   |   |   |   |   |   |--- Irrigation_Type >  2.50
|   |   |   |   |   |   |   |--- value: [23.96]
|   |   |   |--- Fertilizer_Used >  110.58
|   |   |   |   |--- Rainfall <= 2468.39
|   |   |   |   |   |--- K <= 123.50
|   |   |   |   |   |   |--- N <= 153.00
|   |   |   |   |   |   |   |--- Soil_Moisture <= 51.27
|   |   |   |   |   |   |   |   |--- Pesticide_Used <= 14.67
|   |   |   |   |   |   |   |   |   |--- value: [23.91]
|   |   |   |   |   |   |   |   |--- Pesticide_Used >  14.67
|   |   |   |   |   |   |   |   |   |--- value: [25.30]
|   |   |   |   |   |   |   |--- Soil_Moisture >  51.27
|   |   |   |   |   |   |   |   |--- Wind_Speed <= 13.82
|   |   |   |   |   |   |   |   |   |--- value: [25.82]
|   |   |   |   |   |   |   |   |--- Wind_Speed >  13.82
|   |   |   |   |   |   |   |   |   |--- value: [24.38]
|   |   |   |   |   |   |--- N >  153.00
|   |   |   |   |   |   |   |--- N <= 167.50
|   |   |   |   |   |   |   |   |--- Region <= 2.00
|   |   |   |   |   |   |   |   |   |--- value: [26.61]
|   |   |   |   |   |   |   |   |--- Region >  2.00
|   |   |   |   |   |   |   |   |   |--- value: [27.70]
|   |   |   |   |   |   |   |--- N >  167.50
|   |   |   |   |   |   |   |   |--- Humidity <= 79.01
|   |   |   |   |   |   |   |   |   |--- value: [25.72]
|   |   |   |   |   |   |   |   |--- Humidity >  79.01
|   |   |   |   |   |   |   |   |   |--- value: [24.40]
|   |   |   |   |   |--- K >  123.50
|   |   |   |   |   |   |--- K <= 145.00
|   |   |   |   |   |   |   |--- Soil_pH <= 6.09
|   |   |   |   |   |   |   |   |--- K <= 124.50
|   |   |   |   |   |   |   |   |   |--- value: [26.84]
|   |   |   |   |   |   |   |   |--- K >  124.50
|   |   |   |   |   |   |   |   |   |--- value: [25.20]
|   |   |   |   |   |   |   |--- Soil_pH >  6.09
|   |   |   |   |   |   |   |   |--- P <= 93.50
|   |   |   |   |   |   |   |   |   |--- value: [26.52]
|   |   |   |   |   |   |   |   |--- P >  93.50
|   |   |   |   |   |   |   |   |   |--- value: [28.17]
|   |   |   |   |   |   |--- K >  145.00
|   |   |   |   |   |   |   |--- Soil_Moisture <= 47.24
|   |   |   |   |   |   |   |   |--- value: [26.93]
|   |   |   |   |   |   |   |--- Soil_Moisture >  47.24
|   |   |   |   |   |   |   |   |--- Rainfall <= 1859.88
|   |   |   |   |   |   |   |   |   |--- value: [28.00]
|   |   |   |   |   |   |   |   |--- Rainfall >  1859.88
|   |   |   |   |   |   |   |   |   |--- value: [28.47]
|   |   |   |   |--- Rainfall >  2468.39
|   |   |   |   |   |--- K <= 82.00
|   |   |   |   |   |   |--- Temperature <= 26.02
|   |   |   |   |   |   |   |--- K <= 35.50
|   |   |   |   |   |   |   |   |--- Soil_Moisture <= 56.19
|   |   |   |   |   |   |   |   |   |--- value: [28.19]
|   |   |   |   |   |   |   |   |--- Soil_Moisture >  56.19
|   |   |   |   |   |   |   |   |   |--- value: [27.01]
|   |   |   |   |   |   |   |--- K >  35.50
|   |   |   |   |   |   |   |   |--- Fertilizer_Used <= 181.04
|   |   |   |   |   |   |   |   |   |--- value: [25.95]
|   |   |   |   |   |   |   |   |--- Fertilizer_Used >  181.04
|   |   |   |   |   |   |   |   |   |--- value: [26.87]
|   |   |   |   |   |   |--- Temperature >  26.02
|   |   |   |   |   |   |   |--- Rainfall <= 2749.79
|   |   |   |   |   |   |   |   |--- Rainfall <= 2642.92
|   |   |   |   |   |   |   |   |   |--- value: [25.36]
|   |   |   |   |   |   |   |   |--- Rainfall >  2642.92
|   |   |   |   |   |   |   |   |   |--- value: [26.30]
|   |   |   |   |   |   |   |--- Rainfall >  2749.79
|   |   |   |   |   |   |   |   |--- value: [24.19]
|   |   |   |   |   |--- K >  82.00
|   |   |   |   |   |   |--- Temperature <= 14.71
|   |   |   |   |   |   |   |--- Pesticide_Used <= 17.70
|   |   |   |   |   |   |   |   |--- Sunlight_Hours <= 6.29
|   |   |   |   |   |   |   |   |   |--- value: [26.84]
|   |   |   |   |   |   |   |   |--- Sunlight_Hours >  6.29
|   |   |   |   |   |   |   |   |   |--- value: [26.83]
|   |   |   |   |   |   |   |--- Pesticide_Used >  17.70
|   |   |   |   |   |   |   |   |--- K <= 122.00
|   |   |   |   |   |   |   |   |   |--- value: [25.95]
|   |   |   |   |   |   |   |   |--- K >  122.00
|   |   |   |   |   |   |   |   |   |--- value: [25.38]
|   |   |   |   |   |   |--- Temperature >  14.71
|   |   |   |   |   |   |   |--- Sunlight_Hours <= 7.21
|   |   |   |   |   |   |   |   |--- Sunlight_Hours <= 5.70
|   |   |   |   |   |   |   |   |   |--- value: [27.74]
|   |   |   |   |   |   |   |   |--- Sunlight_Hours >  5.70
|   |   |   |   |   |   |   |   |   |--- value: [28.46]
|   |   |   |   |   |   |   |--- Sunlight_Hours >  7.21
|   |   |   |   |   |   |   |   |--- Rainfall <= 2497.00
|   |   |   |   |   |   |   |   |   |--- value: [26.30]
|   |   |   |   |   |   |   |   |--- Rainfall >  2497.00
|   |   |   |   |   |   |   |   |   |--- value: [27.31]
|--- Fertilizer_Used >  238.98
|   |--- Rainfall <= 1455.18
|   |   |--- Soil_Moisture <= 24.40
|   |   |   |--- Rainfall <= 1099.55
|   |   |   |   |--- Wind_Speed <= 14.83
|   |   |   |   |   |--- Soil_Moisture <= 16.83
|   |   |   |   |   |   |--- Temperature <= 31.52
|   |   |   |   |   |   |   |--- Rainfall <= 658.20
|   |   |   |   |   |   |   |   |--- value: [22.18]
|   |   |   |   |   |   |   |--- Rainfall >  658.20
|   |   |   |   |   |   |   |   |--- Soil_pH <= 6.61
|   |   |   |   |   |   |   |   |   |--- value: [23.12]
|   |   |   |   |   |   |   |   |--- Soil_pH >  6.61
|   |   |   |   |   |   |   |   |   |--- value: [23.53]
|   |   |   |   |   |   |--- Temperature >  31.52
|   |   |   |   |   |   |   |--- Wind_Speed <= 3.14
|   |   |   |   |   |   |   |   |--- value: [24.37]
|   |   |   |   |   |   |   |--- Wind_Speed >  3.14
|   |   |   |   |   |   |   |   |--- value: [24.49]
|   |   |   |   |   |--- Soil_Moisture >  16.83
|   |   |   |   |   |   |--- P <= 55.50
|   |   |   |   |   |   |   |--- Soil_Moisture <= 18.14
|   |   |   |   |   |   |   |   |--- Soil_pH <= 6.40
|   |   |   |   |   |   |   |   |   |--- value: [25.26]
|   |   |   |   |   |   |   |   |--- Soil_pH >  6.40
|   |   |   |   |   |   |   |   |   |--- value: [24.71]
|   |   |   |   |   |   |   |--- Soil_Moisture >  18.14
|   |   |   |   |   |   |   |   |--- Organic_Carbon <= 1.15
|   |   |   |   |   |   |   |   |   |--- value: [23.60]
|   |   |   |   |   |   |   |   |--- Organic_Carbon >  1.15
|   |   |   |   |   |   |   |   |   |--- value: [24.21]
|   |   |   |   |   |   |--- P >  55.50
|   |   |   |   |   |   |   |--- Organic_Carbon <= 1.06
|   |   |   |   |   |   |   |   |--- Temperature <= 35.89
|   |   |   |   |   |   |   |   |   |--- value: [25.00]
|   |   |   |   |   |   |   |   |--- Temperature >  35.89
|   |   |   |   |   |   |   |   |   |--- value: [25.37]
|   |   |   |   |   |   |   |--- Organic_Carbon >  1.06
|   |   |   |   |   |   |   |   |--- Temperature <= 20.98
|   |   |   |   |   |   |   |   |   |--- value: [24.34]
|   |   |   |   |   |   |   |   |--- Temperature >  20.98
|   |   |   |   |   |   |   |   |   |--- value: [24.71]
|   |   |   |   |--- Wind_Speed >  14.83
|   |   |   |   |   |--- N <= 117.50
|   |   |   |   |   |   |--- Fertilizer_Used <= 333.22
|   |   |   |   |   |   |   |--- Pesticide_Used <= 7.74
|   |   |   |   |   |   |   |   |--- Sunlight_Hours <= 6.86
|   |   |   |   |   |   |   |   |   |--- value: [22.82]
|   |   |   |   |   |   |   |   |--- Sunlight_Hours >  6.86
|   |   |   |   |   |   |   |   |   |--- value: [22.32]
|   |   |   |   |   |   |   |--- Pesticide_Used >  7.74
|   |   |   |   |   |   |   |   |--- Altitude <= 870.00
|   |   |   |   |   |   |   |   |   |--- value: [21.85]
|   |   |   |   |   |   |   |   |--- Altitude >  870.00
|   |   |   |   |   |   |   |   |   |--- value: [21.46]
|   |   |   |   |   |   |--- Fertilizer_Used >  333.22
|   |   |   |   |   |   |   |--- value: [23.87]
|   |   |   |   |   |--- N >  117.50
|   |   |   |   |   |   |--- Season <= 1.00
|   |   |   |   |   |   |   |--- Rainfall <= 692.04
|   |   |   |   |   |   |   |   |--- value: [23.53]
|   |   |   |   |   |   |   |--- Rainfall >  692.04
|   |   |   |   |   |   |   |   |--- value: [23.79]
|   |   |   |   |   |   |--- Season >  1.00
|   |   |   |   |   |   |   |--- Pesticide_Used <= 9.76
|   |   |   |   |   |   |   |   |--- value: [24.78]
|   |   |   |   |   |   |   |--- Pesticide_Used >  9.76
|   |   |   |   |   |   |   |   |--- value: [24.85]
|   |   |   |--- Rainfall >  1099.55
|   |   |   |   |--- Humidity <= 42.73
|   |   |   |   |   |--- Rainfall <= 1237.94
|   |   |   |   |   |   |--- Fertilizer_Used <= 293.39
|   |   |   |   |   |   |   |--- value: [24.15]
|   |   |   |   |   |   |--- Fertilizer_Used >  293.39
|   |   |   |   |   |   |   |--- value: [23.68]
|   |   |   |   |   |--- Rainfall >  1237.94
|   |   |   |   |   |   |--- Pesticide_Used <= 12.06
|   |   |   |   |   |   |   |--- value: [24.65]
|   |   |   |   |   |   |--- Pesticide_Used >  12.06
|   |   |   |   |   |   |   |--- value: [24.99]
|   |   |   |   |--- Humidity >  42.73
|   |   |   |   |   |--- N <= 112.50
|   |   |   |   |   |   |--- P <= 54.50
|   |   |   |   |   |   |   |--- Soil_Type <= 1.50
|   |   |   |   |   |   |   |   |--- value: [25.98]
|   |   |   |   |   |   |   |--- Soil_Type >  1.50
|   |   |   |   |   |   |   |   |--- value: [26.32]
|   |   |   |   |   |   |--- P >  54.50
|   |   |   |   |   |   |   |--- Temperature <= 23.11
|   |   |   |   |   |   |   |   |--- value: [25.75]
|   |   |   |   |   |   |   |--- Temperature >  23.11
|   |   |   |   |   |   |   |   |--- Soil_Moisture <= 15.55
|   |   |   |   |   |   |   |   |   |--- value: [25.42]
|   |   |   |   |   |   |   |   |--- Soil_Moisture >  15.55
|   |   |   |   |   |   |   |   |   |--- value: [25.34]
|   |   |   |   |   |--- N >  112.50
|   |   |   |   |   |   |--- Soil_Moisture <= 18.79
|   |   |   |   |   |   |   |--- value: [24.18]
|   |   |   |   |   |   |--- Soil_Moisture >  18.79
|   |   |   |   |   |   |   |--- Soil_Moisture <= 22.75
|   |   |   |   |   |   |   |   |--- Fertilizer_Used <= 290.62
|   |   |   |   |   |   |   |   |   |--- value: [24.81]
|   |   |   |   |   |   |   |   |--- Fertilizer_Used >  290.62
|   |   |   |   |   |   |   |   |   |--- value: [24.94]
|   |   |   |   |   |   |   |--- Soil_Moisture >  22.75
|   |   |   |   |   |   |   |   |--- value: [25.26]
|   |   |--- Soil_Moisture >  24.40
|   |   |   |--- N <= 167.50
|   |   |   |   |--- K <= 83.00
|   |   |   |   |   |--- Soil_pH <= 5.49
|   |   |   |   |   |   |--- Rainfall <= 1022.18
|   |   |   |   |   |   |   |--- Humidity <= 44.70
|   |   |   |   |   |   |   |   |--- value: [21.89]
|   |   |   |   |   |   |   |--- Humidity >  44.70
|   |   |   |   |   |   |   |   |--- Soil_Moisture <= 45.94
|   |   |   |   |   |   |   |   |   |--- value: [23.13]
|   |   |   |   |   |   |   |   |--- Soil_Moisture >  45.94
|   |   |   |   |   |   |   |   |   |--- value: [23.78]
|   |   |   |   |   |   |--- Rainfall >  1022.18
|   |   |   |   |   |   |   |--- Humidity <= 64.68
|   |   |   |   |   |   |   |   |--- Temperature <= 20.92
|   |   |   |   |   |   |   |   |   |--- value: [24.44]
|   |   |   |   |   |   |   |   |--- Temperature >  20.92
|   |   |   |   |   |   |   |   |   |--- value: [25.31]
|   |   |   |   |   |   |   |--- Humidity >  64.68
|   |   |   |   |   |   |   |   |--- Soil_pH <= 4.93
|   |   |   |   |   |   |   |   |   |--- value: [24.61]
|   |   |   |   |   |   |   |   |--- Soil_pH >  4.93
|   |   |   |   |   |   |   |   |   |--- value: [24.16]
|   |   |   |   |   |--- Soil_pH >  5.49
|   |   |   |   |   |   |--- Pesticide_Used <= 9.57
|   |   |   |   |   |   |   |--- P <= 70.00
|   |   |   |   |   |   |   |   |--- Temperature <= 14.18
|   |   |   |   |   |   |   |   |   |--- value: [23.59]
|   |   |   |   |   |   |   |   |--- Temperature >  14.18
|   |   |   |   |   |   |   |   |   |--- value: [24.39]
|   |   |   |   |   |   |   |--- P >  70.00
|   |   |   |   |   |   |   |   |--- Temperature <= 12.32
|   |   |   |   |   |   |   |   |   |--- value: [23.70]
|   |   |   |   |   |   |   |   |--- Temperature >  12.32
|   |   |   |   |   |   |   |   |   |--- value: [25.62]
|   |   |   |   |   |   |--- Pesticide_Used >  9.57
|   |   |   |   |   |   |   |--- K <= 45.50
|   |   |   |   |   |   |   |   |--- Pesticide_Used <= 13.36
|   |   |   |   |   |   |   |   |   |--- value: [25.30]
|   |   |   |   |   |   |   |   |--- Pesticide_Used >  13.36
|   |   |   |   |   |   |   |   |   |--- value: [24.43]
|   |   |   |   |   |   |   |--- K >  45.50
|   |   |   |   |   |   |   |   |--- Soil_pH <= 5.81
|   |   |   |   |   |   |   |   |   |--- value: [24.80]
|   |   |   |   |   |   |   |   |--- Soil_pH >  5.81
|   |   |   |   |   |   |   |   |   |--- value: [26.06]
|   |   |   |   |--- K >  83.00
|   |   |   |   |   |--- Soil_pH <= 7.82
|   |   |   |   |   |   |--- N <= 152.00
|   |   |   |   |   |   |   |--- Soil_Moisture <= 51.02
|   |   |   |   |   |   |   |   |--- Fertilizer_Used <= 268.74
|   |   |   |   |   |   |   |   |   |--- value: [24.66]
|   |   |   |   |   |   |   |   |--- Fertilizer_Used >  268.74
|   |   |   |   |   |   |   |   |   |--- value: [25.58]
|   |   |   |   |   |   |   |--- Soil_Moisture >  51.02
|   |   |   |   |   |   |   |   |--- Soil_pH <= 5.64
|   |   |   |   |   |   |   |   |   |--- value: [25.26]
|   |   |   |   |   |   |   |   |--- Soil_pH >  5.64
|   |   |   |   |   |   |   |   |   |--- value: [26.62]
|   |   |   |   |   |   |--- N >  152.00
|   |   |   |   |   |   |   |--- Temperature <= 12.82
|   |   |   |   |   |   |   |   |--- Temperature <= 12.12
|   |   |   |   |   |   |   |   |   |--- value: [27.29]
|   |   |   |   |   |   |   |   |--- Temperature >  12.12
|   |   |   |   |   |   |   |   |   |--- value: [26.66]
|   |   |   |   |   |   |   |--- Temperature >  12.82
|   |   |   |   |   |   |   |   |--- Sunlight_Hours <= 7.72
|   |   |   |   |   |   |   |   |   |--- value: [28.20]
|   |   |   |   |   |   |   |   |--- Sunlight_Hours >  7.72
|   |   |   |   |   |   |   |   |   |--- value: [27.58]
|   |   |   |   |   |--- Soil_pH >  7.82
|   |   |   |   |   |   |--- Region <= 2.50
|   |   |   |   |   |   |   |--- Humidity <= 81.17
|   |   |   |   |   |   |   |   |--- Fertilizer_Used <= 334.97
|   |   |   |   |   |   |   |   |   |--- value: [23.97]
|   |   |   |   |   |   |   |   |--- Fertilizer_Used >  334.97
|   |   |   |   |   |   |   |   |   |--- value: [22.62]
|   |   |   |   |   |   |   |--- Humidity >  81.17
|   |   |   |   |   |   |   |   |--- value: [25.55]
|   |   |   |   |   |   |--- Region >  2.50
|   |   |   |   |   |   |   |--- Soil_pH <= 8.16
|   |   |   |   |   |   |   |   |--- Region <= 3.50
|   |   |   |   |   |   |   |   |   |--- value: [24.84]
|   |   |   |   |   |   |   |   |--- Region >  3.50
|   |   |   |   |   |   |   |   |   |--- value: [25.15]
|   |   |   |   |   |   |   |--- Soil_pH >  8.16
|   |   |   |   |   |   |   |   |--- value: [26.54]
|   |   |   |--- N >  167.50
|   |   |   |   |--- Rainfall <= 768.93
|   |   |   |   |   |--- Region <= 1.50
|   |   |   |   |   |   |--- Sunlight_Hours <= 7.02
|   |   |   |   |   |   |   |--- value: [26.96]
|   |   |   |   |   |   |--- Sunlight_Hours >  7.02
|   |   |   |   |   |   |   |--- value: [26.33]
|   |   |   |   |   |--- Region >  1.50
|   |   |   |   |   |   |--- Altitude <= 704.50
|   |   |   |   |   |   |   |--- value: [25.23]
|   |   |   |   |   |   |--- Altitude >  704.50
|   |   |   |   |   |   |   |--- Season <= 1.00
|   |   |   |   |   |   |   |   |--- value: [24.80]
|   |   |   |   |   |   |   |--- Season >  1.00
|   |   |   |   |   |   |   |   |--- Region <= 3.50
|   |   |   |   |   |   |   |   |   |--- value: [24.36]
|   |   |   |   |   |   |   |   |--- Region >  3.50
|   |   |   |   |   |   |   |   |   |--- value: [24.54]
|   |   |   |   |--- Rainfall >  768.93
|   |   |   |   |   |--- Altitude <= 935.00
|   |   |   |   |   |   |--- Soil_Type <= 0.50
|   |   |   |   |   |   |   |--- Altitude <= 351.00
|   |   |   |   |   |   |   |   |--- Fertilizer_Used <= 345.66
|   |   |   |   |   |   |   |   |   |--- value: [26.21]
|   |   |   |   |   |   |   |   |--- Fertilizer_Used >  345.66
|   |   |   |   |   |   |   |   |   |--- value: [26.25]
|   |   |   |   |   |   |   |--- Altitude >  351.00
|   |   |   |   |   |   |   |   |--- value: [26.61]
|   |   |   |   |   |   |--- Soil_Type >  0.50
|   |   |   |   |   |   |   |--- Rainfall <= 915.41
|   |   |   |   |   |   |   |   |--- Humidity <= 55.67
|   |   |   |   |   |   |   |   |   |--- value: [26.84]
|   |   |   |   |   |   |   |   |--- Humidity >  55.67
|   |   |   |   |   |   |   |   |   |--- value: [27.00]
|   |   |   |   |   |   |   |--- Rainfall >  915.41
|   |   |   |   |   |   |   |   |--- value: [27.61]
|   |   |   |   |   |--- Altitude >  935.00
|   |   |   |   |   |   |--- Season <= 0.50
|   |   |   |   |   |   |   |--- Soil_Moisture <= 47.76
|   |   |   |   |   |   |   |   |--- value: [27.94]
|   |   |   |   |   |   |   |--- Soil_Moisture >  47.76
|   |   |   |   |   |   |   |   |--- value: [27.71]
|   |   |   |   |   |   |--- Season >  0.50
|   |   |   |   |   |   |   |--- value: [29.17]
|   |--- Rainfall >  1455.18
|   |   |--- Soil_Moisture <= 39.78
|   |   |   |--- Wind_Speed <= 12.48
|   |   |   |   |--- Fertilizer_Used <= 276.71
|   |   |   |   |   |--- Soil_pH <= 5.12
|   |   |   |   |   |   |--- Organic_Carbon <= 1.41
|   |   |   |   |   |   |   |--- Organic_Carbon <= 1.31
|   |   |   |   |   |   |   |   |--- Sunlight_Hours <= 6.32
|   |   |   |   |   |   |   |   |   |--- value: [23.88]
|   |   |   |   |   |   |   |   |--- Sunlight_Hours >  6.32
|   |   |   |   |   |   |   |   |   |--- value: [24.08]
|   |   |   |   |   |   |   |--- Organic_Carbon >  1.31
|   |   |   |   |   |   |   |   |--- value: [24.43]
|   |   |   |   |   |   |--- Organic_Carbon >  1.41
|   |   |   |   |   |   |   |--- value: [22.61]
|   |   |   |   |   |--- Soil_pH >  5.12
|   |   |   |   |   |   |--- Wind_Speed <= 4.32
|   |   |   |   |   |   |   |--- P <= 51.50
|   |   |   |   |   |   |   |   |--- Soil_Moisture <= 25.34
|   |   |   |   |   |   |   |   |   |--- value: [26.02]
|   |   |   |   |   |   |   |   |--- Soil_Moisture >  25.34
|   |   |   |   |   |   |   |   |   |--- value: [26.52]
|   |   |   |   |   |   |   |--- P >  51.50
|   |   |   |   |   |   |   |   |--- Region <= 3.00
|   |   |   |   |   |   |   |   |   |--- value: [27.80]
|   |   |   |   |   |   |   |   |--- Region >  3.00
|   |   |   |   |   |   |   |   |   |--- value: [27.35]
|   |   |   |   |   |   |--- Wind_Speed >  4.32
|   |   |   |   |   |   |   |--- N <= 47.50
|   |   |   |   |   |   |   |   |--- value: [27.26]
|   |   |   |   |   |   |   |--- N >  47.50
|   |   |   |   |   |   |   |   |--- Rainfall <= 2227.72
|   |   |   |   |   |   |   |   |   |--- value: [25.10]
|   |   |   |   |   |   |   |   |--- Rainfall >  2227.72
|   |   |   |   |   |   |   |   |   |--- value: [25.73]
|   |   |   |   |--- Fertilizer_Used >  276.71
|   |   |   |   |   |--- Temperature <= 35.02
|   |   |   |   |   |   |--- Temperature <= 30.19
|   |   |   |   |   |   |   |--- Altitude <= 1964.00
|   |   |   |   |   |   |   |   |--- K <= 75.00
|   |   |   |   |   |   |   |   |   |--- value: [25.98]
|   |   |   |   |   |   |   |   |--- K >  75.00
|   |   |   |   |   |   |   |   |   |--- value: [26.69]
|   |   |   |   |   |   |   |--- Altitude >  1964.00
|   |   |   |   |   |   |   |   |--- Soil_Type <= 2.50
|   |   |   |   |   |   |   |   |   |--- value: [26.88]
|   |   |   |   |   |   |   |   |--- Soil_Type >  2.50
|   |   |   |   |   |   |   |   |   |--- value: [28.41]
|   |   |   |   |   |   |--- Temperature >  30.19
|   |   |   |   |   |   |   |--- Pesticide_Used <= 24.32
|   |   |   |   |   |   |   |   |--- Irrigation_Type <= 2.50
|   |   |   |   |   |   |   |   |   |--- value: [27.68]
|   |   |   |   |   |   |   |   |--- Irrigation_Type >  2.50
|   |   |   |   |   |   |   |   |   |--- value: [26.75]
|   |   |   |   |   |   |   |--- Pesticide_Used >  24.32
|   |   |   |   |   |   |   |   |--- value: [29.14]
|   |   |   |   |   |--- Temperature >  35.02
|   |   |   |   |   |   |--- Soil_pH <= 6.75
|   |   |   |   |   |   |   |--- K <= 99.00
|   |   |   |   |   |   |   |   |--- Organic_Carbon <= 0.93
|   |   |   |   |   |   |   |   |   |--- value: [25.97]
|   |   |   |   |   |   |   |   |--- Organic_Carbon >  0.93
|   |   |   |   |   |   |   |   |   |--- value: [24.55]
|   |   |   |   |   |   |   |--- K >  99.00
|   |   |   |   |   |   |   |   |--- Temperature <= 39.23
|   |   |   |   |   |   |   |   |   |--- value: [23.61]
|   |   |   |   |   |   |   |   |--- Temperature >  39.23
|   |   |   |   |   |   |   |   |   |--- value: [23.89]
|   |   |   |   |   |   |--- Soil_pH >  6.75
|   |   |   |   |   |   |   |--- Altitude <= 1703.00
|   |   |   |   |   |   |   |   |--- Soil_pH <= 7.41
|   |   |   |   |   |   |   |   |   |--- value: [26.40]
|   |   |   |   |   |   |   |   |--- Soil_pH >  7.41
|   |   |   |   |   |   |   |   |   |--- value: [26.94]
|   |   |   |   |   |   |   |--- Altitude >  1703.00
|   |   |   |   |   |   |   |   |--- value: [27.49]
|   |   |   |--- Wind_Speed >  12.48
|   |   |   |   |--- Rainfall <= 2379.83
|   |   |   |   |   |--- Fertilizer_Used <= 312.70
|   |   |   |   |   |   |--- Sunlight_Hours <= 5.97
|   |   |   |   |   |   |   |--- Temperature <= 25.40
|   |   |   |   |   |   |   |   |--- Region <= 2.50
|   |   |   |   |   |   |   |   |   |--- value: [24.49]
|   |   |   |   |   |   |   |   |--- Region >  2.50
|   |   |   |   |   |   |   |   |   |--- value: [24.28]
|   |   |   |   |   |   |   |--- Temperature >  25.40
|   |   |   |   |   |   |   |   |--- N <= 160.50
|   |   |   |   |   |   |   |   |   |--- value: [23.87]
|   |   |   |   |   |   |   |   |--- N >  160.50
|   |   |   |   |   |   |   |   |   |--- value: [23.38]
|   |   |   |   |   |   |--- Sunlight_Hours >  5.97
|   |   |   |   |   |   |   |--- Altitude <= 682.50
|   |   |   |   |   |   |   |   |--- K <= 92.00
|   |   |   |   |   |   |   |   |   |--- value: [24.21]
|   |   |   |   |   |   |   |   |--- K >  92.00
|   |   |   |   |   |   |   |   |   |--- value: [24.64]
|   |   |   |   |   |   |   |--- Altitude >  682.50
|   |   |   |   |   |   |   |   |--- Soil_pH <= 7.03
|   |   |   |   |   |   |   |   |   |--- value: [24.82]
|   |   |   |   |   |   |   |   |--- Soil_pH >  7.03
|   |   |   |   |   |   |   |   |   |--- value: [25.49]
|   |   |   |   |   |--- Fertilizer_Used >  312.70
|   |   |   |   |   |   |--- Rainfall <= 1712.76
|   |   |   |   |   |   |   |--- Soil_Moisture <= 35.91
|   |   |   |   |   |   |   |   |--- value: [27.09]
|   |   |   |   |   |   |   |--- Soil_Moisture >  35.91
|   |   |   |   |   |   |   |   |--- value: [27.77]
|   |   |   |   |   |   |--- Rainfall >  1712.76
|   |   |   |   |   |   |   |--- P <= 53.50
|   |   |   |   |   |   |   |   |--- Humidity <= 58.81
|   |   |   |   |   |   |   |   |   |--- value: [24.98]
|   |   |   |   |   |   |   |   |--- Humidity >  58.81
|   |   |   |   |   |   |   |   |   |--- value: [25.38]
|   |   |   |   |   |   |   |--- P >  53.50
|   |   |   |   |   |   |   |   |--- Irrigation_Type <= 1.50
|   |   |   |   |   |   |   |   |   |--- value: [26.03]
|   |   |   |   |   |   |   |   |--- Irrigation_Type >  1.50
|   |   |   |   |   |   |   |   |   |--- value: [25.57]
|   |   |   |   |--- Rainfall >  2379.83
|   |   |   |   |   |--- Fertilizer_Used <= 336.57
|   |   |   |   |   |   |--- P <= 36.50
|   |   |   |   |   |   |   |--- N <= 47.00
|   |   |   |   |   |   |   |   |--- N <= 41.50
|   |   |   |   |   |   |   |   |   |--- value: [25.71]
|   |   |   |   |   |   |   |   |--- N >  41.50
|   |   |   |   |   |   |   |   |   |--- value: [26.29]
|   |   |   |   |   |   |   |--- N >  47.00
|   |   |   |   |   |   |   |   |--- P <= 29.50
|   |   |   |   |   |   |   |   |   |--- value: [25.18]
|   |   |   |   |   |   |   |   |--- P >  29.50
|   |   |   |   |   |   |   |   |   |--- value: [24.56]
|   |   |   |   |   |   |--- P >  36.50
|   |   |   |   |   |   |   |--- N <= 43.50
|   |   |   |   |   |   |   |   |--- Rainfall <= 2474.98
|   |   |   |   |   |   |   |   |   |--- value: [26.80]
|   |   |   |   |   |   |   |   |--- Rainfall >  2474.98
|   |   |   |   |   |   |   |   |   |--- value: [26.84]
|   |   |   |   |   |   |   |--- N >  43.50
|   |   |   |   |   |   |   |   |--- P <= 67.50
|   |   |   |   |   |   |   |   |   |--- value: [26.24]
|   |   |   |   |   |   |   |   |--- P >  67.50
|   |   |   |   |   |   |   |   |   |--- value: [26.42]
|   |   |   |   |   |--- Fertilizer_Used >  336.57
|   |   |   |   |   |   |--- P <= 25.00
|   |   |   |   |   |   |   |--- Season <= 0.50
|   |   |   |   |   |   |   |   |--- value: [26.86]
|   |   |   |   |   |   |   |--- Season >  0.50
|   |   |   |   |   |   |   |   |--- value: [26.08]
|   |   |   |   |   |   |--- P >  25.00
|   |   |   |   |   |   |   |--- Wind_Speed <= 14.69
|   |   |   |   |   |   |   |   |--- value: [27.84]
|   |   |   |   |   |   |   |--- Wind_Speed >  14.69
|   |   |   |   |   |   |   |   |--- value: [27.96]
|   |   |--- Soil_Moisture >  39.78
|   |   |   |--- Soil_pH <= 5.63
|   |   |   |   |--- Pesticide_Used <= 18.62
|   |   |   |   |   |--- Temperature <= 29.95
|   |   |   |   |   |   |--- Fertilizer_Used <= 264.45
|   |   |   |   |   |   |   |--- Sunlight_Hours <= 5.63
|   |   |   |   |   |   |   |   |--- Wind_Speed <= 8.19
|   |   |   |   |   |   |   |   |   |--- value: [26.07]
|   |   |   |   |   |   |   |   |--- Wind_Speed >  8.19
|   |   |   |   |   |   |   |   |   |--- value: [26.26]
|   |   |   |   |   |   |   |--- Sunlight_Hours >  5.63
|   |   |   |   |   |   |   |   |--- Soil_Type <= 0.50
|   |   |   |   |   |   |   |   |   |--- value: [25.88]
|   |   |   |   |   |   |   |   |--- Soil_Type >  0.50
|   |   |   |   |   |   |   |   |   |--- value: [25.77]
|   |   |   |   |   |   |--- Fertilizer_Used >  264.45
|   |   |   |   |   |   |   |--- Fertilizer_Used <= 307.49
|   |   |   |   |   |   |   |   |--- Fertilizer_Used <= 280.67
|   |   |   |   |   |   |   |   |   |--- value: [25.14]
|   |   |   |   |   |   |   |   |--- Fertilizer_Used >  280.67
|   |   |   |   |   |   |   |   |   |--- value: [24.72]
|   |   |   |   |   |   |   |--- Fertilizer_Used >  307.49
|   |   |   |   |   |   |   |   |--- N <= 56.00
|   |   |   |   |   |   |   |   |   |--- value: [26.19]
|   |   |   |   |   |   |   |   |--- N >  56.00
|   |   |   |   |   |   |   |   |   |--- value: [25.50]
|   |   |   |   |   |--- Temperature >  29.95
|   |   |   |   |   |   |--- Wind_Speed <= 13.04
|   |   |   |   |   |   |   |--- Soil_Moisture <= 48.65
|   |   |   |   |   |   |   |   |--- value: [27.47]
|   |   |   |   |   |   |   |--- Soil_Moisture >  48.65
|   |   |   |   |   |   |   |   |--- Rainfall <= 2024.99
|   |   |   |   |   |   |   |   |   |--- value: [26.49]
|   |   |   |   |   |   |   |   |--- Rainfall >  2024.99
|   |   |   |   |   |   |   |   |   |--- value: [26.58]
|   |   |   |   |   |   |--- Wind_Speed >  13.04
|   |   |   |   |   |   |   |--- value: [25.20]
|   |   |   |   |--- Pesticide_Used >  18.62
|   |   |   |   |   |--- K <= 116.00
|   |   |   |   |   |   |--- Rainfall <= 2673.22
|   |   |   |   |   |   |   |--- Pesticide_Used <= 22.09
|   |   |   |   |   |   |   |   |--- Fertilizer_Used <= 293.85
|   |   |   |   |   |   |   |   |   |--- value: [26.82]
|   |   |   |   |   |   |   |   |--- Fertilizer_Used >  293.85
|   |   |   |   |   |   |   |   |   |--- value: [26.73]
|   |   |   |   |   |   |   |--- Pesticide_Used >  22.09
|   |   |   |   |   |   |   |   |--- value: [26.63]
|   |   |   |   |   |   |--- Rainfall >  2673.22
|   |   |   |   |   |   |   |--- Rainfall <= 2763.15
|   |   |   |   |   |   |   |   |--- value: [27.06]
|   |   |   |   |   |   |   |--- Rainfall >  2763.15
|   |   |   |   |   |   |   |   |--- value: [26.92]
|   |   |   |   |   |--- K >  116.00
|   |   |   |   |   |   |--- Soil_pH <= 5.23
|   |   |   |   |   |   |   |--- value: [26.00]
|   |   |   |   |   |   |--- Soil_pH >  5.23
|   |   |   |   |   |   |   |--- value: [26.46]
|   |   |   |--- Soil_pH >  5.63
|   |   |   |   |--- Rainfall <= 2020.11
|   |   |   |   |   |--- Wind_Speed <= 13.52
|   |   |   |   |   |   |--- Wind_Speed <= 9.95
|   |   |   |   |   |   |   |--- P <= 76.00
|   |   |   |   |   |   |   |   |--- Temperature <= 11.92
|   |   |   |   |   |   |   |   |   |--- value: [28.46]
|   |   |   |   |   |   |   |   |--- Temperature >  11.92
|   |   |   |   |   |   |   |   |   |--- value: [26.44]
|   |   |   |   |   |   |   |--- P >  76.00
|   |   |   |   |   |   |   |   |--- Wind_Speed <= 4.20
|   |   |   |   |   |   |   |   |   |--- value: [27.70]
|   |   |   |   |   |   |   |   |--- Wind_Speed >  4.20
|   |   |   |   |   |   |   |   |   |--- value: [27.11]
|   |   |   |   |   |   |--- Wind_Speed >  9.95
|   |   |   |   |   |   |   |--- Organic_Carbon <= 0.84
|   |   |   |   |   |   |   |   |--- Season <= 1.00
|   |   |   |   |   |   |   |   |   |--- value: [27.55]
|   |   |   |   |   |   |   |   |--- Season >  1.00
|   |   |   |   |   |   |   |   |   |--- value: [27.34]
|   |   |   |   |   |   |   |--- Organic_Carbon >  0.84
|   |   |   |   |   |   |   |   |--- Soil_Type <= 0.50
|   |   |   |   |   |   |   |   |   |--- value: [28.36]
|   |   |   |   |   |   |   |   |--- Soil_Type >  0.50
|   |   |   |   |   |   |   |   |   |--- value: [29.14]
|   |   |   |   |   |--- Wind_Speed >  13.52
|   |   |   |   |   |   |--- Humidity <= 70.12
|   |   |   |   |   |   |   |--- Temperature <= 25.82
|   |   |   |   |   |   |   |   |--- Sunlight_Hours <= 7.96
|   |   |   |   |   |   |   |   |   |--- value: [26.04]
|   |   |   |   |   |   |   |   |--- Sunlight_Hours >  7.96
|   |   |   |   |   |   |   |   |   |--- value: [26.54]
|   |   |   |   |   |   |   |--- Temperature >  25.82
|   |   |   |   |   |   |   |   |--- Temperature <= 34.01
|   |   |   |   |   |   |   |   |   |--- value: [27.05]
|   |   |   |   |   |   |   |   |--- Temperature >  34.01
|   |   |   |   |   |   |   |   |   |--- value: [27.28]
|   |   |   |   |   |   |--- Humidity >  70.12
|   |   |   |   |   |   |   |--- Soil_Type <= 0.50
|   |   |   |   |   |   |   |   |--- value: [26.05]
|   |   |   |   |   |   |   |--- Soil_Type >  0.50
|   |   |   |   |   |   |   |   |--- Irrigation_Type <= 1.00
|   |   |   |   |   |   |   |   |   |--- value: [24.21]
|   |   |   |   |   |   |   |   |--- Irrigation_Type >  1.00
|   |   |   |   |   |   |   |   |   |--- value: [24.31]
|   |   |   |   |--- Rainfall >  2020.11
|   |   |   |   |   |--- Fertilizer_Used <= 304.23
|   |   |   |   |   |   |--- Organic_Carbon <= 0.85
|   |   |   |   |   |   |   |--- Organic_Carbon <= 0.36
|   |   |   |   |   |   |   |   |--- Soil_pH <= 6.88
|   |   |   |   |   |   |   |   |   |--- value: [28.57]
|   |   |   |   |   |   |   |   |--- Soil_pH >  6.88
|   |   |   |   |   |   |   |   |   |--- value: [27.92]
|   |   |   |   |   |   |   |--- Organic_Carbon >  0.36
|   |   |   |   |   |   |   |   |--- Temperature <= 27.42
|   |   |   |   |   |   |   |   |   |--- value: [26.70]
|   |   |   |   |   |   |   |   |--- Temperature >  27.42
|   |   |   |   |   |   |   |   |   |--- value: [25.70]
|   |   |   |   |   |   |--- Organic_Carbon >  0.85
|   |   |   |   |   |   |   |--- K <= 55.00
|   |   |   |   |   |   |   |   |--- Organic_Carbon <= 0.92
|   |   |   |   |   |   |   |   |   |--- value: [25.10]
|   |   |   |   |   |   |   |   |--- Organic_Carbon >  0.92
|   |   |   |   |   |   |   |   |   |--- value: [27.01]
|   |   |   |   |   |   |   |--- K >  55.00
|   |   |   |   |   |   |   |   |--- N <= 134.00
|   |   |   |   |   |   |   |   |   |--- value: [27.69]
|   |   |   |   |   |   |   |   |--- N >  134.00
|   |   |   |   |   |   |   |   |   |--- value: [28.92]
|   |   |   |   |   |--- Fertilizer_Used >  304.23
|   |   |   |   |   |   |--- P <= 51.00
|   |   |   |   |   |   |   |--- Soil_pH <= 5.94
|   |   |   |   |   |   |   |   |--- value: [27.45]
|   |   |   |   |   |   |   |--- Soil_pH >  5.94
|   |   |   |   |   |   |   |   |--- Rainfall <= 2263.43
|   |   |   |   |   |   |   |   |   |--- value: [27.18]
|   |   |   |   |   |   |   |   |--- Rainfall >  2263.43
|   |   |   |   |   |   |   |   |   |--- value: [26.98]
|   |   |   |   |   |   |--- P >  51.00
|   |   |   |   |   |   |   |--- Pesticide_Used <= 23.04
|   |   |   |   |   |   |   |   |--- Organic_Carbon <= 1.21
|   |   |   |   |   |   |   |   |   |--- value: [28.88]
|   |   |   |   |   |   |   |   |--- Organic_Carbon >  1.21
|   |   |   |   |   |   |   |   |   |--- value: [28.00]
|   |   |   |   |   |   |   |--- Pesticide_Used >  23.04
|   |   |   |   |   |   |   |   |--- value: [26.38]
