|--- Fertilizer_Used <= 234.92
|   |--- Rainfall <= 1341.92
|   |   |--- Soil_Moisture <= 38.68
|   |   |   |--- K <= 57.50
|   |   |   |   |--- N <= 135.00
|   |   |   |   |   |--- Wind_Speed <= 15.09
|   |   |   |   |   |   |--- K <= 55.00
|   |   |   |   |   |   |   |--- Wind_Speed <= 3.23
|   |   |   |   |   |   |   |   |--- Rainfall <= 1277.09
|   |   |   |   |   |   |   |   |   |--- value: [73.13]
|   |   |   |   |   |   |   |   |--- Rainfall >  1277.09
|   |   |   |   |   |   |   |   |   |--- value: [72.83]
|   |   |   |   |   |   |   |--- Wind_Speed >  3.23
|   |   |   |   |   |   |   |   |--- Temperature <= 28.23
|   |   |   |   |   |   |   |   |   |--- value: [72.03]
|   |   |   |   |   |   |   |   |--- Temperature >  28.23
|   |   |   |   |   |   |   |   |   |--- value: [70.77]
|   |   |   |   |   |   |--- K >  55.00
|   |   |   |   |   |   |   |--- Soil_Moisture <= 19.59
|   |   |   |   |   |   |   |   |--- value: [73.75]
|   |   |   |   |   |   |   |--- Soil_Moisture >  19.59
|   |   |   |   |   |   |   |   |--- value: [73.93]
|   |   |   |   |   |--- Wind_Speed >  15.09
|   |   |   |   |   |   |--- N <= 49.00
|   |   |   |   |   |   |   |--- Soil_pH <= 7.99
|   |   |   |   |   |   |   |   |--- Irrigation_Type <= 1.00
|   |   |   |   |   |   |   |   |   |--- value: [70.78]
|   |   |   |   |   |   |   |   |--- Irrigation_Type >  1.00
|   |   |   |   |   |   |   |   |   |--- value: [71.04]
|   |   |   |   |   |   |   |--- Soil_pH >  7.99
|   |   |   |   |   |   |   |   |--- Rainfall <= 344.66
|   |   |   |   |   |   |   |   |   |--- value: [70.24]
|   |   |   |   |   |   |   |   |--- Rainfall >  344.66
|   |   |   |   |   |   |   |   |   |--- value: [70.43]
|   |   |   |   |   |   |--- N >  49.00
|   |   |   |   |   |   |   |--- Humidity <= 68.16
|   |   |   |   |   |   |   |   |--- Sunlight_Hours <= 7.34
|   |   |   |   |   |   |   |   |   |--- value: [72.36]
|   |   |   |   |   |   |   |   |--- Sunlight_Hours >  7.34
|   |   |   |   |   |   |   |   |   |--- value: [72.34]
|   |   |   |   |   |   |   |--- Humidity >  68.16
|   |   |   |   |   |   |   |   |--- Rainfall <= 903.33
|   |   |   |   |   |   |   |   |   |--- value: [71.08]
|   |   |   |   |   |   |   |   |--- Rainfall >  903.33
|   |   |   |   |   |   |   |   |   |--- value: [71.82]
|   |   |   |   |--- N >  135.00
|   |   |   |   |   |--- Season <= 0.50
|   |   |   |   |   |   |--- Sunlight_Hours <= 5.79
|   |   |   |   |   |   |   |--- value: [72.35]
|   |   |   |   |   |   |--- Sunlight_Hours >  5.79
|   |   |   |   |   |   |   |--- value: [70.88]
|   |   |   |   |   |--- Season >  0.50
|   |   |   |   |   |   |--- Temperature <= 25.05
|   |   |   |   |   |   |   |--- Humidity <= 88.74
|   |   |   |   |   |   |   |   |--- Soil_Type <= 2.50
|   |   |   |   |   |   |   |   |   |--- value: [72.68]
|   |   |   |   |   |   |   |   |--- Soil_Type >  2.50
|   |   |   |   |   |   |   |   |   |--- value: [73.28]
|   |   |   |   |   |   |   |--- Humidity >  88.74
|   |   |   |   |   |   |   |   |--- value: [74.13]
|   |   |   |   |   |   |--- Temperature >  25.05
|   |   |   |   |   |   |   |--- Wind_Speed <= 11.79
|   |   |   |   |   |   |   |   |--- Temperature <= 31.70
|   |   |   |   |   |   |   |   |   |--- value: [73.82]
|   |   |   |   |   |   |   |   |--- Temperature >  31.70
|   |   |   |   |   |   |   |   |   |--- value: [73.74]
|   |   |   |   |   |   |   |--- Wind_Speed >  11.79
|   |   |   |   |   |   |   |   |--- value: [74.59]
|   |   |   |--- K >  57.50
|   |   |   |   |--- Soil_pH <= 5.07
|   |   |   |   |   |--- Irrigation_Type <= 0.50
|   |   |   |   |   |   |--- Humidity <= 69.73
|   |   |   |   |   |   |   |--- Wind_Speed <= 6.72
|   |   |   |   |   |   |   |   |--- value: [70.79]
|   |   |   |   |   |   |   |--- Wind_Speed >  6.72
|   |   |   |   |   |   |   |   |--- value: [70.64]
|   |   |   |   |   |   |--- Humidity >  69.73
|   |   |   |   |   |   |   |--- value: [70.12]
|   |   |   |   |   |--- Irrigation_Type >  0.50
|   |   |   |   |   |   |--- Organic_Carbon <= 1.14
|   |   |   |   |   |   |   |--- N <= 83.00
|   |   |   |   |   |   |   |   |--- Humidity <= 66.33
|   |   |   |   |   |   |   |   |   |--- value: [73.02]
|   |   |   |   |   |   |   |   |--- Humidity >  66.33
|   |   |   |   |   |   |   |   |   |--- value: [72.97]
|   |   |   |   |   |   |   |--- N >  83.00
|   |   |   |   |   |   |   |   |--- Humidity <= 71.80
|   |   |   |   |   |   |   |   |   |--- value: [73.61]
|   |   |   |   |   |   |   |   |--- Humidity >  71.80
|   |   |   |   |   |   |   |   |   |--- value: [74.04]
|   |   |   |   |   |   |--- Organic_Carbon >  1.14
|   |   |   |   |   |   |   |--- Region <= 1.00
|   |   |   |   |   |   |   |   |--- value: [71.72]
|   |   |   |   |   |   |   |--- Region >  1.00
|   |   |   |   |   |   |   |   |--- value: [72.15]
|   |   |   |   |--- Soil_pH >  5.07
|   |   |   |   |   |--- Rainfall <= 827.34
|   |   |   |   |   |   |--- Soil_pH <= 7.54
|   |   |   |   |   |   |   |--- Region <= 1.50
|   |   |   |   |   |   |   |   |--- Soil_pH <= 5.71
|   |   |   |   |   |   |   |   |   |--- value: [70.78]
|   |   |   |   |   |   |   |   |--- Soil_pH >  5.71
|   |   |   |   |   |   |   |   |   |--- value: [72.90]
|   |   |   |   |   |   |   |--- Region >  1.50
|   |   |   |   |   |   |   |   |--- Pesticide_Used <= 5.56
|   |   |   |   |   |   |   |   |   |--- value: [72.68]
|   |   |   |   |   |   |   |   |--- Pesticide_Used >  5.56
|   |   |   |   |   |   |   |   |   |--- value: [73.88]
|   |   |   |   |   |   |--- Soil_pH >  7.54
|   |   |   |   |   |   |   |--- Altitude <= 1173.00
|   |   |   |   |   |   |   |   |--- Fertilizer_Used <= 106.48
|   |   |   |   |   |   |   |   |   |--- value: [71.03]
|   |   |   |   |   |   |   |   |--- Fertilizer_Used >  106.48
|   |   |   |   |   |   |   |   |   |--- value: [71.23]
|   |   |   |   |   |   |   |--- Altitude >  1173.00
|   |   |   |   |   |   |   |   |--- Rainfall <= 373.98
|   |   |   |   |   |   |   |   |   |--- value: [72.31]
|   |   |   |   |   |   |   |   |--- Rainfall >  373.98
|   |   |   |   |   |   |   |   |   |--- value: [72.92]
|   |   |   |   |   |--- Rainfall >  827.34
|   |   |   |   |   |   |--- Humidity <= 59.06
|   |   |   |   |   |   |   |--- Fertilizer_Used <= 185.02
|   |   |   |   |   |   |   |   |--- Altitude <= 243.50
|   |   |   |   |   |   |   |   |   |--- value: [74.41]
|   |   |   |   |   |   |   |   |--- Altitude >  243.50
|   |   |   |   |   |   |   |   |   |--- value: [72.80]
|   |   |   |   |   |   |   |--- Fertilizer_Used >  185.02
|   |   |   |   |   |   |   |   |--- Humidity <= 37.32
|   |   |   |   |   |   |   |   |   |--- value: [73.43]
|   |   |   |   |   |   |   |   |--- Humidity >  37.32
|   |   |   |   |   |   |   |   |   |--- value: [74.55]
|   |   |   |   |   |   |--- Humidity >  59.06
|   |   |   |   |   |   |   |--- Fertilizer_Used <= 91.33
|   |   |   |   |   |   |   |   |--- Soil_pH <= 7.06
|   |   |   |   |   |   |   |   |   |--- value: [74.00]
|   |   |   |   |   |   |   |   |--- Soil_pH >  7.06
|   |   |   |   |   |   |   |   |   |--- value: [72.53]
|   |   |   |   |   |   |   |--- Fertilizer_Used >  91.33
|   |   |   |   |   |   |   |   |--- P <= 74.00
|   |   |   |   |   |   |   |   |   |--- value: [74.37]
|   |   |   |   |   |   |   |   |--- P >  74.00
|   |   |   |   |   |   |   |   |   |--- value: [74.85]
|   |   |--- Soil_Moisture >  38.68
|   |   |   |--- Fertilizer_Used <= 119.78
|   |   |   |   |--- Wind_Speed <= 11.96
|   |   |   |   |   |--- Soil_pH <= 7.26
|   |   |   |   |   |   |--- N <= 40.00
|   |   |   |   |   |   |   |--- Rainfall <= 448.97
|   |   |   |   |   |   |   |   |--- value: [71.41]
|   |   |   |   |   |   |   |--- Rainfall >  448.97
|   |   |   |   |   |   |   |   |--- Region <= 2.50
|   |   |   |   |   |   |   |   |   |--- value: [72.72]
|   |   |   |   |   |   |   |   |--- Region >  2.50
|   |   |   |   |   |   |   |   |   |--- value: [73.40]
|   |   |   |   |   |   |--- N >  40.00
|   |   |   |   |   |   |   |--- Irrigation_Type <= 1.50
|   |   |   |   |   |   |   |   |--- Pesticide_Used <= 11.74
|   |   |   |   |   |   |   |   |   |--- value: [74.61]
|   |   |   |   |   |   |   |   |--- Pesticide_Used >  11.74
|   |   |   |   |   |   |   |   |   |--- value: [73.33]
|   |   |   |   |   |   |   |--- Irrigation_Type >  1.50
|   |   |   |   |   |   |   |   |--- Soil_Type <= 0.50
|   |   |   |   |   |   |   |   |   |--- value: [74.41]
|   |   |   |   |   |   |   |   |--- Soil_Type >  0.50
|   |   |   |   |   |   |   |   |   |--- value: [74.92]
|   |   |   |   |   |--- Soil_pH >  7.26
|   |   |   |   |   |   |--- Altitude <= 1044.50
|   |   |   |   |   |   |   |--- Wind_Speed <= 2.33
|   |   |   |   |   |   |   |   |--- value: [72.41]
|   |   |   |   |   |   |   |--- Wind_Speed >  2.33
|   |   |   |   |   |   |   |   |--- K <= 59.50
|   |   |   |   |   |   |   |   |   |--- value: [71.14]
|   |   |   |   |   |   |   |   |--- K >  59.50
|   |   |   |   |   |   |   |   |   |--- value: [71.73]
|   |   |   |   |   |   |--- Altitude >  1044.50
|   |   |   |   |   |   |   |--- P <= 25.00
|   |   |   |   |   |   |   |   |--- value: [73.47]
|   |   |   |   |   |   |   |--- P >  25.00
|   |   |   |   |   |   |   |   |--- Soil_pH <= 7.55
|   |   |   |   |   |   |   |   |   |--- value: [72.62]
|   |   |   |   |   |   |   |   |--- Soil_pH >  7.55
|   |   |   |   |   |   |   |   |   |--- value: [72.95]
|   |   |   |   |--- Wind_Speed >  11.96
|   |   |   |   |   |--- Fertilizer_Used <= 84.87
|   |   |   |   |   |   |--- Region <= 0.50
|   |   |   |   |   |   |   |--- value: [70.80]
|   |   |   |   |   |   |--- Region >  0.50
|   |   |   |   |   |   |   |--- K <= 77.50
|   |   |   |   |   |   |   |   |--- value: [71.72]
|   |   |   |   |   |   |   |--- K >  77.50
|   |   |   |   |   |   |   |   |--- Fertilizer_Used <= 77.35
|   |   |   |   |   |   |   |   |   |--- value: [72.44]
|   |   |   |   |   |   |   |   |--- Fertilizer_Used >  77.35
|   |   |   |   |   |   |   |   |   |--- value: [72.24]
|   |   |   |   |   |--- Fertilizer_Used >  84.87
|   |   |   |   |   |   |--- Temperature <= 33.96
|   |   |   |   |   |   |   |--- Pesticide_Used <= 15.20
|   |   |   |   |   |   |   |   |--- Fertilizer_Used <= 103.34
|   |   |   |   |   |   |   |   |   |--- value: [72.47]
|   |   |   |   |   |   |   |   |--- Fertilizer_Used >  103.34
|   |   |   |   |   |   |   |   |   |--- value: [73.03]
|   |   |   |   |   |   |   |--- Pesticide_Used >  15.20
|   |   |   |   |   |   |   |   |--- Soil_Moisture <= 42.61
|   |   |   |   |   |   |   |   |   |--- value: [72.27]
|   |   |   |   |   |   |   |   |--- Soil_Moisture >  42.61
|   |   |   |   |   |   |   |   |   |--- value: [71.94]
|   |   |   |   |   |   |--- Temperature >  33.96
|   |   |   |   |   |   |   |--- P <= 86.00
|   |   |   |   |   |   |   |   |--- K <= 119.50
|   |   |   |   |   |   |   |   |   |--- value: [73.69]
|   |   |   |   |   |   |   |   |--- K >  119.50
|   |   |   |   |   |   |   |   |   |--- value: [73.05]
|   |   |   |   |   |   |   |--- P >  86.00
|   |   |   |   |   |   |   |   |--- value: [74.79]
|   |   |   |--- Fertilizer_Used >  119.78
|   |   |   |   |--- Rainfall <= 457.28
|   |   |   |   |   |--- K <= 94.00
|   |   |   |   |   |   |--- Soil_Type <= 0.50
|   |   |   |   |   |   |   |--- Altitude <= 554.00
|   |   |   |   |   |   |   |   |--- value: [73.07]
|   |   |   |   |   |   |   |--- Altitude >  554.00
|   |   |   |   |   |   |   |   |--- value: [73.76]
|   |   |   |   |   |   |--- Soil_Type >  0.50
|   |   |   |   |   |   |   |--- K <= 56.50
|   |   |   |   |   |   |   |   |--- Soil_pH <= 6.63
|   |   |   |   |   |   |   |   |   |--- value: [72.09]
|   |   |   |   |   |   |   |   |--- Soil_pH >  6.63
|   |   |   |   |   |   |   |   |   |--- value: [71.69]
|   |   |   |   |   |   |   |--- K >  56.50
|   |   |   |   |   |   |   |   |--- K <= 74.00
|   |   |   |   |   |   |   |   |   |--- value: [72.73]
|   |   |   |   |   |   |   |   |--- K >  74.00
|   |   |   |   |   |   |   |   |   |--- value: [72.31]
|   |   |   |   |   |--- K >  94.00
|   |   |   |   |   |   |--- K <= 146.00
|   |   |   |   |   |   |   |--- Soil_pH <= 5.37
|   |   |   |   |   |   |   |   |--- value: [74.22]
|   |   |   |   |   |   |   |--- Soil_pH >  5.37
|   |   |   |   |   |   |   |   |--- N <= 120.50
|   |   |   |   |   |   |   |   |   |--- value: [74.75]
|   |   |   |   |   |   |   |   |--- N >  120.50
|   |   |   |   |   |   |   |   |   |--- value: [74.79]
|   |   |   |   |   |   |--- K >  146.00
|   |   |   |   |   |   |   |--- Region <= 1.50
|   |   |   |   |   |   |   |   |--- value: [72.68]
|   |   |   |   |   |   |   |--- Region >  1.50
|   |   |   |   |   |   |   |   |--- value: [73.38]
|   |   |   |   |--- Rainfall >  457.28
|   |   |   |   |   |--- Irrigation_Type <= 2.50
|   |   |   |   |   |   |--- Soil_pH <= 7.28
|   |   |   |   |   |   |   |--- N <= 95.50
|   |   |   |   |   |   |   |   |--- Organic_Carbon <= 0.56
|   |   |   |   |   |   |   |   |   |--- value: [75.00]
|   |   |   |   |   |   |   |   |--- Organic_Carbon >  0.56
|   |   |   |   |   |   |   |   |   |--- value: [73.67]
|   |   |   |   |   |   |   |--- N >  95.50
|   |   |   |   |   |   |   |   |--- Wind_Speed <= 4.88
|   |   |   |   |   |   |   |   |   |--- value: [75.56]
|   |   |   |   |   |   |   |   |--- Wind_Speed >  4.88
|   |   |   |   |   |   |   |   |   |--- value: [74.57]
|   |   |   |   |   |   |--- Soil_pH >  7.28
|   |   |   |   |   |   |   |--- Soil_Type <= 2.50
|   |   |   |   |   |   |   |   |--- Sunlight_Hours <= 9.36
|   |   |   |   |   |   |   |   |   |--- value: [72.36]
|   |   |   |   |   |   |   |   |--- Sunlight_Hours >  9.36
|   |   |   |   |   |   |   |   |   |--- value: [74.54]
|   |   |   |   |   |   |   |--- Soil_Type >  2.50
|   |   |   |   |   |   |   |   |--- Pesticide_Used <= 18.78
|   |   |   |   |   |   |   |   |   |--- value: [73.55]
|   |   |   |   |   |   |   |   |--- Pesticide_Used >  18.78
|   |   |   |   |   |   |   |   |   |--- value: [74.72]
|   |   |   |   |   |--- Irrigation_Type >  2.50
|   |   |   |   |   |   |--- N <= 71.50
|   |   |   |   |   |   |   |--- Altitude <= 1232.50
|   |   |   |   |   |   |   |   |--- Temperature <= 29.60
|   |   |   |   |   |   |   |   |   |--- value: [74.13]
|   |   |   |   |   |   |   |   |--- Temperature >  29.60
|   |   |   |   |   |   |   |   |   |--- value: [75.52]
|   |   |   |   |   |   |   |--- Altitude >  1232.50
|   |   |   |   |   |   |   |   |--- K <= 43.50
|   |   |   |   |   |   |   |   |   |--- value: [72.54]
|   |   |   |   |   |   |   |   |--- K >  43.50
|   |   |   |   |   |   |   |   |   |--- value: [73.15]
|   |   |   |   |   |   |--- N >  71.50
|   |   |   |   |   |   |   |--- Soil_pH <= 5.17
|   |   |   |   |   |   |   |   |--- N <= 149.50
|   |   |   |   |   |   |   |   |   |--- value: [73.19]
|   |   |   |   |   |   |   |   |--- N >  149.50
|   |   |   |   |   |   |   |   |   |--- value: [73.20]
|   |   |   |   |   |   |   |--- Soil_pH >  5.17
|   |   |   |   |   |   |   |   |--- Organic_Carbon <= 1.42
|   |   |   |   |   |   |   |   |   |--- value: [76.15]
|   |   |   |   |   |   |   |   |--- Organic_Carbon >  1.42
|   |   |   |   |   |   |   |   |   |--- value: [74.44]
|   |--- Rainfall >  1341.92
|   |   |--- Rainfall <= 2323.41
|   |   |   |--- Fertilizer_Used <= 130.69
|   |   |   |   |--- Soil_pH <= 5.47
|   |   |   |   |   |--- Wind_Speed <= 13.14
|   |   |   |   |   |   |--- N <= 76.50
|   |   |   |   |   |   |   |--- Sunlight_Hours <= 8.91
|   |   |   |   |   |   |   |   |--- Fertilizer_Used <= 120.06
|   |   |   |   |   |   |   |   |   |--- value: [73.30]
|   |   |   |   |   |   |   |   |--- Fertilizer_Used >  120.06
|   |   |   |   |   |   |   |   |   |--- value: [73.12]
|   |   |   |   |   |   |   |--- Sunlight_Hours >  8.91
|   |   |   |   |   |   |   |   |--- Temperature <= 23.35
|   |   |   |   |   |   |   |   |   |--- value: [72.33]
|   |   |   |   |   |   |   |   |--- Temperature >  23.35
|   |   |   |   |   |   |   |   |   |--- value: [72.36]
|   |   |   |   |   |   |--- N >  76.50
|   |   |   |   |   |   |   |--- Organic_Carbon <= 0.61
|   |   |   |   |   |   |   |   |--- Soil_Type <= 1.50
|   |   |   |   |   |   |   |   |   |--- value: [73.91]
|   |   |   |   |   |   |   |   |--- Soil_Type >  1.50
|   |   |   |   |   |   |   |   |   |--- value: [73.78]
|   |   |   |   |   |   |   |--- Organic_Carbon >  0.61
|   |   |   |   |   |   |   |   |--- Soil_Moisture <= 60.76
|   |   |   |   |   |   |   |   |   |--- value: [74.18]
|   |   |   |   |   |   |   |   |--- Soil_Moisture >  60.76
|   |   |   |   |   |   |   |   |   |--- value: [74.49]
|   |   |   |   |   |--- Wind_Speed >  13.14
|   |   |   |   |   |   |--- Soil_pH <= 5.38
|   |   |   |   |   |   |   |--- Sunlight_Hours <= 9.87
|   |   |   |   |   |   |   |   |--- Humidity <= 39.81
|   |   |   |   |   |   |   |   |   |--- value: [72.18]
|   |   |   |   |   |   |   |   |--- Humidity >  39.81
|   |   |   |   |   |   |   |   |   |--- value: [72.69]
|   |   |   |   |   |   |   |--- Sunlight_Hours >  9.87
|   |   |   |   |   |   |   |   |--- value: [73.51]
|   |   |   |   |   |   |--- Soil_pH >  5.38
|   |   |   |   |   |   |   |--- value: [71.08]
|   |   |   |   |--- Soil_pH >  5.47
|   |   |   |   |   |--- Soil_pH <= 8.07
|   |   |   |   |   |   |--- Soil_Moisture <= 36.64
|   |   |   |   |   |   |   |--- N <= 98.50
|   |   |   |   |   |   |   |   |--- Pesticide_Used <= 14.88
|   |   |   |   |   |   |   |   |   |--- value: [73.60]
|   |   |   |   |   |   |   |   |--- Pesticide_Used >  14.88
|   |   |   |   |   |   |   |   |   |--- value: [72.02]
|   |   |   |   |   |   |   |--- N >  98.50
|   |   |   |   |   |   |   |   |--- Soil_pH <= 6.32
|   |   |   |   |   |   |   |   |   |--- value: [75.03]
|   |   |   |   |   |   |   |   |--- Soil_pH >  6.32
|   |   |   |   |   |   |   |   |   |--- value: [73.99]
|   |   |   |   |   |   |--- Soil_Moisture >  36.64
|   |   |   |   |   |   |   |--- Soil_pH <= 5.52
|   |   |   |   |   |   |   |   |--- value: [76.74]
|   |   |   |   |   |   |   |--- Soil_pH >  5.52
|   |   |   |   |   |   |   |   |--- Fertilizer_Used <= 127.30
|   |   |   |   |   |   |   |   |   |--- value: [74.58]
|   |   |   |   |   |   |   |   |--- Fertilizer_Used >  127.30
|   |   |   |   |   |   |   |   |   |--- value: [73.70]
|   |   |   |   |   |--- Soil_pH >  8.07
|   |   |   |   |   |   |--- Soil_Moisture <= 50.50
|   |   |   |   |   |   |   |--- N <= 85.50
|   |   |   |   |   |   |   |   |--- Season <= 1.50
|   |   |   |   |   |   |   |   |   |--- value: [72.70]
|   |   |   |   |   |   |   |   |--- Season >  1.50
|   |   |   |   |   |   |   |   |   |--- value: [72.69]
|   |   |   |   |   |   |   |--- N >  85.50
|   |   |   |   |   |   |   |   |--- value: [71.45]
|   |   |   |   |   |   |--- Soil_Moisture >  50.50
|   |   |   |   |   |   |   |--- Soil_Moisture <= 61.84
|   |   |   |   |   |   |   |   |--- K <= 66.50
|   |   |   |   |   |   |   |   |   |--- value: [73.51]
|   |   |   |   |   |   |   |   |--- K >  66.50
|   |   |   |   |   |   |   |   |   |--- value: [73.06]
|   |   |   |   |   |   |   |--- Soil_Moisture >  61.84
|   |   |   |   |   |   |   |   |--- value: [74.30]
|   |   |   |--- Fertilizer_Used >  130.69
|   |   |   |   |--- Wind_Speed <= 13.32
|   |   |   |   |   |--- Soil_Moisture <= 34.42
|   |   |   |   |   |   |--- P <= 71.00
|   |   |   |   |   |   |   |--- Altitude <= 197.50
|   |   |   |   |   |   |   |   |--- Temperature <= 14.14
|   |   |   |   |   |   |   |   |   |--- value: [72.28]
|   |   |   |   |   |   |   |   |--- Temperature >  14.14
|   |   |   |   |   |   |   |   |   |--- value: [73.22]
|   |   |   |   |   |   |   |--- Altitude >  197.50
|   |   |   |   |   |   |   |   |--- Region <= 0.50
|   |   |   |   |   |   |   |   |   |--- value: [73.56]
|   |   |   |   |   |   |   |   |--- Region >  0.50
|   |   |   |   |   |   |   |   |   |--- value: [74.42]
|   |   |   |   |   |   |--- P >  71.00
|   |   |   |   |   |   |   |--- Humidity <= 53.93
|   |   |   |   |   |   |   |   |--- Temperature <= 34.78
|   |   |   |   |   |   |   |   |   |--- value: [74.57]
|   |   |   |   |   |   |   |   |--- Temperature >  34.78
|   |   |   |   |   |   |   |   |   |--- value: [72.66]
|   |   |   |   |   |   |   |--- Humidity >  53.93
|   |   |   |   |   |   |   |   |--- Season <= 0.50
|   |   |   |   |   |   |   |   |   |--- value: [75.35]
|   |   |   |   |   |   |   |   |--- Season >  0.50
|   |   |   |   |   |   |   |   |   |--- value: [76.27]
|   |   |   |   |   |--- Soil_Moisture >  34.42
|   |   |   |   |   |   |--- K <= 124.50
|   |   |   |   |   |   |   |--- Humidity <= 81.78
|   |   |   |   |   |   |   |   |--- Fertilizer_Used <= 136.32
|   |   |   |   |   |   |   |   |   |--- value: [73.22]
|   |   |   |   |   |   |   |   |--- Fertilizer_Used >  136.32
|   |   |   |   |   |   |   |   |   |--- value: [75.03]
|   |   |   |   |   |   |   |--- Humidity >  81.78
|   |   |   |   |   |   |   |   |--- Soil_Type <= 2.50
|   |   |   |   |   |   |   |   |   |--- value: [76.41]
|   |   |   |   |   |   |   |   |--- Soil_Type >  2.50
|   |   |   |   |   |   |   |   |   |--- value: [75.02]
|   |   |   |   |   |   |--- K >  124.50
|   |   |   |   |   |   |   |--- Fertilizer_Used <= 204.76
|   |   |   |   |   |   |   |   |--- Sunlight_Hours <= 6.49
|   |   |   |   |   |   |   |   |   |--- value: [74.96]
|   |   |   |   |   |   |   |   |--- Sunlight_Hours >  6.49
|   |   |   |   |   |   |   |   |   |--- value: [75.83]
|   |   |   |   |   |   |   |--- Fertilizer_Used >  204.76
|   |   |   |   |   |   |   |   |--- Sunlight_Hours <= 6.93
|   |   |   |   |   |   |   |   |   |--- value: [77.39]
|   |   |   |   |   |   |   |   |--- Sunlight_Hours >  6.93
|   |   |   |   |   |   |   |   |   |--- value: [76.80]
|   |   |   |   |--- Wind_Speed >  13.32
|   |   |   |   |   |--- Sunlight_Hours <= 6.00
|   |   |   |   |   |   |--- Temperature <= 30.93
|   |   |   |   |   |   |   |--- Wind_Speed <= 15.95
|   |   |   |   |   |   |   |   |--- N <= 92.50
|   |   |   |   |   |   |   |   |   |--- value: [72.91]
|   |   |   |   |   |   |   |   |--- N >  92.50
|   |   |   |   |   |   |   |   |   |--- value: [73.63]
|   |   |   |   |   |   |   |--- Wind_Speed >  15.95
|   |   |   |   |   |   |   |   |--- Fertilizer_Used <= 148.20
|   |   |   |   |   |   |   |   |   |--- value: [74.45]
|   |   |   |   |   |   |   |   |--- Fertilizer_Used >  148.20
|   |   |   |   |   |   |   |   |   |--- value: [74.02]
|   |   |   |   |   |   |--- Temperature >  30.93
|   |   |   |   |   |   |   |--- Humidity <= 52.28
|   |   |   |   |   |   |   |   |--- value: [70.96]
|   |   |   |   |   |   |   |--- Humidity >  52.28
|   |   |   |   |   |   |   |   |--- value: [73.01]
|   |   |   |   |   |--- Sunlight_Hours >  6.00
|   |   |   |   |   |   |--- P <= 22.50
|   |   |   |   |   |   |   |--- K <= 104.50
|   |   |   |   |   |   |   |   |--- Organic_Carbon <= 0.70
|   |   |   |   |   |   |   |   |   |--- value: [75.21]
|   |   |   |   |   |   |   |   |--- Organic_Carbon >  0.70
|   |   |   |   |   |   |   |   |   |--- value: [75.70]
|   |   |   |   |   |   |   |--- K >  104.50
|   |   |   |   |   |   |   |   |--- Humidity <= 41.61
|   |   |   |   |   |   |   |   |   |--- value: [76.56]
|   |   |   |   |   |   |   |   |--- Humidity >  41.61
|   |   |   |   |   |   |   |   |   |--- value: [76.75]
|   |   |   |   |   |   |--- P >  22.50
|   |   |   |   |   |   |   |--- Organic_Carbon <= 1.15
|   |   |   |   |   |   |   |   |--- Fertilizer_Used <= 137.27
|   |   |   |   |   |   |   |   |   |--- value: [76.10]
|   |   |   |   |   |   |   |   |--- Fertilizer_Used >  137.27
|   |   |   |   |   |   |   |   |   |--- value: [73.98]
|   |   |   |   |   |   |   |--- Organic_Carbon >  1.15
|   |   |   |   |   |   |   |   |--- Soil_pH <= 6.34
|   |   |   |   |   |   |   |   |   |--- value: [75.55]
|   |   |   |   |   |   |   |   |--- Soil_pH >  6.34
|   |   |   |   |   |   |   |   |   |--- value: [74.27]
|   |   |--- Rainfall >  2323.41
|   |   |   |--- Soil_pH <= 7.21
|   |   |   |   |--- K <= 115.50
|   |   |   |   |   |--- Fertilizer_Used <= 120.44
|   |   |   |   |   |   |--- N <= 59.00
|   |   |   |   |   |   |   |--- value: [71.52]
|   |   |   |   |   |   |--- N >  59.00
|   |   |   |   |   |   |   |--- P <= 52.00
|   |   |   |   |   |   |   |   |--- K <= 103.00
|   |   |   |   |   |   |   |   |   |--- value: [74.08]
|   |   |   |   |   |   |   |   |--- K >  103.00
|   |   |   |   |   |   |   |   |   |--- value: [75.72]
|   |   |   |   |   |   |   |--- P >  52.00
|   |   |   |   |   |   |   |   |--- Soil_Type <= 0.50
|   |   |   |   |   |   |   |   |   |--- value: [73.97]
|   |   |   |   |   |   |   |   |--- Soil_Type >  0.50
|   |   |   |   |   |   |   |   |   |--- value: [75.65]
|   |   |   |   |   |--- Fertilizer_Used >  120.44
|   |   |   |   |   |   |--- Region <= 0.50
|   |   |   |   |   |   |   |--- N <= 105.50
|   |   |   |   |   |   |   |   |--- Irrigation_Type <= 2.50
|   |   |   |   |   |   |   |   |   |--- value: [73.97]
|   |   |   |   |   |   |   |   |--- Irrigation_Type >  2.50
|   |   |   |   |   |   |   |   |   |--- value: [72.71]
|   |   |   |   |   |   |   |--- N >  105.50
|   |   |   |   |   |   |   |   |--- Rainfall <= 2452.04
|   |   |   |   |   |   |   |   |   |--- value: [74.53]
|   |   |   |   |   |   |   |   |--- Rainfall >  2452.04
|   |   |   |   |   |   |   |   |   |--- value: [76.02]
|   |   |   |   |   |   |--- Region >  0.50
|   |   |   |   |   |   |   |--- Soil_Moisture <= 43.89
|   |   |   |   |   |   |   |   |--- Organic_Carbon <= 1.44
|   |   |   |   |   |   |   |   |   |--- value: [75.29]
|   |   |   |   |   |   |   |   |--- Organic_Carbon >  1.44
|   |   |   |   |   |   |   |   |   |--- value: [76.18]
|   |   |   |   |   |   |   |--- Soil_Moisture >  43.89
|   |   |   |   |   |   |   |   |--- Sunlight_Hours <= 9.09
|   |   |   |   |   |   |   |   |   |--- value: [75.90]
|   |   |   |   |   |   |   |   |--- Sunlight_Hours >  9.09
|   |   |   |   |   |   |   |   |   |--- value: [77.03]
|   |   |   |   |--- K >  115.50
|   |   |   |   |   |--- Wind_Speed <= 12.35
|   |   |   |   |   |   |--- Organic_Carbon <= 0.43
|   |   |   |   |   |   |   |--- Rainfall <= 2719.63
|   |   |   |   |   |   |   |   |--- value: [78.31]
|   |   |   |   |   |   |   |--- Rainfall >  2719.63
|   |   |   |   |   |   |   |   |--- value: [78.81]
|   |   |   |   |   |   |--- Organic_Carbon >  0.43
|   |   |   |   |   |   |   |--- Fertilizer_Used <= 200.84
|   |   |   |   |   |   |   |   |--- Temperature <= 29.02
|   |   |   |   |   |   |   |   |   |--- value: [76.47]
|   |   |   |   |   |   |   |   |--- Temperature >  29.02
|   |   |   |   |   |   |   |   |   |--- value: [75.34]
|   |   |   |   |   |   |   |--- Fertilizer_Used >  200.84
|   |   |   |   |   |   |   |   |--- Pesticide_Used <= 17.51
|   |   |   |   |   |   |   |   |   |--- value: [77.10]
|   |   |   |   |   |   |   |   |--- Pesticide_Used >  17.51
|   |   |   |   |   |   |   |   |   |--- value: [77.71]
|   |   |   |   |   |--- Wind_Speed >  12.35
|   |   |   |   |   |   |--- Soil_Moisture <= 21.00
|   |   |   |   |   |   |   |--- value: [74.46]
|   |   |   |   |   |   |--- Soil_Moisture >  21.00
|   |   |   |   |   |   |   |--- Sunlight_Hours <= 10.89
|   |   |   |   |   |   |   |   |--- N <= 83.50
|   |   |   |   |   |   |   |   |   |--- value: [75.48]
|   |   |   |   |   |   |   |   |--- N >  83.50
|   |   |   |   |   |   |   |   |   |--- value: [75.25]
|   |   |   |   |   |   |   |--- Sunlight_Hours >  10.89
|   |   |   |   |   |   |   |   |--- value: [76.27]
|   |   |   |--- Soil_pH >  7.21
|   |   |   |   |--- K <= 63.50
|   |   |   |   |   |--- Soil_Moisture <= 45.10
|   |   |   |   |   |   |--- Fertilizer_Used <= 155.91
|   |   |   |   |   |   |   |--- Altitude <= 1729.00
|   |   |   |   |   |   |   |   |--- Organic_Carbon <= 0.86
|   |   |   |   |   |   |   |   |   |--- value: [71.58]
|   |   |   |   |   |   |   |   |--- Organic_Carbon >  0.86
|   |   |   |   |   |   |   |   |   |--- value: [72.53]
|   |   |   |   |   |   |   |--- Altitude >  1729.00
|   |   |   |   |   |   |   |   |--- Temperature <= 23.60
|   |   |   |   |   |   |   |   |   |--- value: [73.19]
|   |   |   |   |   |   |   |   |--- Temperature >  23.60
|   |   |   |   |   |   |   |   |   |--- value: [73.42]
|   |   |   |   |   |   |--- Fertilizer_Used >  155.91
|   |   |   |   |   |   |   |--- Soil_pH <= 8.17
|   |   |   |   |   |   |   |   |--- Soil_Moisture <= 36.75
|   |   |   |   |   |   |   |   |   |--- value: [73.99]
|   |   |   |   |   |   |   |   |--- Soil_Moisture >  36.75
|   |   |   |   |   |   |   |   |   |--- value: [74.42]
|   |   |   |   |   |   |   |--- Soil_pH >  8.17
|   |   |   |   |   |   |   |   |--- value: [73.17]
|   |   |   |   |   |--- Soil_Moisture >  45.10
|   |   |   |   |   |   |--- Wind_Speed <= 12.20
|   |   |   |   |   |   |   |--- Soil_Type <= 0.50
|   |   |   |   |   |   |   |   |--- value: [76.76]
|   |   |   |   |   |   |   |--- Soil_Type >  0.50
|   |   |   |   |   |   |   |   |--- Organic_Carbon <= 0.88
|   |   |   |   |   |   |   |   |   |--- value: [76.06]
|   |   |   |   |   |   |   |   |--- Organic_Carbon >  0.88
|   |   |   |   |   |   |   |   |   |--- value: [75.65]
|   |   |   |   |   |   |--- Wind_Speed >  12.20
|   |   |   |   |   |   |   |--- value: [73.99]
|   |   |   |   |--- K >  63.50
|   |   |   |   |   |--- Organic_Carbon <= 0.43
|   |   |   |   |   |   |--- Rainfall <= 2571.47
|   |   |   |   |   |   |   |--- Organic_Carbon <= 0.39
|   |   |   |   |   |   |   |   |--- value: [76.19]
|   |   |   |   |   |   |   |--- Organic_Carbon >  0.39
|   |   |   |   |   |   |   |   |--- value: [75.81]
|   |   |   |   |   |   |--- Rainfall >  2571.47
|   |   |   |   |   |   |   |--- value: [77.17]
|   |   |   |   |   |--- Organic_Carbon >  0.43
|   |   |   |   |   |   |--- Fertilizer_Used <= 153.01
|   |   |   |   |   |   |   |--- N <= 150.50
|   |   |   |   |   |   |   |   |--- Rainfall <= 2641.91
|   |   |   |   |   |   |   |   |   |--- value: [74.15]
|   |   |   |   |   |   |   |   |--- Rainfall >  2641.91
|   |   |   |   |   |   |   |   |   |--- value: [74.89]
|   |   |   |   |   |   |   |--- N >  150.50
|   |   |   |   |   |   |   |   |--- Organic_Carbon <= 0.62
|   |   |   |   |   |   |   |   |   |--- value: [74.26]
|   |   |   |   |   |   |   |   |--- Organic_Carbon >  0.62
|   |   |   |   |   |   |   |   |   |--- value: [75.67]
|   |   |   |   |   |   |--- Fertilizer_Used >  153.01
|   |   |   |   |   |   |   |--- Wind_Speed <= 7.06
|   |   |   |   |   |   |   |   |--- Sunlight_Hours <= 8.21
|   |   |   |   |   |   |   |   |   |--- value: [74.24]
|   |   |   |   |   |   |   |   |--- Sunlight_Hours >  8.21
|   |   |   |   |   |   |   |   |   |--- value: [73.90]
|   |   |   |   |   |   |   |--- Wind_Speed >  7.06
|   |   |   |   |   |   |   |   |--- Humidity <= 59.59
|   |   |   |   |   |   |   |   |   |--- value: [75.56]
|   |   |   |   |   |   |   |   |--- Humidity >  59.59
|   |   |   |   |   |   |   |   |   |--- value: [76.22]
|--- Fertilizer_Used >  234.92
|   |--- Rainfall <= 1612.73
|   |   |--- Soil_Moisture <= 35.42
|   |   |   |--- Soil_pH <= 5.43
|   |   |   |   |--- Humidity <= 35.14
|   |   |   |   |   |--- Sunlight_Hours <= 7.43
|   |   |   |   |   |   |--- value: [72.18]
|   |   |   |   |   |--- Sunlight_Hours >  7.43
|   |   |   |   |   |   |--- value: [72.33]
|   |   |   |   |--- Humidity >  35.14
|   |   |   |   |   |--- Sunlight_Hours <= 10.33
|   |   |   |   |   |   |--- Rainfall <= 1522.47
|   |   |   |   |   |   |   |--- Soil_Moisture <= 16.81
|   |   |   |   |   |   |   |   |--- Soil_pH <= 5.08
|   |   |   |   |   |   |   |   |   |--- value: [73.77]
|   |   |   |   |   |   |   |   |--- Soil_pH >  5.08
|   |   |   |   |   |   |   |   |   |--- value: [73.09]
|   |   |   |   |   |   |   |--- Soil_Moisture >  16.81
|   |   |   |   |   |   |   |   |--- K <= 51.00
|   |   |   |   |   |   |   |   |   |--- value: [73.35]
|   |   |   |   |   |   |   |   |--- K >  51.00
|   |   |   |   |   |   |   |   |   |--- value: [74.16]
|   |   |   |   |   |   |--- Rainfall >  1522.47
|   |   |   |   |   |   |   |--- value: [75.32]
|   |   |   |   |   |--- Sunlight_Hours >  10.33
|   |   |   |   |   |   |--- Humidity <= 58.75
|   |   |   |   |   |   |   |--- value: [72.68]
|   |   |   |   |   |   |--- Humidity >  58.75
|   |   |   |   |   |   |   |--- Organic_Carbon <= 0.91
|   |   |   |   |   |   |   |   |--- value: [73.15]
|   |   |   |   |   |   |   |--- Organic_Carbon >  0.91
|   |   |   |   |   |   |   |   |--- value: [72.93]
|   |   |   |--- Soil_pH >  5.43
|   |   |   |   |--- Rainfall <= 1111.89
|   |   |   |   |   |--- Soil_pH <= 7.27
|   |   |   |   |   |   |--- Humidity <= 75.96
|   |   |   |   |   |   |   |--- Pesticide_Used <= 21.45
|   |   |   |   |   |   |   |   |--- Pesticide_Used <= 14.73
|   |   |   |   |   |   |   |   |   |--- value: [75.09]
|   |   |   |   |   |   |   |   |--- Pesticide_Used >  14.73
|   |   |   |   |   |   |   |   |   |--- value: [74.06]
|   |   |   |   |   |   |   |--- Pesticide_Used >  21.45
|   |   |   |   |   |   |   |   |--- Rainfall <= 722.00
|   |   |   |   |   |   |   |   |   |--- value: [76.97]
|   |   |   |   |   |   |   |   |--- Rainfall >  722.00
|   |   |   |   |   |   |   |   |   |--- value: [76.69]
|   |   |   |   |   |   |--- Humidity >  75.96
|   |   |   |   |   |   |   |--- Pesticide_Used <= 16.53
|   |   |   |   |   |   |   |   |--- Fertilizer_Used <= 324.08
|   |   |   |   |   |   |   |   |   |--- value: [73.66]
|   |   |   |   |   |   |   |   |--- Fertilizer_Used >  324.08
|   |   |   |   |   |   |   |   |   |--- value: [73.00]
|   |   |   |   |   |   |   |--- Pesticide_Used >  16.53
|   |   |   |   |   |   |   |   |--- Pesticide_Used <= 20.74
|   |   |   |   |   |   |   |   |   |--- value: [74.21]
|   |   |   |   |   |   |   |   |--- Pesticide_Used >  20.74
|   |   |   |   |   |   |   |   |   |--- value: [75.05]
|   |   |   |   |   |--- Soil_pH >  7.27
|   |   |   |   |   |   |--- Rainfall <= 631.76
|   |   |   |   |   |   |   |--- N <= 39.00
|   |   |   |   |   |   |   |   |--- value: [71.81]
|   |   |   |   |   |   |   |--- N >  39.00
|   |   |   |   |   |   |   |   |--- Sunlight_Hours <= 8.20
|   |   |   |   |   |   |   |   |   |--- value: [72.98]
|   |   |   |   |   |   |   |   |--- Sunlight_Hours >  8.20
|   |   |   |   |   |   |   |   |   |--- value: [73.39]
|   |   |   |   |   |   |--- Rainfall >  631.76
|   |   |   |   |   |   |   |--- Temperature <= 12.70
|   |   |   |   |   |   |   |   |--- value: [71.80]
|   |   |   |   |   |   |   |--- Temperature >  12.70
|   |   |   |   |   |   |   |   |--- P <= 52.00
|   |   |   |   |   |   |   |   |   |--- value: [75.10]
|   |   |   |   |   |   |   |   |--- P >  52.00
|   |   |   |   |   |   |   |   |   |--- value: [74.01]
|   |   |   |   |--- Rainfall >  1111.89
|   |   |   |   |   |--- N <= 71.00
|   |   |   |   |   |   |--- Temperature <= 20.69
|   |   |   |   |   |   |   |--- Soil_pH <= 5.62
|   |   |   |   |   |   |   |   |--- value: [75.03]
|   |   |   |   |   |   |   |--- Soil_pH >  5.62
|   |   |   |   |   |   |   |   |--- Humidity <= 50.70
|   |   |   |   |   |   |   |   |   |--- value: [74.21]
|   |   |   |   |   |   |   |   |--- Humidity >  50.70
|   |   |   |   |   |   |   |   |   |--- value: [73.88]
|   |   |   |   |   |   |--- Temperature >  20.69
|   |   |   |   |   |   |   |--- Organic_Carbon <= 0.78
|   |   |   |   |   |   |   |   |--- Pesticide_Used <= 9.93
|   |   |   |   |   |   |   |   |   |--- value: [74.67]
|   |   |   |   |   |   |   |   |--- Pesticide_Used >  9.93
|   |   |   |   |   |   |   |   |   |--- value: [74.15]
|   |   |   |   |   |   |   |--- Organic_Carbon >  0.78
|   |   |   |   |   |   |   |   |--- K <= 96.00
|   |   |   |   |   |   |   |   |   |--- value: [75.15]
|   |   |   |   |   |   |   |   |--- K >  96.00
|   |   |   |   |   |   |   |   |   |--- value: [75.46]
|   |   |   |   |   |--- N >  71.00
|   |   |   |   |   |   |--- Soil_pH <= 6.98
|   |   |   |   |   |   |   |--- Sunlight_Hours <= 9.82
|   |   |   |   |   |   |   |   |--- N <= 91.50
|   |   |   |   |   |   |   |   |   |--- value: [76.03]
|   |   |   |   |   |   |   |   |--- N >  91.50
|   |   |   |   |   |   |   |   |   |--- value: [76.42]
|   |   |   |   |   |   |   |--- Sunlight_Hours >  9.82
|   |   |   |   |   |   |   |   |--- value: [77.29]
|   |   |   |   |   |   |--- Soil_pH >  6.98
|   |   |   |   |   |   |   |--- P <= 40.50
|   |   |   |   |   |   |   |   |--- Altitude <= 1815.50
|   |   |   |   |   |   |   |   |   |--- value: [75.88]
|   |   |   |   |   |   |   |   |--- Altitude >  1815.50
|   |   |   |   |   |   |   |   |   |--- value: [75.05]
|   |   |   |   |   |   |   |--- P >  40.50
|   |   |   |   |   |   |   |   |--- P <= 45.00
|   |   |   |   |   |   |   |   |   |--- value: [74.43]
|   |   |   |   |   |   |   |   |--- P >  45.00
|   |   |   |   |   |   |   |   |   |--- value: [75.16]
|   |   |--- Soil_Moisture >  35.42
|   |   |   |--- Rainfall <= 714.60
|   |   |   |   |--- Soil_pH <= 5.82
|   |   |   |   |   |--- Fertilizer_Used <= 327.90
|   |   |   |   |   |   |--- Humidity <= 31.33
|   |   |   |   |   |   |   |--- value: [76.81]
|   |   |   |   |   |   |--- Humidity >  31.33
|   |   |   |   |   |   |   |--- Wind_Speed <= 7.12
|   |   |   |   |   |   |   |   |--- Humidity <= 36.06
|   |   |   |   |   |   |   |   |   |--- value: [72.53]
|   |   |   |   |   |   |   |   |--- Humidity >  36.06
|   |   |   |   |   |   |   |   |   |--- value: [73.66]
|   |   |   |   |   |   |   |--- Wind_Speed >  7.12
|   |   |   |   |   |   |   |   |--- Organic_Carbon <= 1.32
|   |   |   |   |   |   |   |   |   |--- value: [74.44]
|   |   |   |   |   |   |   |   |--- Organic_Carbon >  1.32
|   |   |   |   |   |   |   |   |   |--- value: [75.17]
|   |   |   |   |   |--- Fertilizer_Used >  327.90
|   |   |   |   |   |   |--- Rainfall <= 399.71
|   |   |   |   |   |   |   |--- value: [72.73]
|   |   |   |   |   |   |--- Rainfall >  399.71
|   |   |   |   |   |   |   |--- value: [71.85]
|   |   |   |   |--- Soil_pH >  5.82
|   |   |   |   |   |--- Fertilizer_Used <= 243.75
|   |   |   |   |   |   |--- Altitude <= 544.00
|   |   |   |   |   |   |   |--- value: [72.58]
|   |   |   |   |   |   |--- Altitude >  544.00
|   |   |   |   |   |   |   |--- value: [74.23]
|   |   |   |   |   |--- Fertilizer_Used >  243.75
|   |   |   |   |   |   |--- Wind_Speed <= 1.53
|   |   |   |   |   |   |   |--- value: [77.38]
|   |   |   |   |   |   |--- Wind_Speed >  1.53
|   |   |   |   |   |   |   |--- Temperature <= 14.69
|   |   |   |   |   |   |   |   |--- Region <= 3.50
|   |   |   |   |   |   |   |   |   |--- value: [74.83]
|   |   |   |   |   |   |   |   |--- Region >  3.50
|   |   |   |   |   |   |   |   |   |--- value: [73.87]
|   |   |   |   |   |   |   |--- Temperature >  14.69
|   |   |   |   |   |   |   |   |--- Pesticide_Used <= 13.75
|   |   |   |   |   |   |   |   |   |--- value: [75.30]
|   |   |   |   |   |   |   |   |--- Pesticide_Used >  13.75
|   |   |   |   |   |   |   |   |   |--- value: [75.87]
|   |   |   |--- Rainfall >  714.60
|   |   |   |   |--- Soil_Moisture <= 58.85
|   |   |   |   |   |--- Wind_Speed <= 8.14
|   |   |   |   |   |   |--- N <= 170.50
|   |   |   |   |   |   |   |--- Soil_pH <= 5.78
|   |   |   |   |   |   |   |   |--- N <= 159.50
|   |   |   |   |   |   |   |   |   |--- value: [75.45]
|   |   |   |   |   |   |   |   |--- N >  159.50
|   |   |   |   |   |   |   |   |   |--- value: [73.83]
|   |   |   |   |   |   |   |--- Soil_pH >  5.78
|   |   |   |   |   |   |   |   |--- Organic_Carbon <= 0.42
|   |   |   |   |   |   |   |   |   |--- value: [77.09]
|   |   |   |   |   |   |   |   |--- Organic_Carbon >  0.42
|   |   |   |   |   |   |   |   |   |--- value: [75.93]
|   |   |   |   |   |   |--- N >  170.50
|   |   |   |   |   |   |   |--- Season <= 1.50
|   |   |   |   |   |   |   |   |--- Temperature <= 21.98
|   |   |   |   |   |   |   |   |   |--- value: [77.15]
|   |   |   |   |   |   |   |   |--- Temperature >  21.98
|   |   |   |   |   |   |   |   |   |--- value: [75.80]
|   |   |   |   |   |   |   |--- Season >  1.50
|   |   |   |   |   |   |   |   |--- value: [78.64]
|   |   |   |   |   |--- Wind_Speed >  8.14
|   |   |   |   |   |   |--- Rainfall <= 1216.91
|   |   |   |   |   |   |   |--- P <= 42.50
|   |   |   |   |   |   |   |   |--- Pesticide_Used <= 10.47
|   |   |   |   |   |   |   |   |   |--- value: [75.66]
|   |   |   |   |   |   |   |   |--- Pesticide_Used >  10.47
|   |   |   |   |   |   |   |   |   |--- value: [73.25]
|   |   |   |   |   |   |   |--- P >  42.50
|   |   |   |   |   |   |   |   |--- Humidity <= 59.91
|   |   |   |   |   |   |   |   |   |--- value: [75.54]
|   |   |   |   |   |   |   |   |--- Humidity >  59.91
|   |   |   |   |   |   |   |   |   |--- value: [74.61]
|   |   |   |   |   |   |--- Rainfall >  1216.91
|   |   |   |   |   |   |   |--- Soil_Type <= 1.50
|   |   |   |   |   |   |   |   |--- P <= 50.50
|   |   |   |   |   |   |   |   |   |--- value: [74.72]
|   |   |   |   |   |   |   |   |--- P >  50.50
|   |   |   |   |   |   |   |   |   |--- value: [76.61]
|   |   |   |   |   |   |   |--- Soil_Type >  1.50
|   |   |   |   |   |   |   |   |--- Sunlight_Hours <= 7.67
|   |   |   |   |   |   |   |   |   |--- value: [76.73]
|   |   |   |   |   |   |   |   |--- Sunlight_Hours >  7.67
|   |   |   |   |   |   |   |   |   |--- value: [75.70]
|   |   |   |   |--- Soil_Moisture >  58.85
|   |   |   |   |   |--- Organic_Carbon <= 1.12
|   |   |   |   |   |   |--- K <= 22.50
|   |   |   |   |   |   |   |--- Soil_Moisture <= 61.81
|   |   |   |   |   |   |   |   |--- value: [74.54]
|   |   |   |   |   |   |   |--- Soil_Moisture >  61.81
|   |   |   |   |   |   |   |   |--- value: [74.89]
|   |   |   |   |   |   |--- K >  22.50
|   |   |   |   |   |   |   |--- Region <= 0.50
|   |   |   |   |   |   |   |   |--- Wind_Speed <= 11.66
|   |   |   |   |   |   |   |   |   |--- value: [76.64]
|   |   |   |   |   |   |   |   |--- Wind_Speed >  11.66
|   |   |   |   |   |   |   |   |   |--- value: [78.58]
|   |   |   |   |   |   |   |--- Region >  0.50
|   |   |   |   |   |   |   |   |--- N <= 101.00
|   |   |   |   |   |   |   |   |   |--- value: [76.63]
|   |   |   |   |   |   |   |   |--- N >  101.00
|   |   |   |   |   |   |   |   |   |--- value: [75.84]
|   |   |   |   |   |--- Organic_Carbon >  1.12
|   |   |   |   |   |   |--- N <= 147.00
|   |   |   |   |   |   |   |--- Rainfall <= 1355.41
|   |   |   |   |   |   |   |   |--- Soil_Moisture <= 60.78
|   |   |   |   |   |   |   |   |   |--- value: [77.68]
|   |   |   |   |   |   |   |   |--- Soil_Moisture >  60.78
|   |   |   |   |   |   |   |   |   |--- value: [77.19]
|   |   |   |   |   |   |   |--- Rainfall >  1355.41
|   |   |   |   |   |   |   |   |--- value: [76.49]
|   |   |   |   |   |   |--- N >  147.00
|   |   |   |   |   |   |   |--- Season <= 1.50
|   |   |   |   |   |   |   |   |--- value: [78.53]
|   |   |   |   |   |   |   |--- Season >  1.50
|   |   |   |   |   |   |   |   |--- value: [79.22]
|   |--- Rainfall >  1612.73
|   |   |--- Fertilizer_Used <= 317.92
|   |   |   |--- N <= 110.00
|   |   |   |   |--- Soil_Moisture <= 49.97
|   |   |   |   |   |--- Wind_Speed <= 11.34
|   |   |   |   |   |   |--- Sunlight_Hours <= 10.52
|   |   |   |   |   |   |   |--- Organic_Carbon <= 0.32
|   |   |   |   |   |   |   |   |--- value: [73.48]
|   |   |   |   |   |   |   |--- Organic_Carbon >  0.32
|   |   |   |   |   |   |   |   |--- Soil_Moisture <= 45.77
|   |   |   |   |   |   |   |   |   |--- value: [76.24]
|   |   |   |   |   |   |   |   |--- Soil_Moisture >  45.77
|   |   |   |   |   |   |   |   |   |--- value: [75.39]
|   |   |   |   |   |   |--- Sunlight_Hours >  10.52
|   |   |   |   |   |   |   |--- Rainfall <= 1700.60
|   |   |   |   |   |   |   |   |--- value: [73.57]
|   |   |   |   |   |   |   |--- Rainfall >  1700.60
|   |   |   |   |   |   |   |   |--- Rainfall <= 2519.59
|   |   |   |   |   |   |   |   |   |--- value: [74.98]
|   |   |   |   |   |   |   |   |--- Rainfall >  2519.59
|   |   |   |   |   |   |   |   |   |--- value: [76.04]
|   |   |   |   |   |--- Wind_Speed >  11.34
|   |   |   |   |   |   |--- Soil_pH <= 7.11
|   |   |   |   |   |   |   |--- Humidity <= 31.37
|   |   |   |   |   |   |   |   |--- value: [72.72]
|   |   |   |   |   |   |   |--- Humidity >  31.37
|   |   |   |   |   |   |   |   |--- K <= 22.50
|   |   |   |   |   |   |   |   |   |--- value: [73.35]
|   |   |   |   |   |   |   |   |--- K >  22.50
|   |   |   |   |   |   |   |   |   |--- value: [75.52]
|   |   |   |   |   |   |--- Soil_pH >  7.11
|   |   |   |   |   |   |   |--- Wind_Speed <= 15.24
|   |   |   |   |   |   |   |   |--- Fertilizer_Used <= 254.68
|   |   |   |   |   |   |   |   |   |--- value: [74.02]
|   |   |   |   |   |   |   |   |--- Fertilizer_Used >  254.68
|   |   |   |   |   |   |   |   |   |--- value: [73.80]
|   |   |   |   |   |   |   |--- Wind_Speed >  15.24
|   |   |   |   |   |   |   |   |--- value: [73.31]
|   |   |   |   |--- Soil_Moisture >  49.97
|   |   |   |   |   |--- Fertilizer_Used <= 253.31
|   |   |   |   |   |   |--- Soil_pH <= 7.68
|   |   |   |   |   |   |   |--- P <= 53.50
|   |   |   |   |   |   |   |   |--- value: [76.11]
|   |   |   |   |   |   |   |--- P >  53.50
|   |   |   |   |   |   |   |   |--- value: [75.59]
|   |   |   |   |   |   |--- Soil_pH >  7.68
|   |   |   |   |   |   |   |--- Fertilizer_Used <= 247.10
|   |   |   |   |   |   |   |   |--- value: [73.88]
|   |   |   |   |   |   |   |--- Fertilizer_Used >  247.10
|   |   |   |   |   |   |   |   |--- value: [73.23]
|   |   |   |   |   |--- Fertilizer_Used >  253.31
|   |   |   |   |   |   |--- Organic_Carbon <= 1.17
|   |   |   |   |   |   |   |--- Pesticide_Used <= 15.71
|   |   |   |   |   |   |   |   |--- K <= 90.00
|   |   |   |   |   |   |   |   |   |--- value: [78.33]
|   |   |   |   |   |   |   |   |--- K >  90.00
|   |   |   |   |   |   |   |   |   |--- value: [77.07]
|   |   |   |   |   |   |   |--- Pesticide_Used >  15.71
|   |   |   |   |   |   |   |   |--- Pesticide_Used <= 17.39
|   |   |   |   |   |   |   |   |   |--- value: [75.67]
|   |   |   |   |   |   |   |   |--- Pesticide_Used >  17.39
|   |   |   |   |   |   |   |   |   |--- value: [76.89]
|   |   |   |   |   |   |--- Organic_Carbon >  1.17
|   |   |   |   |   |   |   |--- N <= 30.50
|   |   |   |   |   |   |   |   |--- value: [74.40]
|   |   |   |   |   |   |   |--- N >  30.50
|   |   |   |   |   |   |   |   |--- Altitude <= 1091.00
|   |   |   |   |   |   |   |   |   |--- value: [75.98]
|   |   |   |   |   |   |   |   |--- Altitude >  1091.00
|   |   |   |   |   |   |   |   |   |--- value: [76.56]
|   |   |   |--- N >  110.00
|   |   |   |   |--- Wind_Speed <= 10.72
|   |   |   |   |   |--- Sunlight_Hours <= 5.90
|   |   |   |   |   |   |--- Rainfall <= 2197.65
|   |   |   |   |   |   |   |--- Soil_pH <= 6.04
|   |   |   |   |   |   |   |   |--- P <= 45.00
|   |   |   |   |   |   |   |   |   |--- value: [76.77]
|   |   |   |   |   |   |   |   |--- P >  45.00
|   |   |   |   |   |   |   |   |   |--- value: [76.39]
|   |   |   |   |   |   |   |--- Soil_pH >  6.04
|   |   |   |   |   |   |   |   |--- Pesticide_Used <= 0.32
|   |   |   |   |   |   |   |   |   |--- value: [76.58]
|   |   |   |   |   |   |   |   |--- Pesticide_Used >  0.32
|   |   |   |   |   |   |   |   |   |--- value: [77.51]
|   |   |   |   |   |   |--- Rainfall >  2197.65
|   |   |   |   |   |   |   |--- Soil_Moisture <= 39.99
|   |   |   |   |   |   |   |   |--- Organic_Carbon <= 1.05
|   |   |   |   |   |   |   |   |   |--- value: [78.22]
|   |   |   |   |   |   |   |   |--- Organic_Carbon >  1.05
|   |   |   |   |   |   |   |   |   |--- value: [77.90]
|   |   |   |   |   |   |   |--- Soil_Moisture >  39.99
|   |   |   |   |   |   |   |   |--- Temperature <= 23.39
|   |   |   |   |   |   |   |   |   |--- value: [80.99]
|   |   |   |   |   |   |   |   |--- Temperature >  23.39
|   |   |   |   |   |   |   |   |   |--- value: [79.84]
|   |   |   |   |   |--- Sunlight_Hours >  5.90
|   |   |   |   |   |   |--- Humidity <= 84.03
|   |   |   |   |   |   |   |--- Soil_pH <= 5.71
|   |   |   |   |   |   |   |   |--- Pesticide_Used <= 13.75
|   |   |   |   |   |   |   |   |   |--- value: [76.31]
|   |   |   |   |   |   |   |   |--- Pesticide_Used >  13.75
|   |   |   |   |   |   |   |   |   |--- value: [75.33]
|   |   |   |   |   |   |   |--- Soil_pH >  5.71
|   |   |   |   |   |   |   |   |--- Humidity <= 57.49
|   |   |   |   |   |   |   |   |   |--- value: [77.60]
|   |   |   |   |   |   |   |   |--- Humidity >  57.49
|   |   |   |   |   |   |   |   |   |--- value: [76.62]
|   |   |   |   |   |   |--- Humidity >  84.03
|   |   |   |   |   |   |   |--- Pesticide_Used <= 7.76
|   |   |   |   |   |   |   |   |--- value: [74.88]
|   |   |   |   |   |   |   |--- Pesticide_Used >  7.76
|   |   |   |   |   |   |   |   |--- Sunlight_Hours <= 6.69
|   |   |   |   |   |   |   |   |   |--- value: [74.42]
|   |   |   |   |   |   |   |   |--- Sunlight_Hours >  6.69
|   |   |   |   |   |   |   |   |   |--- value: [74.29]
|   |   |   |   |--- Wind_Speed >  10.72
|   |   |   |   |   |--- Fertilizer_Used <= 248.70
|   |   |   |   |   |   |--- Pesticide_Used <= 3.79
|   |   |   |   |   |   |   |--- K <= 78.00
|   |   |   |   |   |   |   |   |--- value: [75.86]
|   |   |   |   |   |   |   |--- K >  78.00
|   |   |   |   |   |   |   |   |--- value: [76.01]
|   |   |   |   |   |   |--- Pesticide_Used >  3.79
|   |   |   |   |   |   |   |--- Humidity <= 77.72
|   |   |   |   |   |   |   |   |--- P <= 70.00
|   |   |   |   |   |   |   |   |   |--- value: [74.47]
|   |   |   |   |   |   |   |   |--- P >  70.00
|   |   |   |   |   |   |   |   |   |--- value: [74.26]
|   |   |   |   |   |   |   |--- Humidity >  77.72
|   |   |   |   |   |   |   |   |--- value: [73.74]
|   |   |   |   |   |--- Fertilizer_Used >  248.70
|   |   |   |   |   |   |--- Soil_Type <= 2.50
|   |   |   |   |   |   |   |--- Wind_Speed <= 15.55
|   |   |   |   |   |   |   |   |--- Sunlight_Hours <= 6.44
|   |   |   |   |   |   |   |   |   |--- value: [76.50]
|   |   |   |   |   |   |   |   |--- Sunlight_Hours >  6.44
|   |   |   |   |   |   |   |   |   |--- value: [77.67]
|   |   |   |   |   |   |   |--- Wind_Speed >  15.55
|   |   |   |   |   |   |   |   |--- Rainfall <= 2478.95
|   |   |   |   |   |   |   |   |   |--- value: [76.05]
|   |   |   |   |   |   |   |   |--- Rainfall >  2478.95
|   |   |   |   |   |   |   |   |   |--- value: [75.19]
|   |   |   |   |   |   |--- Soil_Type >  2.50
|   |   |   |   |   |   |   |--- Soil_pH <= 6.42
|   |   |   |   |   |   |   |   |--- N <= 121.50
|   |   |   |   |   |   |   |   |   |--- value: [76.41]
|   |   |   |   |   |   |   |   |--- N >  121.50
|   |   |   |   |   |   |   |   |   |--- value: [75.20]
|   |   |   |   |   |   |   |--- Soil_pH >  6.42
|   |   |   |   |   |   |   |   |--- Humidity <= 75.01
|   |   |   |   |   |   |   |   |   |--- value: [76.73]
|   |   |   |   |   |   |   |   |--- Humidity >  75.01
|   |   |   |   |   |   |   |   |   |--- value: [76.45]
|   |   |--- Fertilizer_Used >  317.92
|   |   |   |--- Soil_Moisture <= 40.74
|   |   |   |   |--- Wind_Speed <= 16.01
|   |   |   |   |   |--- Soil_pH <= 7.61
|   |   |   |   |   |   |--- Soil_pH <= 5.25
|   |   |   |   |   |   |   |--- P <= 30.50
|   |   |   |   |   |   |   |   |--- Wind_Speed <= 4.87
|   |   |   |   |   |   |   |   |   |--- value: [75.59]
|   |   |   |   |   |   |   |   |--- Wind_Speed >  4.87
|   |   |   |   |   |   |   |   |   |--- value: [75.12]
|   |   |   |   |   |   |   |--- P >  30.50
|   |   |   |   |   |   |   |   |--- Soil_Type <= 1.00
|   |   |   |   |   |   |   |   |   |--- value: [76.04]
|   |   |   |   |   |   |   |   |--- Soil_Type >  1.00
|   |   |   |   |   |   |   |   |   |--- value: [76.46]
|   |   |   |   |   |   |--- Soil_pH >  5.25
|   |   |   |   |   |   |   |--- Humidity <= 35.65
|   |   |   |   |   |   |   |   |--- Season <= 1.50
|   |   |   |   |   |   |   |   |   |--- value: [78.02]
|   |   |   |   |   |   |   |   |--- Season >  1.50
|   |   |   |   |   |   |   |   |   |--- value: [78.79]
|   |   |   |   |   |   |   |--- Humidity >  35.65
|   |   |   |   |   |   |   |   |--- K <= 65.50
|   |   |   |   |   |   |   |   |   |--- value: [76.33]
|   |   |   |   |   |   |   |   |--- K >  65.50
|   |   |   |   |   |   |   |   |   |--- value: [77.21]
|   |   |   |   |   |--- Soil_pH >  7.61
|   |   |   |   |   |   |--- Fertilizer_Used <= 334.08
|   |   |   |   |   |   |   |--- Sunlight_Hours <= 5.79
|   |   |   |   |   |   |   |   |--- value: [74.17]
|   |   |   |   |   |   |   |--- Sunlight_Hours >  5.79
|   |   |   |   |   |   |   |   |--- value: [75.12]
|   |   |   |   |   |   |--- Fertilizer_Used >  334.08
|   |   |   |   |   |   |   |--- value: [76.12]
|   |   |   |   |--- Wind_Speed >  16.01
|   |   |   |   |   |--- Region <= 3.00
|   |   |   |   |   |   |--- Rainfall <= 2008.18
|   |   |   |   |   |   |   |--- P <= 79.00
|   |   |   |   |   |   |   |   |--- Region <= 1.50
|   |   |   |   |   |   |   |   |   |--- value: [75.11]
|   |   |   |   |   |   |   |   |--- Region >  1.50
|   |   |   |   |   |   |   |   |   |--- value: [75.24]
|   |   |   |   |   |   |   |--- P >  79.00
|   |   |   |   |   |   |   |   |--- value: [74.58]
|   |   |   |   |   |   |--- Rainfall >  2008.18
|   |   |   |   |   |   |   |--- Fertilizer_Used <= 340.98
|   |   |   |   |   |   |   |   |--- Wind_Speed <= 17.06
|   |   |   |   |   |   |   |   |   |--- value: [75.76]
|   |   |   |   |   |   |   |   |--- Wind_Speed >  17.06
|   |   |   |   |   |   |   |   |   |--- value: [75.61]
|   |   |   |   |   |   |   |--- Fertilizer_Used >  340.98
|   |   |   |   |   |   |   |   |--- value: [75.93]
|   |   |   |   |   |--- Region >  3.00
|   |   |   |   |   |   |--- value: [77.00]
|   |   |   |--- Soil_Moisture >  40.74
|   |   |   |   |--- Humidity <= 85.99
|   |   |   |   |   |--- Fertilizer_Used <= 344.69
|   |   |   |   |   |   |--- Soil_pH <= 4.93
|   |   |   |   |   |   |   |--- value: [75.51]
|   |   |   |   |   |   |--- Soil_pH >  4.93
|   |   |   |   |   |   |   |--- N <= 49.50
|   |   |   |   |   |   |   |   |--- Sunlight_Hours <= 8.87
|   |   |   |   |   |   |   |   |   |--- value: [76.31]
|   |   |   |   |   |   |   |   |--- Sunlight_Hours >  8.87
|   |   |   |   |   |   |   |   |   |--- value: [77.68]
|   |   |   |   |   |   |   |--- N >  49.50
|   |   |   |   |   |   |   |   |--- Fertilizer_Used <= 343.17
|   |   |   |   |   |   |   |   |   |--- value: [77.73]
|   |   |   |   |   |   |   |   |--- Fertilizer_Used >  343.17
|   |   |   |   |   |   |   |   |   |--- value: [76.86]
|   |   |   |   |   |--- Fertilizer_Used >  344.69
|   |   |   |   |   |   |--- N <= 99.00
|   |   |   |   |   |   |   |--- Sunlight_Hours <= 8.45
|   |   |   |   |   |   |   |   |--- K <= 68.00
|   |   |   |   |   |   |   |   |   |--- value: [79.51]
|   |   |   |   |   |   |   |   |--- K >  68.00
|   |   |   |   |   |   |   |   |   |--- value: [79.11]
|   |   |   |   |   |   |   |--- Sunlight_Hours >  8.45
|   |   |   |   |   |   |   |   |--- Humidity <= 58.95
|   |   |   |   |   |   |   |   |   |--- value: [78.20]
|   |   |   |   |   |   |   |   |--- Humidity >  58.95
|   |   |   |   |   |   |   |   |   |--- value: [78.52]
|   |   |   |   |   |   |--- N >  99.00
|   |   |   |   |   |   |   |--- Soil_Moisture <= 43.83
|   |   |   |   |   |   |   |   |--- value: [77.31]
|   |   |   |   |   |   |   |--- Soil_Moisture >  43.83
|   |   |   |   |   |   |   |   |--- value: [76.87]
|   |   |   |   |--- Humidity >  85.99
|   |   |   |   |   |--- Temperature <= 19.55
|   |   |   |   |   |   |--- Soil_Type <= 2.50
|   |   |   |   |   |   |   |--- N <= 153.50
|   |   |   |   |   |   |   |   |--- Wind_Speed <= 12.34
|   |   |   |   |   |   |   |   |   |--- value: [77.16]
|   |   |   |   |   |   |   |   |--- Wind_Speed >  12.34
|   |   |   |   |   |   |   |   |   |--- value: [77.30]
|   |   |   |   |   |   |   |--- N >  153.50
|   |   |   |   |   |   |   |   |--- value: [77.45]
|   |   |   |   |   |   |--- Soil_Type >  2.50
|   |   |   |   |   |   |   |--- Rainfall <= 2424.35
|   |   |   |   |   |   |   |   |--- value: [76.91]
|   |   |   |   |   |   |   |--- Rainfall >  2424.35
|   |   |   |   |   |   |   |   |--- value: [76.96]
|   |   |   |   |   |--- Temperature >  19.55
|   |   |   |   |   |   |--- Soil_pH <= 7.52
|   |   |   |   |   |   |   |--- Region <= 1.50
|   |   |   |   |   |   |   |   |--- value: [74.57]
|   |   |   |   |   |   |   |--- Region >  1.50
|   |   |   |   |   |   |   |   |--- value: [75.14]
|   |   |   |   |   |   |--- Soil_pH >  7.52
|   |   |   |   |   |   |   |--- value: [75.78]
