|--- Fertilizer_Used <= 201.83
|   |--- Rainfall <= 1731.09
|   |   |--- Fertilizer_Used <= 140.20
|   |   |   |--- Rainfall <= 897.43
|   |   |   |   |--- Soil_Moisture <= 58.03
|   |   |   |   |   |--- Fertilizer_Used <= 103.23
|   |   |   |   |   |   |--- Soil_Moisture <= 25.14
|   |   |   |   |   |   |   |--- Humidity <= 35.39
|   |   |   |   |   |   |   |   |--- value: [4.07]
|   |   |   |   |   |   |   |--- Humidity >  35.39
|   |   |   |   |   |   |   |   |--- Pesticide_Used <= 7.19
|   |   |   |   |   |   |   |   |   |--- value: [6.92]
|   |   |   |   |   |   |   |   |--- Pesticide_Used >  7.19
|   |   |   |   |   |   |   |   |   |--- value: [5.80]
|   |   |   |   |   |   |--- Soil_Moisture >  25.14
|   |   |   |   |   |   |   |--- K <= 43.50
|   |   |   |   |   |   |   |   |--- Soil_Moisture <= 35.50
|   |   |   |   |   |   |   |   |   |--- value: [5.01]
|   |   |   |   |   |   |   |   |--- Soil_Moisture >  35.50
|   |   |   |   |   |   |   |   |   |--- value: [4.86]
|   |   |   |   |   |   |   |--- K >  43.50
|   |   |   |   |   |   |   |   |--- Soil_pH <= 6.92
|   |   |   |   |   |   |   |   |   |--- value: [7.41]
|   |   |   |   |   |   |   |   |--- Soil_pH >  6.92
|   |   |   |   |   |   |   |   |   |--- value: [6.63]
|   |   |   |   |   |--- Fertilizer_Used >  103.23
|   |   |   |   |   |   |--- K <= 105.50
|   |   |   |   |   |   |   |--- Altitude <= 264.00
|   |   |   |   |   |   |   |   |--- Rainfall <= 725.93
|   |   |   |   |   |   |   |   |   |--- value: [5.29]
|   |   |   |   |   |   |   |   |--- Rainfall >  725.93
|   |   |   |   |   |   |   |   |   |--- value: [4.75]
|   |   |   |   |   |   |   |--- Altitude >  264.00
|   |   |   |   |   |   |   |   |--- K <= 33.50
|   |   |   |   |   |   |   |   |   |--- value: [7.76]
|   |   |   |   |   |   |   |   |--- K >  33.50
|   |   |   |   |   |   |   |   |   |--- value: [6.85]
|   |   |   |   |   |   |--- K >  105.50
|   |   |   |   |   |   |   |--- N <= 110.00
|   |   |   |   |   |   |   |   |--- Fertilizer_Used <= 121.01
|   |   |   |   |   |   |   |   |   |--- value: [8.22]
|   |   |   |   |   |   |   |   |--- Fertilizer_Used >  121.01
|   |   |   |   |   |   |   |   |   |--- value: [6.42]
|   |   |   |   |   |   |   |--- N >  110.00
|   |   |   |   |   |   |   |   |--- Soil_pH <= 5.51
|   |   |   |   |   |   |   |   |   |--- value: [7.54]
|   |   |   |   |   |   |   |   |--- Soil_pH >  5.51
|   |   |   |   |   |   |   |   |   |--- value: [9.02]
|   |   |   |   |--- Soil_Moisture >  58.03
|   |   |   |   |   |--- Soil_pH <= 6.28
|   |   |   |   |   |   |--- Sunlight_Hours <= 8.32
|   |   |   |   |   |   |   |--- Organic_Carbon <= 0.90
|   |   |   |   |   |   |   |   |--- Humidity <= 65.69
|   |   |   |   |   |   |   |   |   |--- value: [7.59]
|   |   |   |   |   |   |   |   |--- Humidity >  65.69
|   |   |   |   |   |   |   |   |   |--- value: [7.79]
|   |   |   |   |   |   |   |--- Organic_Carbon >  0.90
|   |   |   |   |   |   |   |   |--- value: [8.32]
|   |   |   |   |   |   |--- Sunlight_Hours >  8.32
|   |   |   |   |   |   |   |--- Pesticide_Used <= 17.38
|   |   |   |   |   |   |   |   |--- Temperature <= 15.07
|   |   |   |   |   |   |   |   |   |--- value: [7.14]
|   |   |   |   |   |   |   |   |--- Temperature >  15.07
|   |   |   |   |   |   |   |   |   |--- value: [7.24]
|   |   |   |   |   |   |   |--- Pesticide_Used >  17.38
|   |   |   |   |   |   |   |   |--- value: [6.97]
|   |   |   |   |   |--- Soil_pH >  6.28
|   |   |   |   |   |   |--- Temperature <= 29.56
|   |   |   |   |   |   |   |--- Humidity <= 70.18
|   |   |   |   |   |   |   |   |--- P <= 49.50
|   |   |   |   |   |   |   |   |   |--- value: [8.20]
|   |   |   |   |   |   |   |   |--- P >  49.50
|   |   |   |   |   |   |   |   |   |--- value: [7.95]
|   |   |   |   |   |   |   |--- Humidity >  70.18
|   |   |   |   |   |   |   |   |--- Wind_Speed <= 13.00
|   |   |   |   |   |   |   |   |   |--- value: [7.66]
|   |   |   |   |   |   |   |   |--- Wind_Speed >  13.00
|   |   |   |   |   |   |   |   |   |--- value: [7.69]
|   |   |   |   |   |   |--- Temperature >  29.56
|   |   |   |   |   |   |   |--- Sunlight_Hours <= 7.44
|   |   |   |   |   |   |   |   |--- P <= 56.00
|   |   |   |   |   |   |   |   |   |--- value: [9.03]
|   |   |   |   |   |   |   |   |--- P >  56.00
|   |   |   |   |   |   |   |   |   |--- value: [8.68]
|   |   |   |   |   |   |   |--- Sunlight_Hours >  7.44
|   |   |   |   |   |   |   |   |--- P <= 61.00
|   |   |   |   |   |   |   |   |   |--- value: [9.49]
|   |   |   |   |   |   |   |   |--- P >  61.00
|   |   |   |   |   |   |   |   |   |--- value: [9.63]
|   |   |   |--- Rainfall >  897.43
|   |   |   |   |--- Wind_Speed <= 6.23
|   |   |   |   |   |--- K <= 129.00
|   |   |   |   |   |   |--- Humidity <= 57.75
|   |   |   |   |   |   |   |--- Wind_Speed <= 3.51
|   |   |   |   |   |   |   |   |--- Pesticide_Used <= 21.48
|   |   |   |   |   |   |   |   |   |--- value: [9.01]
|   |   |   |   |   |   |   |   |--- Pesticide_Used >  21.48
|   |   |   |   |   |   |   |   |   |--- value: [7.97]
|   |   |   |   |   |   |   |--- Wind_Speed >  3.51
|   |   |   |   |   |   |   |   |--- Sunlight_Hours <= 6.58
|   |   |   |   |   |   |   |   |   |--- value: [8.22]
|   |   |   |   |   |   |   |   |--- Sunlight_Hours >  6.58
|   |   |   |   |   |   |   |   |   |--- value: [6.96]
|   |   |   |   |   |   |--- Humidity >  57.75
|   |   |   |   |   |   |   |--- Altitude <= 1125.00
|   |   |   |   |   |   |   |   |--- Fertilizer_Used <= 73.83
|   |   |   |   |   |   |   |   |   |--- value: [7.22]
|   |   |   |   |   |   |   |   |--- Fertilizer_Used >  73.83
|   |   |   |   |   |   |   |   |   |--- value: [8.18]
|   |   |   |   |   |   |   |--- Altitude >  1125.00
|   |   |   |   |   |   |   |   |--- Soil_pH <= 6.17
|   |   |   |   |   |   |   |   |   |--- value: [8.31]
|   |   |   |   |   |   |   |   |--- Soil_pH >  6.17
|   |   |   |   |   |   |   |   |   |--- value: [9.24]
|   |   |   |   |   |--- K >  129.00
|   |   |   |   |   |   |--- Irrigation_Type <= 1.50
|   |   |   |   |   |   |   |--- Sunlight_Hours <= 7.97
|   |   |   |   |   |   |   |   |--- Rainfall <= 1239.42
|   |   |   |   |   |   |   |   |   |--- value: [9.13]
|   |   |   |   |   |   |   |   |--- Rainfall >  1239.42
|   |   |   |   |   |   |   |   |   |--- value: [9.83]
|   |   |   |   |   |   |   |--- Sunlight_Hours >  7.97
|   |   |   |   |   |   |   |   |--- Altitude <= 1537.50
|   |   |   |   |   |   |   |   |   |--- value: [11.30]
|   |   |   |   |   |   |   |   |--- Altitude >  1537.50
|   |   |   |   |   |   |   |   |   |--- value: [10.62]
|   |   |   |   |   |   |--- Irrigation_Type >  1.50
|   |   |   |   |   |   |   |--- Temperature <= 30.27
|   |   |   |   |   |   |   |   |--- Soil_pH <= 7.03
|   |   |   |   |   |   |   |   |   |--- value: [10.33]
|   |   |   |   |   |   |   |   |--- Soil_pH >  7.03
|   |   |   |   |   |   |   |   |   |--- value: [9.50]
|   |   |   |   |   |   |   |--- Temperature >  30.27
|   |   |   |   |   |   |   |   |--- K <= 141.00
|   |   |   |   |   |   |   |   |   |--- value: [8.73]
|   |   |   |   |   |   |   |   |--- K >  141.00
|   |   |   |   |   |   |   |   |   |--- value: [7.60]
|   |   |   |   |--- Wind_Speed >  6.23
|   |   |   |   |   |--- Soil_Moisture <= 38.48
|   |   |   |   |   |   |--- Fertilizer_Used <= 77.97
|   |   |   |   |   |   |   |--- Sunlight_Hours <= 9.92
|   |   |   |   |   |   |   |   |--- Pesticide_Used <= 6.13
|   |   |   |   |   |   |   |   |   |--- value: [5.88]
|   |   |   |   |   |   |   |   |--- Pesticide_Used >  6.13
|   |   |   |   |   |   |   |   |   |--- value: [6.42]
|   |   |   |   |   |   |   |--- Sunlight_Hours >  9.92
|   |   |   |   |   |   |   |   |--- Humidity <= 59.02
|   |   |   |   |   |   |   |   |   |--- value: [8.88]
|   |   |   |   |   |   |   |   |--- Humidity >  59.02
|   |   |   |   |   |   |   |   |   |--- value: [7.85]
|   |   |   |   |   |   |--- Fertilizer_Used >  77.97
|   |   |   |   |   |   |   |--- Fertilizer_Used <= 113.94
|   |   |   |   |   |   |   |   |--- Wind_Speed <= 11.83
|   |   |   |   |   |   |   |   |   |--- value: [7.50]
|   |   |   |   |   |   |   |   |--- Wind_Speed >  11.83
|   |   |   |   |   |   |   |   |   |--- value: [8.39]
|   |   |   |   |   |   |   |--- Fertilizer_Used >  113.94
|   |   |   |   |   |   |   |   |--- Wind_Speed <= 11.83
|   |   |   |   |   |   |   |   |   |--- value: [6.84]
|   |   |   |   |   |   |   |   |--- Wind_Speed >  11.83
|   |   |   |   |   |   |   |   |   |--- value: [7.32]
|   |   |   |   |   |--- Soil_Moisture >  38.48
|   |   |   |   |   |   |--- N <= 57.50
|   |   |   |   |   |   |   |--- K <= 56.50
|   |   |   |   |   |   |   |   |--- Soil_Moisture <= 54.36
|   |   |   |   |   |   |   |   |   |--- value: [8.36]
|   |   |   |   |   |   |   |   |--- Soil_Moisture >  54.36
|   |   |   |   |   |   |   |   |   |--- value: [7.67]
|   |   |   |   |   |   |   |--- K >  56.50
|   |   |   |   |   |   |   |   |--- Humidity <= 75.45
|   |   |   |   |   |   |   |   |   |--- value: [7.14]
|   |   |   |   |   |   |   |   |--- Humidity >  75.45
|   |   |   |   |   |   |   |   |   |--- value: [6.38]
|   |   |   |   |   |   |--- N >  57.50
|   |   |   |   |   |   |   |--- K <= 73.00
|   |   |   |   |   |   |   |   |--- Wind_Speed <= 8.91
|   |   |   |   |   |   |   |   |   |--- value: [6.47]
|   |   |   |   |   |   |   |   |--- Wind_Speed >  8.91
|   |   |   |   |   |   |   |   |   |--- value: [8.23]
|   |   |   |   |   |   |   |--- K >  73.00
|   |   |   |   |   |   |   |   |--- K <= 134.00
|   |   |   |   |   |   |   |   |   |--- value: [9.24]
|   |   |   |   |   |   |   |   |--- K >  134.00
|   |   |   |   |   |   |   |   |   |--- value: [8.44]
|   |   |--- Fertilizer_Used >  140.20
|   |   |   |--- Soil_Moisture <= 44.05
|   |   |   |   |--- Soil_pH <= 7.99
|   |   |   |   |   |--- N <= 85.00
|   |   |   |   |   |   |--- Soil_pH <= 7.32
|   |   |   |   |   |   |   |--- Soil_pH <= 5.33
|   |   |   |   |   |   |   |   |--- P <= 81.50
|   |   |   |   |   |   |   |   |   |--- value: [7.42]
|   |   |   |   |   |   |   |   |--- P >  81.50
|   |   |   |   |   |   |   |   |   |--- value: [5.54]
|   |   |   |   |   |   |   |--- Soil_pH >  5.33
|   |   |   |   |   |   |   |   |--- Pesticide_Used <= 22.61
|   |   |   |   |   |   |   |   |   |--- value: [8.80]
|   |   |   |   |   |   |   |   |--- Pesticide_Used >  22.61
|   |   |   |   |   |   |   |   |   |--- value: [5.99]
|   |   |   |   |   |   |--- Soil_pH >  7.32
|   |   |   |   |   |   |   |--- Fertilizer_Used <= 198.11
|   |   |   |   |   |   |   |   |--- Altitude <= 770.50
|   |   |   |   |   |   |   |   |   |--- value: [7.75]
|   |   |   |   |   |   |   |   |--- Altitude >  770.50
|   |   |   |   |   |   |   |   |   |--- value: [6.37]
|   |   |   |   |   |   |   |--- Fertilizer_Used >  198.11
|   |   |   |   |   |   |   |   |--- value: [9.18]
|   |   |   |   |   |--- N >  85.00
|   |   |   |   |   |   |--- N <= 90.50
|   |   |   |   |   |   |   |--- Soil_pH <= 5.65
|   |   |   |   |   |   |   |   |--- value: [10.93]
|   |   |   |   |   |   |   |--- Soil_pH >  5.65
|   |   |   |   |   |   |   |   |--- value: [11.07]
|   |   |   |   |   |   |--- N >  90.50
|   |   |   |   |   |   |   |--- P <= 44.50
|   |   |   |   |   |   |   |   |--- Rainfall <= 1147.23
|   |   |   |   |   |   |   |   |   |--- value: [7.15]
|   |   |   |   |   |   |   |   |--- Rainfall >  1147.23
|   |   |   |   |   |   |   |   |   |--- value: [8.89]
|   |   |   |   |   |   |   |--- P >  44.50
|   |   |   |   |   |   |   |   |--- Altitude <= 2087.50
|   |   |   |   |   |   |   |   |   |--- value: [8.63]
|   |   |   |   |   |   |   |   |--- Altitude >  2087.50
|   |   |   |   |   |   |   |   |   |--- value: [9.87]
|   |   |   |   |--- Soil_pH >  7.99
|   |   |   |   |   |--- K <= 107.50
|   |   |   |   |   |   |--- P <= 83.50
|   |   |   |   |   |   |   |--- Season <= 1.50
|   |   |   |   |   |   |   |   |--- N <= 50.00
|   |   |   |   |   |   |   |   |   |--- value: [5.27]
|   |   |   |   |   |   |   |   |--- N >  50.00
|   |   |   |   |   |   |   |   |   |--- value: [5.58]
|   |   |   |   |   |   |   |--- Season >  1.50
|   |   |   |   |   |   |   |   |--- Organic_Carbon <= 0.53
|   |   |   |   |   |   |   |   |   |--- value: [5.82]
|   |   |   |   |   |   |   |   |--- Organic_Carbon >  0.53
|   |   |   |   |   |   |   |   |   |--- value: [6.04]
|   |   |   |   |   |   |--- P >  83.50
|   |   |   |   |   |   |   |--- Irrigation_Type <= 1.00
|   |   |   |   |   |   |   |   |--- value: [7.11]
|   |   |   |   |   |   |   |--- Irrigation_Type >  1.00
|   |   |   |   |   |   |   |   |--- value: [6.99]
|   |   |   |   |   |--- K >  107.50
|   |   |   |   |   |   |--- value: [9.20]
|   |   |   |--- Soil_Moisture >  44.05
|   |   |   |   |--- Sunlight_Hours <= 10.01
|   |   |   |   |   |--- Soil_Type <= 2.50
|   |   |   |   |   |   |--- N <= 135.00
|   |   |   |   |   |   |   |--- Altitude <= 391.50
|   |   |   |   |   |   |   |   |--- Wind_Speed <= 14.72
|   |   |   |   |   |   |   |   |   |--- value: [7.04]
|   |   |   |   |   |   |   |   |--- Wind_Speed >  14.72
|   |   |   |   |   |   |   |   |   |--- value: [6.10]
|   |   |   |   |   |   |   |--- Altitude >  391.50
|   |   |   |   |   |   |   |   |--- K <= 122.50
|   |   |   |   |   |   |   |   |   |--- value: [8.28]
|   |   |   |   |   |   |   |   |--- K >  122.50
|   |   |   |   |   |   |   |   |   |--- value: [9.38]
|   |   |   |   |   |   |--- N >  135.00
|   |   |   |   |   |   |   |--- Soil_pH <= 6.19
|   |   |   |   |   |   |   |   |--- Altitude <= 418.00
|   |   |   |   |   |   |   |   |   |--- value: [9.36]
|   |   |   |   |   |   |   |   |--- Altitude >  418.00
|   |   |   |   |   |   |   |   |   |--- value: [8.18]
|   |   |   |   |   |   |   |--- Soil_pH >  6.19
|   |   |   |   |   |   |   |   |--- K <= 131.50
|   |   |   |   |   |   |   |   |   |--- value: [10.64]
|   |   |   |   |   |   |   |   |--- K >  131.50
|   |   |   |   |   |   |   |   |   |--- value: [9.41]
|   |   |   |   |   |--- Soil_Type >  2.50
|   |   |   |   |   |   |--- Soil_pH <= 7.04
|   |   |   |   |   |   |   |--- N <= 91.50
|   |   |   |   |   |   |   |   |--- value: [11.80]
|   |   |   |   |   |   |   |--- N >  91.50
|   |   |   |   |   |   |   |   |--- Organic_Carbon <= 1.16
|   |   |   |   |   |   |   |   |   |--- value: [10.19]
|   |   |   |   |   |   |   |   |--- Organic_Carbon >  1.16
|   |   |   |   |   |   |   |   |   |--- value: [10.83]
|   |   |   |   |   |   |--- Soil_pH >  7.04
|   |   |   |   |   |   |   |--- K <= 130.00
|   |   |   |   |   |   |   |   |--- Pesticide_Used <= 15.83
|   |   |   |   |   |   |   |   |   |--- value: [9.55]
|   |   |   |   |   |   |   |   |--- Pesticide_Used >  15.83
|   |   |   |   |   |   |   |   |   |--- value: [9.07]
|   |   |   |   |   |   |   |--- K >  130.00
|   |   |   |   |   |   |   |   |--- value: [7.47]
|   |   |   |   |--- Sunlight_Hours >  10.01
|   |   |   |   |   |--- Wind_Speed <= 5.76
|   |   |   |   |   |   |--- Pesticide_Used <= 14.66
|   |   |   |   |   |   |   |--- Soil_pH <= 6.69
|   |   |   |   |   |   |   |   |--- value: [9.62]
|   |   |   |   |   |   |   |--- Soil_pH >  6.69
|   |   |   |   |   |   |   |   |--- P <= 43.50
|   |   |   |   |   |   |   |   |   |--- value: [10.72]
|   |   |   |   |   |   |   |   |--- P >  43.50
|   |   |   |   |   |   |   |   |   |--- value: [10.45]
|   |   |   |   |   |   |--- Pesticide_Used >  14.66
|   |   |   |   |   |   |   |--- Region <= 2.50
|   |   |   |   |   |   |   |   |--- value: [11.35]
|   |   |   |   |   |   |   |--- Region >  2.50
|   |   |   |   |   |   |   |   |--- value: [11.49]
|   |   |   |   |   |--- Wind_Speed >  5.76
|   |   |   |   |   |   |--- Humidity <= 59.71
|   |   |   |   |   |   |   |--- Sunlight_Hours <= 10.36
|   |   |   |   |   |   |   |   |--- K <= 59.00
|   |   |   |   |   |   |   |   |   |--- value: [10.36]
|   |   |   |   |   |   |   |   |--- K >  59.00
|   |   |   |   |   |   |   |   |   |--- value: [10.55]
|   |   |   |   |   |   |   |--- Sunlight_Hours >  10.36
|   |   |   |   |   |   |   |   |--- Humidity <= 43.73
|   |   |   |   |   |   |   |   |   |--- value: [9.76]
|   |   |   |   |   |   |   |   |--- Humidity >  43.73
|   |   |   |   |   |   |   |   |   |--- value: [10.02]
|   |   |   |   |   |   |--- Humidity >  59.71
|   |   |   |   |   |   |   |--- Humidity <= 79.82
|   |   |   |   |   |   |   |   |--- K <= 76.00
|   |   |   |   |   |   |   |   |   |--- value: [8.51]
|   |   |   |   |   |   |   |   |--- K >  76.00
|   |   |   |   |   |   |   |   |   |--- value: [8.78]
|   |   |   |   |   |   |   |--- Humidity >  79.82
|   |   |   |   |   |   |   |   |--- value: [9.14]
|   |--- Rainfall >  1731.09
|   |   |--- Fertilizer_Used <= 134.17
|   |   |   |--- Soil_Moisture <= 40.82
|   |   |   |   |--- Soil_pH <= 7.21
|   |   |   |   |   |--- K <= 41.00
|   |   |   |   |   |   |--- Altitude <= 1307.50
|   |   |   |   |   |   |   |--- Altitude <= 375.50
|   |   |   |   |   |   |   |   |--- value: [8.38]
|   |   |   |   |   |   |   |--- Altitude >  375.50
|   |   |   |   |   |   |   |   |--- Sunlight_Hours <= 5.77
|   |   |   |   |   |   |   |   |   |--- value: [6.50]
|   |   |   |   |   |   |   |   |--- Sunlight_Hours >  5.77
|   |   |   |   |   |   |   |   |   |--- value: [7.15]
|   |   |   |   |   |   |--- Altitude >  1307.50
|   |   |   |   |   |   |   |--- Soil_Moisture <= 32.65
|   |   |   |   |   |   |   |   |--- value: [8.68]
|   |   |   |   |   |   |   |--- Soil_Moisture >  32.65
|   |   |   |   |   |   |   |   |--- value: [9.14]
|   |   |   |   |   |--- K >  41.00
|   |   |   |   |   |   |--- Organic_Carbon <= 1.49
|   |   |   |   |   |   |   |--- Rainfall <= 2071.84
|   |   |   |   |   |   |   |   |--- Humidity <= 50.45
|   |   |   |   |   |   |   |   |   |--- value: [8.78]
|   |   |   |   |   |   |   |   |--- Humidity >  50.45
|   |   |   |   |   |   |   |   |   |--- value: [7.20]
|   |   |   |   |   |   |   |--- Rainfall >  2071.84
|   |   |   |   |   |   |   |   |--- Fertilizer_Used <= 101.04
|   |   |   |   |   |   |   |   |   |--- value: [8.92]
|   |   |   |   |   |   |   |   |--- Fertilizer_Used >  101.04
|   |   |   |   |   |   |   |   |   |--- value: [10.17]
|   |   |   |   |   |   |--- Organic_Carbon >  1.49
|   |   |   |   |   |   |   |--- Season <= 1.50
|   |   |   |   |   |   |   |   |--- K <= 113.00
|   |   |   |   |   |   |   |   |   |--- value: [10.70]
|   |   |   |   |   |   |   |   |--- K >  113.00
|   |   |   |   |   |   |   |   |   |--- value: [11.47]
|   |   |   |   |   |   |   |--- Season >  1.50
|   |   |   |   |   |   |   |   |--- Humidity <= 70.06
|   |   |   |   |   |   |   |   |   |--- value: [10.22]
|   |   |   |   |   |   |   |   |--- Humidity >  70.06
|   |   |   |   |   |   |   |   |   |--- value: [9.44]
|   |   |   |   |--- Soil_pH >  7.21
|   |   |   |   |   |--- Humidity <= 57.19
|   |   |   |   |   |   |--- Soil_Type <= 1.50
|   |   |   |   |   |   |   |--- Sunlight_Hours <= 5.31
|   |   |   |   |   |   |   |   |--- value: [9.68]
|   |   |   |   |   |   |   |--- Sunlight_Hours >  5.31
|   |   |   |   |   |   |   |   |--- value: [10.33]
|   |   |   |   |   |   |--- Soil_Type >  1.50
|   |   |   |   |   |   |   |--- Soil_Moisture <= 34.90
|   |   |   |   |   |   |   |   |--- value: [8.32]
|   |   |   |   |   |   |   |--- Soil_Moisture >  34.90
|   |   |   |   |   |   |   |   |--- Altitude <= 1002.50
|   |   |   |   |   |   |   |   |   |--- value: [8.47]
|   |   |   |   |   |   |   |   |--- Altitude >  1002.50
|   |   |   |   |   |   |   |   |   |--- value: [8.58]
|   |   |   |   |   |--- Humidity >  57.19
|   |   |   |   |   |   |--- Wind_Speed <= 10.25
|   |   |   |   |   |   |   |--- Temperature <= 27.96
|   |   |   |   |   |   |   |   |--- Sunlight_Hours <= 7.86
|   |   |   |   |   |   |   |   |   |--- value: [7.46]
|   |   |   |   |   |   |   |   |--- Sunlight_Hours >  7.86
|   |   |   |   |   |   |   |   |   |--- value: [7.11]
|   |   |   |   |   |   |   |--- Temperature >  27.96
|   |   |   |   |   |   |   |   |--- Altitude <= 1096.00
|   |   |   |   |   |   |   |   |   |--- value: [8.43]
|   |   |   |   |   |   |   |   |--- Altitude >  1096.00
|   |   |   |   |   |   |   |   |   |--- value: [7.78]
|   |   |   |   |   |   |--- Wind_Speed >  10.25
|   |   |   |   |   |   |   |--- P <= 47.00
|   |   |   |   |   |   |   |   |--- Soil_pH <= 7.29
|   |   |   |   |   |   |   |   |   |--- value: [6.38]
|   |   |   |   |   |   |   |   |--- Soil_pH >  7.29
|   |   |   |   |   |   |   |   |   |--- value: [6.79]
|   |   |   |   |   |   |   |--- P >  47.00
|   |   |   |   |   |   |   |   |--- value: [5.77]
|   |   |   |--- Soil_Moisture >  40.82
|   |   |   |   |--- Rainfall <= 2272.81
|   |   |   |   |   |--- Temperature <= 18.02
|   |   |   |   |   |   |--- Soil_Moisture <= 56.11
|   |   |   |   |   |   |   |--- Humidity <= 51.97
|   |   |   |   |   |   |   |   |--- Irrigation_Type <= 1.50
|   |   |   |   |   |   |   |   |   |--- value: [8.75]
|   |   |   |   |   |   |   |   |--- Irrigation_Type >  1.50
|   |   |   |   |   |   |   |   |   |--- value: [8.74]
|   |   |   |   |   |   |   |--- Humidity >  51.97
|   |   |   |   |   |   |   |   |--- value: [8.39]
|   |   |   |   |   |   |--- Soil_Moisture >  56.11
|   |   |   |   |   |   |   |--- P <= 41.00
|   |   |   |   |   |   |   |   |--- value: [7.95]
|   |   |   |   |   |   |   |--- P >  41.00
|   |   |   |   |   |   |   |   |--- value: [7.73]
|   |   |   |   |   |--- Temperature >  18.02
|   |   |   |   |   |   |--- Region <= 1.50
|   |   |   |   |   |   |   |--- K <= 118.50
|   |   |   |   |   |   |   |   |--- Temperature <= 36.91
|   |   |   |   |   |   |   |   |   |--- value: [8.21]
|   |   |   |   |   |   |   |   |--- Temperature >  36.91
|   |   |   |   |   |   |   |   |   |--- value: [9.69]
|   |   |   |   |   |   |   |--- K >  118.50
|   |   |   |   |   |   |   |   |--- N <= 111.00
|   |   |   |   |   |   |   |   |   |--- value: [10.25]
|   |   |   |   |   |   |   |   |--- N >  111.00
|   |   |   |   |   |   |   |   |   |--- value: [9.75]
|   |   |   |   |   |   |--- Region >  1.50
|   |   |   |   |   |   |   |--- Soil_Moisture <= 43.25
|   |   |   |   |   |   |   |   |--- Pesticide_Used <= 15.55
|   |   |   |   |   |   |   |   |   |--- value: [9.11]
|   |   |   |   |   |   |   |   |--- Pesticide_Used >  15.55
|   |   |   |   |   |   |   |   |   |--- value: [8.24]
|   |   |   |   |   |   |   |--- Soil_Moisture >  43.25
|   |   |   |   |   |   |   |   |--- Sunlight_Hours <= 10.05
|   |   |   |   |   |   |   |   |   |--- value: [10.23]
|   |   |   |   |   |   |   |   |--- Sunlight_Hours >  10.05
|   |   |   |   |   |   |   |   |   |--- value: [8.97]
|   |   |   |   |--- Rainfall >  2272.81
|   |   |   |   |   |--- Organic_Carbon <= 0.88
|   |   |   |   |   |   |--- N <= 80.00
|   |   |   |   |   |   |   |--- N <= 61.50
|   |   |   |   |   |   |   |   |--- value: [8.45]
|   |   |   |   |   |   |   |--- N >  61.50
|   |   |   |   |   |   |   |   |--- value: [7.15]
|   |   |   |   |   |   |--- N >  80.00
|   |   |   |   |   |   |   |--- Altitude <= 1090.00
|   |   |   |   |   |   |   |   |--- Soil_pH <= 6.93
|   |   |   |   |   |   |   |   |   |--- value: [10.42]
|   |   |   |   |   |   |   |   |--- Soil_pH >  6.93
|   |   |   |   |   |   |   |   |   |--- value: [9.92]
|   |   |   |   |   |   |   |--- Altitude >  1090.00
|   |   |   |   |   |   |   |   |--- Pesticide_Used <= 16.78
|   |   |   |   |   |   |   |   |   |--- value: [9.62]
|   |   |   |   |   |   |   |   |--- Pesticide_Used >  16.78
|   |   |   |   |   |   |   |   |   |--- value: [9.03]
|   |   |   |   |   |--- Organic_Carbon >  0.88
|   |   |   |   |   |   |--- Humidity <= 70.41
|   |   |   |   |   |   |   |--- Wind_Speed <= 8.15
|   |   |   |   |   |   |   |   |--- Temperature <= 14.99
|   |   |   |   |   |   |   |   |   |--- value: [11.37]
|   |   |   |   |   |   |   |   |--- Temperature >  14.99
|   |   |   |   |   |   |   |   |   |--- value: [11.70]
|   |   |   |   |   |   |   |--- Wind_Speed >  8.15
|   |   |   |   |   |   |   |   |--- Soil_Type <= 1.00
|   |   |   |   |   |   |   |   |   |--- value: [11.38]
|   |   |   |   |   |   |   |   |--- Soil_Type >  1.00
|   |   |   |   |   |   |   |   |   |--- value: [10.23]
|   |   |   |   |   |   |--- Humidity >  70.41
|   |   |   |   |   |   |   |--- Irrigation_Type <= 0.50
|   |   |   |   |   |   |   |   |--- Soil_Moisture <= 51.53
|   |   |   |   |   |   |   |   |   |--- value: [9.13]
|   |   |   |   |   |   |   |   |--- Soil_Moisture >  51.53
|   |   |   |   |   |   |   |   |   |--- value: [9.72]
|   |   |   |   |   |   |   |--- Irrigation_Type >  0.50
|   |   |   |   |   |   |   |   |--- Temperature <= 32.02
|   |   |   |   |   |   |   |   |   |--- value: [10.95]
|   |   |   |   |   |   |   |   |--- Temperature >  32.02
|   |   |   |   |   |   |   |   |   |--- value: [10.23]
|   |   |--- Fertilizer_Used >  134.17
|   |   |   |--- Sunlight_Hours <= 8.47
|   |   |   |   |--- Humidity <= 48.17
|   |   |   |   |   |--- Humidity <= 31.32
|   |   |   |   |   |   |--- Humidity <= 30.95
|   |   |   |   |   |   |   |--- Temperature <= 14.16
|   |   |   |   |   |   |   |   |--- value: [8.89]
|   |   |   |   |   |   |   |--- Temperature >  14.16
|   |   |   |   |   |   |   |   |--- value: [8.47]
|   |   |   |   |   |   |--- Humidity >  30.95
|   |   |   |   |   |   |   |--- Soil_pH <= 7.50
|   |   |   |   |   |   |   |   |--- Organic_Carbon <= 0.89
|   |   |   |   |   |   |   |   |   |--- value: [10.12]
|   |   |   |   |   |   |   |   |--- Organic_Carbon >  0.89
|   |   |   |   |   |   |   |   |   |--- value: [9.87]
|   |   |   |   |   |   |   |--- Soil_pH >  7.50
|   |   |   |   |   |   |   |   |--- value: [9.52]
|   |   |   |   |   |--- Humidity >  31.32
|   |   |   |   |   |   |--- N <= 52.00
|   |   |   |   |   |   |   |--- Soil_pH <= 7.36
|   |   |   |   |   |   |   |   |--- Region <= 0.50
|   |   |   |   |   |   |   |   |   |--- value: [10.04]
|   |   |   |   |   |   |   |   |--- Region >  0.50
|   |   |   |   |   |   |   |   |   |--- value: [11.05]
|   |   |   |   |   |   |   |--- Soil_pH >  7.36
|   |   |   |   |   |   |   |   |--- Altitude <= 1040.50
|   |   |   |   |   |   |   |   |   |--- value: [8.99]
|   |   |   |   |   |   |   |   |--- Altitude >  1040.50
|   |   |   |   |   |   |   |   |   |--- value: [9.16]
|   |   |   |   |   |   |--- N >  52.00
|   |   |   |   |   |   |   |--- Temperature <= 26.99
|   |   |   |   |   |   |   |   |--- Sunlight_Hours <= 6.26
|   |   |   |   |   |   |   |   |   |--- value: [10.18]
|   |   |   |   |   |   |   |   |--- Sunlight_Hours >  6.26
|   |   |   |   |   |   |   |   |   |--- value: [11.09]
|   |   |   |   |   |   |   |--- Temperature >  26.99
|   |   |   |   |   |   |   |   |--- Temperature <= 33.14
|   |   |   |   |   |   |   |   |   |--- value: [11.89]
|   |   |   |   |   |   |   |   |--- Temperature >  33.14
|   |   |   |   |   |   |   |   |   |--- value: [10.74]
|   |   |   |   |--- Humidity >  48.17
|   |   |   |   |   |--- Altitude <= 734.00
|   |   |   |   |   |   |--- Soil_pH <= 6.39
|   |   |   |   |   |   |   |--- Organic_Carbon <= 0.50
|   |   |   |   |   |   |   |   |--- Temperature <= 23.74
|   |   |   |   |   |   |   |   |   |--- value: [9.93]
|   |   |   |   |   |   |   |   |--- Temperature >  23.74
|   |   |   |   |   |   |   |   |   |--- value: [9.17]
|   |   |   |   |   |   |   |--- Organic_Carbon >  0.50
|   |   |   |   |   |   |   |   |--- Temperature <= 15.09
|   |   |   |   |   |   |   |   |   |--- value: [8.19]
|   |   |   |   |   |   |   |   |--- Temperature >  15.09
|   |   |   |   |   |   |   |   |   |--- value: [8.79]
|   |   |   |   |   |   |--- Soil_pH >  6.39
|   |   |   |   |   |   |   |--- Fertilizer_Used <= 151.16
|   |   |   |   |   |   |   |   |--- Fertilizer_Used <= 146.09
|   |   |   |   |   |   |   |   |   |--- value: [9.82]
|   |   |   |   |   |   |   |   |--- Fertilizer_Used >  146.09
|   |   |   |   |   |   |   |   |   |--- value: [9.09]
|   |   |   |   |   |   |   |--- Fertilizer_Used >  151.16
|   |   |   |   |   |   |   |   |--- Sunlight_Hours <= 5.59
|   |   |   |   |   |   |   |   |   |--- value: [10.33]
|   |   |   |   |   |   |   |   |--- Sunlight_Hours >  5.59
|   |   |   |   |   |   |   |   |   |--- value: [10.50]
|   |   |   |   |   |--- Altitude >  734.00
|   |   |   |   |   |   |--- Wind_Speed <= 16.27
|   |   |   |   |   |   |   |--- Soil_Moisture <= 56.92
|   |   |   |   |   |   |   |   |--- Temperature <= 18.43
|   |   |   |   |   |   |   |   |   |--- value: [10.44]
|   |   |   |   |   |   |   |   |--- Temperature >  18.43
|   |   |   |   |   |   |   |   |   |--- value: [9.79]
|   |   |   |   |   |   |   |--- Soil_Moisture >  56.92
|   |   |   |   |   |   |   |   |--- Fertilizer_Used <= 190.62
|   |   |   |   |   |   |   |   |   |--- value: [10.29]
|   |   |   |   |   |   |   |   |--- Fertilizer_Used >  190.62
|   |   |   |   |   |   |   |   |   |--- value: [11.51]
|   |   |   |   |   |   |--- Wind_Speed >  16.27
|   |   |   |   |   |   |   |--- K <= 102.50
|   |   |   |   |   |   |   |   |--- Temperature <= 26.20
|   |   |   |   |   |   |   |   |   |--- value: [8.59]
|   |   |   |   |   |   |   |   |--- Temperature >  26.20
|   |   |   |   |   |   |   |   |   |--- value: [8.82]
|   |   |   |   |   |   |   |--- K >  102.50
|   |   |   |   |   |   |   |   |--- Temperature <= 20.09
|   |   |   |   |   |   |   |   |   |--- value: [9.13]
|   |   |   |   |   |   |   |   |--- Temperature >  20.09
|   |   |   |   |   |   |   |   |   |--- value: [9.23]
|   |   |   |--- Sunlight_Hours >  8.47
|   |   |   |   |--- Soil_pH <= 7.40
|   |   |   |   |   |--- Soil_pH <= 5.73
|   |   |   |   |   |   |--- Humidity <= 56.26
|   |   |   |   |   |   |   |--- N <= 88.00
|   |   |   |   |   |   |   |   |--- N <= 40.50
|   |   |   |   |   |   |   |   |   |--- value: [6.95]
|   |   |   |   |   |   |   |   |--- N >  40.50
|   |   |   |   |   |   |   |   |   |--- value: [7.62]
|   |   |   |   |   |   |   |--- N >  88.00
|   |   |   |   |   |   |   |   |--- value: [8.34]
|   |   |   |   |   |   |--- Humidity >  56.26
|   |   |   |   |   |   |   |--- Soil_Type <= 1.50
|   |   |   |   |   |   |   |   |--- Soil_Moisture <= 43.65
|   |   |   |   |   |   |   |   |   |--- value: [8.37]
|   |   |   |   |   |   |   |   |--- Soil_Moisture >  43.65
|   |   |   |   |   |   |   |   |   |--- value: [9.16]
|   |   |   |   |   |   |   |--- Soil_Type >  1.50
|   |   |   |   |   |   |   |   |--- Soil_pH <= 5.18
|   |   |   |   |   |   |   |   |   |--- value: [9.88]
|   |   |   |   |   |   |   |   |--- Soil_pH >  5.18
|   |   |   |   |   |   |   |   |   |--- value: [10.34]
|   |   |   |   |   |--- Soil_pH >  5.73
|   |   |   |   |   |   |--- Altitude <= 1939.00
|   |   |   |   |   |   |   |--- Altitude <= 553.50
|   |   |   |   |   |   |   |   |--- Pesticide_Used <= 21.36
|   |   |   |   |   |   |   |   |   |--- value: [9.43]
|   |   |   |   |   |   |   |   |--- Pesticide_Used >  21.36
|   |   |   |   |   |   |   |   |   |--- value: [10.28]
|   |   |   |   |   |   |   |--- Altitude >  553.50
|   |   |   |   |   |   |   |   |--- N <= 133.50
|   |   |   |   |   |   |   |   |   |--- value: [10.05]
|   |   |   |   |   |   |   |   |--- N >  133.50
|   |   |   |   |   |   |   |   |   |--- value: [10.65]
|   |   |   |   |   |   |--- Altitude >  1939.00
|   |   |   |   |   |   |   |--- Soil_pH <= 6.44
|   |   |   |   |   |   |   |   |--- value: [11.45]
|   |   |   |   |   |   |   |--- Soil_pH >  6.44
|   |   |   |   |   |   |   |   |--- value: [11.88]
|   |   |   |   |--- Soil_pH >  7.40
|   |   |   |   |   |--- Rainfall <= 2229.95
|   |   |   |   |   |   |--- N <= 100.50
|   |   |   |   |   |   |   |--- Wind_Speed <= 15.12
|   |   |   |   |   |   |   |   |--- Soil_Type <= 0.50
|   |   |   |   |   |   |   |   |   |--- value: [7.46]
|   |   |   |   |   |   |   |   |--- Soil_Type >  0.50
|   |   |   |   |   |   |   |   |   |--- value: [7.21]
|   |   |   |   |   |   |   |--- Wind_Speed >  15.12
|   |   |   |   |   |   |   |   |--- Soil_pH <= 7.85
|   |   |   |   |   |   |   |   |   |--- value: [7.70]
|   |   |   |   |   |   |   |   |--- Soil_pH >  7.85
|   |   |   |   |   |   |   |   |   |--- value: [7.94]
|   |   |   |   |   |   |--- N >  100.50
|   |   |   |   |   |   |   |--- P <= 59.00
|   |   |   |   |   |   |   |   |--- Fertilizer_Used <= 169.96
|   |   |   |   |   |   |   |   |   |--- value: [7.78]
|   |   |   |   |   |   |   |   |--- Fertilizer_Used >  169.96
|   |   |   |   |   |   |   |   |   |--- value: [7.99]
|   |   |   |   |   |   |   |--- P >  59.00
|   |   |   |   |   |   |   |   |--- Soil_pH <= 7.82
|   |   |   |   |   |   |   |   |   |--- value: [8.47]
|   |   |   |   |   |   |   |   |--- Soil_pH >  7.82
|   |   |   |   |   |   |   |   |   |--- value: [8.54]
|   |   |   |   |   |--- Rainfall >  2229.95
|   |   |   |   |   |   |--- Rainfall <= 2322.47
|   |   |   |   |   |   |   |--- Soil_Moisture <= 48.65
|   |   |   |   |   |   |   |   |--- Sunlight_Hours <= 10.08
|   |   |   |   |   |   |   |   |   |--- value: [9.39]
|   |   |   |   |   |   |   |   |--- Sunlight_Hours >  10.08
|   |   |   |   |   |   |   |   |   |--- value: [9.43]
|   |   |   |   |   |   |   |--- Soil_Moisture >  48.65
|   |   |   |   |   |   |   |   |--- value: [9.47]
|   |   |   |   |   |   |--- Rainfall >  2322.47
|   |   |   |   |   |   |   |--- Altitude <= 742.50
|   |   |   |   |   |   |   |   |--- value: [7.82]
|   |   |   |   |   |   |   |--- Altitude >  742.50
|   |   |   |   |   |   |   |   |--- K <= 57.50
|   |   |   |   |   |   |   |   |   |--- value: [8.53]
|   |   |   |   |   |   |   |   |--- K >  57.50
|   |   |   |   |   |   |   |   |   |--- value: [8.65]
|--- Fertilizer_Used >  201.83
|   |--- Rainfall <= 1553.90
|   |   |--- Soil_Moisture <= 42.40
|   |   |   |--- Fertilizer_Used <= 298.85
|   |   |   |   |--- Soil_Moisture <= 30.41
|   |   |   |   |   |--- Rainfall <= 704.25
|   |   |   |   |   |   |--- Pesticide_Used <= 11.49
|   |   |   |   |   |   |   |--- Altitude <= 267.00
|   |   |   |   |   |   |   |   |--- Organic_Carbon <= 0.88
|   |   |   |   |   |   |   |   |   |--- value: [6.05]
|   |   |   |   |   |   |   |   |--- Organic_Carbon >  0.88
|   |   |   |   |   |   |   |   |   |--- value: [6.75]
|   |   |   |   |   |   |   |--- Altitude >  267.00
|   |   |   |   |   |   |   |   |--- Humidity <= 34.47
|   |   |   |   |   |   |   |   |   |--- value: [7.67]
|   |   |   |   |   |   |   |   |--- Humidity >  34.47
|   |   |   |   |   |   |   |   |   |--- value: [7.25]
|   |   |   |   |   |   |--- Pesticide_Used >  11.49
|   |   |   |   |   |   |   |--- K <= 93.50
|   |   |   |   |   |   |   |   |--- Soil_Moisture <= 16.87
|   |   |   |   |   |   |   |   |   |--- value: [8.72]
|   |   |   |   |   |   |   |   |--- Soil_Moisture >  16.87
|   |   |   |   |   |   |   |   |   |--- value: [7.56]
|   |   |   |   |   |   |   |--- K >  93.50
|   |   |   |   |   |   |   |   |--- Altitude <= 1464.50
|   |   |   |   |   |   |   |   |   |--- value: [8.53]
|   |   |   |   |   |   |   |   |--- Altitude >  1464.50
|   |   |   |   |   |   |   |   |   |--- value: [9.79]
|   |   |   |   |   |--- Rainfall >  704.25
|   |   |   |   |   |   |--- Soil_pH <= 8.10
|   |   |   |   |   |   |   |--- Soil_Moisture <= 28.88
|   |   |   |   |   |   |   |   |--- K <= 120.50
|   |   |   |   |   |   |   |   |   |--- value: [8.78]
|   |   |   |   |   |   |   |   |--- K >  120.50
|   |   |   |   |   |   |   |   |   |--- value: [9.64]
|   |   |   |   |   |   |   |--- Soil_Moisture >  28.88
|   |   |   |   |   |   |   |   |--- Season <= 1.50
|   |   |   |   |   |   |   |   |   |--- value: [7.94]
|   |   |   |   |   |   |   |   |--- Season >  1.50
|   |   |   |   |   |   |   |   |   |--- value: [7.27]
|   |   |   |   |   |   |--- Soil_pH >  8.10
|   |   |   |   |   |   |   |--- Season <= 1.00
|   |   |   |   |   |   |   |   |--- value: [6.62]
|   |   |   |   |   |   |   |--- Season >  1.00
|   |   |   |   |   |   |   |   |--- value: [6.06]
|   |   |   |   |--- Soil_Moisture >  30.41
|   |   |   |   |   |--- Wind_Speed <= 12.11
|   |   |   |   |   |   |--- Soil_Moisture <= 31.07
|   |   |   |   |   |   |   |--- Fertilizer_Used <= 241.47
|   |   |   |   |   |   |   |   |--- Region <= 3.50
|   |   |   |   |   |   |   |   |   |--- value: [11.52]
|   |   |   |   |   |   |   |   |--- Region >  3.50
|   |   |   |   |   |   |   |   |   |--- value: [11.28]
|   |   |   |   |   |   |   |--- Fertilizer_Used >  241.47
|   |   |   |   |   |   |   |   |--- Sunlight_Hours <= 8.48
|   |   |   |   |   |   |   |   |   |--- value: [10.38]
|   |   |   |   |   |   |   |   |--- Sunlight_Hours >  8.48
|   |   |   |   |   |   |   |   |   |--- value: [10.82]
|   |   |   |   |   |   |--- Soil_Moisture >  31.07
|   |   |   |   |   |   |   |--- Rainfall <= 1414.73
|   |   |   |   |   |   |   |   |--- Humidity <= 82.29
|   |   |   |   |   |   |   |   |   |--- value: [9.24]
|   |   |   |   |   |   |   |   |--- Humidity >  82.29
|   |   |   |   |   |   |   |   |   |--- value: [10.69]
|   |   |   |   |   |   |   |--- Rainfall >  1414.73
|   |   |   |   |   |   |   |   |--- P <= 37.50
|   |   |   |   |   |   |   |   |   |--- value: [9.36]
|   |   |   |   |   |   |   |   |--- P >  37.50
|   |   |   |   |   |   |   |   |   |--- value: [10.92]
|   |   |   |   |   |--- Wind_Speed >  12.11
|   |   |   |   |   |   |--- Soil_pH <= 7.13
|   |   |   |   |   |   |   |--- Fertilizer_Used <= 288.18
|   |   |   |   |   |   |   |   |--- N <= 146.50
|   |   |   |   |   |   |   |   |   |--- value: [9.50]
|   |   |   |   |   |   |   |   |--- N >  146.50
|   |   |   |   |   |   |   |   |   |--- value: [7.84]
|   |   |   |   |   |   |   |--- Fertilizer_Used >  288.18
|   |   |   |   |   |   |   |   |--- Temperature <= 33.48
|   |   |   |   |   |   |   |   |   |--- value: [7.71]
|   |   |   |   |   |   |   |   |--- Temperature >  33.48
|   |   |   |   |   |   |   |   |   |--- value: [8.70]
|   |   |   |   |   |   |--- Soil_pH >  7.13
|   |   |   |   |   |   |   |--- N <= 111.50
|   |   |   |   |   |   |   |   |--- Soil_pH <= 7.16
|   |   |   |   |   |   |   |   |   |--- value: [8.30]
|   |   |   |   |   |   |   |   |--- Soil_pH >  7.16
|   |   |   |   |   |   |   |   |   |--- value: [7.47]
|   |   |   |   |   |   |   |--- N >  111.50
|   |   |   |   |   |   |   |   |--- Pesticide_Used <= 13.76
|   |   |   |   |   |   |   |   |   |--- value: [7.97]
|   |   |   |   |   |   |   |   |--- Pesticide_Used >  13.76
|   |   |   |   |   |   |   |   |   |--- value: [9.56]
|   |   |   |--- Fertilizer_Used >  298.85
|   |   |   |   |--- Humidity <= 85.58
|   |   |   |   |   |--- Sunlight_Hours <= 10.47
|   |   |   |   |   |   |--- Sunlight_Hours <= 4.10
|   |   |   |   |   |   |   |--- value: [6.88]
|   |   |   |   |   |   |--- Sunlight_Hours >  4.10
|   |   |   |   |   |   |   |--- Sunlight_Hours <= 6.97
|   |   |   |   |   |   |   |   |--- Humidity <= 82.23
|   |   |   |   |   |   |   |   |   |--- value: [9.89]
|   |   |   |   |   |   |   |   |--- Humidity >  82.23
|   |   |   |   |   |   |   |   |   |--- value: [8.38]
|   |   |   |   |   |   |   |--- Sunlight_Hours >  6.97
|   |   |   |   |   |   |   |   |--- Organic_Carbon <= 0.91
|   |   |   |   |   |   |   |   |   |--- value: [9.60]
|   |   |   |   |   |   |   |   |--- Organic_Carbon >  0.91
|   |   |   |   |   |   |   |   |   |--- value: [8.86]
|   |   |   |   |   |--- Sunlight_Hours >  10.47
|   |   |   |   |   |   |--- Soil_Moisture <= 24.73
|   |   |   |   |   |   |   |--- Organic_Carbon <= 0.65
|   |   |   |   |   |   |   |   |--- value: [7.22]
|   |   |   |   |   |   |   |--- Organic_Carbon >  0.65
|   |   |   |   |   |   |   |   |--- value: [9.95]
|   |   |   |   |   |   |--- Soil_Moisture >  24.73
|   |   |   |   |   |   |   |--- Rainfall <= 1286.62
|   |   |   |   |   |   |   |   |--- Altitude <= 1748.50
|   |   |   |   |   |   |   |   |   |--- value: [10.30]
|   |   |   |   |   |   |   |   |--- Altitude >  1748.50
|   |   |   |   |   |   |   |   |   |--- value: [11.13]
|   |   |   |   |   |   |   |--- Rainfall >  1286.62
|   |   |   |   |   |   |   |   |--- Temperature <= 25.24
|   |   |   |   |   |   |   |   |   |--- value: [11.68]
|   |   |   |   |   |   |   |   |--- Temperature >  25.24
|   |   |   |   |   |   |   |   |   |--- value: [11.12]
|   |   |   |   |--- Humidity >  85.58
|   |   |   |   |   |--- Humidity <= 89.70
|   |   |   |   |   |   |--- Soil_pH <= 5.01
|   |   |   |   |   |   |   |--- value: [10.08]
|   |   |   |   |   |   |--- Soil_pH >  5.01
|   |   |   |   |   |   |   |--- Humidity <= 88.18
|   |   |   |   |   |   |   |   |--- Rainfall <= 929.31
|   |   |   |   |   |   |   |   |   |--- value: [11.27]
|   |   |   |   |   |   |   |   |--- Rainfall >  929.31
|   |   |   |   |   |   |   |   |   |--- value: [11.15]
|   |   |   |   |   |   |   |--- Humidity >  88.18
|   |   |   |   |   |   |   |   |--- value: [11.03]
|   |   |   |   |   |--- Humidity >  89.70
|   |   |   |   |   |   |--- value: [12.27]
|   |   |--- Soil_Moisture >  42.40
|   |   |   |--- K <= 76.50
|   |   |   |   |--- Soil_pH <= 5.63
|   |   |   |   |   |--- Wind_Speed <= 17.02
|   |   |   |   |   |   |--- Humidity <= 59.21
|   |   |   |   |   |   |   |--- N <= 111.50
|   |   |   |   |   |   |   |   |--- Region <= 2.00
|   |   |   |   |   |   |   |   |   |--- value: [8.43]
|   |   |   |   |   |   |   |   |--- Region >  2.00
|   |   |   |   |   |   |   |   |   |--- value: [7.74]
|   |   |   |   |   |   |   |--- N >  111.50
|   |   |   |   |   |   |   |   |--- Humidity <= 47.55
|   |   |   |   |   |   |   |   |   |--- value: [9.27]
|   |   |   |   |   |   |   |   |--- Humidity >  47.55
|   |   |   |   |   |   |   |   |   |--- value: [8.78]
|   |   |   |   |   |   |--- Humidity >  59.21
|   |   |   |   |   |   |   |--- P <= 29.00
|   |   |   |   |   |   |   |   |--- Altitude <= 1112.00
|   |   |   |   |   |   |   |   |   |--- value: [6.48]
|   |   |   |   |   |   |   |   |--- Altitude >  1112.00
|   |   |   |   |   |   |   |   |   |--- value: [6.76]
|   |   |   |   |   |   |   |--- P >  29.00
|   |   |   |   |   |   |   |   |--- Soil_pH <= 4.93
|   |   |   |   |   |   |   |   |   |--- value: [8.89]
|   |   |   |   |   |   |   |   |--- Soil_pH >  4.93
|   |   |   |   |   |   |   |   |   |--- value: [7.77]
|   |   |   |   |   |--- Wind_Speed >  17.02
|   |   |   |   |   |   |--- value: [10.85]
|   |   |   |   |--- Soil_pH >  5.63
|   |   |   |   |   |--- Fertilizer_Used <= 332.92
|   |   |   |   |   |   |--- Humidity <= 49.33
|   |   |   |   |   |   |   |--- Sunlight_Hours <= 6.76
|   |   |   |   |   |   |   |   |--- Soil_Type <= 1.00
|   |   |   |   |   |   |   |   |   |--- value: [7.09]
|   |   |   |   |   |   |   |   |--- Soil_Type >  1.00
|   |   |   |   |   |   |   |   |   |--- value: [8.00]
|   |   |   |   |   |   |   |--- Sunlight_Hours >  6.76
|   |   |   |   |   |   |   |   |--- Altitude <= 842.50
|   |   |   |   |   |   |   |   |   |--- value: [8.66]
|   |   |   |   |   |   |   |   |--- Altitude >  842.50
|   |   |   |   |   |   |   |   |   |--- value: [10.07]
|   |   |   |   |   |   |--- Humidity >  49.33
|   |   |   |   |   |   |   |--- P <= 34.00
|   |   |   |   |   |   |   |   |--- Rainfall <= 1434.41
|   |   |   |   |   |   |   |   |   |--- value: [8.43]
|   |   |   |   |   |   |   |   |--- Rainfall >  1434.41
|   |   |   |   |   |   |   |   |   |--- value: [10.51]
|   |   |   |   |   |   |   |--- P >  34.00
|   |   |   |   |   |   |   |   |--- Rainfall <= 733.18
|   |   |   |   |   |   |   |   |   |--- value: [9.60]
|   |   |   |   |   |   |   |   |--- Rainfall >  733.18
|   |   |   |   |   |   |   |   |   |--- value: [10.58]
|   |   |   |   |   |--- Fertilizer_Used >  332.92
|   |   |   |   |   |   |--- Irrigation_Type <= 0.50
|   |   |   |   |   |   |   |--- value: [12.43]
|   |   |   |   |   |   |--- Irrigation_Type >  0.50
|   |   |   |   |   |   |   |--- P <= 36.50
|   |   |   |   |   |   |   |   |--- Pesticide_Used <= 16.46
|   |   |   |   |   |   |   |   |   |--- value: [11.17]
|   |   |   |   |   |   |   |   |--- Pesticide_Used >  16.46
|   |   |   |   |   |   |   |   |   |--- value: [11.41]
|   |   |   |   |   |   |   |--- P >  36.50
|   |   |   |   |   |   |   |   |--- P <= 45.00
|   |   |   |   |   |   |   |   |   |--- value: [10.74]
|   |   |   |   |   |   |   |   |--- P >  45.00
|   |   |   |   |   |   |   |   |   |--- value: [10.97]
|   |   |   |--- K >  76.50
|   |   |   |   |--- Fertilizer_Used <= 249.76
|   |   |   |   |   |--- Rainfall <= 1201.35
|   |   |   |   |   |   |--- Organic_Carbon <= 1.38
|   |   |   |   |   |   |   |--- Soil_pH <= 5.19
|   |   |   |   |   |   |   |   |--- Rainfall <= 986.71
|   |   |   |   |   |   |   |   |   |--- value: [9.07]
|   |   |   |   |   |   |   |   |--- Rainfall >  986.71
|   |   |   |   |   |   |   |   |   |--- value: [8.11]
|   |   |   |   |   |   |   |--- Soil_pH >  5.19
|   |   |   |   |   |   |   |   |--- Soil_Moisture <= 58.28
|   |   |   |   |   |   |   |   |   |--- value: [10.31]
|   |   |   |   |   |   |   |   |--- Soil_Moisture >  58.28
|   |   |   |   |   |   |   |   |   |--- value: [9.50]
|   |   |   |   |   |   |--- Organic_Carbon >  1.38
|   |   |   |   |   |   |   |--- Wind_Speed <= 15.93
|   |   |   |   |   |   |   |   |--- Soil_Moisture <= 61.57
|   |   |   |   |   |   |   |   |   |--- value: [7.55]
|   |   |   |   |   |   |   |   |--- Soil_Moisture >  61.57
|   |   |   |   |   |   |   |   |   |--- value: [8.58]
|   |   |   |   |   |   |   |--- Wind_Speed >  15.93
|   |   |   |   |   |   |   |   |--- Soil_Moisture <= 53.47
|   |   |   |   |   |   |   |   |   |--- value: [9.88]
|   |   |   |   |   |   |   |   |--- Soil_Moisture >  53.47
|   |   |   |   |   |   |   |   |   |--- value: [9.73]
|   |   |   |   |   |--- Rainfall >  1201.35
|   |   |   |   |   |   |--- N <= 138.50
|   |   |   |   |   |   |   |--- Organic_Carbon <= 0.78
|   |   |   |   |   |   |   |   |--- N <= 106.00
|   |   |   |   |   |   |   |   |   |--- value: [9.91]
|   |   |   |   |   |   |   |   |--- N >  106.00
|   |   |   |   |   |   |   |   |   |--- value: [10.31]
|   |   |   |   |   |   |   |--- Organic_Carbon >  0.78
|   |   |   |   |   |   |   |   |--- Humidity <= 40.99
|   |   |   |   |   |   |   |   |   |--- value: [8.99]
|   |   |   |   |   |   |   |   |--- Humidity >  40.99
|   |   |   |   |   |   |   |   |   |--- value: [9.46]
|   |   |   |   |   |   |--- N >  138.50
|   |   |   |   |   |   |   |--- K <= 106.50
|   |   |   |   |   |   |   |   |--- value: [11.50]
|   |   |   |   |   |   |   |--- K >  106.50
|   |   |   |   |   |   |   |   |--- value: [11.40]
|   |   |   |   |--- Fertilizer_Used >  249.76
|   |   |   |   |   |--- Organic_Carbon <= 0.48
|   |   |   |   |   |   |--- N <= 124.00
|   |   |   |   |   |   |   |--- P <= 72.50
|   |   |   |   |   |   |   |   |--- Temperature <= 19.27
|   |   |   |   |   |   |   |   |   |--- value: [8.95]
|   |   |   |   |   |   |   |   |--- Temperature >  19.27
|   |   |   |   |   |   |   |   |   |--- value: [9.18]
|   |   |   |   |   |   |   |--- P >  72.50
|   |   |   |   |   |   |   |   |--- value: [8.21]
|   |   |   |   |   |   |--- N >  124.00
|   |   |   |   |   |   |   |--- Soil_Moisture <= 53.26
|   |   |   |   |   |   |   |   |--- value: [9.87]
|   |   |   |   |   |   |   |--- Soil_Moisture >  53.26
|   |   |   |   |   |   |   |   |--- value: [10.70]
|   |   |   |   |   |--- Organic_Carbon >  0.48
|   |   |   |   |   |   |--- Soil_pH <= 8.19
|   |   |   |   |   |   |   |--- Humidity <= 31.38
|   |   |   |   |   |   |   |   |--- value: [13.38]
|   |   |   |   |   |   |   |--- Humidity >  31.38
|   |   |   |   |   |   |   |   |--- Rainfall <= 425.50
|   |   |   |   |   |   |   |   |   |--- value: [9.27]
|   |   |   |   |   |   |   |   |--- Rainfall >  425.50
|   |   |   |   |   |   |   |   |   |--- value: [10.94]
|   |   |   |   |   |   |--- Soil_pH >  8.19
|   |   |   |   |   |   |   |--- value: [7.92]
|   |--- Rainfall >  1553.90
|   |   |--- Fertilizer_Used <= 284.49
|   |   |   |--- Soil_Moisture <= 44.14
|   |   |   |   |--- Wind_Speed <= 5.62
|   |   |   |   |   |--- Fertilizer_Used <= 211.22
|   |   |   |   |   |   |--- Organic_Carbon <= 1.18
|   |   |   |   |   |   |   |--- K <= 86.50
|   |   |   |   |   |   |   |   |--- value: [10.47]
|   |   |   |   |   |   |   |--- K >  86.50
|   |   |   |   |   |   |   |   |--- value: [10.64]
|   |   |   |   |   |   |--- Organic_Carbon >  1.18
|   |   |   |   |   |   |   |--- Soil_pH <= 7.61
|   |   |   |   |   |   |   |   |--- value: [9.28]
|   |   |   |   |   |   |   |--- Soil_pH >  7.61
|   |   |   |   |   |   |   |   |--- value: [8.22]
|   |   |   |   |   |--- Fertilizer_Used >  211.22
|   |   |   |   |   |   |--- P <= 83.00
|   |   |   |   |   |   |   |--- Region <= 3.50
|   |   |   |   |   |   |   |   |--- Region <= 2.50
|   |   |   |   |   |   |   |   |   |--- value: [10.90]
|   |   |   |   |   |   |   |   |--- Region >  2.50
|   |   |   |   |   |   |   |   |   |--- value: [11.58]
|   |   |   |   |   |   |   |--- Region >  3.50
|   |   |   |   |   |   |   |   |--- Fertilizer_Used <= 227.91
|   |   |   |   |   |   |   |   |   |--- value: [11.48]
|   |   |   |   |   |   |   |   |--- Fertilizer_Used >  227.91
|   |   |   |   |   |   |   |   |   |--- value: [10.26]
|   |   |   |   |   |   |--- P >  83.00
|   |   |   |   |   |   |   |--- Rainfall <= 2264.85
|   |   |   |   |   |   |   |   |--- Rainfall <= 1706.91
|   |   |   |   |   |   |   |   |   |--- value: [9.03]
|   |   |   |   |   |   |   |   |--- Rainfall >  1706.91
|   |   |   |   |   |   |   |   |   |--- value: [9.43]
|   |   |   |   |   |   |   |--- Rainfall >  2264.85
|   |   |   |   |   |   |   |   |--- Wind_Speed <= 3.98
|   |   |   |   |   |   |   |   |   |--- value: [10.67]
|   |   |   |   |   |   |   |   |--- Wind_Speed >  3.98
|   |   |   |   |   |   |   |   |   |--- value: [10.24]
|   |   |   |   |--- Wind_Speed >  5.62
|   |   |   |   |   |--- Rainfall <= 1794.88
|   |   |   |   |   |   |--- K <= 98.00
|   |   |   |   |   |   |   |--- Humidity <= 40.45
|   |   |   |   |   |   |   |   |--- value: [9.26]
|   |   |   |   |   |   |   |--- Humidity >  40.45
|   |   |   |   |   |   |   |   |--- P <= 70.00
|   |   |   |   |   |   |   |   |   |--- value: [8.37]
|   |   |   |   |   |   |   |   |--- P >  70.00
|   |   |   |   |   |   |   |   |   |--- value: [7.71]
|   |   |   |   |   |   |--- K >  98.00
|   |   |   |   |   |   |   |--- Pesticide_Used <= 19.93
|   |   |   |   |   |   |   |   |--- Temperature <= 13.61
|   |   |   |   |   |   |   |   |   |--- value: [9.44]
|   |   |   |   |   |   |   |   |--- Temperature >  13.61
|   |   |   |   |   |   |   |   |   |--- value: [10.41]
|   |   |   |   |   |   |   |--- Pesticide_Used >  19.93
|   |   |   |   |   |   |   |   |--- Soil_Moisture <= 27.35
|   |   |   |   |   |   |   |   |   |--- value: [9.05]
|   |   |   |   |   |   |   |   |--- Soil_Moisture >  27.35
|   |   |   |   |   |   |   |   |   |--- value: [8.38]
|   |   |   |   |   |--- Rainfall >  1794.88
|   |   |   |   |   |   |--- P <= 28.50
|   |   |   |   |   |   |   |--- Humidity <= 40.27
|   |   |   |   |   |   |   |   |--- Wind_Speed <= 9.52
|   |   |   |   |   |   |   |   |   |--- value: [8.94]
|   |   |   |   |   |   |   |   |--- Wind_Speed >  9.52
|   |   |   |   |   |   |   |   |   |--- value: [10.60]
|   |   |   |   |   |   |   |--- Humidity >  40.27
|   |   |   |   |   |   |   |   |--- Humidity <= 81.57
|   |   |   |   |   |   |   |   |   |--- value: [8.50]
|   |   |   |   |   |   |   |   |--- Humidity >  81.57
|   |   |   |   |   |   |   |   |   |--- value: [9.66]
|   |   |   |   |   |   |--- P >  28.50
|   |   |   |   |   |   |   |--- Organic_Carbon <= 1.56
|   |   |   |   |   |   |   |   |--- Fertilizer_Used <= 252.39
|   |   |   |   |   |   |   |   |   |--- value: [10.15]
|   |   |   |   |   |   |   |   |--- Fertilizer_Used >  252.39
|   |   |   |   |   |   |   |   |   |--- value: [11.10]
|   |   |   |   |   |   |   |--- Organic_Carbon >  1.56
|   |   |   |   |   |   |   |   |--- Rainfall <= 2084.49
|   |   |   |   |   |   |   |   |   |--- value: [8.13]
|   |   |   |   |   |   |   |   |--- Rainfall >  2084.49
|   |   |   |   |   |   |   |   |   |--- value: [7.58]
|   |   |   |--- Soil_Moisture >  44.14
|   |   |   |   |--- Rainfall <= 2188.62
|   |   |   |   |   |--- Organic_Carbon <= 1.10
|   |   |   |   |   |   |--- Pesticide_Used <= 6.80
|   |   |   |   |   |   |   |--- Soil_pH <= 5.60
|   |   |   |   |   |   |   |   |--- value: [9.13]
|   |   |   |   |   |   |   |--- Soil_pH >  5.60
|   |   |   |   |   |   |   |   |--- Organic_Carbon <= 0.79
|   |   |   |   |   |   |   |   |   |--- value: [10.89]
|   |   |   |   |   |   |   |   |--- Organic_Carbon >  0.79
|   |   |   |   |   |   |   |   |   |--- value: [10.34]
|   |   |   |   |   |   |--- Pesticide_Used >  6.80
|   |   |   |   |   |   |   |--- Soil_pH <= 6.12
|   |   |   |   |   |   |   |   |--- Pesticide_Used <= 19.03
|   |   |   |   |   |   |   |   |   |--- value: [11.93]
|   |   |   |   |   |   |   |   |--- Pesticide_Used >  19.03
|   |   |   |   |   |   |   |   |   |--- value: [12.30]
|   |   |   |   |   |   |   |--- Soil_pH >  6.12
|   |   |   |   |   |   |   |   |--- Soil_Type <= 1.00
|   |   |   |   |   |   |   |   |   |--- value: [11.69]
|   |   |   |   |   |   |   |   |--- Soil_Type >  1.00
|   |   |   |   |   |   |   |   |   |--- value: [10.83]
|   |   |   |   |   |--- Organic_Carbon >  1.10
|   |   |   |   |   |   |--- P <= 91.00
|   |   |   |   |   |   |   |--- Sunlight_Hours <= 5.52
|   |   |   |   |   |   |   |   |--- P <= 47.50
|   |   |   |   |   |   |   |   |   |--- value: [9.85]
|   |   |   |   |   |   |   |   |--- P >  47.50
|   |   |   |   |   |   |   |   |   |--- value: [11.69]
|   |   |   |   |   |   |   |--- Sunlight_Hours >  5.52
|   |   |   |   |   |   |   |   |--- Altitude <= 1640.50
|   |   |   |   |   |   |   |   |   |--- value: [9.02]
|   |   |   |   |   |   |   |   |--- Altitude >  1640.50
|   |   |   |   |   |   |   |   |   |--- value: [9.91]
|   |   |   |   |   |   |--- P >  91.00
|   |   |   |   |   |   |   |--- Soil_Moisture <= 56.29
|   |   |   |   |   |   |   |   |--- value: [11.36]
|   |   |   |   |   |   |   |--- Soil_Moisture >  56.29
|   |   |   |   |   |   |   |   |--- value: [11.52]
|   |   |   |   |--- Rainfall >  2188.62
|   |   |   |   |   |--- K <= 79.50
|   |   |   |   |   |   |--- Soil_pH <= 7.40
|   |   |   |   |   |   |   |--- Humidity <= 69.37
|   |   |   |   |   |   |   |   |--- Wind_Speed <= 12.64
|   |   |   |   |   |   |   |   |   |--- value: [11.51]
|   |   |   |   |   |   |   |   |--- Wind_Speed >  12.64
|   |   |   |   |   |   |   |   |   |--- value: [11.98]
|   |   |   |   |   |   |   |--- Humidity >  69.37
|   |   |   |   |   |   |   |   |--- Organic_Carbon <= 0.97
|   |   |   |   |   |   |   |   |   |--- value: [9.79]
|   |   |   |   |   |   |   |   |--- Organic_Carbon >  0.97
|   |   |   |   |   |   |   |   |   |--- value: [10.86]
|   |   |   |   |   |   |--- Soil_pH >  7.40
|   |   |   |   |   |   |   |--- N <= 64.00
|   |   |   |   |   |   |   |   |--- value: [9.08]
|   |   |   |   |   |   |   |--- N >  64.00
|   |   |   |   |   |   |   |   |--- Organic_Carbon <= 1.19
|   |   |   |   |   |   |   |   |   |--- value: [10.47]
|   |   |   |   |   |   |   |   |--- Organic_Carbon >  1.19
|   |   |   |   |   |   |   |   |   |--- value: [9.96]
|   |   |   |   |   |--- K >  79.50
|   |   |   |   |   |   |--- K <= 94.00
|   |   |   |   |   |   |   |--- Rainfall <= 2579.25
|   |   |   |   |   |   |   |   |--- Temperature <= 18.85
|   |   |   |   |   |   |   |   |   |--- value: [12.34]
|   |   |   |   |   |   |   |   |--- Temperature >  18.85
|   |   |   |   |   |   |   |   |   |--- value: [12.11]
|   |   |   |   |   |   |   |--- Rainfall >  2579.25
|   |   |   |   |   |   |   |   |--- Soil_Moisture <= 44.71
|   |   |   |   |   |   |   |   |   |--- value: [12.87]
|   |   |   |   |   |   |   |   |--- Soil_Moisture >  44.71
|   |   |   |   |   |   |   |   |   |--- value: [12.54]
|   |   |   |   |   |   |--- K >  94.00
|   |   |   |   |   |   |   |--- Soil_pH <= 7.07
|   |   |   |   |   |   |   |   |--- Sunlight_Hours <= 4.98
|   |   |   |   |   |   |   |   |   |--- value: [12.16]
|   |   |   |   |   |   |   |   |--- Sunlight_Hours >  4.98
|   |   |   |   |   |   |   |   |   |--- value: [11.35]
|   |   |   |   |   |   |   |--- Soil_pH >  7.07
|   |   |   |   |   |   |   |   |--- Soil_Moisture <= 50.94
|   |   |   |   |   |   |   |   |   |--- value: [10.07]
|   |   |   |   |   |   |   |   |--- Soil_Moisture >  50.94
|   |   |   |   |   |   |   |   |   |--- value: [10.59]
|   |   |--- Fertilizer_Used >  284.49
|   |   |   |--- N <= 138.50
|   |   |   |   |--- Rainfall <= 2543.86
|   |   |   |   |   |--- P <= 32.50
|   |   |   |   |   |   |--- Irrigation_Type <= 2.50
|   |   |   |   |   |   |   |--- N <= 70.00
|   |   |   |   |   |   |   |   |--- Altitude <= 1900.50
|   |   |   |   |   |   |   |   |   |--- value: [9.10]
|   |   |   |   |   |   |   |   |--- Altitude >  1900.50
|   |   |   |   |   |   |   |   |   |--- value: [10.92]
|   |   |   |   |   |   |   |--- N >  70.00
|   |   |   |   |   |   |   |   |--- N <= 132.50
|   |   |   |   |   |   |   |   |   |--- value: [11.10]
|   |   |   |   |   |   |   |   |--- N >  132.50
|   |   |   |   |   |   |   |   |   |--- value: [9.87]
|   |   |   |   |   |   |--- Irrigation_Type >  2.50
|   |   |   |   |   |   |   |--- P <= 30.00
|   |   |   |   |   |   |   |   |--- value: [7.74]
|   |   |   |   |   |   |   |--- P >  30.00
|   |   |   |   |   |   |   |   |--- value: [8.17]
|   |   |   |   |   |--- P >  32.50
|   |   |   |   |   |   |--- Soil_pH <= 8.12
|   |   |   |   |   |   |   |--- Humidity <= 89.90
|   |   |   |   |   |   |   |   |--- Organic_Carbon <= 1.56
|   |   |   |   |   |   |   |   |   |--- value: [11.06]
|   |   |   |   |   |   |   |   |--- Organic_Carbon >  1.56
|   |   |   |   |   |   |   |   |   |--- value: [12.46]
|   |   |   |   |   |   |   |--- Humidity >  89.90
|   |   |   |   |   |   |   |   |--- value: [8.47]
|   |   |   |   |   |   |--- Soil_pH >  8.12
|   |   |   |   |   |   |   |--- Altitude <= 953.50
|   |   |   |   |   |   |   |   |--- value: [8.77]
|   |   |   |   |   |   |   |--- Altitude >  953.50
|   |   |   |   |   |   |   |   |--- P <= 38.50
|   |   |   |   |   |   |   |   |   |--- value: [9.32]
|   |   |   |   |   |   |   |   |--- P >  38.50
|   |   |   |   |   |   |   |   |   |--- value: [9.25]
|   |   |   |   |--- Rainfall >  2543.86
|   |   |   |   |   |--- Pesticide_Used <= 10.93
|   |   |   |   |   |   |--- N <= 56.50
|   |   |   |   |   |   |   |--- Wind_Speed <= 9.45
|   |   |   |   |   |   |   |   |--- Altitude <= 1807.00
|   |   |   |   |   |   |   |   |   |--- value: [10.07]
|   |   |   |   |   |   |   |   |--- Altitude >  1807.00
|   |   |   |   |   |   |   |   |   |--- value: [10.05]
|   |   |   |   |   |   |   |--- Wind_Speed >  9.45
|   |   |   |   |   |   |   |   |--- value: [10.23]
|   |   |   |   |   |   |--- N >  56.50
|   |   |   |   |   |   |   |--- Wind_Speed <= 4.68
|   |   |   |   |   |   |   |   |--- value: [13.30]
|   |   |   |   |   |   |   |--- Wind_Speed >  4.68
|   |   |   |   |   |   |   |   |--- Wind_Speed <= 15.56
|   |   |   |   |   |   |   |   |   |--- value: [11.56]
|   |   |   |   |   |   |   |   |--- Wind_Speed >  15.56
|   |   |   |   |   |   |   |   |   |--- value: [10.06]
|   |   |   |   |   |--- Pesticide_Used >  10.93
|   |   |   |   |   |   |--- N <= 79.50
|   |   |   |   |   |   |   |--- Humidity <= 60.27
|   |   |   |   |   |   |   |   |--- Sunlight_Hours <= 4.38
|   |   |   |   |   |   |   |   |   |--- value: [12.96]
|   |   |   |   |   |   |   |   |--- Sunlight_Hours >  4.38
|   |   |   |   |   |   |   |   |   |--- value: [12.29]
|   |   |   |   |   |   |   |--- Humidity >  60.27
|   |   |   |   |   |   |   |   |--- Fertilizer_Used <= 327.60
|   |   |   |   |   |   |   |   |   |--- value: [12.08]
|   |   |   |   |   |   |   |   |--- Fertilizer_Used >  327.60
|   |   |   |   |   |   |   |   |   |--- value: [11.34]
|   |   |   |   |   |   |--- N >  79.50
|   |   |   |   |   |   |   |--- value: [14.20]
|   |   |   |--- N >  138.50
|   |   |   |   |--- Soil_Moisture <= 44.26
|   |   |   |   |   |--- Soil_pH <= 5.60
|   |   |   |   |   |   |--- Temperature <= 33.10
|   |   |   |   |   |   |   |--- Humidity <= 61.60
|   |   |   |   |   |   |   |   |--- value: [11.08]
|   |   |   |   |   |   |   |--- Humidity >  61.60
|   |   |   |   |   |   |   |   |--- value: [10.94]
|   |   |   |   |   |   |--- Temperature >  33.10
|   |   |   |   |   |   |   |--- Altitude <= 1329.00
|   |   |   |   |   |   |   |   |--- value: [9.45]
|   |   |   |   |   |   |   |--- Altitude >  1329.00
|   |   |   |   |   |   |   |   |--- value: [9.69]
|   |   |   |   |   |--- Soil_pH >  5.60
|   |   |   |   |   |   |--- Altitude <= 1860.50
|   |   |   |   |   |   |   |--- Organic_Carbon <= 0.85
|   |   |   |   |   |   |   |   |--- Temperature <= 27.05
|   |   |   |   |   |   |   |   |   |--- value: [10.84]
|   |   |   |   |   |   |   |   |--- Temperature >  27.05
|   |   |   |   |   |   |   |   |   |--- value: [11.14]
|   |   |   |   |   |   |   |--- Organic_Carbon >  0.85
|   |   |   |   |   |   |   |   |--- K <= 122.50
|   |   |   |   |   |   |   |   |   |--- value: [12.14]
|   |   |   |   |   |   |   |   |--- K >  122.50
|   |   |   |   |   |   |   |   |   |--- value: [11.41]
|   |   |   |   |   |   |--- Altitude >  1860.50
|   |   |   |   |   |   |   |--- K <= 73.50
|   |   |   |   |   |   |   |   |--- value: [10.32]
|   |   |   |   |   |   |   |--- K >  73.50
|   |   |   |   |   |   |   |   |--- value: [10.82]
|   |   |   |   |--- Soil_Moisture >  44.26
|   |   |   |   |   |--- Soil_pH <= 5.75
|   |   |   |   |   |   |--- N <= 152.00
|   |   |   |   |   |   |   |--- Sunlight_Hours <= 8.42
|   |   |   |   |   |   |   |   |--- value: [12.01]
|   |   |   |   |   |   |   |--- Sunlight_Hours >  8.42
|   |   |   |   |   |   |   |   |--- value: [11.86]
|   |   |   |   |   |   |--- N >  152.00
|   |   |   |   |   |   |   |--- Season <= 0.50
|   |   |   |   |   |   |   |   |--- value: [11.36]
|   |   |   |   |   |   |   |--- Season >  0.50
|   |   |   |   |   |   |   |   |--- Organic_Carbon <= 1.15
|   |   |   |   |   |   |   |   |   |--- value: [11.53]
|   |   |   |   |   |   |   |   |--- Organic_Carbon >  1.15
|   |   |   |   |   |   |   |   |   |--- value: [11.45]
|   |   |   |   |   |--- Soil_pH >  5.75
|   |   |   |   |   |   |--- Pesticide_Used <= 10.61
|   |   |   |   |   |   |   |--- Soil_pH <= 5.96
|   |   |   |   |   |   |   |   |--- value: [12.85]
|   |   |   |   |   |   |   |--- Soil_pH >  5.96
|   |   |   |   |   |   |   |   |--- Soil_Moisture <= 57.61
|   |   |   |   |   |   |   |   |   |--- value: [13.11]
|   |   |   |   |   |   |   |   |--- Soil_Moisture >  57.61
|   |   |   |   |   |   |   |   |   |--- value: [13.20]
|   |   |   |   |   |   |--- Pesticide_Used >  10.61
|   |   |   |   |   |   |   |--- Altitude <= 609.50
|   |   |   |   |   |   |   |   |--- K <= 124.00
|   |   |   |   |   |   |   |   |   |--- value: [11.93]
|   |   |   |   |   |   |   |   |--- K >  124.00
|   |   |   |   |   |   |   |   |   |--- value: [11.48]
|   |   |   |   |   |   |   |--- Altitude >  609.50
|   |   |   |   |   |   |   |   |--- Organic_Carbon <= 1.22
|   |   |   |   |   |   |   |   |   |--- value: [12.62]
|   |   |   |   |   |   |   |   |--- Organic_Carbon >  1.22
|   |   |   |   |   |   |   |   |   |--- value: [12.40]
