|--- Fertilizer_Used <= 216.15
|   |--- Rainfall <= 1716.95
|   |   |--- Fertilizer_Used <= 108.87
|   |   |   |--- Soil_pH <= 7.28
|   |   |   |   |--- Soil_pH <= 5.68
|   |   |   |   |   |--- Wind_Speed <= 11.53
|   |   |   |   |   |   |--- Temperature <= 36.88
|   |   |   |   |   |   |   |--- Soil_Moisture <= 38.00
|   |   |   |   |   |   |   |   |--- Rainfall <= 462.32
|   |   |   |   |   |   |   |   |   |--- value: [3.04]
|   |   |   |   |   |   |   |   |--- Rainfall >  462.32
|   |   |   |   |   |   |   |   |   |--- value: [4.63]
|   |   |   |   |   |   |   |--- Soil_Moisture >  38.00
|   |   |   |   |   |   |   |   |--- P <= 64.50
|   |   |   |   |   |   |   |   |   |--- value: [4.89]
|   |   |   |   |   |   |   |   |--- P >  64.50
|   |   |   |   |   |   |   |   |   |--- value: [5.77]
|   |   |   |   |   |   |--- Temperature >  36.88
|   |   |   |   |   |   |   |--- Soil_Moisture <= 51.09
|   |   |   |   |   |   |   |   |--- Season <= 1.00
|   |   |   |   |   |   |   |   |   |--- value: [6.55]
|   |   |   |   |   |   |   |   |--- Season >  1.00
|   |   |   |   |   |   |   |   |   |--- value: [6.70]
|   |   |   |   |   |   |   |--- Soil_Moisture >  51.09
|   |   |   |   |   |   |   |   |--- value: [6.09]
|   |   |   |   |   |--- Wind_Speed >  11.53
|   |   |   |   |   |   |--- Fertilizer_Used <= 98.92
|   |   |   |   |   |   |   |--- Organic_Carbon <= 1.31
|   |   |   |   |   |   |   |   |--- Humidity <= 87.28
|   |   |   |   |   |   |   |   |   |--- value: [4.07]
|   |   |   |   |   |   |   |   |--- Humidity >  87.28
|   |   |   |   |   |   |   |   |   |--- value: [4.80]
|   |   |   |   |   |   |   |--- Organic_Carbon >  1.31
|   |   |   |   |   |   |   |   |--- Pesticide_Used <= 11.06
|   |   |   |   |   |   |   |   |   |--- value: [3.62]
|   |   |   |   |   |   |   |   |--- Pesticide_Used >  11.06
|   |   |   |   |   |   |   |   |   |--- value: [2.79]
|   |   |   |   |   |   |--- Fertilizer_Used >  98.92
|   |   |   |   |   |   |   |--- Soil_Moisture <= 35.28
|   |   |   |   |   |   |   |   |--- value: [5.42]
|   |   |   |   |   |   |   |--- Soil_Moisture >  35.28
|   |   |   |   |   |   |   |   |--- Soil_Moisture <= 43.60
|   |   |   |   |   |   |   |   |   |--- value: [4.72]
|   |   |   |   |   |   |   |   |--- Soil_Moisture >  43.60
|   |   |   |   |   |   |   |   |   |--- value: [5.05]
|   |   |   |   |--- Soil_pH >  5.68
|   |   |   |   |   |--- Temperature <= 17.49
|   |   |   |   |   |   |--- P <= 73.50
|   |   |   |   |   |   |   |--- Pesticide_Used <= 1.50
|   |   |   |   |   |   |   |   |--- Temperature <= 15.73
|   |   |   |   |   |   |   |   |   |--- value: [5.56]
|   |   |   |   |   |   |   |   |--- Temperature >  15.73
|   |   |   |   |   |   |   |   |   |--- value: [5.86]
|   |   |   |   |   |   |   |--- Pesticide_Used >  1.50
|   |   |   |   |   |   |   |   |--- Humidity <= 51.38
|   |   |   |   |   |   |   |   |   |--- value: [7.29]
|   |   |   |   |   |   |   |   |--- Humidity >  51.38
|   |   |   |   |   |   |   |   |   |--- value: [6.60]
|   |   |   |   |   |   |--- P >  73.50
|   |   |   |   |   |   |   |--- Wind_Speed <= 12.88
|   |   |   |   |   |   |   |   |--- K <= 117.00
|   |   |   |   |   |   |   |   |   |--- value: [8.13]
|   |   |   |   |   |   |   |   |--- K >  117.00
|   |   |   |   |   |   |   |   |   |--- value: [8.12]
|   |   |   |   |   |   |   |--- Wind_Speed >  12.88
|   |   |   |   |   |   |   |   |--- value: [7.85]
|   |   |   |   |   |--- Temperature >  17.49
|   |   |   |   |   |   |--- Wind_Speed <= 5.12
|   |   |   |   |   |   |   |--- Temperature <= 17.77
|   |   |   |   |   |   |   |   |--- value: [4.53]
|   |   |   |   |   |   |   |--- Temperature >  17.77
|   |   |   |   |   |   |   |   |--- Sunlight_Hours <= 5.83
|   |   |   |   |   |   |   |   |   |--- value: [7.63]
|   |   |   |   |   |   |   |   |--- Sunlight_Hours >  5.83
|   |   |   |   |   |   |   |   |   |--- value: [6.61]
|   |   |   |   |   |   |--- Wind_Speed >  5.12
|   |   |   |   |   |   |   |--- Region <= 2.50
|   |   |   |   |   |   |   |   |--- Sunlight_Hours <= 6.75
|   |   |   |   |   |   |   |   |   |--- value: [5.92]
|   |   |   |   |   |   |   |   |--- Sunlight_Hours >  6.75
|   |   |   |   |   |   |   |   |   |--- value: [4.72]
|   |   |   |   |   |   |   |--- Region >  2.50
|   |   |   |   |   |   |   |   |--- Organic_Carbon <= 1.29
|   |   |   |   |   |   |   |   |   |--- value: [6.62]
|   |   |   |   |   |   |   |   |--- Organic_Carbon >  1.29
|   |   |   |   |   |   |   |   |   |--- value: [5.32]
|   |   |   |--- Soil_pH >  7.28
|   |   |   |   |--- Rainfall <= 743.59
|   |   |   |   |   |--- Sunlight_Hours <= 10.52
|   |   |   |   |   |   |--- N <= 43.50
|   |   |   |   |   |   |   |--- value: [5.40]
|   |   |   |   |   |   |--- N >  43.50
|   |   |   |   |   |   |   |--- Humidity <= 55.75
|   |   |   |   |   |   |   |   |--- Organic_Carbon <= 1.13
|   |   |   |   |   |   |   |   |   |--- value: [4.24]
|   |   |   |   |   |   |   |   |--- Organic_Carbon >  1.13
|   |   |   |   |   |   |   |   |   |--- value: [4.00]
|   |   |   |   |   |   |   |--- Humidity >  55.75
|   |   |   |   |   |   |   |   |--- P <= 62.00
|   |   |   |   |   |   |   |   |   |--- value: [3.45]
|   |   |   |   |   |   |   |   |--- P >  62.00
|   |   |   |   |   |   |   |   |   |--- value: [3.75]
|   |   |   |   |   |--- Sunlight_Hours >  10.52
|   |   |   |   |   |   |--- Fertilizer_Used <= 99.18
|   |   |   |   |   |   |   |--- value: [6.16]
|   |   |   |   |   |   |--- Fertilizer_Used >  99.18
|   |   |   |   |   |   |   |--- value: [5.39]
|   |   |   |   |--- Rainfall >  743.59
|   |   |   |   |   |--- Organic_Carbon <= 1.38
|   |   |   |   |   |   |--- Pesticide_Used <= 6.75
|   |   |   |   |   |   |   |--- value: [3.46]
|   |   |   |   |   |   |--- Pesticide_Used >  6.75
|   |   |   |   |   |   |   |--- Altitude <= 1720.50
|   |   |   |   |   |   |   |   |--- Season <= 1.50
|   |   |   |   |   |   |   |   |   |--- value: [6.46]
|   |   |   |   |   |   |   |   |--- Season >  1.50
|   |   |   |   |   |   |   |   |   |--- value: [5.37]
|   |   |   |   |   |   |   |--- Altitude >  1720.50
|   |   |   |   |   |   |   |   |--- Region <= 3.00
|   |   |   |   |   |   |   |   |   |--- value: [4.41]
|   |   |   |   |   |   |   |   |--- Region >  3.00
|   |   |   |   |   |   |   |   |   |--- value: [5.91]
|   |   |   |   |   |--- Organic_Carbon >  1.38
|   |   |   |   |   |   |--- Season <= 0.50
|   |   |   |   |   |   |   |--- value: [5.51]
|   |   |   |   |   |   |--- Season >  0.50
|   |   |   |   |   |   |   |--- Season <= 1.50
|   |   |   |   |   |   |   |   |--- Irrigation_Type <= 1.00
|   |   |   |   |   |   |   |   |   |--- value: [3.52]
|   |   |   |   |   |   |   |   |--- Irrigation_Type >  1.00
|   |   |   |   |   |   |   |   |   |--- value: [3.30]
|   |   |   |   |   |   |   |--- Season >  1.50
|   |   |   |   |   |   |   |   |--- Soil_pH <= 7.81
|   |   |   |   |   |   |   |   |   |--- value: [4.09]
|   |   |   |   |   |   |   |   |--- Soil_pH >  7.81
|   |   |   |   |   |   |   |   |   |--- value: [3.84]
|   |   |--- Fertilizer_Used >  108.87
|   |   |   |--- Soil_Moisture <= 38.65
|   |   |   |   |--- Wind_Speed <= 11.71
|   |   |   |   |   |--- Fertilizer_Used <= 171.40
|   |   |   |   |   |   |--- N <= 98.00
|   |   |   |   |   |   |   |--- Humidity <= 60.57
|   |   |   |   |   |   |   |   |--- Soil_pH <= 7.81
|   |   |   |   |   |   |   |   |   |--- value: [4.46]
|   |   |   |   |   |   |   |   |--- Soil_pH >  7.81
|   |   |   |   |   |   |   |   |   |--- value: [3.51]
|   |   |   |   |   |   |   |--- Humidity >  60.57
|   |   |   |   |   |   |   |   |--- Rainfall <= 648.65
|   |   |   |   |   |   |   |   |   |--- value: [6.46]
|   |   |   |   |   |   |   |   |--- Rainfall >  648.65
|   |   |   |   |   |   |   |   |   |--- value: [5.07]
|   |   |   |   |   |   |--- N >  98.00
|   |   |   |   |   |   |   |--- Temperature <= 28.77
|   |   |   |   |   |   |   |   |--- Season <= 1.50
|   |   |   |   |   |   |   |   |   |--- value: [5.23]
|   |   |   |   |   |   |   |   |--- Season >  1.50
|   |   |   |   |   |   |   |   |   |--- value: [6.38]
|   |   |   |   |   |   |   |--- Temperature >  28.77
|   |   |   |   |   |   |   |   |--- Fertilizer_Used <= 112.03
|   |   |   |   |   |   |   |   |   |--- value: [4.89]
|   |   |   |   |   |   |   |   |--- Fertilizer_Used >  112.03
|   |   |   |   |   |   |   |   |   |--- value: [7.22]
|   |   |   |   |   |--- Fertilizer_Used >  171.40
|   |   |   |   |   |   |--- Soil_Moisture <= 33.17
|   |   |   |   |   |   |   |--- Organic_Carbon <= 0.73
|   |   |   |   |   |   |   |   |--- Temperature <= 19.34
|   |   |   |   |   |   |   |   |   |--- value: [4.61]
|   |   |   |   |   |   |   |   |--- Temperature >  19.34
|   |   |   |   |   |   |   |   |   |--- value: [6.54]
|   |   |   |   |   |   |   |--- Organic_Carbon >  0.73
|   |   |   |   |   |   |   |   |--- Wind_Speed <= 9.19
|   |   |   |   |   |   |   |   |   |--- value: [7.07]
|   |   |   |   |   |   |   |   |--- Wind_Speed >  9.19
|   |   |   |   |   |   |   |   |   |--- value: [6.15]
|   |   |   |   |   |   |--- Soil_Moisture >  33.17
|   |   |   |   |   |   |   |--- Organic_Carbon <= 1.22
|   |   |   |   |   |   |   |   |--- Soil_pH <= 6.86
|   |   |   |   |   |   |   |   |   |--- value: [7.94]
|   |   |   |   |   |   |   |   |--- Soil_pH >  6.86
|   |   |   |   |   |   |   |   |   |--- value: [7.49]
|   |   |   |   |   |   |   |--- Organic_Carbon >  1.22
|   |   |   |   |   |   |   |   |--- value: [9.04]
|   |   |   |   |--- Wind_Speed >  11.71
|   |   |   |   |   |--- Rainfall <= 704.55
|   |   |   |   |   |   |--- Sunlight_Hours <= 4.61
|   |   |   |   |   |   |   |--- value: [1.76]
|   |   |   |   |   |   |--- Sunlight_Hours >  4.61
|   |   |   |   |   |   |   |--- Soil_pH <= 4.96
|   |   |   |   |   |   |   |   |--- value: [6.61]
|   |   |   |   |   |   |   |--- Soil_pH >  4.96
|   |   |   |   |   |   |   |   |--- Rainfall <= 434.11
|   |   |   |   |   |   |   |   |   |--- value: [5.29]
|   |   |   |   |   |   |   |   |--- Rainfall >  434.11
|   |   |   |   |   |   |   |   |   |--- value: [4.25]
|   |   |   |   |   |--- Rainfall >  704.55
|   |   |   |   |   |   |--- Region <= 3.50
|   |   |   |   |   |   |   |--- Fertilizer_Used <= 139.51
|   |   |   |   |   |   |   |   |--- Soil_pH <= 5.10
|   |   |   |   |   |   |   |   |   |--- value: [5.29]
|   |   |   |   |   |   |   |   |--- Soil_pH >  5.10
|   |   |   |   |   |   |   |   |   |--- value: [4.25]
|   |   |   |   |   |   |   |--- Fertilizer_Used >  139.51
|   |   |   |   |   |   |   |   |--- Pesticide_Used <= 8.25
|   |   |   |   |   |   |   |   |   |--- value: [4.99]
|   |   |   |   |   |   |   |   |--- Pesticide_Used >  8.25
|   |   |   |   |   |   |   |   |   |--- value: [6.03]
|   |   |   |   |   |   |--- Region >  3.50
|   |   |   |   |   |   |   |--- Fertilizer_Used <= 133.03
|   |   |   |   |   |   |   |   |--- K <= 109.50
|   |   |   |   |   |   |   |   |   |--- value: [8.07]
|   |   |   |   |   |   |   |   |--- K >  109.50
|   |   |   |   |   |   |   |   |   |--- value: [8.16]
|   |   |   |   |   |   |   |--- Fertilizer_Used >  133.03
|   |   |   |   |   |   |   |   |--- Pesticide_Used <= 14.24
|   |   |   |   |   |   |   |   |   |--- value: [6.43]
|   |   |   |   |   |   |   |   |--- Pesticide_Used >  14.24
|   |   |   |   |   |   |   |   |   |--- value: [4.82]
|   |   |   |--- Soil_Moisture >  38.65
|   |   |   |   |--- Wind_Speed <= 9.69
|   |   |   |   |   |--- Rainfall <= 1343.55
|   |   |   |   |   |   |--- K <= 144.50
|   |   |   |   |   |   |   |--- Temperature <= 35.59
|   |   |   |   |   |   |   |   |--- Soil_pH <= 7.78
|   |   |   |   |   |   |   |   |   |--- value: [6.88]
|   |   |   |   |   |   |   |   |--- Soil_pH >  7.78
|   |   |   |   |   |   |   |   |   |--- value: [5.59]
|   |   |   |   |   |   |   |--- Temperature >  35.59
|   |   |   |   |   |   |   |   |--- Altitude <= 336.00
|   |   |   |   |   |   |   |   |   |--- value: [10.50]
|   |   |   |   |   |   |   |   |--- Altitude >  336.00
|   |   |   |   |   |   |   |   |   |--- value: [7.33]
|   |   |   |   |   |   |--- K >  144.50
|   |   |   |   |   |   |   |--- value: [10.08]
|   |   |   |   |   |--- Rainfall >  1343.55
|   |   |   |   |   |   |--- Humidity <= 79.03
|   |   |   |   |   |   |   |--- Irrigation_Type <= 2.50
|   |   |   |   |   |   |   |   |--- Soil_Moisture <= 63.48
|   |   |   |   |   |   |   |   |   |--- value: [8.25]
|   |   |   |   |   |   |   |   |--- Soil_Moisture >  63.48
|   |   |   |   |   |   |   |   |   |--- value: [9.63]
|   |   |   |   |   |   |   |--- Irrigation_Type >  2.50
|   |   |   |   |   |   |   |   |--- value: [10.55]
|   |   |   |   |   |   |--- Humidity >  79.03
|   |   |   |   |   |   |   |--- Temperature <= 36.42
|   |   |   |   |   |   |   |   |--- Temperature <= 33.36
|   |   |   |   |   |   |   |   |   |--- value: [7.46]
|   |   |   |   |   |   |   |   |--- Temperature >  33.36
|   |   |   |   |   |   |   |   |   |--- value: [6.65]
|   |   |   |   |   |   |   |--- Temperature >  36.42
|   |   |   |   |   |   |   |   |--- value: [5.58]
|   |   |   |   |--- Wind_Speed >  9.69
|   |   |   |   |   |--- K <= 37.50
|   |   |   |   |   |   |--- Soil_pH <= 5.19
|   |   |   |   |   |   |   |--- Soil_pH <= 4.84
|   |   |   |   |   |   |   |   |--- value: [5.91]
|   |   |   |   |   |   |   |--- Soil_pH >  4.84
|   |   |   |   |   |   |   |   |--- value: [5.66]
|   |   |   |   |   |   |--- Soil_pH >  5.19
|   |   |   |   |   |   |   |--- Fertilizer_Used <= 154.50
|   |   |   |   |   |   |   |   |--- value: [4.13]
|   |   |   |   |   |   |   |--- Fertilizer_Used >  154.50
|   |   |   |   |   |   |   |   |--- Fertilizer_Used <= 200.47
|   |   |   |   |   |   |   |   |   |--- value: [5.13]
|   |   |   |   |   |   |   |   |--- Fertilizer_Used >  200.47
|   |   |   |   |   |   |   |   |   |--- value: [4.83]
|   |   |   |   |   |--- K >  37.50
|   |   |   |   |   |   |--- P <= 22.00
|   |   |   |   |   |   |   |--- K <= 80.50
|   |   |   |   |   |   |   |   |--- Altitude <= 186.00
|   |   |   |   |   |   |   |   |   |--- value: [5.99]
|   |   |   |   |   |   |   |   |--- Altitude >  186.00
|   |   |   |   |   |   |   |   |   |--- value: [7.10]
|   |   |   |   |   |   |   |--- K >  80.50
|   |   |   |   |   |   |   |   |--- Region <= 2.50
|   |   |   |   |   |   |   |   |   |--- value: [5.07]
|   |   |   |   |   |   |   |   |--- Region >  2.50
|   |   |   |   |   |   |   |   |   |--- value: [4.39]
|   |   |   |   |   |   |--- P >  22.00
|   |   |   |   |   |   |   |--- Altitude <= 32.00
|   |   |   |   |   |   |   |   |--- value: [9.41]
|   |   |   |   |   |   |   |--- Altitude >  32.00
|   |   |   |   |   |   |   |   |--- Soil_pH <= 5.73
|   |   |   |   |   |   |   |   |   |--- value: [6.11]
|   |   |   |   |   |   |   |   |--- Soil_pH >  5.73
|   |   |   |   |   |   |   |   |   |--- value: [6.73]
|   |--- Rainfall >  1716.95
|   |   |--- Fertilizer_Used <= 149.81
|   |   |   |--- Soil_Moisture <= 48.74
|   |   |   |   |--- P <= 79.50
|   |   |   |   |   |--- Wind_Speed <= 1.72
|   |   |   |   |   |   |--- Rainfall <= 2473.52
|   |   |   |   |   |   |   |--- Wind_Speed <= 1.64
|   |   |   |   |   |   |   |   |--- Wind_Speed <= 1.03
|   |   |   |   |   |   |   |   |   |--- value: [7.18]
|   |   |   |   |   |   |   |   |--- Wind_Speed >  1.03
|   |   |   |   |   |   |   |   |   |--- value: [6.89]
|   |   |   |   |   |   |   |--- Wind_Speed >  1.64
|   |   |   |   |   |   |   |   |--- value: [7.59]
|   |   |   |   |   |   |--- Rainfall >  2473.52
|   |   |   |   |   |   |   |--- Fertilizer_Used <= 103.40
|   |   |   |   |   |   |   |   |--- Humidity <= 63.03
|   |   |   |   |   |   |   |   |   |--- value: [8.38]
|   |   |   |   |   |   |   |   |--- Humidity >  63.03
|   |   |   |   |   |   |   |   |   |--- value: [8.27]
|   |   |   |   |   |   |   |--- Fertilizer_Used >  103.40
|   |   |   |   |   |   |   |   |--- Fertilizer_Used <= 110.21
|   |   |   |   |   |   |   |   |   |--- value: [9.15]
|   |   |   |   |   |   |   |   |--- Fertilizer_Used >  110.21
|   |   |   |   |   |   |   |   |   |--- value: [9.03]
|   |   |   |   |   |--- Wind_Speed >  1.72
|   |   |   |   |   |   |--- K <= 39.00
|   |   |   |   |   |   |   |--- Sunlight_Hours <= 6.80
|   |   |   |   |   |   |   |   |--- Season <= 1.50
|   |   |   |   |   |   |   |   |   |--- value: [5.67]
|   |   |   |   |   |   |   |   |--- Season >  1.50
|   |   |   |   |   |   |   |   |   |--- value: [4.17]
|   |   |   |   |   |   |   |--- Sunlight_Hours >  6.80
|   |   |   |   |   |   |   |   |--- Soil_pH <= 5.02
|   |   |   |   |   |   |   |   |   |--- value: [5.16]
|   |   |   |   |   |   |   |   |--- Soil_pH >  5.02
|   |   |   |   |   |   |   |   |   |--- value: [6.62]
|   |   |   |   |   |   |--- K >  39.00
|   |   |   |   |   |   |   |--- Temperature <= 38.11
|   |   |   |   |   |   |   |   |--- Wind_Speed <= 10.34
|   |   |   |   |   |   |   |   |   |--- value: [6.82]
|   |   |   |   |   |   |   |   |--- Wind_Speed >  10.34
|   |   |   |   |   |   |   |   |   |--- value: [6.30]
|   |   |   |   |   |   |   |--- Temperature >  38.11
|   |   |   |   |   |   |   |   |--- Soil_pH <= 6.62
|   |   |   |   |   |   |   |   |   |--- value: [4.70]
|   |   |   |   |   |   |   |   |--- Soil_pH >  6.62
|   |   |   |   |   |   |   |   |   |--- value: [5.46]
|   |   |   |   |--- P >  79.50
|   |   |   |   |   |--- Rainfall <= 2699.83
|   |   |   |   |   |   |--- Pesticide_Used <= 1.96
|   |   |   |   |   |   |   |--- P <= 91.50
|   |   |   |   |   |   |   |   |--- value: [9.15]
|   |   |   |   |   |   |   |--- P >  91.50
|   |   |   |   |   |   |   |   |--- value: [9.37]
|   |   |   |   |   |   |--- Pesticide_Used >  1.96
|   |   |   |   |   |   |   |--- K <= 116.50
|   |   |   |   |   |   |   |   |--- N <= 84.50
|   |   |   |   |   |   |   |   |   |--- value: [8.24]
|   |   |   |   |   |   |   |   |--- N >  84.50
|   |   |   |   |   |   |   |   |   |--- value: [7.35]
|   |   |   |   |   |   |   |--- K >  116.50
|   |   |   |   |   |   |   |   |--- Organic_Carbon <= 0.95
|   |   |   |   |   |   |   |   |   |--- value: [7.47]
|   |   |   |   |   |   |   |   |--- Organic_Carbon >  0.95
|   |   |   |   |   |   |   |   |   |--- value: [5.68]
|   |   |   |   |   |--- Rainfall >  2699.83
|   |   |   |   |   |   |--- value: [10.51]
|   |   |   |--- Soil_Moisture >  48.74
|   |   |   |   |--- N <= 112.50
|   |   |   |   |   |--- Soil_Moisture <= 62.49
|   |   |   |   |   |   |--- P <= 18.50
|   |   |   |   |   |   |   |--- value: [4.79]
|   |   |   |   |   |   |--- P >  18.50
|   |   |   |   |   |   |   |--- Soil_pH <= 7.93
|   |   |   |   |   |   |   |   |--- Pesticide_Used <= 20.10
|   |   |   |   |   |   |   |   |   |--- value: [7.14]
|   |   |   |   |   |   |   |   |--- Pesticide_Used >  20.10
|   |   |   |   |   |   |   |   |   |--- value: [7.89]
|   |   |   |   |   |   |   |--- Soil_pH >  7.93
|   |   |   |   |   |   |   |   |--- Pesticide_Used <= 18.82
|   |   |   |   |   |   |   |   |   |--- value: [6.32]
|   |   |   |   |   |   |   |   |--- Pesticide_Used >  18.82
|   |   |   |   |   |   |   |   |   |--- value: [5.68]
|   |   |   |   |   |--- Soil_Moisture >  62.49
|   |   |   |   |   |   |--- N <= 82.00
|   |   |   |   |   |   |   |--- Altitude <= 452.00
|   |   |   |   |   |   |   |   |--- value: [8.67]
|   |   |   |   |   |   |   |--- Altitude >  452.00
|   |   |   |   |   |   |   |   |--- value: [7.98]
|   |   |   |   |   |   |--- N >  82.00
|   |   |   |   |   |   |   |--- value: [10.13]
|   |   |   |   |--- N >  112.50
|   |   |   |   |   |--- Soil_Moisture <= 59.92
|   |   |   |   |   |   |--- Organic_Carbon <= 1.50
|   |   |   |   |   |   |   |--- Temperature <= 30.53
|   |   |   |   |   |   |   |   |--- Region <= 3.50
|   |   |   |   |   |   |   |   |   |--- value: [7.83]
|   |   |   |   |   |   |   |   |--- Region >  3.50
|   |   |   |   |   |   |   |   |   |--- value: [8.39]
|   |   |   |   |   |   |   |--- Temperature >  30.53
|   |   |   |   |   |   |   |   |--- Temperature <= 33.59
|   |   |   |   |   |   |   |   |   |--- value: [8.96]
|   |   |   |   |   |   |   |   |--- Temperature >  33.59
|   |   |   |   |   |   |   |   |   |--- value: [8.54]
|   |   |   |   |   |   |--- Organic_Carbon >  1.50
|   |   |   |   |   |   |   |--- value: [6.37]
|   |   |   |   |   |--- Soil_Moisture >  59.92
|   |   |   |   |   |   |--- Altitude <= 303.50
|   |   |   |   |   |   |   |--- value: [11.62]
|   |   |   |   |   |   |--- Altitude >  303.50
|   |   |   |   |   |   |   |--- Fertilizer_Used <= 118.69
|   |   |   |   |   |   |   |   |--- Fertilizer_Used <= 73.04
|   |   |   |   |   |   |   |   |   |--- value: [8.84]
|   |   |   |   |   |   |   |   |--- Fertilizer_Used >  73.04
|   |   |   |   |   |   |   |   |   |--- value: [9.04]
|   |   |   |   |   |   |   |--- Fertilizer_Used >  118.69
|   |   |   |   |   |   |   |   |--- N <= 144.50
|   |   |   |   |   |   |   |   |   |--- value: [9.56]
|   |   |   |   |   |   |   |   |--- N >  144.50
|   |   |   |   |   |   |   |   |   |--- value: [10.13]
|   |   |--- Fertilizer_Used >  149.81
|   |   |   |--- Wind_Speed <= 9.33
|   |   |   |   |--- Soil_Moisture <= 34.29
|   |   |   |   |   |--- Humidity <= 60.86
|   |   |   |   |   |   |--- Sunlight_Hours <= 8.71
|   |   |   |   |   |   |   |--- K <= 100.50
|   |   |   |   |   |   |   |   |--- Soil_Moisture <= 21.11
|   |   |   |   |   |   |   |   |   |--- value: [6.14]
|   |   |   |   |   |   |   |   |--- Soil_Moisture >  21.11
|   |   |   |   |   |   |   |   |   |--- value: [7.93]
|   |   |   |   |   |   |   |--- K >  100.50
|   |   |   |   |   |   |   |   |--- N <= 162.00
|   |   |   |   |   |   |   |   |   |--- value: [7.80]
|   |   |   |   |   |   |   |   |--- N >  162.00
|   |   |   |   |   |   |   |   |   |--- value: [6.28]
|   |   |   |   |   |   |--- Sunlight_Hours >  8.71
|   |   |   |   |   |   |   |--- K <= 92.00
|   |   |   |   |   |   |   |   |--- Organic_Carbon <= 0.62
|   |   |   |   |   |   |   |   |   |--- value: [8.08]
|   |   |   |   |   |   |   |   |--- Organic_Carbon >  0.62
|   |   |   |   |   |   |   |   |   |--- value: [8.95]
|   |   |   |   |   |   |   |--- K >  92.00
|   |   |   |   |   |   |   |   |--- value: [9.99]
|   |   |   |   |   |--- Humidity >  60.86
|   |   |   |   |   |   |--- Pesticide_Used <= 4.77
|   |   |   |   |   |   |   |--- Soil_pH <= 6.80
|   |   |   |   |   |   |   |   |--- value: [6.70]
|   |   |   |   |   |   |   |--- Soil_pH >  6.80
|   |   |   |   |   |   |   |   |--- value: [7.04]
|   |   |   |   |   |   |--- Pesticide_Used >  4.77
|   |   |   |   |   |   |   |--- Region <= 1.50
|   |   |   |   |   |   |   |   |--- Sunlight_Hours <= 8.47
|   |   |   |   |   |   |   |   |   |--- value: [9.16]
|   |   |   |   |   |   |   |   |--- Sunlight_Hours >  8.47
|   |   |   |   |   |   |   |   |   |--- value: [7.21]
|   |   |   |   |   |   |   |--- Region >  1.50
|   |   |   |   |   |   |   |   |--- P <= 94.50
|   |   |   |   |   |   |   |   |   |--- value: [9.33]
|   |   |   |   |   |   |   |   |--- P >  94.50
|   |   |   |   |   |   |   |   |   |--- value: [10.90]
|   |   |   |   |--- Soil_Moisture >  34.29
|   |   |   |   |   |--- Soil_pH <= 5.39
|   |   |   |   |   |   |--- Soil_Moisture <= 49.99
|   |   |   |   |   |   |   |--- Organic_Carbon <= 1.14
|   |   |   |   |   |   |   |   |--- value: [6.36]
|   |   |   |   |   |   |   |--- Organic_Carbon >  1.14
|   |   |   |   |   |   |   |   |--- value: [6.30]
|   |   |   |   |   |   |--- Soil_Moisture >  49.99
|   |   |   |   |   |   |   |--- Fertilizer_Used <= 180.57
|   |   |   |   |   |   |   |   |--- Rainfall <= 2716.89
|   |   |   |   |   |   |   |   |   |--- value: [7.75]
|   |   |   |   |   |   |   |   |--- Rainfall >  2716.89
|   |   |   |   |   |   |   |   |   |--- value: [7.91]
|   |   |   |   |   |   |   |--- Fertilizer_Used >  180.57
|   |   |   |   |   |   |   |   |--- K <= 97.50
|   |   |   |   |   |   |   |   |   |--- value: [9.32]
|   |   |   |   |   |   |   |   |--- K >  97.50
|   |   |   |   |   |   |   |   |   |--- value: [9.06]
|   |   |   |   |   |--- Soil_pH >  5.39
|   |   |   |   |   |   |--- Pesticide_Used <= 19.96
|   |   |   |   |   |   |   |--- Pesticide_Used <= 9.40
|   |   |   |   |   |   |   |   |--- Region <= 1.50
|   |   |   |   |   |   |   |   |   |--- value: [8.37]
|   |   |   |   |   |   |   |   |--- Region >  1.50
|   |   |   |   |   |   |   |   |   |--- value: [9.50]
|   |   |   |   |   |   |   |--- Pesticide_Used >  9.40
|   |   |   |   |   |   |   |   |--- Humidity <= 80.45
|   |   |   |   |   |   |   |   |   |--- value: [10.20]
|   |   |   |   |   |   |   |   |--- Humidity >  80.45
|   |   |   |   |   |   |   |   |   |--- value: [11.61]
|   |   |   |   |   |   |--- Pesticide_Used >  19.96
|   |   |   |   |   |   |   |--- Temperature <= 21.40
|   |   |   |   |   |   |   |   |--- Soil_Moisture <= 41.82
|   |   |   |   |   |   |   |   |   |--- value: [8.13]
|   |   |   |   |   |   |   |   |--- Soil_Moisture >  41.82
|   |   |   |   |   |   |   |   |   |--- value: [9.62]
|   |   |   |   |   |   |   |--- Temperature >  21.40
|   |   |   |   |   |   |   |   |--- Soil_pH <= 6.52
|   |   |   |   |   |   |   |   |   |--- value: [6.04]
|   |   |   |   |   |   |   |   |--- Soil_pH >  6.52
|   |   |   |   |   |   |   |   |   |--- value: [7.53]
|   |   |   |--- Wind_Speed >  9.33
|   |   |   |   |--- Fertilizer_Used <= 204.32
|   |   |   |   |   |--- Soil_Moisture <= 32.31
|   |   |   |   |   |   |--- Wind_Speed <= 15.03
|   |   |   |   |   |   |   |--- Organic_Carbon <= 0.97
|   |   |   |   |   |   |   |   |--- Organic_Carbon <= 0.62
|   |   |   |   |   |   |   |   |   |--- value: [6.93]
|   |   |   |   |   |   |   |   |--- Organic_Carbon >  0.62
|   |   |   |   |   |   |   |   |   |--- value: [7.19]
|   |   |   |   |   |   |   |--- Organic_Carbon >  0.97
|   |   |   |   |   |   |   |   |--- Soil_pH <= 6.64
|   |   |   |   |   |   |   |   |   |--- value: [7.53]
|   |   |   |   |   |   |   |   |--- Soil_pH >  6.64
|   |   |   |   |   |   |   |   |   |--- value: [8.03]
|   |   |   |   |   |   |--- Wind_Speed >  15.03
|   |   |   |   |   |   |   |--- Pesticide_Used <= 7.62
|   |   |   |   |   |   |   |   |--- Rainfall <= 2239.66
|   |   |   |   |   |   |   |   |   |--- value: [7.75]
|   |   |   |   |   |   |   |   |--- Rainfall >  2239.66
|   |   |   |   |   |   |   |   |   |--- value: [7.04]
|   |   |   |   |   |   |   |--- Pesticide_Used >  7.62
|   |   |   |   |   |   |   |   |--- Fertilizer_Used <= 167.38
|   |   |   |   |   |   |   |   |   |--- value: [6.71]
|   |   |   |   |   |   |   |   |--- Fertilizer_Used >  167.38
|   |   |   |   |   |   |   |   |   |--- value: [6.24]
|   |   |   |   |   |--- Soil_Moisture >  32.31
|   |   |   |   |   |   |--- Temperature <= 39.69
|   |   |   |   |   |   |   |--- Soil_pH <= 8.13
|   |   |   |   |   |   |   |   |--- Soil_pH <= 5.69
|   |   |   |   |   |   |   |   |   |--- value: [7.44]
|   |   |   |   |   |   |   |   |--- Soil_pH >  5.69
|   |   |   |   |   |   |   |   |   |--- value: [8.15]
|   |   |   |   |   |   |   |--- Soil_pH >  8.13
|   |   |   |   |   |   |   |   |--- N <= 102.00
|   |   |   |   |   |   |   |   |   |--- value: [7.04]
|   |   |   |   |   |   |   |   |--- N >  102.00
|   |   |   |   |   |   |   |   |   |--- value: [6.49]
|   |   |   |   |   |   |--- Temperature >  39.69
|   |   |   |   |   |   |   |--- value: [9.93]
|   |   |   |   |--- Fertilizer_Used >  204.32
|   |   |   |   |   |--- P <= 58.00
|   |   |   |   |   |   |--- K <= 71.00
|   |   |   |   |   |   |   |--- value: [8.58]
|   |   |   |   |   |   |--- K >  71.00
|   |   |   |   |   |   |   |--- value: [8.63]
|   |   |   |   |   |--- P >  58.00
|   |   |   |   |   |   |--- Altitude <= 1592.00
|   |   |   |   |   |   |   |--- Soil_Type <= 1.50
|   |   |   |   |   |   |   |   |--- value: [9.29]
|   |   |   |   |   |   |   |--- Soil_Type >  1.50
|   |   |   |   |   |   |   |   |--- value: [9.20]
|   |   |   |   |   |   |--- Altitude >  1592.00
|   |   |   |   |   |   |   |--- value: [9.78]
|--- Fertilizer_Used >  216.15
|   |--- Rainfall <= 1745.01
|   |   |--- Soil_Moisture <= 27.76
|   |   |   |--- N <= 115.50
|   |   |   |   |--- Wind_Speed <= 8.32
|   |   |   |   |   |--- Soil_pH <= 5.34
|   |   |   |   |   |   |--- Pesticide_Used <= 9.90
|   |   |   |   |   |   |   |--- Soil_Moisture <= 21.32
|   |   |   |   |   |   |   |   |--- value: [5.04]
|   |   |   |   |   |   |   |--- Soil_Moisture >  21.32
|   |   |   |   |   |   |   |   |--- value: [5.40]
|   |   |   |   |   |   |--- Pesticide_Used >  9.90
|   |   |   |   |   |   |   |--- value: [6.69]
|   |   |   |   |   |--- Soil_pH >  5.34
|   |   |   |   |   |   |--- K <= 94.00
|   |   |   |   |   |   |   |--- Rainfall <= 576.55
|   |   |   |   |   |   |   |   |--- Organic_Carbon <= 1.37
|   |   |   |   |   |   |   |   |   |--- value: [5.96]
|   |   |   |   |   |   |   |   |--- Organic_Carbon >  1.37
|   |   |   |   |   |   |   |   |   |--- value: [5.60]
|   |   |   |   |   |   |   |--- Rainfall >  576.55
|   |   |   |   |   |   |   |   |--- P <= 18.50
|   |   |   |   |   |   |   |   |   |--- value: [8.19]
|   |   |   |   |   |   |   |   |--- P >  18.50
|   |   |   |   |   |   |   |   |   |--- value: [6.93]
|   |   |   |   |   |   |--- K >  94.00
|   |   |   |   |   |   |   |--- Rainfall <= 1334.39
|   |   |   |   |   |   |   |   |--- Sunlight_Hours <= 9.53
|   |   |   |   |   |   |   |   |   |--- value: [7.72]
|   |   |   |   |   |   |   |   |--- Sunlight_Hours >  9.53
|   |   |   |   |   |   |   |   |   |--- value: [6.87]
|   |   |   |   |   |   |   |--- Rainfall >  1334.39
|   |   |   |   |   |   |   |   |--- Altitude <= 1141.00
|   |   |   |   |   |   |   |   |   |--- value: [8.24]
|   |   |   |   |   |   |   |   |--- Altitude >  1141.00
|   |   |   |   |   |   |   |   |   |--- value: [8.96]
|   |   |   |   |--- Wind_Speed >  8.32
|   |   |   |   |   |--- N <= 33.50
|   |   |   |   |   |   |--- Wind_Speed <= 13.79
|   |   |   |   |   |   |   |--- value: [3.44]
|   |   |   |   |   |   |--- Wind_Speed >  13.79
|   |   |   |   |   |   |   |--- value: [4.55]
|   |   |   |   |   |--- N >  33.50
|   |   |   |   |   |   |--- Soil_Moisture <= 25.81
|   |   |   |   |   |   |   |--- Fertilizer_Used <= 263.91
|   |   |   |   |   |   |   |   |--- Temperature <= 12.26
|   |   |   |   |   |   |   |   |   |--- value: [8.23]
|   |   |   |   |   |   |   |   |--- Temperature >  12.26
|   |   |   |   |   |   |   |   |   |--- value: [5.97]
|   |   |   |   |   |   |   |--- Fertilizer_Used >  263.91
|   |   |   |   |   |   |   |   |--- Altitude <= 311.00
|   |   |   |   |   |   |   |   |   |--- value: [6.08]
|   |   |   |   |   |   |   |   |--- Altitude >  311.00
|   |   |   |   |   |   |   |   |   |--- value: [7.51]
|   |   |   |   |   |   |--- Soil_Moisture >  25.81
|   |   |   |   |   |   |   |--- Soil_Moisture <= 27.20
|   |   |   |   |   |   |   |   |--- Rainfall <= 1184.31
|   |   |   |   |   |   |   |   |   |--- value: [4.09]
|   |   |   |   |   |   |   |   |--- Rainfall >  1184.31
|   |   |   |   |   |   |   |   |   |--- value: [4.70]
|   |   |   |   |   |   |   |--- Soil_Moisture >  27.20
|   |   |   |   |   |   |   |   |--- Sunlight_Hours <= 7.98
|   |   |   |   |   |   |   |   |   |--- value: [5.75]
|   |   |   |   |   |   |   |   |--- Sunlight_Hours >  7.98
|   |   |   |   |   |   |   |   |   |--- value: [7.13]
|   |   |   |--- N >  115.50
|   |   |   |   |--- Fertilizer_Used <= 300.19
|   |   |   |   |   |--- Wind_Speed <= 2.30
|   |   |   |   |   |   |--- Organic_Carbon <= 0.87
|   |   |   |   |   |   |   |--- value: [9.18]
|   |   |   |   |   |   |--- Organic_Carbon >  0.87
|   |   |   |   |   |   |   |--- Humidity <= 58.96
|   |   |   |   |   |   |   |   |--- value: [8.26]
|   |   |   |   |   |   |   |--- Humidity >  58.96
|   |   |   |   |   |   |   |   |--- value: [8.58]
|   |   |   |   |   |--- Wind_Speed >  2.30
|   |   |   |   |   |   |--- Soil_Moisture <= 18.03
|   |   |   |   |   |   |   |--- Irrigation_Type <= 1.50
|   |   |   |   |   |   |   |   |--- Irrigation_Type <= 0.50
|   |   |   |   |   |   |   |   |   |--- value: [8.75]
|   |   |   |   |   |   |   |   |--- Irrigation_Type >  0.50
|   |   |   |   |   |   |   |   |   |--- value: [8.64]
|   |   |   |   |   |   |   |--- Irrigation_Type >  1.50
|   |   |   |   |   |   |   |   |--- Humidity <= 67.88
|   |   |   |   |   |   |   |   |   |--- value: [7.80]
|   |   |   |   |   |   |   |   |--- Humidity >  67.88
|   |   |   |   |   |   |   |   |   |--- value: [6.73]
|   |   |   |   |   |   |--- Soil_Moisture >  18.03
|   |   |   |   |   |   |   |--- Soil_pH <= 6.03
|   |   |   |   |   |   |   |   |--- P <= 78.50
|   |   |   |   |   |   |   |   |   |--- value: [5.47]
|   |   |   |   |   |   |   |   |--- P >  78.50
|   |   |   |   |   |   |   |   |   |--- value: [6.39]
|   |   |   |   |   |   |   |--- Soil_pH >  6.03
|   |   |   |   |   |   |   |   |--- Rainfall <= 1102.53
|   |   |   |   |   |   |   |   |   |--- value: [7.78]
|   |   |   |   |   |   |   |   |--- Rainfall >  1102.53
|   |   |   |   |   |   |   |   |   |--- value: [6.66]
|   |   |   |   |--- Fertilizer_Used >  300.19
|   |   |   |   |   |--- Organic_Carbon <= 1.24
|   |   |   |   |   |   |--- Wind_Speed <= 2.58
|   |   |   |   |   |   |   |--- N <= 169.50
|   |   |   |   |   |   |   |   |--- Region <= 3.50
|   |   |   |   |   |   |   |   |   |--- value: [7.26]
|   |   |   |   |   |   |   |   |--- Region >  3.50
|   |   |   |   |   |   |   |   |   |--- value: [6.90]
|   |   |   |   |   |   |   |--- N >  169.50
|   |   |   |   |   |   |   |   |--- value: [7.69]
|   |   |   |   |   |   |--- Wind_Speed >  2.58
|   |   |   |   |   |   |   |--- Humidity <= 80.37
|   |   |   |   |   |   |   |   |--- Wind_Speed <= 6.24
|   |   |   |   |   |   |   |   |   |--- value: [10.10]
|   |   |   |   |   |   |   |   |--- Wind_Speed >  6.24
|   |   |   |   |   |   |   |   |   |--- value: [8.82]
|   |   |   |   |   |   |   |--- Humidity >  80.37
|   |   |   |   |   |   |   |   |--- Soil_pH <= 7.38
|   |   |   |   |   |   |   |   |   |--- value: [8.09]
|   |   |   |   |   |   |   |   |--- Soil_pH >  7.38
|   |   |   |   |   |   |   |   |   |--- value: [7.37]
|   |   |   |   |   |--- Organic_Carbon >  1.24
|   |   |   |   |   |   |--- Irrigation_Type <= 2.50
|   |   |   |   |   |   |   |--- Region <= 2.50
|   |   |   |   |   |   |   |   |--- value: [6.49]
|   |   |   |   |   |   |   |--- Region >  2.50
|   |   |   |   |   |   |   |   |--- value: [6.00]
|   |   |   |   |   |   |--- Irrigation_Type >  2.50
|   |   |   |   |   |   |   |--- value: [7.94]
|   |   |--- Soil_Moisture >  27.76
|   |   |   |--- Soil_pH <= 5.23
|   |   |   |   |--- P <= 42.50
|   |   |   |   |   |--- Wind_Speed <= 16.31
|   |   |   |   |   |   |--- Humidity <= 49.47
|   |   |   |   |   |   |   |--- Region <= 1.00
|   |   |   |   |   |   |   |   |--- value: [7.52]
|   |   |   |   |   |   |   |--- Region >  1.00
|   |   |   |   |   |   |   |   |--- value: [6.90]
|   |   |   |   |   |   |--- Humidity >  49.47
|   |   |   |   |   |   |   |--- Temperature <= 14.94
|   |   |   |   |   |   |   |   |--- value: [5.63]
|   |   |   |   |   |   |   |--- Temperature >  14.94
|   |   |   |   |   |   |   |   |--- Wind_Speed <= 2.75
|   |   |   |   |   |   |   |   |   |--- value: [6.57]
|   |   |   |   |   |   |   |   |--- Wind_Speed >  2.75
|   |   |   |   |   |   |   |   |   |--- value: [6.15]
|   |   |   |   |   |--- Wind_Speed >  16.31
|   |   |   |   |   |   |--- value: [3.72]
|   |   |   |   |--- P >  42.50
|   |   |   |   |   |--- Fertilizer_Used <= 273.45
|   |   |   |   |   |   |--- N <= 79.50
|   |   |   |   |   |   |   |--- N <= 59.00
|   |   |   |   |   |   |   |   |--- value: [7.60]
|   |   |   |   |   |   |   |--- N >  59.00
|   |   |   |   |   |   |   |   |--- value: [7.59]
|   |   |   |   |   |   |--- N >  79.50
|   |   |   |   |   |   |   |--- N <= 145.50
|   |   |   |   |   |   |   |   |--- Wind_Speed <= 6.75
|   |   |   |   |   |   |   |   |   |--- value: [5.57]
|   |   |   |   |   |   |   |   |--- Wind_Speed >  6.75
|   |   |   |   |   |   |   |   |   |--- value: [6.28]
|   |   |   |   |   |   |   |--- N >  145.50
|   |   |   |   |   |   |   |   |--- value: [7.30]
|   |   |   |   |   |--- Fertilizer_Used >  273.45
|   |   |   |   |   |   |--- P <= 68.00
|   |   |   |   |   |   |   |--- Soil_pH <= 5.15
|   |   |   |   |   |   |   |   |--- Soil_pH <= 5.02
|   |   |   |   |   |   |   |   |   |--- value: [7.15]
|   |   |   |   |   |   |   |   |--- Soil_pH >  5.02
|   |   |   |   |   |   |   |   |   |--- value: [7.26]
|   |   |   |   |   |   |   |--- Soil_pH >  5.15
|   |   |   |   |   |   |   |   |--- value: [6.80]
|   |   |   |   |   |   |--- P >  68.00
|   |   |   |   |   |   |   |--- Fertilizer_Used <= 299.68
|   |   |   |   |   |   |   |   |--- Temperature <= 28.61
|   |   |   |   |   |   |   |   |   |--- value: [8.07]
|   |   |   |   |   |   |   |   |--- Temperature >  28.61
|   |   |   |   |   |   |   |   |   |--- value: [8.30]
|   |   |   |   |   |   |   |--- Fertilizer_Used >  299.68
|   |   |   |   |   |   |   |   |--- Temperature <= 18.61
|   |   |   |   |   |   |   |   |   |--- value: [8.01]
|   |   |   |   |   |   |   |   |--- Temperature >  18.61
|   |   |   |   |   |   |   |   |   |--- value: [7.48]
|   |   |   |--- Soil_pH >  5.23
|   |   |   |   |--- Rainfall <= 1169.59
|   |   |   |   |   |--- Soil_Moisture <= 60.91
|   |   |   |   |   |   |--- Humidity <= 56.34
|   |   |   |   |   |   |   |--- Wind_Speed <= 7.26
|   |   |   |   |   |   |   |   |--- Rainfall <= 1006.36
|   |   |   |   |   |   |   |   |   |--- value: [8.23]
|   |   |   |   |   |   |   |   |--- Rainfall >  1006.36
|   |   |   |   |   |   |   |   |   |--- value: [9.99]
|   |   |   |   |   |   |   |--- Wind_Speed >  7.26
|   |   |   |   |   |   |   |   |--- Soil_pH <= 7.12
|   |   |   |   |   |   |   |   |   |--- value: [7.92]
|   |   |   |   |   |   |   |   |--- Soil_pH >  7.12
|   |   |   |   |   |   |   |   |   |--- value: [7.05]
|   |   |   |   |   |   |--- Humidity >  56.34
|   |   |   |   |   |   |   |--- Sunlight_Hours <= 9.81
|   |   |   |   |   |   |   |   |--- N <= 124.50
|   |   |   |   |   |   |   |   |   |--- value: [7.21]
|   |   |   |   |   |   |   |   |--- N >  124.50
|   |   |   |   |   |   |   |   |   |--- value: [8.10]
|   |   |   |   |   |   |   |--- Sunlight_Hours >  9.81
|   |   |   |   |   |   |   |   |--- Humidity <= 79.85
|   |   |   |   |   |   |   |   |   |--- value: [6.13]
|   |   |   |   |   |   |   |   |--- Humidity >  79.85
|   |   |   |   |   |   |   |   |   |--- value: [7.11]
|   |   |   |   |   |--- Soil_Moisture >  60.91
|   |   |   |   |   |   |--- N <= 103.50
|   |   |   |   |   |   |   |--- Soil_Moisture <= 61.32
|   |   |   |   |   |   |   |   |--- N <= 68.50
|   |   |   |   |   |   |   |   |   |--- value: [10.50]
|   |   |   |   |   |   |   |   |--- N >  68.50
|   |   |   |   |   |   |   |   |   |--- value: [10.29]
|   |   |   |   |   |   |   |--- Soil_Moisture >  61.32
|   |   |   |   |   |   |   |   |--- Soil_Moisture <= 63.40
|   |   |   |   |   |   |   |   |   |--- value: [9.40]
|   |   |   |   |   |   |   |   |--- Soil_Moisture >  63.40
|   |   |   |   |   |   |   |   |   |--- value: [8.77]
|   |   |   |   |   |   |--- N >  103.50
|   |   |   |   |   |   |   |--- Humidity <= 65.76
|   |   |   |   |   |   |   |   |--- Altitude <= 515.50
|   |   |   |   |   |   |   |   |   |--- value: [8.30]
|   |   |   |   |   |   |   |   |--- Altitude >  515.50
|   |   |   |   |   |   |   |   |   |--- value: [7.87]
|   |   |   |   |   |   |   |--- Humidity >  65.76
|   |   |   |   |   |   |   |   |--- value: [8.98]
|   |   |   |   |--- Rainfall >  1169.59
|   |   |   |   |   |--- Soil_pH <= 7.03
|   |   |   |   |   |   |--- P <= 97.50
|   |   |   |   |   |   |   |--- N <= 122.50
|   |   |   |   |   |   |   |   |--- Rainfall <= 1666.48
|   |   |   |   |   |   |   |   |   |--- value: [8.64]
|   |   |   |   |   |   |   |   |--- Rainfall >  1666.48
|   |   |   |   |   |   |   |   |   |--- value: [5.89]
|   |   |   |   |   |   |   |--- N >  122.50
|   |   |   |   |   |   |   |   |--- Soil_pH <= 6.92
|   |   |   |   |   |   |   |   |   |--- value: [9.15]
|   |   |   |   |   |   |   |   |--- Soil_pH >  6.92
|   |   |   |   |   |   |   |   |   |--- value: [10.73]
|   |   |   |   |   |   |--- P >  97.50
|   |   |   |   |   |   |   |--- value: [11.48]
|   |   |   |   |   |--- Soil_pH >  7.03
|   |   |   |   |   |   |--- Wind_Speed <= 9.04
|   |   |   |   |   |   |   |--- Region <= 1.50
|   |   |   |   |   |   |   |   |--- P <= 27.00
|   |   |   |   |   |   |   |   |   |--- value: [8.73]
|   |   |   |   |   |   |   |   |--- P >  27.00
|   |   |   |   |   |   |   |   |   |--- value: [8.16]
|   |   |   |   |   |   |   |--- Region >  1.50
|   |   |   |   |   |   |   |   |--- Organic_Carbon <= 0.99
|   |   |   |   |   |   |   |   |   |--- value: [9.26]
|   |   |   |   |   |   |   |   |--- Organic_Carbon >  0.99
|   |   |   |   |   |   |   |   |   |--- value: [8.54]
|   |   |   |   |   |   |--- Wind_Speed >  9.04
|   |   |   |   |   |   |   |--- Fertilizer_Used <= 332.86
|   |   |   |   |   |   |   |   |--- Fertilizer_Used <= 232.02
|   |   |   |   |   |   |   |   |   |--- value: [6.32]
|   |   |   |   |   |   |   |   |--- Fertilizer_Used >  232.02
|   |   |   |   |   |   |   |   |   |--- value: [7.57]
|   |   |   |   |   |   |   |--- Fertilizer_Used >  332.86
|   |   |   |   |   |   |   |   |--- Irrigation_Type <= 1.50
|   |   |   |   |   |   |   |   |   |--- value: [9.82]
|   |   |   |   |   |   |   |   |--- Irrigation_Type >  1.50
|   |   |   |   |   |   |   |   |   |--- value: [7.98]
|   |--- Rainfall >  1745.01
|   |   |--- N <= 71.50
|   |   |   |--- Wind_Speed <= 4.88
|   |   |   |   |--- Humidity <= 84.98
|   |   |   |   |   |--- Altitude <= 834.00
|   |   |   |   |   |   |--- N <= 31.50
|   |   |   |   |   |   |   |--- value: [10.09]
|   |   |   |   |   |   |--- N >  31.50
|   |   |   |   |   |   |   |--- P <= 78.50
|   |   |   |   |   |   |   |   |--- Temperature <= 16.25
|   |   |   |   |   |   |   |   |   |--- value: [10.49]
|   |   |   |   |   |   |   |   |--- Temperature >  16.25
|   |   |   |   |   |   |   |   |   |--- value: [10.64]
|   |   |   |   |   |   |   |--- P >  78.50
|   |   |   |   |   |   |   |   |--- value: [10.80]
|   |   |   |   |   |--- Altitude >  834.00
|   |   |   |   |   |   |--- Irrigation_Type <= 2.50
|   |   |   |   |   |   |   |--- Pesticide_Used <= 18.36
|   |   |   |   |   |   |   |   |--- Irrigation_Type <= 1.00
|   |   |   |   |   |   |   |   |   |--- value: [8.89]
|   |   |   |   |   |   |   |   |--- Irrigation_Type >  1.00
|   |   |   |   |   |   |   |   |   |--- value: [8.79]
|   |   |   |   |   |   |   |--- Pesticide_Used >  18.36
|   |   |   |   |   |   |   |   |--- value: [9.26]
|   |   |   |   |   |   |--- Irrigation_Type >  2.50
|   |   |   |   |   |   |   |--- P <= 34.00
|   |   |   |   |   |   |   |   |--- value: [10.31]
|   |   |   |   |   |   |   |--- P >  34.00
|   |   |   |   |   |   |   |   |--- value: [10.10]
|   |   |   |   |--- Humidity >  84.98
|   |   |   |   |   |--- Fertilizer_Used <= 286.82
|   |   |   |   |   |   |--- Rainfall <= 2269.64
|   |   |   |   |   |   |   |--- value: [9.68]
|   |   |   |   |   |   |--- Rainfall >  2269.64
|   |   |   |   |   |   |   |--- Irrigation_Type <= 1.50
|   |   |   |   |   |   |   |   |--- value: [8.50]
|   |   |   |   |   |   |   |--- Irrigation_Type >  1.50
|   |   |   |   |   |   |   |   |--- value: [8.79]
|   |   |   |   |   |--- Fertilizer_Used >  286.82
|   |   |   |   |   |   |--- value: [7.49]
|   |   |   |--- Wind_Speed >  4.88
|   |   |   |   |--- Soil_Moisture <= 47.78
|   |   |   |   |   |--- Rainfall <= 2037.25
|   |   |   |   |   |   |--- Soil_pH <= 5.61
|   |   |   |   |   |   |   |--- Temperature <= 29.39
|   |   |   |   |   |   |   |   |--- value: [5.21]
|   |   |   |   |   |   |   |--- Temperature >  29.39
|   |   |   |   |   |   |   |   |--- value: [6.10]
|   |   |   |   |   |   |--- Soil_pH >  5.61
|   |   |   |   |   |   |   |--- Irrigation_Type <= 1.00
|   |   |   |   |   |   |   |   |--- Organic_Carbon <= 0.94
|   |   |   |   |   |   |   |   |   |--- value: [8.07]
|   |   |   |   |   |   |   |   |--- Organic_Carbon >  0.94
|   |   |   |   |   |   |   |   |   |--- value: [7.98]
|   |   |   |   |   |   |   |--- Irrigation_Type >  1.00
|   |   |   |   |   |   |   |   |--- Region <= 1.00
|   |   |   |   |   |   |   |   |   |--- value: [7.25]
|   |   |   |   |   |   |   |   |--- Region >  1.00
|   |   |   |   |   |   |   |   |   |--- value: [6.48]
|   |   |   |   |   |--- Rainfall >  2037.25
|   |   |   |   |   |   |--- Region <= 0.50
|   |   |   |   |   |   |   |--- Humidity <= 79.65
|   |   |   |   |   |   |   |   |--- Temperature <= 27.55
|   |   |   |   |   |   |   |   |   |--- value: [6.71]
|   |   |   |   |   |   |   |   |--- Temperature >  27.55
|   |   |   |   |   |   |   |   |   |--- value: [7.11]
|   |   |   |   |   |   |   |--- Humidity >  79.65
|   |   |   |   |   |   |   |   |--- value: [7.80]
|   |   |   |   |   |   |--- Region >  0.50
|   |   |   |   |   |   |   |--- Temperature <= 13.47
|   |   |   |   |   |   |   |   |--- Altitude <= 966.00
|   |   |   |   |   |   |   |   |   |--- value: [7.47]
|   |   |   |   |   |   |   |   |--- Altitude >  966.00
|   |   |   |   |   |   |   |   |   |--- value: [6.77]
|   |   |   |   |   |   |   |--- Temperature >  13.47
|   |   |   |   |   |   |   |   |--- Season <= 0.50
|   |   |   |   |   |   |   |   |   |--- value: [8.28]
|   |   |   |   |   |   |   |   |--- Season >  0.50
|   |   |   |   |   |   |   |   |   |--- value: [9.03]
|   |   |   |   |--- Soil_Moisture >  47.78
|   |   |   |   |   |--- Soil_pH <= 7.60
|   |   |   |   |   |   |--- Temperature <= 16.96
|   |   |   |   |   |   |   |--- Soil_Type <= 2.50
|   |   |   |   |   |   |   |   |--- value: [10.36]
|   |   |   |   |   |   |   |--- Soil_Type >  2.50
|   |   |   |   |   |   |   |   |--- value: [10.41]
|   |   |   |   |   |   |--- Temperature >  16.96
|   |   |   |   |   |   |   |--- Humidity <= 49.21
|   |   |   |   |   |   |   |   |--- Temperature <= 25.28
|   |   |   |   |   |   |   |   |   |--- value: [9.29]
|   |   |   |   |   |   |   |   |--- Temperature >  25.28
|   |   |   |   |   |   |   |   |   |--- value: [9.75]
|   |   |   |   |   |   |   |--- Humidity >  49.21
|   |   |   |   |   |   |   |   |--- Organic_Carbon <= 0.65
|   |   |   |   |   |   |   |   |   |--- value: [8.15]
|   |   |   |   |   |   |   |   |--- Organic_Carbon >  0.65
|   |   |   |   |   |   |   |   |   |--- value: [8.81]
|   |   |   |   |   |--- Soil_pH >  7.60
|   |   |   |   |   |   |--- Soil_Type <= 0.50
|   |   |   |   |   |   |   |--- value: [8.68]
|   |   |   |   |   |   |--- Soil_Type >  0.50
|   |   |   |   |   |   |   |--- Wind_Speed <= 11.59
|   |   |   |   |   |   |   |   |--- Organic_Carbon <= 1.17
|   |   |   |   |   |   |   |   |   |--- value: [7.69]
|   |   |   |   |   |   |   |   |--- Organic_Carbon >  1.17
|   |   |   |   |   |   |   |   |   |--- value: [7.63]
|   |   |   |   |   |   |   |--- Wind_Speed >  11.59
|   |   |   |   |   |   |   |   |--- Season <= 1.00
|   |   |   |   |   |   |   |   |   |--- value: [7.96]
|   |   |   |   |   |   |   |   |--- Season >  1.00
|   |   |   |   |   |   |   |   |   |--- value: [7.93]
|   |   |--- N >  71.50
|   |   |   |--- P <= 58.50
|   |   |   |   |--- Fertilizer_Used <= 271.72
|   |   |   |   |   |--- Altitude <= 1730.50
|   |   |   |   |   |   |--- Organic_Carbon <= 1.38
|   |   |   |   |   |   |   |--- K <= 135.50
|   |   |   |   |   |   |   |   |--- Sunlight_Hours <= 4.18
|   |   |   |   |   |   |   |   |   |--- value: [6.01]
|   |   |   |   |   |   |   |   |--- Sunlight_Hours >  4.18
|   |   |   |   |   |   |   |   |   |--- value: [7.82]
|   |   |   |   |   |   |   |--- K >  135.50
|   |   |   |   |   |   |   |   |--- value: [10.20]
|   |   |   |   |   |   |--- Organic_Carbon >  1.38
|   |   |   |   |   |   |   |--- Altitude <= 948.00
|   |   |   |   |   |   |   |   |--- Altitude <= 824.50
|   |   |   |   |   |   |   |   |   |--- value: [9.45]
|   |   |   |   |   |   |   |   |--- Altitude >  824.50
|   |   |   |   |   |   |   |   |   |--- value: [9.50]
|   |   |   |   |   |   |   |--- Altitude >  948.00
|   |   |   |   |   |   |   |   |--- value: [9.26]
|   |   |   |   |   |--- Altitude >  1730.50
|   |   |   |   |   |   |--- Pesticide_Used <= 15.20
|   |   |   |   |   |   |   |--- P <= 55.50
|   |   |   |   |   |   |   |   |--- Organic_Carbon <= 1.15
|   |   |   |   |   |   |   |   |   |--- value: [8.68]
|   |   |   |   |   |   |   |   |--- Organic_Carbon >  1.15
|   |   |   |   |   |   |   |   |   |--- value: [9.50]
|   |   |   |   |   |   |   |--- P >  55.50
|   |   |   |   |   |   |   |   |--- value: [7.31]
|   |   |   |   |   |   |--- Pesticide_Used >  15.20
|   |   |   |   |   |   |   |--- Temperature <= 31.35
|   |   |   |   |   |   |   |   |--- P <= 49.00
|   |   |   |   |   |   |   |   |   |--- value: [10.68]
|   |   |   |   |   |   |   |   |--- P >  49.00
|   |   |   |   |   |   |   |   |   |--- value: [10.02]
|   |   |   |   |   |   |   |--- Temperature >  31.35
|   |   |   |   |   |   |   |   |--- value: [11.60]
|   |   |   |   |--- Fertilizer_Used >  271.72
|   |   |   |   |   |--- Altitude <= 155.50
|   |   |   |   |   |   |--- Soil_pH <= 5.92
|   |   |   |   |   |   |   |--- Irrigation_Type <= 1.50
|   |   |   |   |   |   |   |   |--- value: [8.19]
|   |   |   |   |   |   |   |--- Irrigation_Type >  1.50
|   |   |   |   |   |   |   |   |--- value: [9.03]
|   |   |   |   |   |   |--- Soil_pH >  5.92
|   |   |   |   |   |   |   |--- Humidity <= 59.72
|   |   |   |   |   |   |   |   |--- value: [7.86]
|   |   |   |   |   |   |   |--- Humidity >  59.72
|   |   |   |   |   |   |   |   |--- value: [7.01]
|   |   |   |   |   |--- Altitude >  155.50
|   |   |   |   |   |   |--- K <= 122.00
|   |   |   |   |   |   |   |--- Wind_Speed <= 2.93
|   |   |   |   |   |   |   |   |--- Organic_Carbon <= 0.69
|   |   |   |   |   |   |   |   |   |--- value: [10.70]
|   |   |   |   |   |   |   |   |--- Organic_Carbon >  0.69
|   |   |   |   |   |   |   |   |   |--- value: [9.66]
|   |   |   |   |   |   |   |--- Wind_Speed >  2.93
|   |   |   |   |   |   |   |   |--- Pesticide_Used <= 11.37
|   |   |   |   |   |   |   |   |   |--- value: [8.72]
|   |   |   |   |   |   |   |   |--- Pesticide_Used >  11.37
|   |   |   |   |   |   |   |   |   |--- value: [9.44]
|   |   |   |   |   |   |--- K >  122.00
|   |   |   |   |   |   |   |--- Fertilizer_Used <= 341.47
|   |   |   |   |   |   |   |   |--- Altitude <= 628.50
|   |   |   |   |   |   |   |   |   |--- value: [10.18]
|   |   |   |   |   |   |   |   |--- Altitude >  628.50
|   |   |   |   |   |   |   |   |   |--- value: [9.27]
|   |   |   |   |   |   |   |--- Fertilizer_Used >  341.47
|   |   |   |   |   |   |   |   |--- K <= 132.00
|   |   |   |   |   |   |   |   |   |--- value: [10.97]
|   |   |   |   |   |   |   |   |--- K >  132.00
|   |   |   |   |   |   |   |   |   |--- value: [10.92]
|   |   |   |--- P >  58.50
|   |   |   |   |--- Soil_Moisture <= 42.53
|   |   |   |   |   |--- Rainfall <= 2222.91
|   |   |   |   |   |   |--- Sunlight_Hours <= 8.99
|   |   |   |   |   |   |   |--- Humidity <= 36.96
|   |   |   |   |   |   |   |   |--- Fertilizer_Used <= 303.82
|   |   |   |   |   |   |   |   |   |--- value: [9.38]
|   |   |   |   |   |   |   |   |--- Fertilizer_Used >  303.82
|   |   |   |   |   |   |   |   |   |--- value: [10.46]
|   |   |   |   |   |   |   |--- Humidity >  36.96
|   |   |   |   |   |   |   |   |--- Humidity <= 44.26
|   |   |   |   |   |   |   |   |   |--- value: [8.28]
|   |   |   |   |   |   |   |   |--- Humidity >  44.26
|   |   |   |   |   |   |   |   |   |--- value: [9.26]
|   |   |   |   |   |   |--- Sunlight_Hours >  8.99
|   |   |   |   |   |   |   |--- Soil_Moisture <= 27.77
|   |   |   |   |   |   |   |   |--- Irrigation_Type <= 0.50
|   |   |   |   |   |   |   |   |   |--- value: [7.46]
|   |   |   |   |   |   |   |   |--- Irrigation_Type >  0.50
|   |   |   |   |   |   |   |   |   |--- value: [6.84]
|   |   |   |   |   |   |   |--- Soil_Moisture >  27.77
|   |   |   |   |   |   |   |   |--- K <= 35.00
|   |   |   |   |   |   |   |   |   |--- value: [8.40]
|   |   |   |   |   |   |   |   |--- K >  35.00
|   |   |   |   |   |   |   |   |   |--- value: [7.92]
|   |   |   |   |   |--- Rainfall >  2222.91
|   |   |   |   |   |   |--- Rainfall <= 2761.12
|   |   |   |   |   |   |   |--- Soil_pH <= 5.19
|   |   |   |   |   |   |   |   |--- value: [8.24]
|   |   |   |   |   |   |   |--- Soil_pH >  5.19
|   |   |   |   |   |   |   |   |--- Soil_pH <= 5.65
|   |   |   |   |   |   |   |   |   |--- value: [10.50]
|   |   |   |   |   |   |   |   |--- Soil_pH >  5.65
|   |   |   |   |   |   |   |   |   |--- value: [9.81]
|   |   |   |   |   |   |--- Rainfall >  2761.12
|   |   |   |   |   |   |   |--- value: [7.11]
|   |   |   |   |--- Soil_Moisture >  42.53
|   |   |   |   |   |--- Fertilizer_Used <= 222.62
|   |   |   |   |   |   |--- Irrigation_Type <= 2.00
|   |   |   |   |   |   |   |--- Wind_Speed <= 5.37
|   |   |   |   |   |   |   |   |--- value: [8.36]
|   |   |   |   |   |   |   |--- Wind_Speed >  5.37
|   |   |   |   |   |   |   |   |--- value: [7.79]
|   |   |   |   |   |   |--- Irrigation_Type >  2.00
|   |   |   |   |   |   |   |--- value: [9.20]
|   |   |   |   |   |--- Fertilizer_Used >  222.62
|   |   |   |   |   |   |--- K <= 27.00
|   |   |   |   |   |   |   |--- value: [8.15]
|   |   |   |   |   |   |--- K >  27.00
|   |   |   |   |   |   |   |--- Temperature <= 12.17
|   |   |   |   |   |   |   |   |--- Soil_Moisture <= 52.91
|   |   |   |   |   |   |   |   |   |--- value: [9.93]
|   |   |   |   |   |   |   |   |--- Soil_Moisture >  52.91
|   |   |   |   |   |   |   |   |   |--- value: [8.87]
|   |   |   |   |   |   |   |--- Temperature >  12.17
|   |   |   |   |   |   |   |   |--- Fertilizer_Used <= 343.49
|   |   |   |   |   |   |   |   |   |--- value: [10.69]
|   |   |   |   |   |   |   |   |--- Fertilizer_Used >  343.49
|   |   |   |   |   |   |   |   |   |--- value: [9.49]
