|--- Fertilizer_Used <= 192.35
|   |--- Rainfall <= 1173.45
|   |   |--- Fertilizer_Used <= 130.15
|   |   |   |--- Soil_Moisture <= 39.90
|   |   |   |   |--- Temperature <= 13.01
|   |   |   |   |   |--- Humidity <= 56.44
|   |   |   |   |   |   |--- K <= 55.50
|   |   |   |   |   |   |   |--- value: [8.91]
|   |   |   |   |   |   |--- K >  55.50
|   |   |   |   |   |   |   |--- K <= 106.00
|   |   |   |   |   |   |   |   |--- value: [10.00]
|   |   |   |   |   |   |   |--- K >  106.00
|   |   |   |   |   |   |   |   |--- value: [9.72]
|   |   |   |   |   |--- Humidity >  56.44
|   |   |   |   |   |   |--- Sunlight_Hours <= 8.25
|   |   |   |   |   |   |   |--- Wind_Speed <= 6.22
|   |   |   |   |   |   |   |   |--- value: [8.40]
|   |   |   |   |   |   |   |--- Wind_Speed >  6.22
|   |   |   |   |   |   |   |   |--- value: [8.05]
|   |   |   |   |   |   |--- Sunlight_Hours >  8.25
|   |   |   |   |   |   |   |--- value: [7.45]
|   |   |   |   |--- Temperature >  13.01
|   |   |   |   |   |--- Pesticide_Used <= 13.21
|   |   |   |   |   |   |--- Region <= 1.50
|   |   |   |   |   |   |   |--- K <= 62.00
|   |   |   |   |   |   |   |   |--- N <= 75.50
|   |   |   |   |   |   |   |   |   |--- value: [6.15]
|   |   |   |   |   |   |   |   |--- N >  75.50
|   |   |   |   |   |   |   |   |   |--- value: [5.74]
|   |   |   |   |   |   |   |--- K >  62.00
|   |   |   |   |   |   |   |   |--- Pesticide_Used <= 7.00
|   |   |   |   |   |   |   |   |   |--- value: [7.08]
|   |   |   |   |   |   |   |   |--- Pesticide_Used >  7.00
|   |   |   |   |   |   |   |   |   |--- value: [6.41]
|   |   |   |   |   |   |--- Region >  1.50
|   |   |   |   |   |   |   |--- Rainfall <= 866.88
|   |   |   |   |   |   |   |   |--- P <= 55.00
|   |   |   |   |   |   |   |   |   |--- value: [7.14]
|   |   |   |   |   |   |   |   |--- P >  55.00
|   |   |   |   |   |   |   |   |   |--- value: [8.29]
|   |   |   |   |   |   |   |--- Rainfall >  866.88
|   |   |   |   |   |   |   |   |--- K <= 44.50
|   |   |   |   |   |   |   |   |   |--- value: [6.80]
|   |   |   |   |   |   |   |   |--- K >  44.50
|   |   |   |   |   |   |   |   |   |--- value: [6.01]
|   |   |   |   |   |--- Pesticide_Used >  13.21
|   |   |   |   |   |   |--- Fertilizer_Used <= 64.17
|   |   |   |   |   |   |   |--- P <= 85.50
|   |   |   |   |   |   |   |   |--- Altitude <= 1035.50
|   |   |   |   |   |   |   |   |   |--- value: [7.08]
|   |   |   |   |   |   |   |   |--- Altitude >  1035.50
|   |   |   |   |   |   |   |   |   |--- value: [6.76]
|   |   |   |   |   |   |   |--- P >  85.50
|   |   |   |   |   |   |   |   |--- value: [5.74]
|   |   |   |   |   |   |--- Fertilizer_Used >  64.17
|   |   |   |   |   |   |   |--- Wind_Speed <= 1.75
|   |   |   |   |   |   |   |   |--- N <= 89.50
|   |   |   |   |   |   |   |   |   |--- value: [9.29]
|   |   |   |   |   |   |   |   |--- N >  89.50
|   |   |   |   |   |   |   |   |   |--- value: [9.51]
|   |   |   |   |   |   |   |--- Wind_Speed >  1.75
|   |   |   |   |   |   |   |   |--- Wind_Speed <= 13.55
|   |   |   |   |   |   |   |   |   |--- value: [8.01]
|   |   |   |   |   |   |   |   |--- Wind_Speed >  13.55
|   |   |   |   |   |   |   |   |   |--- value: [7.07]
|   |   |   |--- Soil_Moisture >  39.90
|   |   |   |   |--- Humidity <= 84.60
|   |   |   |   |   |--- Rainfall <= 605.09
|   |   |   |   |   |   |--- Soil_pH <= 5.51
|   |   |   |   |   |   |   |--- Altitude <= 1215.00
|   |   |   |   |   |   |   |   |--- Season <= 0.50
|   |   |   |   |   |   |   |   |   |--- value: [7.13]
|   |   |   |   |   |   |   |   |--- Season >  0.50
|   |   |   |   |   |   |   |   |   |--- value: [7.66]
|   |   |   |   |   |   |   |--- Altitude >  1215.00
|   |   |   |   |   |   |   |   |--- Soil_pH <= 4.89
|   |   |   |   |   |   |   |   |   |--- value: [5.95]
|   |   |   |   |   |   |   |   |--- Soil_pH >  4.89
|   |   |   |   |   |   |   |   |   |--- value: [6.60]
|   |   |   |   |   |   |--- Soil_pH >  5.51
|   |   |   |   |   |   |   |--- Sunlight_Hours <= 7.78
|   |   |   |   |   |   |   |   |--- Wind_Speed <= 9.70
|   |   |   |   |   |   |   |   |   |--- value: [8.31]
|   |   |   |   |   |   |   |   |--- Wind_Speed >  9.70
|   |   |   |   |   |   |   |   |   |--- value: [9.29]
|   |   |   |   |   |   |   |--- Sunlight_Hours >  7.78
|   |   |   |   |   |   |   |   |--- Soil_pH <= 7.19
|   |   |   |   |   |   |   |   |   |--- value: [7.99]
|   |   |   |   |   |   |   |   |--- Soil_pH >  7.19
|   |   |   |   |   |   |   |   |   |--- value: [7.36]
|   |   |   |   |   |--- Rainfall >  605.09
|   |   |   |   |   |   |--- Soil_Moisture <= 50.12
|   |   |   |   |   |   |   |--- Altitude <= 488.00
|   |   |   |   |   |   |   |   |--- K <= 73.00
|   |   |   |   |   |   |   |   |   |--- value: [9.29]
|   |   |   |   |   |   |   |   |--- K >  73.00
|   |   |   |   |   |   |   |   |   |--- value: [10.05]
|   |   |   |   |   |   |   |--- Altitude >  488.00
|   |   |   |   |   |   |   |   |--- N <= 159.00
|   |   |   |   |   |   |   |   |   |--- value: [8.11]
|   |   |   |   |   |   |   |   |--- N >  159.00
|   |   |   |   |   |   |   |   |   |--- value: [6.62]
|   |   |   |   |   |   |--- Soil_Moisture >  50.12
|   |   |   |   |   |   |   |--- Fertilizer_Used <= 63.16
|   |   |   |   |   |   |   |   |--- value: [6.53]
|   |   |   |   |   |   |   |--- Fertilizer_Used >  63.16
|   |   |   |   |   |   |   |   |--- Altitude <= 502.50
|   |   |   |   |   |   |   |   |   |--- value: [10.04]
|   |   |   |   |   |   |   |   |--- Altitude >  502.50
|   |   |   |   |   |   |   |   |   |--- value: [8.82]
|   |   |   |   |--- Humidity >  84.60
|   |   |   |   |   |--- Rainfall <= 731.60
|   |   |   |   |   |   |--- Soil_Moisture <= 44.58
|   |   |   |   |   |   |   |--- N <= 89.00
|   |   |   |   |   |   |   |   |--- value: [8.62]
|   |   |   |   |   |   |   |--- N >  89.00
|   |   |   |   |   |   |   |   |--- value: [8.83]
|   |   |   |   |   |   |--- Soil_Moisture >  44.58
|   |   |   |   |   |   |   |--- Organic_Carbon <= 0.42
|   |   |   |   |   |   |   |   |--- value: [9.53]
|   |   |   |   |   |   |   |--- Organic_Carbon >  0.42
|   |   |   |   |   |   |   |   |--- K <= 55.00
|   |   |   |   |   |   |   |   |   |--- value: [9.37]
|   |   |   |   |   |   |   |   |--- K >  55.00
|   |   |   |   |   |   |   |   |   |--- value: [9.29]
|   |   |   |   |   |--- Rainfall >  731.60
|   |   |   |   |   |   |--- N <= 80.00
|   |   |   |   |   |   |   |--- value: [10.80]
|   |   |   |   |   |   |--- N >  80.00
|   |   |   |   |   |   |   |--- Soil_Type <= 2.50
|   |   |   |   |   |   |   |   |--- value: [9.87]
|   |   |   |   |   |   |   |--- Soil_Type >  2.50
|   |   |   |   |   |   |   |   |--- value: [10.32]
|   |   |--- Fertilizer_Used >  130.15
|   |   |   |--- K <= 141.00
|   |   |   |   |--- Soil_Moisture <= 38.56
|   |   |   |   |   |--- Sunlight_Hours <= 5.09
|   |   |   |   |   |   |--- Fertilizer_Used <= 164.53
|   |   |   |   |   |   |   |--- Pesticide_Used <= 11.51
|   |   |   |   |   |   |   |   |--- Humidity <= 47.16
|   |   |   |   |   |   |   |   |   |--- value: [7.88]
|   |   |   |   |   |   |   |   |--- Humidity >  47.16
|   |   |   |   |   |   |   |   |   |--- value: [7.21]
|   |   |   |   |   |   |   |--- Pesticide_Used >  11.51
|   |   |   |   |   |   |   |   |--- K <= 71.50
|   |   |   |   |   |   |   |   |   |--- value: [9.07]
|   |   |   |   |   |   |   |   |--- K >  71.50
|   |   |   |   |   |   |   |   |   |--- value: [8.44]
|   |   |   |   |   |   |--- Fertilizer_Used >  164.53
|   |   |   |   |   |   |   |--- Soil_pH <= 5.91
|   |   |   |   |   |   |   |   |--- Soil_pH <= 5.31
|   |   |   |   |   |   |   |   |   |--- value: [8.59]
|   |   |   |   |   |   |   |   |--- Soil_pH >  5.31
|   |   |   |   |   |   |   |   |   |--- value: [9.41]
|   |   |   |   |   |   |   |--- Soil_pH >  5.91
|   |   |   |   |   |   |   |   |--- Wind_Speed <= 8.82
|   |   |   |   |   |   |   |   |   |--- value: [9.89]
|   |   |   |   |   |   |   |   |--- Wind_Speed >  8.82
|   |   |   |   |   |   |   |   |   |--- value: [10.59]
|   |   |   |   |   |--- Sunlight_Hours >  5.09
|   |   |   |   |   |   |--- Pesticide_Used <= 24.44
|   |   |   |   |   |   |   |--- Fertilizer_Used <= 157.19
|   |   |   |   |   |   |   |   |--- Rainfall <= 802.47
|   |   |   |   |   |   |   |   |   |--- value: [7.51]
|   |   |   |   |   |   |   |   |--- Rainfall >  802.47
|   |   |   |   |   |   |   |   |   |--- value: [8.55]
|   |   |   |   |   |   |   |--- Fertilizer_Used >  157.19
|   |   |   |   |   |   |   |   |--- Soil_Moisture <= 21.90
|   |   |   |   |   |   |   |   |   |--- value: [7.85]
|   |   |   |   |   |   |   |   |--- Soil_Moisture >  21.90
|   |   |   |   |   |   |   |   |   |--- value: [8.66]
|   |   |   |   |   |   |--- Pesticide_Used >  24.44
|   |   |   |   |   |   |   |--- Wind_Speed <= 4.30
|   |   |   |   |   |   |   |   |--- value: [6.36]
|   |   |   |   |   |   |   |--- Wind_Speed >  4.30
|   |   |   |   |   |   |   |   |--- value: [6.65]
|   |   |   |   |--- Soil_Moisture >  38.56
|   |   |   |   |   |--- Temperature <= 22.11
|   |   |   |   |   |   |--- Sunlight_Hours <= 9.68
|   |   |   |   |   |   |   |--- Soil_pH <= 7.07
|   |   |   |   |   |   |   |   |--- Altitude <= 395.00
|   |   |   |   |   |   |   |   |   |--- value: [7.96]
|   |   |   |   |   |   |   |   |--- Altitude >  395.00
|   |   |   |   |   |   |   |   |   |--- value: [9.22]
|   |   |   |   |   |   |   |--- Soil_pH >  7.07
|   |   |   |   |   |   |   |   |--- Pesticide_Used <= 4.72
|   |   |   |   |   |   |   |   |   |--- value: [9.12]
|   |   |   |   |   |   |   |   |--- Pesticide_Used >  4.72
|   |   |   |   |   |   |   |   |   |--- value: [10.19]
|   |   |   |   |   |   |--- Sunlight_Hours >  9.68
|   |   |   |   |   |   |   |--- Temperature <= 16.01
|   |   |   |   |   |   |   |   |--- value: [12.20]
|   |   |   |   |   |   |   |--- Temperature >  16.01
|   |   |   |   |   |   |   |   |--- Organic_Carbon <= 0.77
|   |   |   |   |   |   |   |   |   |--- value: [10.20]
|   |   |   |   |   |   |   |   |--- Organic_Carbon >  0.77
|   |   |   |   |   |   |   |   |   |--- value: [10.59]
|   |   |   |   |   |--- Temperature >  22.11
|   |   |   |   |   |   |--- Pesticide_Used <= 2.67
|   |   |   |   |   |   |   |--- Organic_Carbon <= 1.26
|   |   |   |   |   |   |   |   |--- value: [7.59]
|   |   |   |   |   |   |   |--- Organic_Carbon >  1.26
|   |   |   |   |   |   |   |   |--- value: [6.17]
|   |   |   |   |   |   |--- Pesticide_Used >  2.67
|   |   |   |   |   |   |   |--- Pesticide_Used <= 23.01
|   |   |   |   |   |   |   |   |--- P <= 79.50
|   |   |   |   |   |   |   |   |   |--- value: [8.84]
|   |   |   |   |   |   |   |   |--- P >  79.50
|   |   |   |   |   |   |   |   |   |--- value: [9.97]
|   |   |   |   |   |   |   |--- Pesticide_Used >  23.01
|   |   |   |   |   |   |   |   |--- N <= 67.50
|   |   |   |   |   |   |   |   |   |--- value: [7.33]
|   |   |   |   |   |   |   |   |--- N >  67.50
|   |   |   |   |   |   |   |   |   |--- value: [8.34]
|   |   |   |--- K >  141.00
|   |   |   |   |--- Wind_Speed <= 5.91
|   |   |   |   |   |--- Pesticide_Used <= 4.95
|   |   |   |   |   |   |--- value: [11.57]
|   |   |   |   |   |--- Pesticide_Used >  4.95
|   |   |   |   |   |   |--- Soil_pH <= 5.97
|   |   |   |   |   |   |   |--- Temperature <= 33.95
|   |   |   |   |   |   |   |   |--- value: [10.28]
|   |   |   |   |   |   |   |--- Temperature >  33.95
|   |   |   |   |   |   |   |   |--- value: [10.47]
|   |   |   |   |   |   |--- Soil_pH >  5.97
|   |   |   |   |   |   |   |--- Wind_Speed <= 4.00
|   |   |   |   |   |   |   |   |--- value: [10.88]
|   |   |   |   |   |   |   |--- Wind_Speed >  4.00
|   |   |   |   |   |   |   |   |--- value: [10.67]
|   |   |   |   |--- Wind_Speed >  5.91
|   |   |   |   |   |--- Temperature <= 23.31
|   |   |   |   |   |   |--- Soil_pH <= 5.52
|   |   |   |   |   |   |   |--- value: [10.59]
|   |   |   |   |   |   |--- Soil_pH >  5.52
|   |   |   |   |   |   |   |--- Soil_pH <= 6.49
|   |   |   |   |   |   |   |   |--- value: [10.05]
|   |   |   |   |   |   |   |--- Soil_pH >  6.49
|   |   |   |   |   |   |   |   |--- value: [10.23]
|   |   |   |   |   |--- Temperature >  23.31
|   |   |   |   |   |   |--- Wind_Speed <= 7.03
|   |   |   |   |   |   |   |--- Fertilizer_Used <= 156.38
|   |   |   |   |   |   |   |   |--- value: [9.41]
|   |   |   |   |   |   |   |--- Fertilizer_Used >  156.38
|   |   |   |   |   |   |   |   |--- value: [9.45]
|   |   |   |   |   |   |--- Wind_Speed >  7.03
|   |   |   |   |   |   |   |--- Humidity <= 67.37
|   |   |   |   |   |   |   |   |--- value: [8.39]
|   |   |   |   |   |   |   |--- Humidity >  67.37
|   |   |   |   |   |   |   |   |--- value: [8.69]
|   |--- Rainfall >  1173.45
|   |   |--- Rainfall <= 2229.69
|   |   |   |--- N <= 138.50
|   |   |   |   |--- K <= 101.50
|   |   |   |   |   |--- Soil_Moisture <= 40.15
|   |   |   |   |   |   |--- Soil_pH <= 8.01
|   |   |   |   |   |   |   |--- Temperature <= 27.38
|   |   |   |   |   |   |   |   |--- Sunlight_Hours <= 9.62
|   |   |   |   |   |   |   |   |   |--- value: [9.26]
|   |   |   |   |   |   |   |   |--- Sunlight_Hours >  9.62
|   |   |   |   |   |   |   |   |   |--- value: [8.12]
|   |   |   |   |   |   |   |--- Temperature >  27.38
|   |   |   |   |   |   |   |   |--- P <= 59.00
|   |   |   |   |   |   |   |   |   |--- value: [8.04]
|   |   |   |   |   |   |   |   |--- P >  59.00
|   |   |   |   |   |   |   |   |   |--- value: [8.98]
|   |   |   |   |   |   |--- Soil_pH >  8.01
|   |   |   |   |   |   |   |--- Organic_Carbon <= 1.02
|   |   |   |   |   |   |   |   |--- Pesticide_Used <= 6.28
|   |   |   |   |   |   |   |   |   |--- value: [8.08]
|   |   |   |   |   |   |   |   |--- Pesticide_Used >  6.28
|   |   |   |   |   |   |   |   |   |--- value: [7.69]
|   |   |   |   |   |   |   |--- Organic_Carbon >  1.02
|   |   |   |   |   |   |   |   |--- Organic_Carbon <= 1.31
|   |   |   |   |   |   |   |   |   |--- value: [7.17]
|   |   |   |   |   |   |   |   |--- Organic_Carbon >  1.31
|   |   |   |   |   |   |   |   |   |--- value: [6.97]
|   |   |   |   |   |--- Soil_Moisture >  40.15
|   |   |   |   |   |   |--- Wind_Speed <= 2.36
|   |   |   |   |   |   |   |--- Wind_Speed <= 2.09
|   |   |   |   |   |   |   |   |--- K <= 60.00
|   |   |   |   |   |   |   |   |   |--- value: [11.70]
|   |   |   |   |   |   |   |   |--- K >  60.00
|   |   |   |   |   |   |   |   |   |--- value: [11.44]
|   |   |   |   |   |   |   |--- Wind_Speed >  2.09
|   |   |   |   |   |   |   |   |--- value: [11.10]
|   |   |   |   |   |   |--- Wind_Speed >  2.36
|   |   |   |   |   |   |   |--- Humidity <= 82.73
|   |   |   |   |   |   |   |   |--- Wind_Speed <= 15.95
|   |   |   |   |   |   |   |   |   |--- value: [9.32]
|   |   |   |   |   |   |   |   |--- Wind_Speed >  15.95
|   |   |   |   |   |   |   |   |   |--- value: [8.19]
|   |   |   |   |   |   |   |--- Humidity >  82.73
|   |   |   |   |   |   |   |   |--- Soil_pH <= 5.73
|   |   |   |   |   |   |   |   |   |--- value: [9.16]
|   |   |   |   |   |   |   |   |--- Soil_pH >  5.73
|   |   |   |   |   |   |   |   |   |--- value: [11.12]
|   |   |   |   |--- K >  101.50
|   |   |   |   |   |--- Fertilizer_Used <= 158.36
|   |   |   |   |   |   |--- Temperature <= 36.99
|   |   |   |   |   |   |   |--- Humidity <= 57.17
|   |   |   |   |   |   |   |   |--- Sunlight_Hours <= 5.85
|   |   |   |   |   |   |   |   |   |--- value: [9.05]
|   |   |   |   |   |   |   |   |--- Sunlight_Hours >  5.85
|   |   |   |   |   |   |   |   |   |--- value: [10.34]
|   |   |   |   |   |   |   |--- Humidity >  57.17
|   |   |   |   |   |   |   |   |--- Pesticide_Used <= 22.42
|   |   |   |   |   |   |   |   |   |--- value: [9.35]
|   |   |   |   |   |   |   |   |--- Pesticide_Used >  22.42
|   |   |   |   |   |   |   |   |   |--- value: [7.13]
|   |   |   |   |   |   |--- Temperature >  36.99
|   |   |   |   |   |   |   |--- Wind_Speed <= 3.24
|   |   |   |   |   |   |   |   |--- value: [9.26]
|   |   |   |   |   |   |   |--- Wind_Speed >  3.24
|   |   |   |   |   |   |   |   |--- Altitude <= 1927.00
|   |   |   |   |   |   |   |   |   |--- value: [8.14]
|   |   |   |   |   |   |   |   |--- Altitude >  1927.00
|   |   |   |   |   |   |   |   |   |--- value: [8.55]
|   |   |   |   |   |--- Fertilizer_Used >  158.36
|   |   |   |   |   |   |--- Pesticide_Used <= 15.37
|   |   |   |   |   |   |   |--- P <= 53.00
|   |   |   |   |   |   |   |   |--- Fertilizer_Used <= 187.96
|   |   |   |   |   |   |   |   |   |--- value: [9.52]
|   |   |   |   |   |   |   |   |--- Fertilizer_Used >  187.96
|   |   |   |   |   |   |   |   |   |--- value: [8.91]
|   |   |   |   |   |   |   |--- P >  53.00
|   |   |   |   |   |   |   |   |--- Humidity <= 46.31
|   |   |   |   |   |   |   |   |   |--- value: [10.70]
|   |   |   |   |   |   |   |   |--- Humidity >  46.31
|   |   |   |   |   |   |   |   |   |--- value: [10.25]
|   |   |   |   |   |   |--- Pesticide_Used >  15.37
|   |   |   |   |   |   |   |--- Rainfall <= 2041.77
|   |   |   |   |   |   |   |   |--- Irrigation_Type <= 0.50
|   |   |   |   |   |   |   |   |   |--- value: [11.13]
|   |   |   |   |   |   |   |   |--- Irrigation_Type >  0.50
|   |   |   |   |   |   |   |   |   |--- value: [10.64]
|   |   |   |   |   |   |   |--- Rainfall >  2041.77
|   |   |   |   |   |   |   |   |--- Humidity <= 51.97
|   |   |   |   |   |   |   |   |   |--- value: [11.52]
|   |   |   |   |   |   |   |   |--- Humidity >  51.97
|   |   |   |   |   |   |   |   |   |--- value: [11.44]
|   |   |   |--- N >  138.50
|   |   |   |   |--- Humidity <= 36.51
|   |   |   |   |   |--- Region <= 2.00
|   |   |   |   |   |   |--- value: [7.51]
|   |   |   |   |   |--- Region >  2.00
|   |   |   |   |   |   |--- Temperature <= 20.53
|   |   |   |   |   |   |   |--- value: [8.79]
|   |   |   |   |   |   |--- Temperature >  20.53
|   |   |   |   |   |   |   |--- Soil_Moisture <= 26.21
|   |   |   |   |   |   |   |   |--- value: [8.40]
|   |   |   |   |   |   |   |--- Soil_Moisture >  26.21
|   |   |   |   |   |   |   |   |--- value: [8.12]
|   |   |   |   |--- Humidity >  36.51
|   |   |   |   |   |--- Pesticide_Used <= 16.78
|   |   |   |   |   |   |--- Region <= 1.50
|   |   |   |   |   |   |   |--- Sunlight_Hours <= 5.24
|   |   |   |   |   |   |   |   |--- Soil_Moisture <= 47.03
|   |   |   |   |   |   |   |   |   |--- value: [10.82]
|   |   |   |   |   |   |   |   |--- Soil_Moisture >  47.03
|   |   |   |   |   |   |   |   |   |--- value: [11.17]
|   |   |   |   |   |   |   |--- Sunlight_Hours >  5.24
|   |   |   |   |   |   |   |   |--- K <= 124.00
|   |   |   |   |   |   |   |   |   |--- value: [9.47]
|   |   |   |   |   |   |   |   |--- K >  124.00
|   |   |   |   |   |   |   |   |   |--- value: [10.35]
|   |   |   |   |   |   |--- Region >  1.50
|   |   |   |   |   |   |   |--- Fertilizer_Used <= 132.29
|   |   |   |   |   |   |   |   |--- Soil_Moisture <= 54.89
|   |   |   |   |   |   |   |   |   |--- value: [9.83]
|   |   |   |   |   |   |   |   |--- Soil_Moisture >  54.89
|   |   |   |   |   |   |   |   |   |--- value: [10.90]
|   |   |   |   |   |   |   |--- Fertilizer_Used >  132.29
|   |   |   |   |   |   |   |   |--- Altitude <= 575.00
|   |   |   |   |   |   |   |   |   |--- value: [10.47]
|   |   |   |   |   |   |   |   |--- Altitude >  575.00
|   |   |   |   |   |   |   |   |   |--- value: [11.60]
|   |   |   |   |   |--- Pesticide_Used >  16.78
|   |   |   |   |   |   |--- Soil_Moisture <= 37.52
|   |   |   |   |   |   |   |--- Organic_Carbon <= 1.30
|   |   |   |   |   |   |   |   |--- Sunlight_Hours <= 7.09
|   |   |   |   |   |   |   |   |   |--- value: [8.13]
|   |   |   |   |   |   |   |   |--- Sunlight_Hours >  7.09
|   |   |   |   |   |   |   |   |   |--- value: [8.38]
|   |   |   |   |   |   |   |--- Organic_Carbon >  1.30
|   |   |   |   |   |   |   |   |--- K <= 88.00
|   |   |   |   |   |   |   |   |   |--- value: [9.48]
|   |   |   |   |   |   |   |   |--- K >  88.00
|   |   |   |   |   |   |   |   |   |--- value: [10.11]
|   |   |   |   |   |   |--- Soil_Moisture >  37.52
|   |   |   |   |   |   |   |--- Pesticide_Used <= 22.80
|   |   |   |   |   |   |   |   |--- Wind_Speed <= 11.82
|   |   |   |   |   |   |   |   |   |--- value: [9.41]
|   |   |   |   |   |   |   |   |--- Wind_Speed >  11.82
|   |   |   |   |   |   |   |   |   |--- value: [9.96]
|   |   |   |   |   |   |   |--- Pesticide_Used >  22.80
|   |   |   |   |   |   |   |   |--- Rainfall <= 1781.35
|   |   |   |   |   |   |   |   |   |--- value: [11.09]
|   |   |   |   |   |   |   |   |--- Rainfall >  1781.35
|   |   |   |   |   |   |   |   |   |--- value: [10.38]
|   |   |--- Rainfall >  2229.69
|   |   |   |--- Fertilizer_Used <= 122.66
|   |   |   |   |--- Soil_Moisture <= 24.62
|   |   |   |   |   |--- Soil_pH <= 5.93
|   |   |   |   |   |   |--- Soil_Type <= 0.50
|   |   |   |   |   |   |   |--- value: [9.22]
|   |   |   |   |   |   |--- Soil_Type >  0.50
|   |   |   |   |   |   |   |--- Soil_Moisture <= 18.32
|   |   |   |   |   |   |   |   |--- value: [7.54]
|   |   |   |   |   |   |   |--- Soil_Moisture >  18.32
|   |   |   |   |   |   |   |   |--- Sunlight_Hours <= 5.83
|   |   |   |   |   |   |   |   |   |--- value: [8.50]
|   |   |   |   |   |   |   |   |--- Sunlight_Hours >  5.83
|   |   |   |   |   |   |   |   |   |--- value: [8.05]
|   |   |   |   |   |--- Soil_pH >  5.93
|   |   |   |   |   |   |--- Rainfall <= 2665.80
|   |   |   |   |   |   |   |--- Soil_pH <= 7.42
|   |   |   |   |   |   |   |   |--- Season <= 0.50
|   |   |   |   |   |   |   |   |   |--- value: [9.58]
|   |   |   |   |   |   |   |   |--- Season >  0.50
|   |   |   |   |   |   |   |   |   |--- value: [9.82]
|   |   |   |   |   |   |   |--- Soil_pH >  7.42
|   |   |   |   |   |   |   |   |--- Soil_pH <= 7.68
|   |   |   |   |   |   |   |   |   |--- value: [9.38]
|   |   |   |   |   |   |   |   |--- Soil_pH >  7.68
|   |   |   |   |   |   |   |   |   |--- value: [9.27]
|   |   |   |   |   |   |--- Rainfall >  2665.80
|   |   |   |   |   |   |   |--- value: [8.00]
|   |   |   |   |--- Soil_Moisture >  24.62
|   |   |   |   |   |--- Soil_Moisture <= 62.17
|   |   |   |   |   |   |--- Humidity <= 89.56
|   |   |   |   |   |   |   |--- Temperature <= 35.65
|   |   |   |   |   |   |   |   |--- K <= 44.50
|   |   |   |   |   |   |   |   |   |--- value: [8.92]
|   |   |   |   |   |   |   |   |--- K >  44.50
|   |   |   |   |   |   |   |   |   |--- value: [9.81]
|   |   |   |   |   |   |   |--- Temperature >  35.65
|   |   |   |   |   |   |   |   |--- Altitude <= 1106.00
|   |   |   |   |   |   |   |   |   |--- value: [11.14]
|   |   |   |   |   |   |   |   |--- Altitude >  1106.00
|   |   |   |   |   |   |   |   |   |--- value: [9.25]
|   |   |   |   |   |   |--- Humidity >  89.56
|   |   |   |   |   |   |   |--- value: [12.36]
|   |   |   |   |   |--- Soil_Moisture >  62.17
|   |   |   |   |   |   |--- value: [12.45]
|   |   |   |--- Fertilizer_Used >  122.66
|   |   |   |   |--- Soil_pH <= 7.89
|   |   |   |   |   |--- Wind_Speed <= 6.30
|   |   |   |   |   |   |--- P <= 45.50
|   |   |   |   |   |   |   |--- Sunlight_Hours <= 6.57
|   |   |   |   |   |   |   |   |--- Organic_Carbon <= 1.26
|   |   |   |   |   |   |   |   |   |--- value: [10.22]
|   |   |   |   |   |   |   |   |--- Organic_Carbon >  1.26
|   |   |   |   |   |   |   |   |   |--- value: [9.50]
|   |   |   |   |   |   |   |--- Sunlight_Hours >  6.57
|   |   |   |   |   |   |   |   |--- Pesticide_Used <= 13.38
|   |   |   |   |   |   |   |   |   |--- value: [11.67]
|   |   |   |   |   |   |   |   |--- Pesticide_Used >  13.38
|   |   |   |   |   |   |   |   |   |--- value: [10.96]
|   |   |   |   |   |   |--- P >  45.50
|   |   |   |   |   |   |   |--- Sunlight_Hours <= 8.30
|   |   |   |   |   |   |   |   |--- Soil_pH <= 6.65
|   |   |   |   |   |   |   |   |   |--- value: [12.93]
|   |   |   |   |   |   |   |   |--- Soil_pH >  6.65
|   |   |   |   |   |   |   |   |   |--- value: [14.32]
|   |   |   |   |   |   |   |--- Sunlight_Hours >  8.30
|   |   |   |   |   |   |   |   |--- N <= 58.50
|   |   |   |   |   |   |   |   |   |--- value: [11.15]
|   |   |   |   |   |   |   |   |--- N >  58.50
|   |   |   |   |   |   |   |   |   |--- value: [12.54]
|   |   |   |   |   |--- Wind_Speed >  6.30
|   |   |   |   |   |   |--- Pesticide_Used <= 13.69
|   |   |   |   |   |   |   |--- Humidity <= 54.03
|   |   |   |   |   |   |   |   |--- Sunlight_Hours <= 8.57
|   |   |   |   |   |   |   |   |   |--- value: [10.17]
|   |   |   |   |   |   |   |   |--- Sunlight_Hours >  8.57
|   |   |   |   |   |   |   |   |   |--- value: [11.08]
|   |   |   |   |   |   |   |--- Humidity >  54.03
|   |   |   |   |   |   |   |   |--- Fertilizer_Used <= 158.86
|   |   |   |   |   |   |   |   |   |--- value: [9.49]
|   |   |   |   |   |   |   |   |--- Fertilizer_Used >  158.86
|   |   |   |   |   |   |   |   |   |--- value: [10.19]
|   |   |   |   |   |   |--- Pesticide_Used >  13.69
|   |   |   |   |   |   |   |--- K <= 102.50
|   |   |   |   |   |   |   |   |--- Soil_pH <= 5.49
|   |   |   |   |   |   |   |   |   |--- value: [9.90]
|   |   |   |   |   |   |   |   |--- Soil_pH >  5.49
|   |   |   |   |   |   |   |   |   |--- value: [11.03]
|   |   |   |   |   |   |   |--- K >  102.50
|   |   |   |   |   |   |   |   |--- Pesticide_Used <= 21.40
|   |   |   |   |   |   |   |   |   |--- value: [11.91]
|   |   |   |   |   |   |   |   |--- Pesticide_Used >  21.40
|   |   |   |   |   |   |   |   |   |--- value: [13.39]
|   |   |   |   |--- Soil_pH >  7.89
|   |   |   |   |   |--- Soil_Type <= 0.50
|   |   |   |   |   |   |--- value: [9.15]
|   |   |   |   |   |--- Soil_Type >  0.50
|   |   |   |   |   |   |--- value: [6.81]
|--- Fertilizer_Used >  192.35
|   |--- Rainfall <= 1543.99
|   |   |--- Soil_Moisture <= 40.90
|   |   |   |--- Fertilizer_Used <= 270.36
|   |   |   |   |--- Soil_Moisture <= 22.70
|   |   |   |   |   |--- Humidity <= 86.12
|   |   |   |   |   |   |--- Organic_Carbon <= 1.52
|   |   |   |   |   |   |   |--- P <= 45.50
|   |   |   |   |   |   |   |   |--- Sunlight_Hours <= 5.38
|   |   |   |   |   |   |   |   |   |--- value: [8.23]
|   |   |   |   |   |   |   |   |--- Sunlight_Hours >  5.38
|   |   |   |   |   |   |   |   |   |--- value: [8.54]
|   |   |   |   |   |   |   |--- P >  45.50
|   |   |   |   |   |   |   |   |--- K <= 87.00
|   |   |   |   |   |   |   |   |   |--- value: [8.16]
|   |   |   |   |   |   |   |   |--- K >  87.00
|   |   |   |   |   |   |   |   |   |--- value: [7.84]
|   |   |   |   |   |   |--- Organic_Carbon >  1.52
|   |   |   |   |   |   |   |--- value: [9.40]
|   |   |   |   |   |--- Humidity >  86.12
|   |   |   |   |   |   |--- value: [10.03]
|   |   |   |   |--- Soil_Moisture >  22.70
|   |   |   |   |   |--- Rainfall <= 808.17
|   |   |   |   |   |   |--- Region <= 0.50
|   |   |   |   |   |   |   |--- Pesticide_Used <= 17.72
|   |   |   |   |   |   |   |   |--- Soil_Moisture <= 27.13
|   |   |   |   |   |   |   |   |   |--- value: [10.59]
|   |   |   |   |   |   |   |   |--- Soil_Moisture >  27.13
|   |   |   |   |   |   |   |   |   |--- value: [11.33]
|   |   |   |   |   |   |   |--- Pesticide_Used >  17.72
|   |   |   |   |   |   |   |   |--- Soil_pH <= 6.42
|   |   |   |   |   |   |   |   |   |--- value: [8.53]
|   |   |   |   |   |   |   |   |--- Soil_pH >  6.42
|   |   |   |   |   |   |   |   |   |--- value: [8.81]
|   |   |   |   |   |   |--- Region >  0.50
|   |   |   |   |   |   |   |--- K <= 145.50
|   |   |   |   |   |   |   |   |--- Organic_Carbon <= 1.08
|   |   |   |   |   |   |   |   |   |--- value: [8.93]
|   |   |   |   |   |   |   |   |--- Organic_Carbon >  1.08
|   |   |   |   |   |   |   |   |   |--- value: [8.18]
|   |   |   |   |   |   |   |--- K >  145.50
|   |   |   |   |   |   |   |   |--- value: [10.98]
|   |   |   |   |   |--- Rainfall >  808.17
|   |   |   |   |   |   |--- N <= 41.00
|   |   |   |   |   |   |   |--- Humidity <= 79.69
|   |   |   |   |   |   |   |   |--- Fertilizer_Used <= 215.38
|   |   |   |   |   |   |   |   |   |--- value: [8.40]
|   |   |   |   |   |   |   |   |--- Fertilizer_Used >  215.38
|   |   |   |   |   |   |   |   |   |--- value: [8.79]
|   |   |   |   |   |   |   |--- Humidity >  79.69
|   |   |   |   |   |   |   |   |--- value: [7.01]
|   |   |   |   |   |   |--- N >  41.00
|   |   |   |   |   |   |   |--- Fertilizer_Used <= 232.81
|   |   |   |   |   |   |   |   |--- Humidity <= 67.31
|   |   |   |   |   |   |   |   |   |--- value: [10.93]
|   |   |   |   |   |   |   |   |--- Humidity >  67.31
|   |   |   |   |   |   |   |   |   |--- value: [9.78]
|   |   |   |   |   |   |   |--- Fertilizer_Used >  232.81
|   |   |   |   |   |   |   |   |--- Soil_pH <= 6.78
|   |   |   |   |   |   |   |   |   |--- value: [9.96]
|   |   |   |   |   |   |   |   |--- Soil_pH >  6.78
|   |   |   |   |   |   |   |   |   |--- value: [8.85]
|   |   |   |--- Fertilizer_Used >  270.36
|   |   |   |   |--- Temperature <= 20.81
|   |   |   |   |   |--- Altitude <= 1381.50
|   |   |   |   |   |   |--- Region <= 3.50
|   |   |   |   |   |   |   |--- Rainfall <= 330.95
|   |   |   |   |   |   |   |   |--- Soil_Type <= 1.50
|   |   |   |   |   |   |   |   |   |--- value: [11.28]
|   |   |   |   |   |   |   |   |--- Soil_Type >  1.50
|   |   |   |   |   |   |   |   |   |--- value: [10.79]
|   |   |   |   |   |   |   |--- Rainfall >  330.95
|   |   |   |   |   |   |   |   |--- Soil_Moisture <= 34.23
|   |   |   |   |   |   |   |   |   |--- value: [8.91]
|   |   |   |   |   |   |   |   |--- Soil_Moisture >  34.23
|   |   |   |   |   |   |   |   |   |--- value: [10.01]
|   |   |   |   |   |   |--- Region >  3.50
|   |   |   |   |   |   |   |--- K <= 101.00
|   |   |   |   |   |   |   |   |--- Rainfall <= 1501.43
|   |   |   |   |   |   |   |   |   |--- value: [9.90]
|   |   |   |   |   |   |   |   |--- Rainfall >  1501.43
|   |   |   |   |   |   |   |   |   |--- value: [10.04]
|   |   |   |   |   |   |   |--- K >  101.00
|   |   |   |   |   |   |   |   |--- Fertilizer_Used <= 294.97
|   |   |   |   |   |   |   |   |   |--- value: [11.90]
|   |   |   |   |   |   |   |   |--- Fertilizer_Used >  294.97
|   |   |   |   |   |   |   |   |   |--- value: [10.88]
|   |   |   |   |   |--- Altitude >  1381.50
|   |   |   |   |   |   |--- Altitude <= 1450.50
|   |   |   |   |   |   |   |--- value: [7.12]
|   |   |   |   |   |   |--- Altitude >  1450.50
|   |   |   |   |   |   |   |--- Wind_Speed <= 4.42
|   |   |   |   |   |   |   |   |--- Wind_Speed <= 2.21
|   |   |   |   |   |   |   |   |   |--- value: [9.61]
|   |   |   |   |   |   |   |   |--- Wind_Speed >  2.21
|   |   |   |   |   |   |   |   |   |--- value: [9.37]
|   |   |   |   |   |   |   |--- Wind_Speed >  4.42
|   |   |   |   |   |   |   |   |--- Fertilizer_Used <= 279.45
|   |   |   |   |   |   |   |   |   |--- value: [8.72]
|   |   |   |   |   |   |   |   |--- Fertilizer_Used >  279.45
|   |   |   |   |   |   |   |   |   |--- value: [8.41]
|   |   |   |   |--- Temperature >  20.81
|   |   |   |   |   |--- Soil_pH <= 5.10
|   |   |   |   |   |   |--- N <= 82.00
|   |   |   |   |   |   |   |--- value: [7.22]
|   |   |   |   |   |   |--- N >  82.00
|   |   |   |   |   |   |   |--- value: [8.81]
|   |   |   |   |   |--- Soil_pH >  5.10
|   |   |   |   |   |   |--- Season <= 0.50
|   |   |   |   |   |   |   |--- K <= 29.50
|   |   |   |   |   |   |   |   |--- Rainfall <= 392.42
|   |   |   |   |   |   |   |   |   |--- value: [10.47]
|   |   |   |   |   |   |   |   |--- Rainfall >  392.42
|   |   |   |   |   |   |   |   |   |--- value: [10.02]
|   |   |   |   |   |   |   |--- K >  29.50
|   |   |   |   |   |   |   |   |--- Temperature <= 33.51
|   |   |   |   |   |   |   |   |   |--- value: [10.95]
|   |   |   |   |   |   |   |   |--- Temperature >  33.51
|   |   |   |   |   |   |   |   |   |--- value: [11.69]
|   |   |   |   |   |   |--- Season >  0.50
|   |   |   |   |   |   |   |--- Altitude <= 1420.50
|   |   |   |   |   |   |   |   |--- Fertilizer_Used <= 291.23
|   |   |   |   |   |   |   |   |   |--- value: [9.34]
|   |   |   |   |   |   |   |   |--- Fertilizer_Used >  291.23
|   |   |   |   |   |   |   |   |   |--- value: [10.17]
|   |   |   |   |   |   |   |--- Altitude >  1420.50
|   |   |   |   |   |   |   |   |--- Pesticide_Used <= 12.50
|   |   |   |   |   |   |   |   |   |--- value: [10.25]
|   |   |   |   |   |   |   |   |--- Pesticide_Used >  12.50
|   |   |   |   |   |   |   |   |   |--- value: [11.78]
|   |   |--- Soil_Moisture >  40.90
|   |   |   |--- Fertilizer_Used <= 310.64
|   |   |   |   |--- Rainfall <= 1086.36
|   |   |   |   |   |--- Fertilizer_Used <= 265.89
|   |   |   |   |   |   |--- Soil_pH <= 7.36
|   |   |   |   |   |   |   |--- Soil_Moisture <= 55.75
|   |   |   |   |   |   |   |   |--- Rainfall <= 921.76
|   |   |   |   |   |   |   |   |   |--- value: [9.45]
|   |   |   |   |   |   |   |   |--- Rainfall >  921.76
|   |   |   |   |   |   |   |   |   |--- value: [11.19]
|   |   |   |   |   |   |   |--- Soil_Moisture >  55.75
|   |   |   |   |   |   |   |   |--- Rainfall <= 908.24
|   |   |   |   |   |   |   |   |   |--- value: [10.81]
|   |   |   |   |   |   |   |   |--- Rainfall >  908.24
|   |   |   |   |   |   |   |   |   |--- value: [9.56]
|   |   |   |   |   |   |--- Soil_pH >  7.36
|   |   |   |   |   |   |   |--- K <= 55.00
|   |   |   |   |   |   |   |   |--- Soil_Moisture <= 57.44
|   |   |   |   |   |   |   |   |   |--- value: [8.64]
|   |   |   |   |   |   |   |   |--- Soil_Moisture >  57.44
|   |   |   |   |   |   |   |   |   |--- value: [7.77]
|   |   |   |   |   |   |   |--- K >  55.00
|   |   |   |   |   |   |   |   |--- Soil_Type <= 1.50
|   |   |   |   |   |   |   |   |   |--- value: [10.03]
|   |   |   |   |   |   |   |   |--- Soil_Type >  1.50
|   |   |   |   |   |   |   |   |   |--- value: [9.48]
|   |   |   |   |   |--- Fertilizer_Used >  265.89
|   |   |   |   |   |   |--- Organic_Carbon <= 0.68
|   |   |   |   |   |   |   |--- P <= 38.50
|   |   |   |   |   |   |   |   |--- Soil_Type <= 0.50
|   |   |   |   |   |   |   |   |   |--- value: [10.50]
|   |   |   |   |   |   |   |   |--- Soil_Type >  0.50
|   |   |   |   |   |   |   |   |   |--- value: [10.57]
|   |   |   |   |   |   |   |--- P >  38.50
|   |   |   |   |   |   |   |   |--- Region <= 1.50
|   |   |   |   |   |   |   |   |   |--- value: [8.90]
|   |   |   |   |   |   |   |   |--- Region >  1.50
|   |   |   |   |   |   |   |   |   |--- value: [9.34]
|   |   |   |   |   |   |--- Organic_Carbon >  0.68
|   |   |   |   |   |   |   |--- Soil_pH <= 6.58
|   |   |   |   |   |   |   |   |--- N <= 102.50
|   |   |   |   |   |   |   |   |   |--- value: [10.86]
|   |   |   |   |   |   |   |   |--- N >  102.50
|   |   |   |   |   |   |   |   |   |--- value: [11.69]
|   |   |   |   |   |   |   |--- Soil_pH >  6.58
|   |   |   |   |   |   |   |   |--- N <= 96.50
|   |   |   |   |   |   |   |   |   |--- value: [10.30]
|   |   |   |   |   |   |   |   |--- N >  96.50
|   |   |   |   |   |   |   |   |   |--- value: [10.83]
|   |   |   |   |--- Rainfall >  1086.36
|   |   |   |   |   |--- Pesticide_Used <= 20.84
|   |   |   |   |   |   |--- K <= 74.50
|   |   |   |   |   |   |   |--- Wind_Speed <= 16.40
|   |   |   |   |   |   |   |   |--- Soil_pH <= 5.22
|   |   |   |   |   |   |   |   |   |--- value: [10.01]
|   |   |   |   |   |   |   |   |--- Soil_pH >  5.22
|   |   |   |   |   |   |   |   |   |--- value: [11.13]
|   |   |   |   |   |   |   |--- Wind_Speed >  16.40
|   |   |   |   |   |   |   |   |--- Organic_Carbon <= 1.43
|   |   |   |   |   |   |   |   |   |--- value: [8.45]
|   |   |   |   |   |   |   |   |--- Organic_Carbon >  1.43
|   |   |   |   |   |   |   |   |   |--- value: [8.46]
|   |   |   |   |   |   |--- K >  74.50
|   |   |   |   |   |   |   |--- K <= 81.50
|   |   |   |   |   |   |   |   |--- Altitude <= 1993.00
|   |   |   |   |   |   |   |   |   |--- value: [11.96]
|   |   |   |   |   |   |   |   |--- Altitude >  1993.00
|   |   |   |   |   |   |   |   |   |--- value: [14.23]
|   |   |   |   |   |   |   |--- K >  81.50
|   |   |   |   |   |   |   |   |--- Humidity <= 39.34
|   |   |   |   |   |   |   |   |   |--- value: [12.62]
|   |   |   |   |   |   |   |   |--- Humidity >  39.34
|   |   |   |   |   |   |   |   |   |--- value: [11.01]
|   |   |   |   |   |--- Pesticide_Used >  20.84
|   |   |   |   |   |   |--- Humidity <= 54.94
|   |   |   |   |   |   |   |--- Altitude <= 444.50
|   |   |   |   |   |   |   |   |--- value: [11.42]
|   |   |   |   |   |   |   |--- Altitude >  444.50
|   |   |   |   |   |   |   |   |--- value: [11.46]
|   |   |   |   |   |   |--- Humidity >  54.94
|   |   |   |   |   |   |   |--- P <= 17.00
|   |   |   |   |   |   |   |   |--- value: [6.87]
|   |   |   |   |   |   |   |--- P >  17.00
|   |   |   |   |   |   |   |   |--- P <= 54.50
|   |   |   |   |   |   |   |   |   |--- value: [9.52]
|   |   |   |   |   |   |   |   |--- P >  54.50
|   |   |   |   |   |   |   |   |   |--- value: [8.62]
|   |   |   |--- Fertilizer_Used >  310.64
|   |   |   |   |--- Rainfall <= 900.24
|   |   |   |   |   |--- N <= 131.00
|   |   |   |   |   |   |--- Altitude <= 1562.50
|   |   |   |   |   |   |   |--- Soil_pH <= 5.32
|   |   |   |   |   |   |   |   |--- Region <= 0.50
|   |   |   |   |   |   |   |   |   |--- value: [9.12]
|   |   |   |   |   |   |   |   |--- Region >  0.50
|   |   |   |   |   |   |   |   |   |--- value: [9.70]
|   |   |   |   |   |   |   |--- Soil_pH >  5.32
|   |   |   |   |   |   |   |   |--- Fertilizer_Used <= 314.05
|   |   |   |   |   |   |   |   |   |--- value: [9.59]
|   |   |   |   |   |   |   |   |--- Fertilizer_Used >  314.05
|   |   |   |   |   |   |   |   |   |--- value: [10.62]
|   |   |   |   |   |   |--- Altitude >  1562.50
|   |   |   |   |   |   |   |--- Rainfall <= 686.09
|   |   |   |   |   |   |   |   |--- value: [11.27]
|   |   |   |   |   |   |   |--- Rainfall >  686.09
|   |   |   |   |   |   |   |   |--- value: [12.08]
|   |   |   |   |   |--- N >  131.00
|   |   |   |   |   |   |--- Wind_Speed <= 10.93
|   |   |   |   |   |   |   |--- Fertilizer_Used <= 337.29
|   |   |   |   |   |   |   |   |--- value: [12.28]
|   |   |   |   |   |   |   |--- Fertilizer_Used >  337.29
|   |   |   |   |   |   |   |   |--- value: [12.55]
|   |   |   |   |   |   |--- Wind_Speed >  10.93
|   |   |   |   |   |   |   |--- Humidity <= 66.74
|   |   |   |   |   |   |   |   |--- value: [12.71]
|   |   |   |   |   |   |   |--- Humidity >  66.74
|   |   |   |   |   |   |   |   |--- value: [12.99]
|   |   |   |   |--- Rainfall >  900.24
|   |   |   |   |   |--- Wind_Speed <= 9.06
|   |   |   |   |   |   |--- Rainfall <= 1340.24
|   |   |   |   |   |   |   |--- N <= 92.00
|   |   |   |   |   |   |   |   |--- Organic_Carbon <= 1.25
|   |   |   |   |   |   |   |   |   |--- value: [12.59]
|   |   |   |   |   |   |   |   |--- Organic_Carbon >  1.25
|   |   |   |   |   |   |   |   |   |--- value: [12.92]
|   |   |   |   |   |   |   |--- N >  92.00
|   |   |   |   |   |   |   |   |--- Soil_Type <= 1.00
|   |   |   |   |   |   |   |   |   |--- value: [13.43]
|   |   |   |   |   |   |   |   |--- Soil_Type >  1.00
|   |   |   |   |   |   |   |   |   |--- value: [13.10]
|   |   |   |   |   |   |--- Rainfall >  1340.24
|   |   |   |   |   |   |   |--- Region <= 3.50
|   |   |   |   |   |   |   |   |--- Region <= 2.50
|   |   |   |   |   |   |   |   |   |--- value: [12.30]
|   |   |   |   |   |   |   |   |--- Region >  2.50
|   |   |   |   |   |   |   |   |   |--- value: [11.93]
|   |   |   |   |   |   |   |--- Region >  3.50
|   |   |   |   |   |   |   |   |--- value: [11.23]
|   |   |   |   |   |--- Wind_Speed >  9.06
|   |   |   |   |   |   |--- K <= 56.50
|   |   |   |   |   |   |   |--- Organic_Carbon <= 1.00
|   |   |   |   |   |   |   |   |--- value: [11.70]
|   |   |   |   |   |   |   |--- Organic_Carbon >  1.00
|   |   |   |   |   |   |   |   |--- value: [11.42]
|   |   |   |   |   |   |--- K >  56.50
|   |   |   |   |   |   |   |--- Wind_Speed <= 17.12
|   |   |   |   |   |   |   |   |--- Pesticide_Used <= 6.89
|   |   |   |   |   |   |   |   |   |--- value: [10.84]
|   |   |   |   |   |   |   |   |--- Pesticide_Used >  6.89
|   |   |   |   |   |   |   |   |   |--- value: [10.94]
|   |   |   |   |   |   |   |--- Wind_Speed >  17.12
|   |   |   |   |   |   |   |   |--- value: [11.09]
|   |--- Rainfall >  1543.99
|   |   |--- Soil_Moisture <= 53.39
|   |   |   |--- Fertilizer_Used <= 305.41
|   |   |   |   |--- Rainfall <= 2342.63
|   |   |   |   |   |--- Wind_Speed <= 14.06
|   |   |   |   |   |   |--- Altitude <= 2045.50
|   |   |   |   |   |   |   |--- Temperature <= 17.45
|   |   |   |   |   |   |   |   |--- Soil_pH <= 7.14
|   |   |   |   |   |   |   |   |   |--- value: [12.34]
|   |   |   |   |   |   |   |   |--- Soil_pH >  7.14
|   |   |   |   |   |   |   |   |   |--- value: [10.61]
|   |   |   |   |   |   |   |--- Temperature >  17.45
|   |   |   |   |   |   |   |   |--- Fertilizer_Used <= 289.30
|   |   |   |   |   |   |   |   |   |--- value: [10.27]
|   |   |   |   |   |   |   |   |--- Fertilizer_Used >  289.30
|   |   |   |   |   |   |   |   |   |--- value: [11.19]
|   |   |   |   |   |   |--- Altitude >  2045.50
|   |   |   |   |   |   |   |--- Rainfall <= 2147.62
|   |   |   |   |   |   |   |   |--- P <= 68.50
|   |   |   |   |   |   |   |   |   |--- value: [12.29]
|   |   |   |   |   |   |   |   |--- P >  68.50
|   |   |   |   |   |   |   |   |   |--- value: [12.98]
|   |   |   |   |   |   |   |--- Rainfall >  2147.62
|   |   |   |   |   |   |   |   |--- Altitude <= 2173.00
|   |   |   |   |   |   |   |   |   |--- value: [11.10]
|   |   |   |   |   |   |   |   |--- Altitude >  2173.00
|   |   |   |   |   |   |   |   |   |--- value: [11.75]
|   |   |   |   |   |--- Wind_Speed >  14.06
|   |   |   |   |   |   |--- N <= 130.50
|   |   |   |   |   |   |   |--- Temperature <= 16.21
|   |   |   |   |   |   |   |   |--- K <= 75.00
|   |   |   |   |   |   |   |   |   |--- value: [6.60]
|   |   |   |   |   |   |   |   |--- K >  75.00
|   |   |   |   |   |   |   |   |   |--- value: [8.54]
|   |   |   |   |   |   |   |--- Temperature >  16.21
|   |   |   |   |   |   |   |   |--- Pesticide_Used <= 3.34
|   |   |   |   |   |   |   |   |   |--- value: [10.71]
|   |   |   |   |   |   |   |   |--- Pesticide_Used >  3.34
|   |   |   |   |   |   |   |   |   |--- value: [9.31]
|   |   |   |   |   |   |--- N >  130.50
|   |   |   |   |   |   |   |--- Altitude <= 863.50
|   |   |   |   |   |   |   |   |--- P <= 72.50
|   |   |   |   |   |   |   |   |   |--- value: [10.18]
|   |   |   |   |   |   |   |   |--- P >  72.50
|   |   |   |   |   |   |   |   |   |--- value: [8.68]
|   |   |   |   |   |   |   |--- Altitude >  863.50
|   |   |   |   |   |   |   |   |--- Organic_Carbon <= 1.32
|   |   |   |   |   |   |   |   |   |--- value: [11.99]
|   |   |   |   |   |   |   |   |--- Organic_Carbon >  1.32
|   |   |   |   |   |   |   |   |   |--- value: [10.77]
|   |   |   |   |--- Rainfall >  2342.63
|   |   |   |   |   |--- Soil_Moisture <= 45.38
|   |   |   |   |   |   |--- Humidity <= 39.09
|   |   |   |   |   |   |   |--- Soil_pH <= 6.38
|   |   |   |   |   |   |   |   |--- Soil_pH <= 5.55
|   |   |   |   |   |   |   |   |   |--- value: [8.44]
|   |   |   |   |   |   |   |   |--- Soil_pH >  5.55
|   |   |   |   |   |   |   |   |   |--- value: [8.66]
|   |   |   |   |   |   |   |--- Soil_pH >  6.38
|   |   |   |   |   |   |   |   |--- Wind_Speed <= 13.30
|   |   |   |   |   |   |   |   |   |--- value: [11.00]
|   |   |   |   |   |   |   |   |--- Wind_Speed >  13.30
|   |   |   |   |   |   |   |   |   |--- value: [10.71]
|   |   |   |   |   |   |--- Humidity >  39.09
|   |   |   |   |   |   |   |--- Wind_Speed <= 5.76
|   |   |   |   |   |   |   |   |--- Humidity <= 77.56
|   |   |   |   |   |   |   |   |   |--- value: [12.23]
|   |   |   |   |   |   |   |   |--- Humidity >  77.56
|   |   |   |   |   |   |   |   |   |--- value: [11.22]
|   |   |   |   |   |   |   |--- Wind_Speed >  5.76
|   |   |   |   |   |   |   |   |--- Organic_Carbon <= 0.94
|   |   |   |   |   |   |   |   |   |--- value: [11.54]
|   |   |   |   |   |   |   |   |--- Organic_Carbon >  0.94
|   |   |   |   |   |   |   |   |   |--- value: [10.67]
|   |   |   |   |   |--- Soil_Moisture >  45.38
|   |   |   |   |   |   |--- N <= 171.50
|   |   |   |   |   |   |   |--- Organic_Carbon <= 0.51
|   |   |   |   |   |   |   |   |--- Wind_Speed <= 7.22
|   |   |   |   |   |   |   |   |   |--- value: [12.25]
|   |   |   |   |   |   |   |   |--- Wind_Speed >  7.22
|   |   |   |   |   |   |   |   |   |--- value: [11.27]
|   |   |   |   |   |   |   |--- Organic_Carbon >  0.51
|   |   |   |   |   |   |   |   |--- Humidity <= 77.77
|   |   |   |   |   |   |   |   |   |--- value: [13.19]
|   |   |   |   |   |   |   |   |--- Humidity >  77.77
|   |   |   |   |   |   |   |   |   |--- value: [12.22]
|   |   |   |   |   |   |--- N >  171.50
|   |   |   |   |   |   |   |--- Organic_Carbon <= 0.86
|   |   |   |   |   |   |   |   |--- value: [11.71]
|   |   |   |   |   |   |   |--- Organic_Carbon >  0.86
|   |   |   |   |   |   |   |   |--- value: [10.62]
|   |   |   |--- Fertilizer_Used >  305.41
|   |   |   |   |--- Rainfall <= 2115.11
|   |   |   |   |   |--- Pesticide_Used <= 4.27
|   |   |   |   |   |   |--- Temperature <= 22.55
|   |   |   |   |   |   |   |--- Pesticide_Used <= 0.98
|   |   |   |   |   |   |   |   |--- Soil_Type <= 2.00
|   |   |   |   |   |   |   |   |   |--- value: [10.87]
|   |   |   |   |   |   |   |   |--- Soil_Type >  2.00
|   |   |   |   |   |   |   |   |   |--- value: [11.29]
|   |   |   |   |   |   |   |--- Pesticide_Used >  0.98
|   |   |   |   |   |   |   |   |--- Soil_Moisture <= 31.21
|   |   |   |   |   |   |   |   |   |--- value: [11.98]
|   |   |   |   |   |   |   |   |--- Soil_Moisture >  31.21
|   |   |   |   |   |   |   |   |   |--- value: [11.59]
|   |   |   |   |   |   |--- Temperature >  22.55
|   |   |   |   |   |   |   |--- Soil_Type <= 1.50
|   |   |   |   |   |   |   |   |--- Organic_Carbon <= 1.02
|   |   |   |   |   |   |   |   |   |--- value: [13.15]
|   |   |   |   |   |   |   |   |--- Organic_Carbon >  1.02
|   |   |   |   |   |   |   |   |   |--- value: [13.52]
|   |   |   |   |   |   |   |--- Soil_Type >  1.50
|   |   |   |   |   |   |   |   |--- Irrigation_Type <= 0.50
|   |   |   |   |   |   |   |   |   |--- value: [12.55]
|   |   |   |   |   |   |   |   |--- Irrigation_Type >  0.50
|   |   |   |   |   |   |   |   |   |--- value: [12.55]
|   |   |   |   |   |--- Pesticide_Used >  4.27
|   |   |   |   |   |   |--- Wind_Speed <= 4.81
|   |   |   |   |   |   |   |--- Temperature <= 31.14
|   |   |   |   |   |   |   |   |--- N <= 95.00
|   |   |   |   |   |   |   |   |   |--- value: [10.58]
|   |   |   |   |   |   |   |   |--- N >  95.00
|   |   |   |   |   |   |   |   |   |--- value: [11.12]
|   |   |   |   |   |   |   |--- Temperature >  31.14
|   |   |   |   |   |   |   |   |--- Sunlight_Hours <= 6.61
|   |   |   |   |   |   |   |   |   |--- value: [9.91]
|   |   |   |   |   |   |   |   |--- Sunlight_Hours >  6.61
|   |   |   |   |   |   |   |   |   |--- value: [9.66]
|   |   |   |   |   |   |--- Wind_Speed >  4.81
|   |   |   |   |   |   |   |--- Pesticide_Used <= 22.26
|   |   |   |   |   |   |   |   |--- Pesticide_Used <= 15.15
|   |   |   |   |   |   |   |   |   |--- value: [11.67]
|   |   |   |   |   |   |   |   |--- Pesticide_Used >  15.15
|   |   |   |   |   |   |   |   |   |--- value: [10.91]
|   |   |   |   |   |   |   |--- Pesticide_Used >  22.26
|   |   |   |   |   |   |   |   |--- value: [12.90]
|   |   |   |   |--- Rainfall >  2115.11
|   |   |   |   |   |--- Soil_Moisture <= 32.45
|   |   |   |   |   |   |--- Rainfall <= 2475.67
|   |   |   |   |   |   |   |--- N <= 120.00
|   |   |   |   |   |   |   |   |--- N <= 94.00
|   |   |   |   |   |   |   |   |   |--- value: [11.70]
|   |   |   |   |   |   |   |   |--- N >  94.00
|   |   |   |   |   |   |   |   |   |--- value: [12.46]
|   |   |   |   |   |   |   |--- N >  120.00
|   |   |   |   |   |   |   |   |--- Wind_Speed <= 12.77
|   |   |   |   |   |   |   |   |   |--- value: [13.57]
|   |   |   |   |   |   |   |   |--- Wind_Speed >  12.77
|   |   |   |   |   |   |   |   |   |--- value: [12.94]
|   |   |   |   |   |   |--- Rainfall >  2475.67
|   |   |   |   |   |   |   |--- Organic_Carbon <= 0.52
|   |   |   |   |   |   |   |   |--- Sunlight_Hours <= 10.29
|   |   |   |   |   |   |   |   |   |--- value: [10.11]
|   |   |   |   |   |   |   |   |--- Sunlight_Hours >  10.29
|   |   |   |   |   |   |   |   |   |--- value: [11.07]
|   |   |   |   |   |   |   |--- Organic_Carbon >  0.52
|   |   |   |   |   |   |   |   |--- Altitude <= 1343.50
|   |   |   |   |   |   |   |   |   |--- value: [11.68]
|   |   |   |   |   |   |   |   |--- Altitude >  1343.50
|   |   |   |   |   |   |   |   |   |--- value: [10.81]
|   |   |   |   |   |--- Soil_Moisture >  32.45
|   |   |   |   |   |   |--- P <= 71.50
|   |   |   |   |   |   |   |--- Sunlight_Hours <= 8.11
|   |   |   |   |   |   |   |   |--- Sunlight_Hours <= 7.05
|   |   |   |   |   |   |   |   |   |--- value: [12.65]
|   |   |   |   |   |   |   |   |--- Sunlight_Hours >  7.05
|   |   |   |   |   |   |   |   |   |--- value: [12.06]
|   |   |   |   |   |   |   |--- Sunlight_Hours >  8.11
|   |   |   |   |   |   |   |   |--- Altitude <= 991.50
|   |   |   |   |   |   |   |   |   |--- value: [14.39]
|   |   |   |   |   |   |   |   |--- Altitude >  991.50
|   |   |   |   |   |   |   |   |   |--- value: [13.12]
|   |   |   |   |   |   |--- P >  71.50
|   |   |   |   |   |   |   |--- Region <= 3.00
|   |   |   |   |   |   |   |   |--- Soil_pH <= 6.54
|   |   |   |   |   |   |   |   |   |--- value: [11.82]
|   |   |   |   |   |   |   |   |--- Soil_pH >  6.54
|   |   |   |   |   |   |   |   |   |--- value: [11.67]
|   |   |   |   |   |   |   |--- Region >  3.00
|   |   |   |   |   |   |   |   |--- value: [11.06]
|   |   |--- Soil_Moisture >  53.39
|   |   |   |--- Fertilizer_Used <= 233.66
|   |   |   |   |--- Rainfall <= 2227.21
|   |   |   |   |   |--- Altitude <= 1037.00
|   |   |   |   |   |   |--- Humidity <= 51.96
|   |   |   |   |   |   |   |--- Season <= 0.50
|   |   |   |   |   |   |   |   |--- value: [10.33]
|   |   |   |   |   |   |   |--- Season >  0.50
|   |   |   |   |   |   |   |   |--- Temperature <= 13.72
|   |   |   |   |   |   |   |   |   |--- value: [9.44]
|   |   |   |   |   |   |   |   |--- Temperature >  13.72
|   |   |   |   |   |   |   |   |   |--- value: [9.61]
|   |   |   |   |   |   |--- Humidity >  51.96
|   |   |   |   |   |   |   |--- Rainfall <= 1807.02
|   |   |   |   |   |   |   |   |--- value: [10.05]
|   |   |   |   |   |   |   |--- Rainfall >  1807.02
|   |   |   |   |   |   |   |   |--- Altitude <= 487.00
|   |   |   |   |   |   |   |   |   |--- value: [10.82]
|   |   |   |   |   |   |   |   |--- Altitude >  487.00
|   |   |   |   |   |   |   |   |   |--- value: [10.53]
|   |   |   |   |   |--- Altitude >  1037.00
|   |   |   |   |   |   |--- P <= 96.00
|   |   |   |   |   |   |   |--- Irrigation_Type <= 1.50
|   |   |   |   |   |   |   |   |--- value: [11.22]
|   |   |   |   |   |   |   |--- Irrigation_Type >  1.50
|   |   |   |   |   |   |   |   |--- Temperature <= 18.76
|   |   |   |   |   |   |   |   |   |--- value: [11.86]
|   |   |   |   |   |   |   |   |--- Temperature >  18.76
|   |   |   |   |   |   |   |   |   |--- value: [11.64]
|   |   |   |   |   |   |--- P >  96.00
|   |   |   |   |   |   |   |--- value: [12.74]
|   |   |   |   |--- Rainfall >  2227.21
|   |   |   |   |   |--- Soil_pH <= 5.66
|   |   |   |   |   |   |--- P <= 60.50
|   |   |   |   |   |   |   |--- value: [13.79]
|   |   |   |   |   |   |--- P >  60.50
|   |   |   |   |   |   |   |--- value: [13.00]
|   |   |   |   |   |--- Soil_pH >  5.66
|   |   |   |   |   |   |--- P <= 45.00
|   |   |   |   |   |   |   |--- Soil_pH <= 6.63
|   |   |   |   |   |   |   |   |--- Altitude <= 1276.00
|   |   |   |   |   |   |   |   |   |--- value: [11.84]
|   |   |   |   |   |   |   |   |--- Altitude >  1276.00
|   |   |   |   |   |   |   |   |   |--- value: [11.69]
|   |   |   |   |   |   |   |--- Soil_pH >  6.63
|   |   |   |   |   |   |   |   |--- Soil_pH <= 7.24
|   |   |   |   |   |   |   |   |   |--- value: [12.87]
|   |   |   |   |   |   |   |   |--- Soil_pH >  7.24
|   |   |   |   |   |   |   |   |   |--- value: [12.30]
|   |   |   |   |   |   |--- P >  45.00
|   |   |   |   |   |   |   |--- Rainfall <= 2339.57
|   |   |   |   |   |   |   |   |--- Irrigation_Type <= 1.50
|   |   |   |   |   |   |   |   |   |--- value: [11.66]
|   |   |   |   |   |   |   |   |--- Irrigation_Type >  1.50
|   |   |   |   |   |   |   |   |   |--- value: [11.97]
|   |   |   |   |   |   |   |--- Rainfall >  2339.57
|   |   |   |   |   |   |   |   |--- Humidity <= 37.21
|   |   |   |   |   |   |   |   |   |--- value: [11.00]
|   |   |   |   |   |   |   |   |--- Humidity >  37.21
|   |   |   |   |   |   |   |   |   |--- value: [11.18]
|   |   |   |--- Fertilizer_Used >  233.66
|   |   |   |   |--- N <= 111.50
|   |   |   |   |   |--- Temperature <= 11.69
|   |   |   |   |   |   |--- Season <= 1.50
|   |   |   |   |   |   |   |--- value: [15.60]
|   |   |   |   |   |   |--- Season >  1.50
|   |   |   |   |   |   |   |--- value: [13.49]
|   |   |   |   |   |--- Temperature >  11.69
|   |   |   |   |   |   |--- Altitude <= 1859.50
|   |   |   |   |   |   |   |--- Sunlight_Hours <= 5.37
|   |   |   |   |   |   |   |   |--- Organic_Carbon <= 1.42
|   |   |   |   |   |   |   |   |   |--- value: [10.74]
|   |   |   |   |   |   |   |   |--- Organic_Carbon >  1.42
|   |   |   |   |   |   |   |   |   |--- value: [10.30]
|   |   |   |   |   |   |   |--- Sunlight_Hours >  5.37
|   |   |   |   |   |   |   |   |--- Rainfall <= 2350.85
|   |   |   |   |   |   |   |   |   |--- value: [11.64]
|   |   |   |   |   |   |   |   |--- Rainfall >  2350.85
|   |   |   |   |   |   |   |   |   |--- value: [12.40]
|   |   |   |   |   |   |--- Altitude >  1859.50
|   |   |   |   |   |   |   |--- N <= 50.50
|   |   |   |   |   |   |   |   |--- value: [12.14]
|   |   |   |   |   |   |   |--- N >  50.50
|   |   |   |   |   |   |   |   |--- Soil_pH <= 7.11
|   |   |   |   |   |   |   |   |   |--- value: [13.35]
|   |   |   |   |   |   |   |   |--- Soil_pH >  7.11
|   |   |   |   |   |   |   |   |   |--- value: [13.70]
|   |   |   |   |--- N >  111.50
|   |   |   |   |   |--- Rainfall <= 2288.98
|   |   |   |   |   |   |--- Rainfall <= 1963.75
|   |   |   |   |   |   |   |--- Wind_Speed <= 17.60
|   |   |   |   |   |   |   |   |--- Sunlight_Hours <= 5.08
|   |   |   |   |   |   |   |   |   |--- value: [12.78]
|   |   |   |   |   |   |   |   |--- Sunlight_Hours >  5.08
|   |   |   |   |   |   |   |   |   |--- value: [11.98]
|   |   |   |   |   |   |   |--- Wind_Speed >  17.60
|   |   |   |   |   |   |   |   |--- value: [13.61]
|   |   |   |   |   |   |--- Rainfall >  1963.75
|   |   |   |   |   |   |   |--- Fertilizer_Used <= 260.07
|   |   |   |   |   |   |   |   |--- value: [12.02]
|   |   |   |   |   |   |   |--- Fertilizer_Used >  260.07
|   |   |   |   |   |   |   |   |--- Fertilizer_Used <= 298.78
|   |   |   |   |   |   |   |   |   |--- value: [13.41]
|   |   |   |   |   |   |   |   |--- Fertilizer_Used >  298.78
|   |   |   |   |   |   |   |   |   |--- value: [12.87]
|   |   |   |   |   |--- Rainfall >  2288.98
|   |   |   |   |   |   |--- Temperature <= 30.08
|   |   |   |   |   |   |   |--- Altitude <= 86.00
|   |   |   |   |   |   |   |   |--- value: [13.80]
|   |   |   |   |   |   |   |--- Altitude >  86.00
|   |   |   |   |   |   |   |   |--- Soil_pH <= 7.21
|   |   |   |   |   |   |   |   |   |--- value: [13.14]
|   |   |   |   |   |   |   |   |--- Soil_pH >  7.21
|   |   |   |   |   |   |   |   |   |--- value: [12.79]
|   |   |   |   |   |   |--- Temperature >  30.08
|   |   |   |   |   |   |   |--- Organic_Carbon <= 0.90
|   |   |   |   |   |   |   |   |--- Altitude <= 1765.50
|   |   |   |   |   |   |   |   |   |--- value: [14.71]
|   |   |   |   |   |   |   |   |--- Altitude >  1765.50
|   |   |   |   |   |   |   |   |   |--- value: [13.95]
|   |   |   |   |   |   |   |--- Organic_Carbon >  0.90
|   |   |   |   |   |   |   |   |--- Altitude <= 1497.00
|   |   |   |   |   |   |   |   |   |--- value: [15.16]
|   |   |   |   |   |   |   |   |--- Altitude >  1497.00
|   |   |   |   |   |   |   |   |   |--- value: [15.56]
